[ 2016-11-27T01:46:14+08:00 ] 192.168.42.21 /gitHub/tp_shop/object/index.php/Admin
INFO: [ app_init ] --START--
INFO: Run Behavior\BuildLiteBehavior [ RunTime:0.000039s ]
INFO: [ app_init ] --END-- [ RunTime:0.001317s ]
INFO: [ app_begin ] --START--
INFO: Run Behavior\ReadHtmlCacheBehavior [ RunTime:0.002788s ]
INFO: [ app_begin ] --END-- [ RunTime:0.002951s ]
INFO: [ view_parse ] --START--
INFO: [ template_filter ] --START--
INFO: Run Behavior\ContentReplaceBehavior [ RunTime:0.000139s ]
INFO: [ template_filter ] --END-- [ RunTime:0.000248s ]
INFO: Run Behavior\ParseTemplateBehavior [ RunTime:0.033473s ]
INFO: [ view_parse ] --END-- [ RunTime:0.033715s ]
INFO: [ view_filter ] --START--
INFO: Run Behavior\WriteHtmlCacheBehavior [ RunTime:0.000372s ]
INFO: Run Behavior\TokenBuildBehavior [ RunTime:0.000408s ]
INFO: [ view_filter ] --END-- [ RunTime:0.000878s ]
INFO: [ app_end ] --START--
INFO: Run Behavior\ShowPageTraceBehavior [ RunTime:0.002867s ]
INFO: [ app_end ] --END-- [ RunTime:0.003051s ]

[ 2016-11-27T01:46:16+08:00 ] 192.168.42.21 /gitHub/tp_shop/object/index.php/Admin/Index/welcome.html
INFO: [ app_init ] --START--
INFO: Run Behavior\BuildLiteBehavior [ RunTime:0.000032s ]
INFO: [ app_init ] --END-- [ RunTime:0.000722s ]
INFO: [ app_begin ] --START--
INFO: Run Behavior\ReadHtmlCacheBehavior [ RunTime:0.002737s ]
INFO: [ app_begin ] --END-- [ RunTime:0.002839s ]
INFO: [ view_parse ] --START--
INFO: [ template_filter ] --START--
INFO: Run Behavior\ContentReplaceBehavior [ RunTime:0.000062s ]
INFO: [ template_filter ] --END-- [ RunTime:0.000128s ]
INFO: Run Behavior\ParseTemplateBehavior [ RunTime:0.283192s ]
INFO: [ view_parse ] --END-- [ RunTime:0.283255s ]
INFO: [ view_filter ] --START--
INFO: Run Behavior\WriteHtmlCacheBehavior [ RunTime:0.000154s ]
INFO: Run Behavior\TokenBuildBehavior [ RunTime:0.000231s ]
INFO: [ view_filter ] --END-- [ RunTime:0.000445s ]
INFO: [ app_end ] --START--
INFO: Run Behavior\ShowPageTraceBehavior [ RunTime:0.000531s ]
INFO: [ app_end ] --END-- [ RunTime:0.000576s ]

[ 2016-11-27T01:46:24+08:00 ] 192.168.42.21 /gitHub/tp_shop/object/index.php/Admin/Member/member_list.html
INFO: [ app_init ] --START--
INFO: Run Behavior\BuildLiteBehavior [ RunTime:0.000051s ]
INFO: [ app_init ] --END-- [ RunTime:0.001351s ]
INFO: [ app_begin ] --START--
INFO: Run Behavior\ReadHtmlCacheBehavior [ RunTime:0.000761s ]
INFO: [ app_begin ] --END-- [ RunTime:0.000855s ]
SQL: SHOW COLUMNS FROM `shop_user` [ RunTime:0.0090s ]
SQL: SHOW COLUMNS FROM `shop_user` [ RunTime:0.0024s ]
SQL: SELECT * FROM `shop_user`  [ RunTime:0.0010s ]
INFO: [ view_parse ] --START--
INFO: [ template_filter ] --START--
INFO: Run Behavior\ContentReplaceBehavior [ RunTime:0.000296s ]
INFO: [ template_filter ] --END-- [ RunTime:0.000736s ]
NOTIC: [8] Undefined variable: D /usr/local/apache2/htdocs/gitHub/tp_shop/object/Application/Runtime/Cache/Admin/9695f43947b6156fd59967db2c69ae09.php 第 32 行.
NOTIC: [8] Undefined variable: dp /usr/local/apache2/htdocs/gitHub/tp_shop/object/Application/Runtime/Cache/Admin/9695f43947b6156fd59967db2c69ae09.php 第 32 行.
NOTIC: [8] Undefined index: user /usr/local/apache2/htdocs/gitHub/tp_shop/object/Application/Runtime/Cache/Admin/9695f43947b6156fd59967db2c69ae09.php 第 57 行.
INFO: Run Behavior\ParseTemplateBehavior [ RunTime:0.051123s ]
INFO: [ view_parse ] --END-- [ RunTime:0.051238s ]
INFO: [ view_filter ] --START--
INFO: Run Behavior\WriteHtmlCacheBehavior [ RunTime:0.000315s ]
INFO: Run Behavior\TokenBuildBehavior [ RunTime:0.001004s ]
INFO: [ view_filter ] --END-- [ RunTime:0.002731s ]
INFO: [ app_end ] --START--
INFO: Run Behavior\ShowPageTraceBehavior [ RunTime:0.003313s ]
INFO: [ app_end ] --END-- [ RunTime:0.003642s ]

[ 2016-11-27T01:46:25+08:00 ] 192.168.42.21 /gitHub/tp_shop/object/index.php/Admin/Member/member_address.html
INFO: [ app_init ] --START--
INFO: Run Behavior\BuildLiteBehavior [ RunTime:0.000015s ]
INFO: [ app_init ] --END-- [ RunTime:0.000309s ]
INFO: [ app_begin ] --START--
INFO: Run Behavior\ReadHtmlCacheBehavior [ RunTime:0.001366s ]
INFO: [ app_begin ] --END-- [ RunTime:0.001453s ]
SQL: SHOW COLUMNS FROM `shop_address` [ RunTime:0.0006s ]
SQL: SHOW COLUMNS FROM `shop_address` [ RunTime:0.0010s ]
SQL: SELECT * FROM `shop_address`  [ RunTime:0.0003s ]
INFO: [ view_parse ] --START--
INFO: [ template_filter ] --START--
INFO: Run Behavior\ContentReplaceBehavior [ RunTime:0.000064s ]
INFO: [ template_filter ] --END-- [ RunTime:0.000131s ]
NOTIC: [8] Undefined variable: D /usr/local/apache2/htdocs/gitHub/tp_shop/object/Application/Runtime/Cache/Admin/f28187d4654832daf550a5475b08f70d.php 第 32 行.
NOTIC: [8] Undefined variable: dp /usr/local/apache2/htdocs/gitHub/tp_shop/object/Application/Runtime/Cache/Admin/f28187d4654832daf550a5475b08f70d.php 第 32 行.
INFO: Run Behavior\ParseTemplateBehavior [ RunTime:0.027664s ]
INFO: [ view_parse ] --END-- [ RunTime:0.027854s ]
INFO: [ view_filter ] --START--
INFO: Run Behavior\WriteHtmlCacheBehavior [ RunTime:0.000281s ]
INFO: Run Behavior\TokenBuildBehavior [ RunTime:0.000325s ]
INFO: [ view_filter ] --END-- [ RunTime:0.000765s ]
INFO: [ app_end ] --START--
INFO: Run Behavior\ShowPageTraceBehavior [ RunTime:0.000626s ]
INFO: [ app_end ] --END-- [ RunTime:0.000718s ]

[ 2016-11-27T01:46:29+08:00 ] 192.168.42.21 /gitHub/tp_shop/object/index.php/Admin/Admin/admin_list.html
INFO: [ app_init ] --START--
INFO: Run Behavior\BuildLiteBehavior [ RunTime:0.000025s ]
INFO: [ app_init ] --END-- [ RunTime:0.000535s ]
INFO: [ app_begin ] --START--
INFO: Run Behavior\ReadHtmlCacheBehavior [ RunTime:0.000674s ]
INFO: [ app_begin ] --END-- [ RunTime:0.000748s ]

[ 2016-11-27T01:46:31+08:00 ] 192.168.42.21 /gitHub/tp_shop/object/index.php/Admin/Admin/admin_permission.html
INFO: [ app_init ] --START--
INFO: Run Behavior\BuildLiteBehavior [ RunTime:0.000014s ]
INFO: [ app_init ] --END-- [ RunTime:0.000311s ]
INFO: [ app_begin ] --START--
INFO: Run Behavior\ReadHtmlCacheBehavior [ RunTime:0.000448s ]
INFO: [ app_begin ] --END-- [ RunTime:0.000494s ]

[ 2016-11-27T01:46:32+08:00 ] 192.168.42.21 /gitHub/tp_shop/object/index.php/Admin/Admin/admin_permission.html
INFO: [ app_init ] --START--
INFO: Run Behavior\BuildLiteBehavior [ RunTime:0.000024s ]
INFO: [ app_init ] --END-- [ RunTime:0.000867s ]
INFO: [ app_begin ] --START--
INFO: Run Behavior\ReadHtmlCacheBehavior [ RunTime:0.000684s ]
INFO: [ app_begin ] --END-- [ RunTime:0.000758s ]

[ 2016-11-27T01:46:32+08:00 ] 192.168.42.21 /gitHub/tp_shop/object/index.php/Admin/Admin/admin_role.html
INFO: [ app_init ] --START--
INFO: Run Behavior\BuildLiteBehavior [ RunTime:0.000022s ]
INFO: [ app_init ] --END-- [ RunTime:0.000542s ]
INFO: [ app_begin ] --START--
INFO: Run Behavior\ReadHtmlCacheBehavior [ RunTime:0.000842s ]
INFO: [ app_begin ] --END-- [ RunTime:0.001037s ]

[ 2016-11-27T01:46:34+08:00 ] 192.168.42.21 /gitHub/tp_shop/object/index.php/Admin/Member/member_list.html
INFO: [ app_init ] --START--
INFO: Run Behavior\BuildLiteBehavior [ RunTime:0.000080s ]
INFO: [ app_init ] --END-- [ RunTime:0.002467s ]
INFO: [ app_begin ] --START--
INFO: Run Behavior\ReadHtmlCacheBehavior [ RunTime:0.001022s ]
INFO: [ app_begin ] --END-- [ RunTime:0.001109s ]
SQL: SHOW COLUMNS FROM `shop_user` [ RunTime:0.0011s ]
SQL: SHOW COLUMNS FROM `shop_user` [ RunTime:0.0011s ]
SQL: SELECT * FROM `shop_user`  [ RunTime:0.0004s ]
INFO: [ view_parse ] --START--
INFO: [ template_filter ] --START--
INFO: Run Behavior\ContentReplaceBehavior [ RunTime:0.000651s ]
INFO: [ template_filter ] --END-- [ RunTime:0.001003s ]
NOTIC: [8] Undefined variable: D /usr/local/apache2/htdocs/gitHub/tp_shop/object/Application/Runtime/Cache/Admin/9695f43947b6156fd59967db2c69ae09.php 第 32 行.
NOTIC: [8] Undefined variable: dp /usr/local/apache2/htdocs/gitHub/tp_shop/object/Application/Runtime/Cache/Admin/9695f43947b6156fd59967db2c69ae09.php 第 32 行.
NOTIC: [8] Undefined index: user /usr/local/apache2/htdocs/gitHub/tp_shop/object/Application/Runtime/Cache/Admin/9695f43947b6156fd59967db2c69ae09.php 第 57 行.
INFO: Run Behavior\ParseTemplateBehavior [ RunTime:0.069161s ]
INFO: [ view_parse ] --END-- [ RunTime:0.069300s ]
INFO: [ view_filter ] --START--
INFO: Run Behavior\WriteHtmlCacheBehavior [ RunTime:0.000683s ]
INFO: Run Behavior\TokenBuildBehavior [ RunTime:0.003970s ]
INFO: [ view_filter ] --END-- [ RunTime:0.005310s ]
INFO: [ app_end ] --START--
INFO: Run Behavior\ShowPageTraceBehavior [ RunTime:0.000788s ]
INFO: [ app_end ] --END-- [ RunTime:0.000877s ]

[ 2016-11-27T01:46:35+08:00 ] 192.168.42.21 /gitHub/tp_shop/object/index.php/Admin/Member/member_address.html
INFO: [ app_init ] --START--
INFO: Run Behavior\BuildLiteBehavior [ RunTime:0.000053s ]
INFO: [ app_init ] --END-- [ RunTime:0.001609s ]
INFO: [ app_begin ] --START--
INFO: Run Behavior\ReadHtmlCacheBehavior [ RunTime:0.000812s ]
INFO: [ app_begin ] --END-- [ RunTime:0.000904s ]
SQL: SHOW COLUMNS FROM `shop_address` [ RunTime:0.0007s ]
SQL: SHOW COLUMNS FROM `shop_address` [ RunTime:0.0012s ]
SQL: SELECT * FROM `shop_address`  [ RunTime:0.0004s ]
INFO: [ view_parse ] --START--
INFO: [ template_filter ] --START--
INFO: Run Behavior\ContentReplaceBehavior [ RunTime:0.000061s ]
INFO: [ template_filter ] --END-- [ RunTime:0.000119s ]
NOTIC: [8] Undefined variable: D /usr/local/apache2/htdocs/gitHub/tp_shop/object/Application/Runtime/Cache/Admin/f28187d4654832daf550a5475b08f70d.php 第 32 行.
NOTIC: [8] Undefined variable: dp /usr/local/apache2/htdocs/gitHub/tp_shop/object/Application/Runtime/Cache/Admin/f28187d4654832daf550a5475b08f70d.php 第 32 行.
INFO: Run Behavior\ParseTemplateBehavior [ RunTime:0.009639s ]
INFO: [ view_parse ] --END-- [ RunTime:0.009746s ]
INFO: [ view_filter ] --START--
INFO: Run Behavior\WriteHtmlCacheBehavior [ RunTime:0.000273s ]
INFO: Run Behavior\TokenBuildBehavior [ RunTime:0.000604s ]
INFO: [ view_filter ] --END-- [ RunTime:0.000957s ]
INFO: [ app_end ] --START--
INFO: Run Behavior\ShowPageTraceBehavior [ RunTime:0.000809s ]
INFO: [ app_end ] --END-- [ RunTime:0.000920s ]

[ 2016-11-27T01:46:45+08:00 ] 192.168.42.21 /gitHub/tp_shop/object/index.php/Admin/Member/member_address.html
INFO: [ app_init ] --START--
INFO: Run Behavior\BuildLiteBehavior [ RunTime:0.000016s ]
INFO: [ app_init ] --END-- [ RunTime:0.000461s ]
INFO: [ app_begin ] --START--
INFO: Run Behavior\ReadHtmlCacheBehavior [ RunTime:0.001020s ]
INFO: [ app_begin ] --END-- [ RunTime:0.001088s ]
SQL: SHOW COLUMNS FROM `shop_address` [ RunTime:0.0006s ]
SQL: SHOW COLUMNS FROM `shop_address` [ RunTime:0.0007s ]
SQL: SELECT * FROM `shop_address`  [ RunTime:0.0009s ]
INFO: [ view_parse ] --START--
INFO: [ template_filter ] --START--
INFO: Run Behavior\ContentReplaceBehavior [ RunTime:0.000049s ]
INFO: [ template_filter ] --END-- [ RunTime:0.000095s ]
NOTIC: [8] Undefined variable: D /usr/local/apache2/htdocs/gitHub/tp_shop/object/Application/Runtime/Cache/Admin/f28187d4654832daf550a5475b08f70d.php 第 32 行.
NOTIC: [8] Undefined variable: dp /usr/local/apache2/htdocs/gitHub/tp_shop/object/Application/Runtime/Cache/Admin/f28187d4654832daf550a5475b08f70d.php 第 32 行.
INFO: Run Behavior\ParseTemplateBehavior [ RunTime:0.007561s ]
INFO: [ view_parse ] --END-- [ RunTime:0.007620s ]
INFO: [ view_filter ] --START--
INFO: Run Behavior\WriteHtmlCacheBehavior [ RunTime:0.000122s ]
INFO: Run Behavior\TokenBuildBehavior [ RunTime:0.000201s ]
INFO: [ view_filter ] --END-- [ RunTime:0.000367s ]
INFO: [ app_end ] --START--
INFO: Run Behavior\ShowPageTraceBehavior [ RunTime:0.000937s ]
INFO: [ app_end ] --END-- [ RunTime:0.001011s ]

[ 2016-11-27T01:46:46+08:00 ] 192.168.42.21 /gitHub/tp_shop/object/index.php/Admin/Member/member_address.html
INFO: [ app_init ] --START--
INFO: Run Behavior\BuildLiteBehavior [ RunTime:0.000024s ]
INFO: [ app_init ] --END-- [ RunTime:0.000492s ]
INFO: [ app_begin ] --START--
INFO: Run Behavior\ReadHtmlCacheBehavior [ RunTime:0.000636s ]
INFO: [ app_begin ] --END-- [ RunTime:0.000717s ]
SQL: SHOW COLUMNS FROM `shop_address` [ RunTime:0.0018s ]
SQL: SHOW COLUMNS FROM `shop_address` [ RunTime:0.0012s ]
SQL: SELECT * FROM `shop_address`  [ RunTime:0.0004s ]
INFO: [ view_parse ] --START--
INFO: [ template_filter ] --START--
INFO: Run Behavior\ContentReplaceBehavior [ RunTime:0.000094s ]
INFO: [ template_filter ] --END-- [ RunTime:0.000240s ]
NOTIC: [8] Undefined variable: D /usr/local/apache2/htdocs/gitHub/tp_shop/object/Application/Runtime/Cache/Admin/f28187d4654832daf550a5475b08f70d.php 第 32 行.
NOTIC: [8] Undefined variable: dp /usr/local/apache2/htdocs/gitHub/tp_shop/object/Application/Runtime/Cache/Admin/f28187d4654832daf550a5475b08f70d.php 第 32 行.
INFO: Run Behavior\ParseTemplateBehavior [ RunTime:0.014791s ]
INFO: [ view_parse ] --END-- [ RunTime:0.014879s ]
INFO: [ view_filter ] --START--
INFO: Run Behavior\WriteHtmlCacheBehavior [ RunTime:0.000339s ]
INFO: Run Behavior\TokenBuildBehavior [ RunTime:0.000462s ]
INFO: [ view_filter ] --END-- [ RunTime:0.000928s ]
INFO: [ app_end ] --START--
INFO: Run Behavior\ShowPageTraceBehavior [ RunTime:0.001080s ]
INFO: [ app_end ] --END-- [ RunTime:0.001720s ]

[ 2016-11-27T01:46:46+08:00 ] 192.168.42.21 /gitHub/tp_shop/object/index.php/Admin/Member/member_address.html
INFO: [ app_init ] --START--
INFO: Run Behavior\BuildLiteBehavior [ RunTime:0.000017s ]
INFO: [ app_init ] --END-- [ RunTime:0.000466s ]
INFO: [ app_begin ] --START--
INFO: Run Behavior\ReadHtmlCacheBehavior [ RunTime:0.000504s ]
INFO: [ app_begin ] --END-- [ RunTime:0.000555s ]
SQL: SHOW COLUMNS FROM `shop_address` [ RunTime:0.0034s ]
SQL: SHOW COLUMNS FROM `shop_address` [ RunTime:0.0011s ]
SQL: SELECT * FROM `shop_address`  [ RunTime:0.0005s ]
INFO: [ view_parse ] --START--
INFO: [ template_filter ] --START--
INFO: Run Behavior\ContentReplaceBehavior [ RunTime:0.000232s ]
INFO: [ template_filter ] --END-- [ RunTime:0.000507s ]
NOTIC: [8] Undefined variable: D /usr/local/apache2/htdocs/gitHub/tp_shop/object/Application/Runtime/Cache/Admin/f28187d4654832daf550a5475b08f70d.php 第 32 行.
NOTIC: [8] Undefined variable: dp /usr/local/apache2/htdocs/gitHub/tp_shop/object/Application/Runtime/Cache/Admin/f28187d4654832daf550a5475b08f70d.php 第 32 行.
INFO: Run Behavior\ParseTemplateBehavior [ RunTime:0.021932s ]
INFO: [ view_parse ] --END-- [ RunTime:0.022012s ]
INFO: [ view_filter ] --START--
INFO: Run Behavior\WriteHtmlCacheBehavior [ RunTime:0.000658s ]
INFO: Run Behavior\TokenBuildBehavior [ RunTime:0.000621s ]
INFO: [ view_filter ] --END-- [ RunTime:0.001579s ]
INFO: [ app_end ] --START--
INFO: Run Behavior\ShowPageTraceBehavior [ RunTime:0.000780s ]
INFO: [ app_end ] --END-- [ RunTime:0.001035s ]

[ 2016-11-27T01:46:47+08:00 ] 192.168.42.21 /gitHub/tp_shop/object/index.php/Admin/Member/member_address.html
INFO: [ app_init ] --START--
INFO: Run Behavior\BuildLiteBehavior [ RunTime:0.000013s ]
INFO: [ app_init ] --END-- [ RunTime:0.000275s ]
INFO: [ app_begin ] --START--
INFO: Run Behavior\ReadHtmlCacheBehavior [ RunTime:0.000413s ]
INFO: [ app_begin ] --END-- [ RunTime:0.000451s ]
SQL: SHOW COLUMNS FROM `shop_address` [ RunTime:0.0005s ]
SQL: SHOW COLUMNS FROM `shop_address` [ RunTime:0.0005s ]
SQL: SELECT * FROM `shop_address`  [ RunTime:0.0003s ]
INFO: [ view_parse ] --START--
INFO: [ template_filter ] --START--
INFO: Run Behavior\ContentReplaceBehavior [ RunTime:0.000055s ]
INFO: [ template_filter ] --END-- [ RunTime:0.000101s ]
NOTIC: [8] Undefined variable: D /usr/local/apache2/htdocs/gitHub/tp_shop/object/Application/Runtime/Cache/Admin/f28187d4654832daf550a5475b08f70d.php 第 32 行.
NOTIC: [8] Undefined variable: dp /usr/local/apache2/htdocs/gitHub/tp_shop/object/Application/Runtime/Cache/Admin/f28187d4654832daf550a5475b08f70d.php 第 32 行.
INFO: Run Behavior\ParseTemplateBehavior [ RunTime:0.007153s ]
INFO: [ view_parse ] --END-- [ RunTime:0.007296s ]
INFO: [ view_filter ] --START--
INFO: Run Behavior\WriteHtmlCacheBehavior [ RunTime:0.000200s ]
INFO: Run Behavior\TokenBuildBehavior [ RunTime:0.000231s ]
INFO: [ view_filter ] --END-- [ RunTime:0.000489s ]
INFO: [ app_end ] --START--
INFO: Run Behavior\ShowPageTraceBehavior [ RunTime:0.000593s ]
INFO: [ app_end ] --END-- [ RunTime:0.000660s ]

[ 2016-11-27T01:46:48+08:00 ] 192.168.42.21 /gitHub/tp_shop/object/index.php/Admin/Member/member_address.html
INFO: [ app_init ] --START--
INFO: Run Behavior\BuildLiteBehavior [ RunTime:0.000021s ]
INFO: [ app_init ] --END-- [ RunTime:0.000550s ]
INFO: [ app_begin ] --START--
INFO: Run Behavior\ReadHtmlCacheBehavior [ RunTime:0.000573s ]
INFO: [ app_begin ] --END-- [ RunTime:0.000642s ]
SQL: SHOW COLUMNS FROM `shop_address` [ RunTime:0.0019s ]
SQL: SHOW COLUMNS FROM `shop_address` [ RunTime:0.0009s ]
SQL: SELECT * FROM `shop_address`  [ RunTime:0.0003s ]
INFO: [ view_parse ] --START--
INFO: [ template_filter ] --START--
INFO: Run Behavior\ContentReplaceBehavior [ RunTime:0.000075s ]
INFO: [ template_filter ] --END-- [ RunTime:0.000141s ]
NOTIC: [8] Undefined variable: D /usr/local/apache2/htdocs/gitHub/tp_shop/object/Application/Runtime/Cache/Admin/f28187d4654832daf550a5475b08f70d.php 第 32 行.
NOTIC: [8] Undefined variable: dp /usr/local/apache2/htdocs/gitHub/tp_shop/object/Application/Runtime/Cache/Admin/f28187d4654832daf550a5475b08f70d.php 第 32 行.
INFO: Run Behavior\ParseTemplateBehavior [ RunTime:0.012725s ]
INFO: [ view_parse ] --END-- [ RunTime:0.012785s ]
INFO: [ view_filter ] --START--
INFO: Run Behavior\WriteHtmlCacheBehavior [ RunTime:0.000223s ]
INFO: Run Behavior\TokenBuildBehavior [ RunTime:0.000362s ]
INFO: [ view_filter ] --END-- [ RunTime:0.000723s ]
INFO: [ app_end ] --START--
INFO: Run Behavior\ShowPageTraceBehavior [ RunTime:0.001959s ]
INFO: [ app_end ] --END-- [ RunTime:0.002071s ]

[ 2016-11-27T01:46:48+08:00 ] 192.168.42.21 /gitHub/tp_shop/object/index.php/Admin/Member/member_address.html
INFO: [ app_init ] --START--
INFO: Run Behavior\BuildLiteBehavior [ RunTime:0.000023s ]
INFO: [ app_init ] --END-- [ RunTime:0.000513s ]
INFO: [ app_begin ] --START--
INFO: Run Behavior\ReadHtmlCacheBehavior [ RunTime:0.000578s ]
INFO: [ app_begin ] --END-- [ RunTime:0.000645s ]
SQL: SHOW COLUMNS FROM `shop_address` [ RunTime:0.0025s ]
SQL: SHOW COLUMNS FROM `shop_address` [ RunTime:0.0010s ]
SQL: SELECT * FROM `shop_address`  [ RunTime:0.0009s ]
INFO: [ view_parse ] --START--
INFO: [ template_filter ] --START--
INFO: Run Behavior\ContentReplaceBehavior [ RunTime:0.000088s ]
INFO: [ template_filter ] --END-- [ RunTime:0.000172s ]
NOTIC: [8] Undefined variable: D /usr/local/apache2/htdocs/gitHub/tp_shop/object/Application/Runtime/Cache/Admin/f28187d4654832daf550a5475b08f70d.php 第 32 行.
NOTIC: [8] Undefined variable: dp /usr/local/apache2/htdocs/gitHub/tp_shop/object/Application/Runtime/Cache/Admin/f28187d4654832daf550a5475b08f70d.php 第 32 行.
INFO: Run Behavior\ParseTemplateBehavior [ RunTime:0.015845s ]
INFO: [ view_parse ] --END-- [ RunTime:0.015941s ]
INFO: [ view_filter ] --START--
INFO: Run Behavior\WriteHtmlCacheBehavior [ RunTime:0.000351s ]
INFO: Run Behavior\TokenBuildBehavior [ RunTime:0.000524s ]
INFO: [ view_filter ] --END-- [ RunTime:0.000965s ]
INFO: [ app_end ] --START--
INFO: Run Behavior\ShowPageTraceBehavior [ RunTime:0.001443s ]
INFO: [ app_end ] --END-- [ RunTime:0.002477s ]

[ 2016-11-27T01:46:48+08:00 ] 192.168.42.21 /gitHub/tp_shop/object/index.php/Admin/Member/member_address.html
INFO: [ app_init ] --START--
INFO: Run Behavior\BuildLiteBehavior [ RunTime:0.000020s ]
INFO: [ app_init ] --END-- [ RunTime:0.000420s ]
INFO: [ app_begin ] --START--
INFO: Run Behavior\ReadHtmlCacheBehavior [ RunTime:0.000562s ]
INFO: [ app_begin ] --END-- [ RunTime:0.000768s ]
SQL: SHOW COLUMNS FROM `shop_address` [ RunTime:0.0037s ]
SQL: SHOW COLUMNS FROM `shop_address` [ RunTime:0.0016s ]
SQL: SELECT * FROM `shop_address`  [ RunTime:0.0006s ]
INFO: [ view_parse ] --START--
INFO: [ template_filter ] --START--
INFO: Run Behavior\ContentReplaceBehavior [ RunTime:0.000101s ]
INFO: [ template_filter ] --END-- [ RunTime:0.000519s ]
NOTIC: [8] Undefined variable: D /usr/local/apache2/htdocs/gitHub/tp_shop/object/Application/Runtime/Cache/Admin/f28187d4654832daf550a5475b08f70d.php 第 32 行.
NOTIC: [8] Undefined variable: dp /usr/local/apache2/htdocs/gitHub/tp_shop/object/Application/Runtime/Cache/Admin/f28187d4654832daf550a5475b08f70d.php 第 32 行.
INFO: Run Behavior\ParseTemplateBehavior [ RunTime:0.029206s ]
INFO: [ view_parse ] --END-- [ RunTime:0.029289s ]
INFO: [ view_filter ] --START--
INFO: Run Behavior\WriteHtmlCacheBehavior [ RunTime:0.000477s ]
INFO: Run Behavior\TokenBuildBehavior [ RunTime:0.000753s ]
INFO: [ view_filter ] --END-- [ RunTime:0.001724s ]
INFO: [ app_end ] --START--
INFO: Run Behavior\ShowPageTraceBehavior [ RunTime:0.004717s ]
INFO: [ app_end ] --END-- [ RunTime:0.004824s ]

[ 2016-11-27T01:46:48+08:00 ] 192.168.42.21 /gitHub/tp_shop/object/index.php/Admin/Member/member_address.html
INFO: [ app_init ] --START--
INFO: Run Behavior\BuildLiteBehavior [ RunTime:0.000034s ]
INFO: [ app_init ] --END-- [ RunTime:0.002466s ]
INFO: [ app_begin ] --START--
INFO: Run Behavior\ReadHtmlCacheBehavior [ RunTime:0.001687s ]
INFO: [ app_begin ] --END-- [ RunTime:0.002082s ]
SQL: SHOW COLUMNS FROM `shop_address` [ RunTime:0.0027s ]
SQL: SHOW COLUMNS FROM `shop_address` [ RunTime:0.0018s ]
SQL: SELECT * FROM `shop_address`  [ RunTime:0.0005s ]
INFO: [ view_parse ] --START--
INFO: [ template_filter ] --START--
INFO: Run Behavior\ContentReplaceBehavior [ RunTime:0.000094s ]
INFO: [ template_filter ] --END-- [ RunTime:0.000202s ]
NOTIC: [8] Undefined variable: D /usr/local/apache2/htdocs/gitHub/tp_shop/object/Application/Runtime/Cache/Admin/f28187d4654832daf550a5475b08f70d.php 第 32 行.
NOTIC: [8] Undefined variable: dp /usr/local/apache2/htdocs/gitHub/tp_shop/object/Application/Runtime/Cache/Admin/f28187d4654832daf550a5475b08f70d.php 第 32 行.
INFO: Run Behavior\ParseTemplateBehavior [ RunTime:0.020655s ]
INFO: [ view_parse ] --END-- [ RunTime:0.020724s ]
INFO: [ view_filter ] --START--
INFO: Run Behavior\WriteHtmlCacheBehavior [ RunTime:0.000227s ]
INFO: Run Behavior\TokenBuildBehavior [ RunTime:0.000503s ]
INFO: [ view_filter ] --END-- [ RunTime:0.000816s ]
INFO: [ app_end ] --START--
INFO: Run Behavior\ShowPageTraceBehavior [ RunTime:0.002008s ]
INFO: [ app_end ] --END-- [ RunTime:0.002276s ]

[ 2016-11-27T01:46:48+08:00 ] 192.168.42.21 /gitHub/tp_shop/object/index.php/Admin/Member/member_address.html
INFO: [ app_init ] --START--
INFO: Run Behavior\BuildLiteBehavior [ RunTime:0.000020s ]
INFO: [ app_init ] --END-- [ RunTime:0.000471s ]
INFO: [ app_begin ] --START--
INFO: Run Behavior\ReadHtmlCacheBehavior [ RunTime:0.001029s ]
INFO: [ app_begin ] --END-- [ RunTime:0.001353s ]
SQL: SHOW COLUMNS FROM `shop_address` [ RunTime:0.0013s ]
SQL: SHOW COLUMNS FROM `shop_address` [ RunTime:0.0011s ]
SQL: SELECT * FROM `shop_address`  [ RunTime:0.0005s ]
INFO: [ view_parse ] --START--
INFO: [ template_filter ] --START--
INFO: Run Behavior\ContentReplaceBehavior [ RunTime:0.000088s ]
INFO: [ template_filter ] --END-- [ RunTime:0.000173s ]
NOTIC: [8] Undefined variable: D /usr/local/apache2/htdocs/gitHub/tp_shop/object/Application/Runtime/Cache/Admin/f28187d4654832daf550a5475b08f70d.php 第 32 行.
NOTIC: [8] Undefined variable: dp /usr/local/apache2/htdocs/gitHub/tp_shop/object/Application/Runtime/Cache/Admin/f28187d4654832daf550a5475b08f70d.php 第 32 行.
INFO: Run Behavior\ParseTemplateBehavior [ RunTime:0.017498s ]
INFO: [ view_parse ] --END-- [ RunTime:0.017620s ]
INFO: [ view_filter ] --START--
INFO: Run Behavior\WriteHtmlCacheBehavior [ RunTime:0.000277s ]
INFO: Run Behavior\TokenBuildBehavior [ RunTime:0.000957s ]
INFO: [ view_filter ] --END-- [ RunTime:0.001393s ]
INFO: [ app_end ] --START--
INFO: Run Behavior\ShowPageTraceBehavior [ RunTime:0.000939s ]
INFO: [ app_end ] --END-- [ RunTime:0.001044s ]

