[ 2016-11-07T00:04:30+08:00 ] 192.168.42.21 /tp_shop/object/index.php/Admin
INFO: [ app_init ] --START--
INFO: Run Behavior\BuildLiteBehavior [ RunTime:0.000014s ]
INFO: [ app_init ] --END-- [ RunTime:0.000283s ]
INFO: [ app_begin ] --START--
INFO: Run Behavior\ReadHtmlCacheBehavior [ RunTime:0.000957s ]
INFO: [ app_begin ] --END-- [ RunTime:0.001005s ]
INFO: [ view_parse ] --START--
INFO: [ template_filter ] --START--
INFO: Run Behavior\ContentReplaceBehavior [ RunTime:0.000080s ]
INFO: [ template_filter ] --END-- [ RunTime:0.000128s ]
INFO: Run Behavior\ParseTemplateBehavior [ RunTime:0.035055s ]
INFO: [ view_parse ] --END-- [ RunTime:0.035121s ]
INFO: [ view_filter ] --START--
INFO: Run Behavior\WriteHtmlCacheBehavior [ RunTime:0.000205s ]
INFO: [ view_filter ] --END-- [ RunTime:0.000243s ]
INFO: [ app_end ] --START--
INFO: Run Behavior\ShowPageTraceBehavior [ RunTime:0.000477s ]
INFO: [ app_end ] --END-- [ RunTime:0.000537s ]

[ 2016-11-07T00:04:30+08:00 ] 192.168.42.21 /tp_shop/object/index.php/Admin/Index/welcome.html
INFO: [ app_init ] --START--
INFO: Run Behavior\BuildLiteBehavior [ RunTime:0.000024s ]
INFO: [ app_init ] --END-- [ RunTime:0.000553s ]
INFO: [ app_begin ] --START--
INFO: Run Behavior\ReadHtmlCacheBehavior [ RunTime:0.000579s ]
INFO: [ app_begin ] --END-- [ RunTime:0.000676s ]
INFO: [ view_parse ] --START--
INFO: [ template_filter ] --START--
INFO: Run Behavior\ContentReplaceBehavior [ RunTime:0.000209s ]
INFO: [ template_filter ] --END-- [ RunTime:0.000432s ]
INFO: Run Behavior\ParseTemplateBehavior [ RunTime:0.019559s ]
INFO: [ view_parse ] --END-- [ RunTime:0.019681s ]
INFO: [ view_filter ] --START--
INFO: Run Behavior\WriteHtmlCacheBehavior [ RunTime:0.000210s ]
INFO: [ view_filter ] --END-- [ RunTime:0.000258s ]
INFO: [ app_end ] --START--
INFO: Run Behavior\ShowPageTraceBehavior [ RunTime:0.000658s ]
INFO: [ app_end ] --END-- [ RunTime:0.000722s ]

[ 2016-11-07T00:04:30+08:00 ] 192.168.42.21 /tp_shop/object/index.php/Admin/Index/lib/jquery/1.9.1/jquery.min.js
INFO: [ app_init ] --START--
INFO: Run Behavior\BuildLiteBehavior [ RunTime:0.000018s ]
INFO: [ app_init ] --END-- [ RunTime:0.000336s ]
INFO: [ app_begin ] --START--
INFO: Run Behavior\ReadHtmlCacheBehavior [ RunTime:0.000365s ]
INFO: [ app_begin ] --END-- [ RunTime:0.000431s ]
ERR: 非法操作:lib

[ 2016-11-07T00:04:30+08:00 ] 192.168.42.21 /tp_shop/object/index.php/Admin/Index/static/h-ui/js/H-ui.min.js
INFO: [ app_init ] --START--
INFO: Run Behavior\BuildLiteBehavior [ RunTime:0.000014s ]
INFO: [ app_init ] --END-- [ RunTime:0.003107s ]
INFO: [ app_begin ] --START--
INFO: Run Behavior\ReadHtmlCacheBehavior [ RunTime:0.000370s ]
INFO: [ app_begin ] --END-- [ RunTime:0.000410s ]
ERR: 非法操作:static

[ 2016-11-07T00:04:34+08:00 ] 192.168.42.21 /tp_shop/object/index.php/Admin/Index/admin_list.html
INFO: [ app_init ] --START--
INFO: Run Behavior\BuildLiteBehavior [ RunTime:0.000014s ]
INFO: [ app_init ] --END-- [ RunTime:0.000296s ]
INFO: [ app_begin ] --START--
INFO: Run Behavior\ReadHtmlCacheBehavior [ RunTime:0.000344s ]
INFO: [ app_begin ] --END-- [ RunTime:0.000383s ]
INFO: [ view_parse ] --START--
INFO: [ template_filter ] --START--
INFO: Run Behavior\ContentReplaceBehavior [ RunTime:0.000110s ]
INFO: [ template_filter ] --END-- [ RunTime:0.000230s ]

[ 2016-11-07T00:05:19+08:00 ] 192.168.42.21 /tp_shop/object/index.php/Admin/Index/admin_list.html
INFO: [ app_init ] --START--
INFO: Run Behavior\BuildLiteBehavior [ RunTime:0.000024s ]
INFO: [ app_init ] --END-- [ RunTime:0.000595s ]
INFO: [ app_begin ] --START--
INFO: Run Behavior\ReadHtmlCacheBehavior [ RunTime:0.000593s ]
INFO: [ app_begin ] --END-- [ RunTime:0.000677s ]
INFO: [ view_parse ] --START--
INFO: [ template_filter ] --START--
INFO: Run Behavior\ContentReplaceBehavior [ RunTime:0.000102s ]
INFO: [ template_filter ] --END-- [ RunTime:0.000387s ]
NOTIC: [8] Undefined variable: D /usr/local/apache2/htdocs/tp_shop/object/Application/Runtime/Cache/Admin/a217bfa950170283e73d162388e991e7.php 第 34 行.
NOTIC: [8] Undefined variable: dp /usr/local/apache2/htdocs/tp_shop/object/Application/Runtime/Cache/Admin/a217bfa950170283e73d162388e991e7.php 第 34 行.
INFO: Run Behavior\ParseTemplateBehavior [ RunTime:0.010367s ]
INFO: [ view_parse ] --END-- [ RunTime:0.010428s ]
INFO: [ view_filter ] --START--
INFO: Run Behavior\WriteHtmlCacheBehavior [ RunTime:0.000206s ]
INFO: [ view_filter ] --END-- [ RunTime:0.000253s ]
INFO: [ app_end ] --START--
INFO: Run Behavior\ShowPageTraceBehavior [ RunTime:0.001163s ]
INFO: [ app_end ] --END-- [ RunTime:0.001214s ]

[ 2016-11-07T00:05:19+08:00 ] 192.168.42.21 /tp_shop/object/index.php/Admin/Index/lib/jquery/1.9.1/jquery.min.js
INFO: [ app_init ] --START--
INFO: Run Behavior\BuildLiteBehavior [ RunTime:0.000015s ]
INFO: [ app_init ] --END-- [ RunTime:0.000339s ]
INFO: [ app_begin ] --START--
INFO: Run Behavior\ReadHtmlCacheBehavior [ RunTime:0.000508s ]
INFO: [ app_begin ] --END-- [ RunTime:0.000581s ]
ERR: 非法操作:lib

[ 2016-11-07T00:05:19+08:00 ] 192.168.42.21 /tp_shop/object/index.php/Admin/Index/static/h-ui.admin/js/H-ui.admin.js
INFO: [ app_init ] --START--
INFO: Run Behavior\BuildLiteBehavior [ RunTime:0.000020s ]
INFO: [ app_init ] --END-- [ RunTime:0.000344s ]
INFO: [ app_begin ] --START--
INFO: Run Behavior\ReadHtmlCacheBehavior [ RunTime:0.005623s ]
INFO: [ app_begin ] --END-- [ RunTime:0.005689s ]
ERR: 非法操作:static

[ 2016-11-07T00:05:19+08:00 ] 192.168.42.21 /tp_shop/object/index.php/Admin/Index/lib/layer/2.4/layer.js
INFO: [ app_init ] --START--
INFO: Run Behavior\BuildLiteBehavior [ RunTime:0.000018s ]
INFO: [ app_init ] --END-- [ RunTime:0.003561s ]
INFO: [ app_begin ] --START--
INFO: Run Behavior\ReadHtmlCacheBehavior [ RunTime:0.000435s ]
INFO: [ app_begin ] --END-- [ RunTime:0.000490s ]
ERR: 非法操作:lib

[ 2016-11-07T00:05:19+08:00 ] 192.168.42.21 /tp_shop/object/index.php/Admin/Index/lib/My97DatePicker/4.8/WdatePicker.js
INFO: [ app_init ] --START--
INFO: Run Behavior\BuildLiteBehavior [ RunTime:0.000014s ]
INFO: [ app_init ] --END-- [ RunTime:0.000449s ]
INFO: [ app_begin ] --START--
INFO: Run Behavior\ReadHtmlCacheBehavior [ RunTime:0.002457s ]
INFO: [ app_begin ] --END-- [ RunTime:0.002517s ]
ERR: 非法操作:lib

[ 2016-11-07T00:05:19+08:00 ] 192.168.42.21 /tp_shop/object/index.php/Admin/Index/lib/datatables/1.10.0/jquery.dataTables.min.js
INFO: [ app_init ] --START--
INFO: Run Behavior\BuildLiteBehavior [ RunTime:0.000014s ]
INFO: [ app_init ] --END-- [ RunTime:0.000273s ]
INFO: [ app_begin ] --START--
INFO: Run Behavior\ReadHtmlCacheBehavior [ RunTime:0.000407s ]
INFO: [ app_begin ] --END-- [ RunTime:0.000457s ]
ERR: 非法操作:lib

[ 2016-11-07T00:05:19+08:00 ] 192.168.42.21 /tp_shop/object/index.php/Admin/Index/static/h-ui/js/H-ui.min.js
INFO: [ app_init ] --START--
INFO: Run Behavior\BuildLiteBehavior [ RunTime:0.000018s ]
INFO: [ app_init ] --END-- [ RunTime:0.003166s ]
INFO: [ app_begin ] --START--
INFO: Run Behavior\ReadHtmlCacheBehavior [ RunTime:0.000620s ]
INFO: [ app_begin ] --END-- [ RunTime:0.000668s ]
ERR: 非法操作:static

[ 2016-11-07T00:05:19+08:00 ] 192.168.42.21 /tp_shop/object/index.php/Admin/Index/lib/laypage/1.2/laypage.js
INFO: [ app_init ] --START--
INFO: Run Behavior\BuildLiteBehavior [ RunTime:0.000012s ]
INFO: [ app_init ] --END-- [ RunTime:0.000256s ]
INFO: [ app_begin ] --START--
INFO: Run Behavior\ReadHtmlCacheBehavior [ RunTime:0.000370s ]
INFO: [ app_begin ] --END-- [ RunTime:0.000408s ]
ERR: 非法操作:lib

[ 2016-11-07T00:07:08+08:00 ] 192.168.42.21 /tp_shop/object/index.php/Admin
INFO: [ app_init ] --START--
INFO: Run Behavior\BuildLiteBehavior [ RunTime:0.000024s ]
INFO: [ app_init ] --END-- [ RunTime:0.000516s ]
INFO: [ app_begin ] --START--
INFO: Run Behavior\ReadHtmlCacheBehavior [ RunTime:0.000458s ]
INFO: [ app_begin ] --END-- [ RunTime:0.000511s ]
INFO: [ view_parse ] --START--
INFO: [ template_filter ] --START--
INFO: Run Behavior\ContentReplaceBehavior [ RunTime:0.000133s ]
INFO: [ template_filter ] --END-- [ RunTime:0.000200s ]
INFO: Run Behavior\ParseTemplateBehavior [ RunTime:0.103638s ]
INFO: [ view_parse ] --END-- [ RunTime:0.103712s ]
INFO: [ view_filter ] --START--
INFO: Run Behavior\WriteHtmlCacheBehavior [ RunTime:0.000139s ]
INFO: [ view_filter ] --END-- [ RunTime:0.000173s ]
INFO: [ app_end ] --START--
INFO: Run Behavior\ShowPageTraceBehavior [ RunTime:0.000940s ]
INFO: [ app_end ] --END-- [ RunTime:0.001007s ]

[ 2016-11-07T00:07:08+08:00 ] 192.168.42.21 /tp_shop/object/index.php/Admin/Index/welcome.html
INFO: [ app_init ] --START--
INFO: Run Behavior\BuildLiteBehavior [ RunTime:0.000025s ]
INFO: [ app_init ] --END-- [ RunTime:0.000562s ]
INFO: [ app_begin ] --START--
INFO: Run Behavior\ReadHtmlCacheBehavior [ RunTime:0.000424s ]
INFO: [ app_begin ] --END-- [ RunTime:0.000476s ]
INFO: [ view_parse ] --START--
INFO: [ template_filter ] --START--
INFO: Run Behavior\ContentReplaceBehavior [ RunTime:0.000065s ]
INFO: [ template_filter ] --END-- [ RunTime:0.000130s ]
INFO: Run Behavior\ParseTemplateBehavior [ RunTime:0.010993s ]
INFO: [ view_parse ] --END-- [ RunTime:0.011063s ]
INFO: [ view_filter ] --START--
INFO: Run Behavior\WriteHtmlCacheBehavior [ RunTime:0.000151s ]
INFO: [ view_filter ] --END-- [ RunTime:0.000184s ]
INFO: [ app_end ] --START--
INFO: Run Behavior\ShowPageTraceBehavior [ RunTime:0.000462s ]
INFO: [ app_end ] --END-- [ RunTime:0.000507s ]

[ 2016-11-07T00:07:09+08:00 ] 192.168.42.21 /tp_shop/object/index.php/Admin/Index/lib/jquery/1.9.1/jquery.min.js
INFO: [ app_init ] --START--
INFO: Run Behavior\BuildLiteBehavior [ RunTime:0.000025s ]
INFO: [ app_init ] --END-- [ RunTime:0.003722s ]
INFO: [ app_begin ] --START--
INFO: Run Behavior\ReadHtmlCacheBehavior [ RunTime:0.000383s ]
INFO: [ app_begin ] --END-- [ RunTime:0.000433s ]
ERR: 非法操作:lib

[ 2016-11-07T00:07:09+08:00 ] 192.168.42.21 /tp_shop/object/index.php/Admin/Index/static/h-ui/js/H-ui.min.js
INFO: [ app_init ] --START--
INFO: Run Behavior\BuildLiteBehavior [ RunTime:0.000019s ]
INFO: [ app_init ] --END-- [ RunTime:0.000416s ]
INFO: [ app_begin ] --START--
INFO: Run Behavior\ReadHtmlCacheBehavior [ RunTime:0.000569s ]
INFO: [ app_begin ] --END-- [ RunTime:0.000639s ]
ERR: 非法操作:static

[ 2016-11-07T00:09:07+08:00 ] 192.168.42.21 /tp_shop/object/index.php/Admin
INFO: [ app_init ] --START--
INFO: Run Behavior\BuildLiteBehavior [ RunTime:0.000018s ]
INFO: [ app_init ] --END-- [ RunTime:0.000309s ]
INFO: [ app_begin ] --START--
INFO: Run Behavior\ReadHtmlCacheBehavior [ RunTime:0.000353s ]
INFO: [ app_begin ] --END-- [ RunTime:0.000393s ]
INFO: [ view_parse ] --START--
INFO: [ template_filter ] --START--
INFO: Run Behavior\ContentReplaceBehavior [ RunTime:0.000174s ]
INFO: [ template_filter ] --END-- [ RunTime:0.000283s ]
INFO: Run Behavior\ParseTemplateBehavior [ RunTime:0.017458s ]
INFO: [ view_parse ] --END-- [ RunTime:0.017510s ]
INFO: [ view_filter ] --START--
INFO: Run Behavior\WriteHtmlCacheBehavior [ RunTime:0.000191s ]
INFO: [ view_filter ] --END-- [ RunTime:0.000226s ]
INFO: [ app_end ] --START--
INFO: Run Behavior\ShowPageTraceBehavior [ RunTime:0.000390s ]
INFO: [ app_end ] --END-- [ RunTime:0.000432s ]

[ 2016-11-07T00:09:08+08:00 ] 192.168.42.21 /tp_shop/object/index.php/Admin/Index/welcome.html
INFO: [ app_init ] --START--
INFO: Run Behavior\BuildLiteBehavior [ RunTime:0.000013s ]
INFO: [ app_init ] --END-- [ RunTime:0.000268s ]
INFO: [ app_begin ] --START--
INFO: Run Behavior\ReadHtmlCacheBehavior [ RunTime:0.000400s ]
INFO: [ app_begin ] --END-- [ RunTime:0.000441s ]
INFO: [ view_parse ] --START--
INFO: [ template_filter ] --START--
INFO: Run Behavior\ContentReplaceBehavior [ RunTime:0.000075s ]
INFO: [ template_filter ] --END-- [ RunTime:0.000167s ]
INFO: Run Behavior\ParseTemplateBehavior [ RunTime:0.009016s ]
INFO: [ view_parse ] --END-- [ RunTime:0.009066s ]
INFO: [ view_filter ] --START--
INFO: Run Behavior\WriteHtmlCacheBehavior [ RunTime:0.000131s ]
INFO: [ view_filter ] --END-- [ RunTime:0.000164s ]
INFO: [ app_end ] --START--
INFO: Run Behavior\ShowPageTraceBehavior [ RunTime:0.000451s ]
INFO: [ app_end ] --END-- [ RunTime:0.000491s ]

[ 2016-11-07T00:09:08+08:00 ] 192.168.42.21 /tp_shop/object/index.php/Admin/Index/static/h-ui/js/H-ui.min.js
INFO: [ app_init ] --START--
INFO: Run Behavior\BuildLiteBehavior [ RunTime:0.000015s ]
INFO: [ app_init ] --END-- [ RunTime:0.000283s ]
INFO: [ app_begin ] --START--
INFO: Run Behavior\ReadHtmlCacheBehavior [ RunTime:0.000465s ]
INFO: [ app_begin ] --END-- [ RunTime:0.000507s ]
ERR: 非法操作:static

[ 2016-11-07T00:09:08+08:00 ] 192.168.42.21 /tp_shop/object/index.php/Admin/Index/lib/jquery/1.9.1/jquery.min.js
INFO: [ app_init ] --START--
INFO: Run Behavior\BuildLiteBehavior [ RunTime:0.000012s ]
INFO: [ app_init ] --END-- [ RunTime:0.000247s ]
INFO: [ app_begin ] --START--
INFO: Run Behavior\ReadHtmlCacheBehavior [ RunTime:0.000306s ]
INFO: [ app_begin ] --END-- [ RunTime:0.000340s ]
ERR: 非法操作:lib

[ 2016-11-07T00:09:11+08:00 ] 192.168.42.21 /tp_shop/object/index.php/Admin/Index/product_brand.html
INFO: [ app_init ] --START--
INFO: Run Behavior\BuildLiteBehavior [ RunTime:0.000012s ]
INFO: [ app_init ] --END-- [ RunTime:0.000269s ]
INFO: [ app_begin ] --START--
INFO: Run Behavior\ReadHtmlCacheBehavior [ RunTime:0.000416s ]
INFO: [ app_begin ] --END-- [ RunTime:0.000458s ]
INFO: [ view_parse ] --START--
INFO: [ template_filter ] --START--
INFO: Run Behavior\ContentReplaceBehavior [ RunTime:0.000119s ]
INFO: [ template_filter ] --END-- [ RunTime:0.000229s ]
INFO: Run Behavior\ParseTemplateBehavior [ RunTime:0.005833s ]
INFO: [ view_parse ] --END-- [ RunTime:0.005907s ]
INFO: [ view_filter ] --START--
INFO: Run Behavior\WriteHtmlCacheBehavior [ RunTime:0.000201s ]
INFO: [ view_filter ] --END-- [ RunTime:0.000253s ]
INFO: [ app_end ] --START--
INFO: Run Behavior\ShowPageTraceBehavior [ RunTime:0.000665s ]
INFO: [ app_end ] --END-- [ RunTime:0.000850s ]

[ 2016-11-07T00:09:12+08:00 ] 192.168.42.21 /tp_shop/object/index.php/Admin/Index/temp/brand/dongpeng.jpeg
INFO: [ app_init ] --START--
INFO: Run Behavior\BuildLiteBehavior [ RunTime:0.000012s ]
INFO: [ app_init ] --END-- [ RunTime:0.000326s ]
INFO: [ app_begin ] --START--
INFO: Run Behavior\ReadHtmlCacheBehavior [ RunTime:0.000375s ]
INFO: [ app_begin ] --END-- [ RunTime:0.000417s ]
ERR: 非法操作:temp

[ 2016-11-07T00:09:12+08:00 ] 192.168.42.21 /tp_shop/object/index.php/Admin/Index/static/h-ui.admin/images/cn.gif
INFO: [ app_init ] --START--
INFO: Run Behavior\BuildLiteBehavior [ RunTime:0.000014s ]
INFO: [ app_init ] --END-- [ RunTime:0.000272s ]

[ 2016-11-07T00:09:13+08:00 ] 192.168.42.21 /tp_shop/object/index.php/Admin/Index/product_list.html
INFO: [ app_init ] --START--
INFO: Run Behavior\BuildLiteBehavior [ RunTime:0.000012s ]
INFO: [ app_init ] --END-- [ RunTime:0.000269s ]
INFO: [ app_begin ] --START--
INFO: Run Behavior\ReadHtmlCacheBehavior [ RunTime:0.000352s ]
INFO: [ app_begin ] --END-- [ RunTime:0.000387s ]
INFO: [ view_parse ] --START--
INFO: [ template_filter ] --START--
INFO: Run Behavior\ContentReplaceBehavior [ RunTime:0.000077s ]
INFO: [ template_filter ] --END-- [ RunTime:0.000124s ]
INFO: Run Behavior\ParseTemplateBehavior [ RunTime:0.007336s ]
INFO: [ view_parse ] --END-- [ RunTime:0.007371s ]
INFO: [ view_filter ] --START--
INFO: Run Behavior\WriteHtmlCacheBehavior [ RunTime:0.000115s ]
INFO: [ view_filter ] --END-- [ RunTime:0.000143s ]
INFO: [ app_end ] --START--
INFO: Run Behavior\ShowPageTraceBehavior [ RunTime:0.000426s ]
INFO: [ app_end ] --END-- [ RunTime:0.000479s ]

[ 2016-11-07T00:09:14+08:00 ] 192.168.42.21 /tp_shop/object/index.php/Admin/Index/static/h-ui.admin/js/H-ui.admin.js
INFO: [ app_init ] --START--
INFO: Run Behavior\BuildLiteBehavior [ RunTime:0.000012s ]
INFO: [ app_init ] --END-- [ RunTime:0.000385s ]
INFO: [ app_begin ] --START--
INFO: Run Behavior\ReadHtmlCacheBehavior [ RunTime:0.000429s ]
INFO: [ app_begin ] --END-- [ RunTime:0.000477s ]
ERR: 非法操作:static

[ 2016-11-07T00:09:14+08:00 ] 192.168.42.21 /tp_shop/object/index.php/Admin/Index/static/h-ui/js/H-ui.min.js
INFO: [ app_init ] --START--
INFO: Run Behavior\BuildLiteBehavior [ RunTime:0.000016s ]
INFO: [ app_init ] --END-- [ RunTime:0.000362s ]
INFO: [ app_begin ] --START--
INFO: Run Behavior\ReadHtmlCacheBehavior [ RunTime:0.000313s ]
INFO: [ app_begin ] --END-- [ RunTime:0.000355s ]
ERR: 非法操作:static

[ 2016-11-07T00:09:14+08:00 ] 192.168.42.21 /tp_shop/object/index.php/Admin/Index/lib/layer/2.4/layer.js
INFO: [ app_init ] --START--
INFO: Run Behavior\BuildLiteBehavior [ RunTime:0.000015s ]
INFO: [ app_init ] --END-- [ RunTime:0.000284s ]
INFO: [ app_begin ] --START--
INFO: Run Behavior\ReadHtmlCacheBehavior [ RunTime:0.003471s ]
INFO: [ app_begin ] --END-- [ RunTime:0.003529s ]
ERR: 非法操作:lib

[ 2016-11-07T00:09:14+08:00 ] 192.168.42.21 /tp_shop/object/index.php/Admin/Index/lib/My97DatePicker/4.8/WdatePicker.js
INFO: [ app_init ] --START--
INFO: Run Behavior\BuildLiteBehavior [ RunTime:0.000013s ]
INFO: [ app_init ] --END-- [ RunTime:0.000300s ]
INFO: [ app_begin ] --START--
INFO: Run Behavior\ReadHtmlCacheBehavior [ RunTime:0.000327s ]
INFO: [ app_begin ] --END-- [ RunTime:0.000374s ]
ERR: 非法操作:lib

[ 2016-11-07T00:09:14+08:00 ] 192.168.42.21 /tp_shop/object/index.php/Admin/Index/static/h-ui.admin/images/cn.gif
INFO: [ app_init ] --START--
INFO: Run Behavior\BuildLiteBehavior [ RunTime:0.000011s ]
INFO: [ app_init ] --END-- [ RunTime:0.000243s ]

[ 2016-11-07T00:09:14+08:00 ] 192.168.42.21 /tp_shop/object/index.php/Admin/Index/temp/product/Thumb/6204.jpg
INFO: [ app_init ] --START--
INFO: Run Behavior\BuildLiteBehavior [ RunTime:0.000014s ]
INFO: [ app_init ] --END-- [ RunTime:0.000264s ]

[ 2016-11-07T00:09:14+08:00 ] 192.168.42.21 /tp_shop/object/index.php/Admin/Index/lib/laypage/1.2/laypage.js
INFO: [ app_init ] --START--
INFO: Run Behavior\BuildLiteBehavior [ RunTime:0.000014s ]
INFO: [ app_init ] --END-- [ RunTime:0.000326s ]
INFO: [ app_begin ] --START--
INFO: Run Behavior\ReadHtmlCacheBehavior [ RunTime:0.000526s ]
INFO: [ app_begin ] --END-- [ RunTime:0.000609s ]
ERR: 非法操作:lib

[ 2016-11-07T00:09:14+08:00 ] 192.168.42.21 /tp_shop/object/index.php/Admin/Index/lib/datatables/1.10.0/jquery.dataTables.min.js
INFO: [ app_init ] --START--
INFO: Run Behavior\BuildLiteBehavior [ RunTime:0.000017s ]
INFO: [ app_init ] --END-- [ RunTime:0.000462s ]
INFO: [ app_begin ] --START--
INFO: Run Behavior\ReadHtmlCacheBehavior [ RunTime:0.005303s ]
INFO: [ app_begin ] --END-- [ RunTime:0.005433s ]
ERR: 非法操作:lib

[ 2016-11-07T00:09:14+08:00 ] 192.168.42.21 /tp_shop/object/index.php/Admin/Index/lib/zTree/v3/js/jquery.ztree.all-3.5.min.js
INFO: [ app_init ] --START--
INFO: Run Behavior\BuildLiteBehavior [ RunTime:0.000013s ]
INFO: [ app_init ] --END-- [ RunTime:0.000293s ]
INFO: [ app_begin ] --START--
INFO: Run Behavior\ReadHtmlCacheBehavior [ RunTime:0.000756s ]
INFO: [ app_begin ] --END-- [ RunTime:0.000812s ]
ERR: 非法操作:lib

[ 2016-11-07T00:09:14+08:00 ] 192.168.42.21 /tp_shop/object/index.php/Admin/Index/lib/jquery/1.9.1/jquery.min.js
INFO: [ app_init ] --START--
INFO: Run Behavior\BuildLiteBehavior [ RunTime:0.000018s ]
INFO: [ app_init ] --END-- [ RunTime:0.000439s ]
INFO: [ app_begin ] --START--
INFO: Run Behavior\ReadHtmlCacheBehavior [ RunTime:0.000333s ]
INFO: [ app_begin ] --END-- [ RunTime:0.000376s ]
ERR: 非法操作:lib

[ 2016-11-07T00:09:19+08:00 ] 192.168.42.21 /tp_shop/object/index.php/Admin/Index/product_add.html
INFO: [ app_init ] --START--
INFO: Run Behavior\BuildLiteBehavior [ RunTime:0.000017s ]
INFO: [ app_init ] --END-- [ RunTime:0.000490s ]
INFO: [ app_begin ] --START--
INFO: Run Behavior\ReadHtmlCacheBehavior [ RunTime:0.000381s ]
INFO: [ app_begin ] --END-- [ RunTime:0.000421s ]
INFO: [ view_parse ] --START--
INFO: [ template_filter ] --START--
INFO: Run Behavior\ContentReplaceBehavior [ RunTime:0.000306s ]
INFO: [ template_filter ] --END-- [ RunTime:0.000474s ]
NOTIC: [8] Undefined variable: D /usr/local/apache2/htdocs/tp_shop/object/Application/Runtime/Cache/Admin/84fbf9906f57068259bc0ef7c5eb9b87.php 第 156 行.
NOTIC: [8] Undefined variable: dp /usr/local/apache2/htdocs/tp_shop/object/Application/Runtime/Cache/Admin/84fbf9906f57068259bc0ef7c5eb9b87.php 第 156 行.
INFO: Run Behavior\ParseTemplateBehavior [ RunTime:0.053271s ]
INFO: [ view_parse ] --END-- [ RunTime:0.053321s ]
INFO: [ view_filter ] --START--
INFO: Run Behavior\WriteHtmlCacheBehavior [ RunTime:0.000138s ]
INFO: [ view_filter ] --END-- [ RunTime:0.000167s ]
INFO: [ app_end ] --START--
INFO: Run Behavior\ShowPageTraceBehavior [ RunTime:0.000622s ]
INFO: [ app_end ] --END-- [ RunTime:0.000694s ]

[ 2016-11-07T00:09:22+08:00 ] 192.168.42.21 /tp_shop/object/index.php/Admin/Index/picture_list.html
INFO: [ app_init ] --START--
INFO: Run Behavior\BuildLiteBehavior [ RunTime:0.000016s ]
INFO: [ app_init ] --END-- [ RunTime:0.000250s ]
INFO: [ app_begin ] --START--
INFO: Run Behavior\ReadHtmlCacheBehavior [ RunTime:0.000327s ]
INFO: [ app_begin ] --END-- [ RunTime:0.000365s ]
INFO: [ view_parse ] --START--
INFO: [ template_filter ] --START--
INFO: Run Behavior\ContentReplaceBehavior [ RunTime:0.000079s ]
INFO: [ template_filter ] --END-- [ RunTime:0.000428s ]
NOTIC: [8] Undefined variable: D /usr/local/apache2/htdocs/tp_shop/object/Application/Runtime/Cache/Admin/a40fc61abbeb45540d3ac7c276a25b58.php 第 32 行.
NOTIC: [8] Undefined variable: dp /usr/local/apache2/htdocs/tp_shop/object/Application/Runtime/Cache/Admin/a40fc61abbeb45540d3ac7c276a25b58.php 第 32 行.
INFO: Run Behavior\ParseTemplateBehavior [ RunTime:0.008134s ]
INFO: [ view_parse ] --END-- [ RunTime:0.008174s ]
INFO: [ view_filter ] --START--
INFO: Run Behavior\WriteHtmlCacheBehavior [ RunTime:0.000141s ]
INFO: [ view_filter ] --END-- [ RunTime:0.000171s ]
INFO: [ app_end ] --START--
INFO: Run Behavior\ShowPageTraceBehavior [ RunTime:0.020251s ]
INFO: [ app_end ] --END-- [ RunTime:0.020336s ]

[ 2016-11-07T00:09:22+08:00 ] 192.168.42.21 /tp_shop/object/index.php/Admin/Index/temp/200x150.jpg
INFO: [ app_init ] --START--
INFO: Run Behavior\BuildLiteBehavior [ RunTime:0.000019s ]
INFO: [ app_init ] --END-- [ RunTime:0.000411s ]

[ 2016-11-07T00:09:23+08:00 ] 192.168.42.21 /tp_shop/object/index.php/Admin/Index/product_brand.html
INFO: [ app_init ] --START--
INFO: Run Behavior\BuildLiteBehavior [ RunTime:0.000011s ]
INFO: [ app_init ] --END-- [ RunTime:0.000231s ]
INFO: [ app_begin ] --START--
INFO: Run Behavior\ReadHtmlCacheBehavior [ RunTime:0.000387s ]
INFO: [ app_begin ] --END-- [ RunTime:0.000427s ]
INFO: [ view_parse ] --START--
INFO: [ template_filter ] --START--
INFO: Run Behavior\ContentReplaceBehavior [ RunTime:0.000052s ]
INFO: [ template_filter ] --END-- [ RunTime:0.000124s ]
INFO: Run Behavior\ParseTemplateBehavior [ RunTime:0.006569s ]
INFO: [ view_parse ] --END-- [ RunTime:0.006611s ]
INFO: [ view_filter ] --START--
INFO: Run Behavior\WriteHtmlCacheBehavior [ RunTime:0.000126s ]
INFO: [ view_filter ] --END-- [ RunTime:0.000156s ]
INFO: [ app_end ] --START--
INFO: Run Behavior\ShowPageTraceBehavior [ RunTime:0.000365s ]
INFO: [ app_end ] --END-- [ RunTime:0.000417s ]

[ 2016-11-07T00:09:23+08:00 ] 192.168.42.21 /tp_shop/object/index.php/Admin/Index/static/h-ui.admin/images/cn.gif
INFO: [ app_init ] --START--
INFO: Run Behavior\BuildLiteBehavior [ RunTime:0.000027s ]
INFO: [ app_init ] --END-- [ RunTime:0.000548s ]

[ 2016-11-07T00:09:23+08:00 ] 192.168.42.21 /tp_shop/object/index.php/Admin/Index/temp/brand/dongpeng.jpeg
INFO: [ app_init ] --START--
INFO: Run Behavior\BuildLiteBehavior [ RunTime:0.000209s ]
INFO: [ app_init ] --END-- [ RunTime:0.000609s ]
INFO: [ app_begin ] --START--
INFO: Run Behavior\ReadHtmlCacheBehavior [ RunTime:0.041786s ]
INFO: [ app_begin ] --END-- [ RunTime:0.041907s ]
ERR: 非法操作:temp

[ 2016-11-07T00:09:27+08:00 ] 192.168.42.21 /tp_shop/object/index.php/Admin/Index/product_category.html
INFO: [ app_init ] --START--
INFO: Run Behavior\BuildLiteBehavior [ RunTime:0.000014s ]
INFO: [ app_init ] --END-- [ RunTime:0.000295s ]
INFO: [ app_begin ] --START--
INFO: Run Behavior\ReadHtmlCacheBehavior [ RunTime:0.000377s ]
INFO: [ app_begin ] --END-- [ RunTime:0.000433s ]
INFO: [ view_parse ] --START--
INFO: [ template_filter ] --START--
INFO: Run Behavior\ContentReplaceBehavior [ RunTime:0.000097s ]
INFO: [ template_filter ] --END-- [ RunTime:0.000207s ]
INFO: Run Behavior\ParseTemplateBehavior [ RunTime:0.006160s ]
INFO: [ view_parse ] --END-- [ RunTime:0.006207s ]
INFO: [ view_filter ] --START--
INFO: Run Behavior\WriteHtmlCacheBehavior [ RunTime:0.000193s ]
INFO: [ view_filter ] --END-- [ RunTime:0.000268s ]
INFO: [ app_end ] --START--
INFO: Run Behavior\ShowPageTraceBehavior [ RunTime:0.000457s ]
INFO: [ app_end ] --END-- [ RunTime:0.000533s ]

[ 2016-11-07T00:09:27+08:00 ] 192.168.42.21 /tp_shop/object/index.php/Admin/Index/product_category_add.html
INFO: [ app_init ] --START--
INFO: Run Behavior\BuildLiteBehavior [ RunTime:0.000027s ]
INFO: [ app_init ] --END-- [ RunTime:0.000503s ]
INFO: [ app_begin ] --START--
INFO: Run Behavior\ReadHtmlCacheBehavior [ RunTime:0.000604s ]
INFO: [ app_begin ] --END-- [ RunTime:0.000670s ]
INFO: [ view_parse ] --START--
INFO: [ template_filter ] --START--
INFO: Run Behavior\ContentReplaceBehavior [ RunTime:0.000083s ]
INFO: [ template_filter ] --END-- [ RunTime:0.000172s ]
INFO: Run Behavior\ParseTemplateBehavior [ RunTime:0.008121s ]
INFO: [ view_parse ] --END-- [ RunTime:0.008191s ]
INFO: [ view_filter ] --START--
INFO: Run Behavior\WriteHtmlCacheBehavior [ RunTime:0.000225s ]
INFO: [ view_filter ] --END-- [ RunTime:0.000282s ]
INFO: [ app_end ] --START--
INFO: Run Behavior\ShowPageTraceBehavior [ RunTime:0.000842s ]
INFO: [ app_end ] --END-- [ RunTime:0.000982s ]

[ 2016-11-07T00:09:29+08:00 ] 192.168.42.21 /tp_shop/object/index.php/Admin/Index/product_list.html
INFO: [ app_init ] --START--
INFO: Run Behavior\BuildLiteBehavior [ RunTime:0.000012s ]
INFO: [ app_init ] --END-- [ RunTime:0.000239s ]
INFO: [ app_begin ] --START--
INFO: Run Behavior\ReadHtmlCacheBehavior [ RunTime:0.000370s ]
INFO: [ app_begin ] --END-- [ RunTime:0.000460s ]
INFO: [ view_parse ] --START--
INFO: [ template_filter ] --START--
INFO: Run Behavior\ContentReplaceBehavior [ RunTime:0.000080s ]
INFO: [ template_filter ] --END-- [ RunTime:0.000138s ]
INFO: Run Behavior\ParseTemplateBehavior [ RunTime:0.007863s ]
INFO: [ view_parse ] --END-- [ RunTime:0.007901s ]
INFO: [ view_filter ] --START--
INFO: Run Behavior\WriteHtmlCacheBehavior [ RunTime:0.000135s ]
INFO: [ view_filter ] --END-- [ RunTime:0.000167s ]
INFO: [ app_end ] --START--
INFO: Run Behavior\ShowPageTraceBehavior [ RunTime:0.000486s ]
INFO: [ app_end ] --END-- [ RunTime:0.000541s ]

[ 2016-11-07T00:09:29+08:00 ] 192.168.42.21 /tp_shop/object/index.php/Admin/Index/lib/layer/2.4/layer.js
INFO: [ app_init ] --START--
INFO: Run Behavior\BuildLiteBehavior [ RunTime:0.000019s ]
INFO: [ app_init ] --END-- [ RunTime:0.000421s ]
INFO: [ app_begin ] --START--
INFO: Run Behavior\ReadHtmlCacheBehavior [ RunTime:0.009492s ]
INFO: [ app_begin ] --END-- [ RunTime:0.009583s ]
ERR: 非法操作:lib

[ 2016-11-07T00:09:29+08:00 ] 192.168.42.21 /tp_shop/object/index.php/Admin/Index/lib/My97DatePicker/4.8/WdatePicker.js
INFO: [ app_init ] --START--
INFO: Run Behavior\BuildLiteBehavior [ RunTime:0.000019s ]
INFO: [ app_init ] --END-- [ RunTime:0.000923s ]
INFO: [ app_begin ] --START--
INFO: Run Behavior\ReadHtmlCacheBehavior [ RunTime:0.000729s ]
INFO: [ app_begin ] --END-- [ RunTime:0.000777s ]
ERR: 非法操作:lib

[ 2016-11-07T00:09:29+08:00 ] 192.168.42.21 /tp_shop/object/index.php/Admin/Index/static/h-ui.admin/js/H-ui.admin.js
INFO: [ app_init ] --START--
INFO: Run Behavior\BuildLiteBehavior [ RunTime:0.000017s ]
INFO: [ app_init ] --END-- [ RunTime:0.001110s ]
INFO: [ app_begin ] --START--
INFO: Run Behavior\ReadHtmlCacheBehavior [ RunTime:0.008382s ]
INFO: [ app_begin ] --END-- [ RunTime:0.008511s ]
ERR: 非法操作:static

[ 2016-11-07T00:09:29+08:00 ] 192.168.42.21 /tp_shop/object/index.php/Admin/Index/lib/jquery/1.9.1/jquery.min.js
INFO: [ app_init ] --START--
INFO: Run Behavior\BuildLiteBehavior [ RunTime:0.000015s ]
INFO: [ app_init ] --END-- [ RunTime:0.006485s ]
INFO: [ app_begin ] --START--
INFO: Run Behavior\ReadHtmlCacheBehavior [ RunTime:0.001495s ]
INFO: [ app_begin ] --END-- [ RunTime:0.002003s ]
ERR: 非法操作:lib

[ 2016-11-07T00:09:29+08:00 ] 192.168.42.21 /tp_shop/object/index.php/Admin/Index/lib/zTree/v3/js/jquery.ztree.all-3.5.min.js
INFO: [ app_init ] --START--
INFO: Run Behavior\BuildLiteBehavior [ RunTime:0.000014s ]
INFO: [ app_init ] --END-- [ RunTime:0.000576s ]
INFO: [ app_begin ] --START--
INFO: Run Behavior\ReadHtmlCacheBehavior [ RunTime:0.005187s ]
INFO: [ app_begin ] --END-- [ RunTime:0.005547s ]
ERR: 非法操作:lib

[ 2016-11-07T00:09:29+08:00 ] 192.168.42.21 /tp_shop/object/index.php/Admin/Index/lib/datatables/1.10.0/jquery.dataTables.min.js
INFO: [ app_init ] --START--
INFO: Run Behavior\BuildLiteBehavior [ RunTime:0.000011s ]
INFO: [ app_init ] --END-- [ RunTime:0.000225s ]
INFO: [ app_begin ] --START--
INFO: Run Behavior\ReadHtmlCacheBehavior [ RunTime:0.000353s ]
INFO: [ app_begin ] --END-- [ RunTime:0.000404s ]
ERR: 非法操作:lib

[ 2016-11-07T00:09:29+08:00 ] 192.168.42.21 /tp_shop/object/index.php/Admin/Index/static/h-ui/js/H-ui.min.js
INFO: [ app_init ] --START--
INFO: Run Behavior\BuildLiteBehavior [ RunTime:0.000022s ]
INFO: [ app_init ] --END-- [ RunTime:0.001175s ]
INFO: [ app_begin ] --START--
INFO: Run Behavior\ReadHtmlCacheBehavior [ RunTime:0.097106s ]
INFO: [ app_begin ] --END-- [ RunTime:0.098078s ]
ERR: 非法操作:static

[ 2016-11-07T00:09:29+08:00 ] 192.168.42.21 /tp_shop/object/index.php/Admin/Index/temp/product/Thumb/6204.jpg
INFO: [ app_init ] --START--
INFO: Run Behavior\BuildLiteBehavior [ RunTime:0.000014s ]
INFO: [ app_init ] --END-- [ RunTime:0.000659s ]

[ 2016-11-07T00:09:29+08:00 ] 192.168.42.21 /tp_shop/object/index.php/Admin/Index/lib/laypage/1.2/laypage.js
INFO: [ app_init ] --START--
INFO: Run Behavior\BuildLiteBehavior [ RunTime:0.000016s ]
INFO: [ app_init ] --END-- [ RunTime:0.000740s ]
INFO: [ app_begin ] --START--
INFO: Run Behavior\ReadHtmlCacheBehavior [ RunTime:0.001370s ]
INFO: [ app_begin ] --END-- [ RunTime:0.001414s ]
ERR: 非法操作:lib

[ 2016-11-07T00:09:29+08:00 ] 192.168.42.21 /tp_shop/object/index.php/Admin/Index/static/h-ui.admin/images/cn.gif
INFO: [ app_init ] --START--
INFO: Run Behavior\BuildLiteBehavior [ RunTime:0.000017s ]
INFO: [ app_init ] --END-- [ RunTime:0.000303s ]

[ 2016-11-07T00:09:33+08:00 ] 192.168.42.21 /tp_shop/object/index.php/Admin/Index/member_list.html
INFO: [ app_init ] --START--
INFO: Run Behavior\BuildLiteBehavior [ RunTime:0.000017s ]
INFO: [ app_init ] --END-- [ RunTime:0.000376s ]
INFO: [ app_begin ] --START--
INFO: Run Behavior\ReadHtmlCacheBehavior [ RunTime:0.000659s ]
INFO: [ app_begin ] --END-- [ RunTime:0.000723s ]
INFO: [ view_parse ] --START--
INFO: [ template_filter ] --START--
INFO: Run Behavior\ContentReplaceBehavior [ RunTime:0.000070s ]
INFO: [ template_filter ] --END-- [ RunTime:0.000125s ]
NOTIC: [8] Undefined variable: D /usr/local/apache2/htdocs/tp_shop/object/Application/Runtime/Cache/Admin/9695f43947b6156fd59967db2c69ae09.php 第 32 行.
NOTIC: [8] Undefined variable: dp /usr/local/apache2/htdocs/tp_shop/object/Application/Runtime/Cache/Admin/9695f43947b6156fd59967db2c69ae09.php 第 32 行.
INFO: Run Behavior\ParseTemplateBehavior [ RunTime:0.047973s ]
INFO: [ view_parse ] --END-- [ RunTime:0.048019s ]
INFO: [ view_filter ] --START--
INFO: Run Behavior\WriteHtmlCacheBehavior [ RunTime:0.000178s ]
INFO: [ view_filter ] --END-- [ RunTime:0.000240s ]
INFO: [ app_end ] --START--
INFO: Run Behavior\ShowPageTraceBehavior [ RunTime:0.000639s ]
INFO: [ app_end ] --END-- [ RunTime:0.000699s ]

[ 2016-11-07T17:22:51+08:00 ] 192.168.42.21 /tp_shop/object/index.php/Admin
INFO: [ app_init ] --START--
INFO: Run Behavior\BuildLiteBehavior [ RunTime:0.000023s ]
INFO: [ app_init ] --END-- [ RunTime:0.000742s ]
INFO: [ app_begin ] --START--
INFO: Run Behavior\ReadHtmlCacheBehavior [ RunTime:0.000747s ]
INFO: [ app_begin ] --END-- [ RunTime:0.002606s ]
INFO: [ view_parse ] --START--
INFO: [ template_filter ] --START--
INFO: Run Behavior\ContentReplaceBehavior [ RunTime:0.000105s ]
INFO: [ template_filter ] --END-- [ RunTime:0.000161s ]
INFO: Run Behavior\ParseTemplateBehavior [ RunTime:0.279771s ]
INFO: [ view_parse ] --END-- [ RunTime:0.279838s ]
INFO: [ view_filter ] --START--
INFO: Run Behavior\WriteHtmlCacheBehavior [ RunTime:0.000169s ]
INFO: [ view_filter ] --END-- [ RunTime:0.000202s ]
INFO: [ app_end ] --START--
INFO: Run Behavior\ShowPageTraceBehavior [ RunTime:0.001322s ]
INFO: [ app_end ] --END-- [ RunTime:0.001407s ]

[ 2016-11-07T17:22:52+08:00 ] 192.168.42.21 /tp_shop/object/index.php/Admin/Index/welcome.html
INFO: [ app_init ] --START--
INFO: Run Behavior\BuildLiteBehavior [ RunTime:0.000067s ]
INFO: [ app_init ] --END-- [ RunTime:0.025983s ]
INFO: [ app_begin ] --START--
INFO: Run Behavior\ReadHtmlCacheBehavior [ RunTime:0.000806s ]
INFO: [ app_begin ] --END-- [ RunTime:0.000875s ]
INFO: [ view_parse ] --START--
INFO: [ template_filter ] --START--
INFO: Run Behavior\ContentReplaceBehavior [ RunTime:0.000059s ]
INFO: [ template_filter ] --END-- [ RunTime:0.000131s ]
INFO: Run Behavior\ParseTemplateBehavior [ RunTime:0.040080s ]
INFO: [ view_parse ] --END-- [ RunTime:0.053036s ]
INFO: [ view_filter ] --START--
INFO: Run Behavior\WriteHtmlCacheBehavior [ RunTime:0.000272s ]
INFO: [ view_filter ] --END-- [ RunTime:0.000335s ]
INFO: [ app_end ] --START--
INFO: Run Behavior\ShowPageTraceBehavior [ RunTime:0.040079s ]
INFO: [ app_end ] --END-- [ RunTime:0.040170s ]

[ 2016-11-07T17:22:53+08:00 ] 192.168.42.21 /tp_shop/object/index.php/Admin/Index/static/h-ui/js/H-ui.min.js
INFO: [ app_init ] --START--
INFO: Run Behavior\BuildLiteBehavior [ RunTime:0.000014s ]
INFO: [ app_init ] --END-- [ RunTime:0.000293s ]
INFO: [ app_begin ] --START--
INFO: Run Behavior\ReadHtmlCacheBehavior [ RunTime:0.000604s ]
INFO: [ app_begin ] --END-- [ RunTime:0.000685s ]
ERR: 非法操作:static

[ 2016-11-07T17:22:53+08:00 ] 192.168.42.21 /tp_shop/object/index.php/Admin/Index/lib/jquery/1.9.1/jquery.min.js
INFO: [ app_init ] --START--
INFO: Run Behavior\BuildLiteBehavior [ RunTime:0.000083s ]
INFO: [ app_init ] --END-- [ RunTime:0.008045s ]
INFO: [ app_begin ] --START--
INFO: Run Behavior\ReadHtmlCacheBehavior [ RunTime:0.000513s ]
INFO: [ app_begin ] --END-- [ RunTime:0.000579s ]
ERR: 非法操作:lib

[ 2016-11-07T17:22:55+08:00 ] 192.168.42.21 /tp_shop/object/index.php/Admin/Article/article_list.html
INFO: [ app_init ] --START--
INFO: Run Behavior\BuildLiteBehavior [ RunTime:0.000011s ]
INFO: [ app_init ] --END-- [ RunTime:0.000235s ]
INFO: [ app_begin ] --START--
INFO: Run Behavior\ReadHtmlCacheBehavior [ RunTime:0.000325s ]
INFO: [ app_begin ] --END-- [ RunTime:0.000361s ]
ERR: 无法加载控制器:Article

[ 2016-11-07T17:23:09+08:00 ] 192.168.42.21 /tp_shop/object/index.php/Admin/Picture/picture_list.html
INFO: [ app_init ] --START--
INFO: Run Behavior\BuildLiteBehavior [ RunTime:0.000013s ]
INFO: [ app_init ] --END-- [ RunTime:0.000303s ]
INFO: [ app_begin ] --START--
INFO: Run Behavior\ReadHtmlCacheBehavior [ RunTime:0.000374s ]
INFO: [ app_begin ] --END-- [ RunTime:0.000414s ]
INFO: [ view_parse ] --START--
INFO: [ template_filter ] --START--
INFO: Run Behavior\ContentReplaceBehavior [ RunTime:0.000062s ]
INFO: [ template_filter ] --END-- [ RunTime:0.000111s ]
NOTIC: [8] Undefined variable: D /usr/local/apache2/htdocs/tp_shop/object/Application/Runtime/Cache/Admin/a40fc61abbeb45540d3ac7c276a25b58.php 第 32 行.
NOTIC: [8] Undefined variable: dp /usr/local/apache2/htdocs/tp_shop/object/Application/Runtime/Cache/Admin/a40fc61abbeb45540d3ac7c276a25b58.php 第 32 行.
INFO: Run Behavior\ParseTemplateBehavior [ RunTime:0.060528s ]
INFO: [ view_parse ] --END-- [ RunTime:0.060588s ]
INFO: [ view_filter ] --START--
INFO: Run Behavior\WriteHtmlCacheBehavior [ RunTime:0.000263s ]
INFO: [ view_filter ] --END-- [ RunTime:0.000310s ]
INFO: [ app_end ] --START--
INFO: Run Behavior\ShowPageTraceBehavior [ RunTime:0.000470s ]
INFO: [ app_end ] --END-- [ RunTime:0.000537s ]

[ 2016-11-07T17:23:09+08:00 ] 192.168.42.21 /tp_shop/object/index.php/Admin/Picture/temp/200x150.jpg
INFO: [ app_init ] --START--
INFO: Run Behavior\BuildLiteBehavior [ RunTime:0.000016s ]
INFO: [ app_init ] --END-- [ RunTime:0.000285s ]

[ 2016-11-07T17:23:12+08:00 ] 192.168.42.21 /tp_shop/object/index.php/Admin/Picture/picture_add.html
INFO: [ app_init ] --START--
INFO: Run Behavior\BuildLiteBehavior [ RunTime:0.000015s ]
INFO: [ app_init ] --END-- [ RunTime:0.000287s ]
INFO: [ app_begin ] --START--
INFO: Run Behavior\ReadHtmlCacheBehavior [ RunTime:0.000367s ]
INFO: [ app_begin ] --END-- [ RunTime:0.000410s ]
INFO: [ view_parse ] --START--
INFO: [ template_filter ] --START--
INFO: Run Behavior\ContentReplaceBehavior [ RunTime:0.194875s ]
INFO: [ template_filter ] --END-- [ RunTime:0.194978s ]
NOTIC: [8] Undefined variable: D /usr/local/apache2/htdocs/tp_shop/object/Application/Runtime/Cache/Admin/91a72f3a6847be13eedcf68bd62016d1.php 第 80 行.
NOTIC: [8] Undefined variable: dp /usr/local/apache2/htdocs/tp_shop/object/Application/Runtime/Cache/Admin/91a72f3a6847be13eedcf68bd62016d1.php 第 80 行.
INFO: Run Behavior\ParseTemplateBehavior [ RunTime:0.509261s ]
INFO: [ view_parse ] --END-- [ RunTime:0.509306s ]
INFO: [ view_filter ] --START--
INFO: Run Behavior\WriteHtmlCacheBehavior [ RunTime:0.000167s ]
INFO: [ view_filter ] --END-- [ RunTime:0.000202s ]
INFO: [ app_end ] --START--
INFO: Run Behavior\ShowPageTraceBehavior [ RunTime:0.000488s ]
INFO: [ app_end ] --END-- [ RunTime:0.000691s ]

[ 2016-11-07T17:23:28+08:00 ] 192.168.42.21 /tp_shop/object/index.php/Admin/Picture/picture_list.html
INFO: [ app_init ] --START--
INFO: Run Behavior\BuildLiteBehavior [ RunTime:0.010573s ]
INFO: [ app_init ] --END-- [ RunTime:0.011125s ]
INFO: [ app_begin ] --START--
INFO: Run Behavior\ReadHtmlCacheBehavior [ RunTime:0.000801s ]
INFO: [ app_begin ] --END-- [ RunTime:0.000850s ]
INFO: [ view_parse ] --START--
INFO: [ template_filter ] --START--
INFO: Run Behavior\ContentReplaceBehavior [ RunTime:0.000117s ]
INFO: [ template_filter ] --END-- [ RunTime:0.000266s ]
NOTIC: [8] Undefined variable: D /usr/local/apache2/htdocs/tp_shop/object/Application/Runtime/Cache/Admin/a40fc61abbeb45540d3ac7c276a25b58.php 第 32 行.
NOTIC: [8] Undefined variable: dp /usr/local/apache2/htdocs/tp_shop/object/Application/Runtime/Cache/Admin/a40fc61abbeb45540d3ac7c276a25b58.php 第 32 行.
INFO: Run Behavior\ParseTemplateBehavior [ RunTime:0.021580s ]
INFO: [ view_parse ] --END-- [ RunTime:0.021618s ]
INFO: [ view_filter ] --START--
INFO: Run Behavior\WriteHtmlCacheBehavior [ RunTime:0.000330s ]
INFO: [ view_filter ] --END-- [ RunTime:0.000420s ]
INFO: [ app_end ] --START--
INFO: Run Behavior\ShowPageTraceBehavior [ RunTime:0.000997s ]
INFO: [ app_end ] --END-- [ RunTime:0.001153s ]

[ 2016-11-07T17:23:28+08:00 ] 192.168.42.21 /tp_shop/object/index.php/Admin/Picture/temp/200x150.jpg
INFO: [ app_init ] --START--
INFO: Run Behavior\BuildLiteBehavior [ RunTime:0.000026s ]
INFO: [ app_init ] --END-- [ RunTime:0.000536s ]

[ 2016-11-07T17:23:30+08:00 ] 192.168.42.21 /tp_shop/object/index.php/Admin/Picture/picture_show.html
INFO: [ app_init ] --START--
INFO: Run Behavior\BuildLiteBehavior [ RunTime:0.000015s ]
INFO: [ app_init ] --END-- [ RunTime:0.000362s ]
INFO: [ app_begin ] --START--
INFO: Run Behavior\ReadHtmlCacheBehavior [ RunTime:0.000491s ]
INFO: [ app_begin ] --END-- [ RunTime:0.000553s ]
INFO: [ view_parse ] --START--
INFO: [ template_filter ] --START--
INFO: Run Behavior\ContentReplaceBehavior [ RunTime:0.000142s ]
INFO: [ template_filter ] --END-- [ RunTime:0.000340s ]
INFO: Run Behavior\ParseTemplateBehavior [ RunTime:0.083779s ]
INFO: [ view_parse ] --END-- [ RunTime:0.083881s ]
INFO: [ view_filter ] --START--
INFO: Run Behavior\WriteHtmlCacheBehavior [ RunTime:0.000241s ]
INFO: [ view_filter ] --END-- [ RunTime:0.000288s ]
INFO: [ app_end ] --START--
INFO: Run Behavior\ShowPageTraceBehavior [ RunTime:0.000822s ]
INFO: [ app_end ] --END-- [ RunTime:0.001056s ]

[ 2016-11-07T17:23:30+08:00 ] 192.168.42.21 /tp_shop/object/index.php/Admin/Picture/lib/lightbox2/2.8.1/css/lightbox.css
INFO: [ app_init ] --START--
INFO: Run Behavior\BuildLiteBehavior [ RunTime:0.000027s ]
INFO: [ app_init ] --END-- [ RunTime:0.003152s ]
INFO: [ app_begin ] --START--
INFO: Run Behavior\ReadHtmlCacheBehavior [ RunTime:0.020232s ]
INFO: [ app_begin ] --END-- [ RunTime:0.020339s ]
ERR: 非法操作:lib

[ 2016-11-07T17:23:31+08:00 ] 192.168.42.21 /tp_shop/object/index.php/Admin/Picture/temp/Thumb/keting.jpg
INFO: [ app_init ] --START--
INFO: Run Behavior\BuildLiteBehavior [ RunTime:0.000023s ]
INFO: [ app_init ] --END-- [ RunTime:0.000439s ]

[ 2016-11-07T17:23:31+08:00 ] 192.168.42.21 /tp_shop/object/index.php/Admin/Picture/lib/lightbox2/2.8.1/js/lightbox.min.js
INFO: [ app_init ] --START--
INFO: Run Behavior\BuildLiteBehavior [ RunTime:0.000024s ]
INFO: [ app_init ] --END-- [ RunTime:0.004620s ]
INFO: [ app_begin ] --START--
INFO: Run Behavior\ReadHtmlCacheBehavior [ RunTime:0.014049s ]
INFO: [ app_begin ] --END-- [ RunTime:0.014267s ]
ERR: 非法操作:lib

[ 2016-11-07T17:23:31+08:00 ] 192.168.42.21 /tp_shop/object/index.php/Admin/Picture/temp/Thumb/shufang.jpg
INFO: [ app_init ] --START--
INFO: Run Behavior\BuildLiteBehavior [ RunTime:0.000014s ]
INFO: [ app_init ] --END-- [ RunTime:0.000636s ]

[ 2016-11-07T17:23:31+08:00 ] 192.168.42.21 /tp_shop/object/index.php/Admin/Picture/temp/Thumb/weishengjian2.jpg
INFO: [ app_init ] --START--
INFO: Run Behavior\BuildLiteBehavior [ RunTime:0.000013s ]
INFO: [ app_init ] --END-- [ RunTime:0.000314s ]

[ 2016-11-07T17:23:31+08:00 ] 192.168.42.21 /tp_shop/object/index.php/Admin/Picture/static/h-ui/js/H-ui.min.js
INFO: [ app_init ] --START--
INFO: Run Behavior\BuildLiteBehavior [ RunTime:0.000017s ]
INFO: [ app_init ] --END-- [ RunTime:0.000312s ]
INFO: [ app_begin ] --START--
INFO: Run Behavior\ReadHtmlCacheBehavior [ RunTime:0.000731s ]
INFO: [ app_begin ] --END-- [ RunTime:0.000883s ]
ERR: 非法操作:static

[ 2016-11-07T17:23:31+08:00 ] 192.168.42.21 /tp_shop/object/index.php/Admin/Picture/temp/Thumb/woshi.jpg
INFO: [ app_init ] --START--
INFO: Run Behavior\BuildLiteBehavior [ RunTime:0.000025s ]
INFO: [ app_init ] --END-- [ RunTime:0.000553s ]

[ 2016-11-07T17:23:31+08:00 ] 192.168.42.21 /tp_shop/object/index.php/Admin/Picture/temp/Thumb/keting3.jpg
INFO: [ app_init ] --START--
INFO: Run Behavior\BuildLiteBehavior [ RunTime:0.000015s ]
INFO: [ app_init ] --END-- [ RunTime:0.000358s ]

[ 2016-11-07T17:23:31+08:00 ] 192.168.42.21 /tp_shop/object/index.php/Admin/Picture/temp/Thumb/keting2.jpg
INFO: [ app_init ] --START--
INFO: Run Behavior\BuildLiteBehavior [ RunTime:0.000057s ]
INFO: [ app_init ] --END-- [ RunTime:0.000689s ]

[ 2016-11-07T17:23:31+08:00 ] 192.168.42.21 /tp_shop/object/index.php/Admin/Picture/temp/Thumb/keting4.jpg
INFO: [ app_init ] --START--
INFO: Run Behavior\BuildLiteBehavior [ RunTime:0.001957s ]
INFO: [ app_init ] --END-- [ RunTime:0.003535s ]

[ 2016-11-07T17:23:31+08:00 ] 192.168.42.21 /tp_shop/object/index.php/Admin/Picture/temp/Thumb/weishengjian.jpg
INFO: [ app_init ] --START--
INFO: Run Behavior\BuildLiteBehavior [ RunTime:0.000019s ]
INFO: [ app_init ] --END-- [ RunTime:0.004367s ]

[ 2016-11-07T17:23:31+08:00 ] 192.168.42.21 /tp_shop/object/index.php/Admin/Picture/temp/Thumb/chufang.jpg
INFO: [ app_init ] --START--
INFO: Run Behavior\BuildLiteBehavior [ RunTime:0.000013s ]
INFO: [ app_init ] --END-- [ RunTime:0.000439s ]

[ 2016-11-07T17:23:31+08:00 ] 192.168.42.21 /tp_shop/object/index.php/Admin/Picture/lib/jquery/1.9.1/jquery.min.js
INFO: [ app_init ] --START--
INFO: Run Behavior\BuildLiteBehavior [ RunTime:0.000029s ]
INFO: [ app_init ] --END-- [ RunTime:0.000579s ]
INFO: [ app_begin ] --START--
INFO: Run Behavior\ReadHtmlCacheBehavior [ RunTime:0.011807s ]
INFO: [ app_begin ] --END-- [ RunTime:0.011919s ]
ERR: 非法操作:lib

[ 2016-11-07T17:23:31+08:00 ] 192.168.42.21 /tp_shop/object/index.php/Admin/Picture/lib/layer/2.4/layer.js
INFO: [ app_init ] --START--
INFO: Run Behavior\BuildLiteBehavior [ RunTime:0.000126s ]
INFO: [ app_init ] --END-- [ RunTime:0.038329s ]
INFO: [ app_begin ] --START--
INFO: Run Behavior\ReadHtmlCacheBehavior [ RunTime:0.002991s ]
INFO: [ app_begin ] --END-- [ RunTime:0.003101s ]
ERR: 非法操作:lib

[ 2016-11-07T17:23:31+08:00 ] 192.168.42.21 /tp_shop/object/index.php/Admin/Picture/static/h-ui.admin/js/H-ui.admin.js
INFO: [ app_init ] --START--
INFO: Run Behavior\BuildLiteBehavior [ RunTime:0.000016s ]
INFO: [ app_init ] --END-- [ RunTime:0.012418s ]
INFO: [ app_begin ] --START--
INFO: Run Behavior\ReadHtmlCacheBehavior [ RunTime:0.119877s ]
INFO: [ app_begin ] --END-- [ RunTime:0.121203s ]
ERR: 非法操作:static

[ 2016-11-07T17:27:39+08:00 ] 192.168.42.21 /tp_shop/object/index.php/Admin/Article/article_list.html
INFO: [ app_init ] --START--
INFO: Run Behavior\BuildLiteBehavior [ RunTime:0.000018s ]
INFO: [ app_init ] --END-- [ RunTime:0.000709s ]
INFO: [ app_begin ] --START--
INFO: Run Behavior\ReadHtmlCacheBehavior [ RunTime:0.001041s ]
INFO: [ app_begin ] --END-- [ RunTime:0.001174s ]
ERR: 无法加载控制器:Article

[ 2016-11-07T17:28:05+08:00 ] 192.168.42.21 /tp_shop/object/index.php/Admin
INFO: [ app_init ] --START--
INFO: Run Behavior\BuildLiteBehavior [ RunTime:0.000050s ]
INFO: [ app_init ] --END-- [ RunTime:0.000572s ]
INFO: [ app_begin ] --START--
INFO: Run Behavior\ReadHtmlCacheBehavior [ RunTime:0.000585s ]
INFO: [ app_begin ] --END-- [ RunTime:0.000658s ]
INFO: [ view_parse ] --START--
INFO: [ template_filter ] --START--
INFO: Run Behavior\ContentReplaceBehavior [ RunTime:0.000142s ]
INFO: [ template_filter ] --END-- [ RunTime:0.000304s ]
INFO: Run Behavior\ParseTemplateBehavior [ RunTime:0.015460s ]
INFO: [ view_parse ] --END-- [ RunTime:0.015563s ]
INFO: [ view_filter ] --START--
INFO: Run Behavior\WriteHtmlCacheBehavior [ RunTime:0.000371s ]
INFO: [ view_filter ] --END-- [ RunTime:0.000442s ]
INFO: [ app_end ] --START--
INFO: Run Behavior\ShowPageTraceBehavior [ RunTime:0.000758s ]
INFO: [ app_end ] --END-- [ RunTime:0.001204s ]

[ 2016-11-07T17:28:05+08:00 ] 192.168.42.21 /tp_shop/object/index.php/Admin/Index/welcome.html
INFO: [ app_init ] --START--
INFO: Run Behavior\BuildLiteBehavior [ RunTime:0.000075s ]
INFO: [ app_init ] --END-- [ RunTime:0.017386s ]
INFO: [ app_begin ] --START--
INFO: Run Behavior\ReadHtmlCacheBehavior [ RunTime:0.000600s ]
INFO: [ app_begin ] --END-- [ RunTime:0.000680s ]
INFO: [ view_parse ] --START--
INFO: [ template_filter ] --START--
INFO: Run Behavior\ContentReplaceBehavior [ RunTime:0.000134s ]
INFO: [ template_filter ] --END-- [ RunTime:0.000246s ]
INFO: Run Behavior\ParseTemplateBehavior [ RunTime:0.009011s ]
INFO: [ view_parse ] --END-- [ RunTime:0.009094s ]
INFO: [ view_filter ] --START--
INFO: Run Behavior\WriteHtmlCacheBehavior [ RunTime:0.000158s ]
INFO: [ view_filter ] --END-- [ RunTime:0.000192s ]
INFO: [ app_end ] --START--
INFO: Run Behavior\ShowPageTraceBehavior [ RunTime:0.000478s ]
INFO: [ app_end ] --END-- [ RunTime:0.000518s ]

[ 2016-11-07T17:28:06+08:00 ] 192.168.42.21 /tp_shop/object/index.php/Admin/Index/static/h-ui/js/H-ui.min.js
INFO: [ app_init ] --START--
INFO: Run Behavior\BuildLiteBehavior [ RunTime:0.000013s ]
INFO: [ app_init ] --END-- [ RunTime:0.000387s ]
INFO: [ app_begin ] --START--
INFO: Run Behavior\ReadHtmlCacheBehavior [ RunTime:0.000595s ]
INFO: [ app_begin ] --END-- [ RunTime:0.000659s ]
ERR: 非法操作:static

[ 2016-11-07T17:28:06+08:00 ] 192.168.42.21 /tp_shop/object/index.php/Admin/Index/lib/jquery/1.9.1/jquery.min.js
INFO: [ app_init ] --START--
INFO: Run Behavior\BuildLiteBehavior [ RunTime:0.000046s ]
INFO: [ app_init ] --END-- [ RunTime:0.000623s ]
INFO: [ app_begin ] --START--
INFO: Run Behavior\ReadHtmlCacheBehavior [ RunTime:0.000596s ]
INFO: [ app_begin ] --END-- [ RunTime:0.000650s ]
ERR: 非法操作:lib

[ 2016-11-07T17:30:54+08:00 ] 192.168.42.21 /tp_shop/object/index.php/Admin/Article/article_list.html
INFO: [ app_init ] --START--
INFO: Run Behavior\BuildLiteBehavior [ RunTime:0.000022s ]
INFO: [ app_init ] --END-- [ RunTime:0.000365s ]
INFO: [ app_begin ] --START--
INFO: Run Behavior\ReadHtmlCacheBehavior [ RunTime:0.000521s ]
INFO: [ app_begin ] --END-- [ RunTime:0.000818s ]
INFO: [ view_parse ] --START--
INFO: [ template_filter ] --START--
INFO: Run Behavior\ContentReplaceBehavior [ RunTime:0.000066s ]
INFO: [ template_filter ] --END-- [ RunTime:0.000117s ]
NOTIC: [8] Undefined variable: D /usr/local/apache2/htdocs/tp_shop/object/Application/Runtime/Cache/Admin/51bddb7f306a60773c15977981b0c3cc.php 第 40 行.
NOTIC: [8] Undefined variable: dp /usr/local/apache2/htdocs/tp_shop/object/Application/Runtime/Cache/Admin/51bddb7f306a60773c15977981b0c3cc.php 第 40 行.
INFO: Run Behavior\ParseTemplateBehavior [ RunTime:0.041466s ]
INFO: [ view_parse ] --END-- [ RunTime:0.041508s ]
INFO: [ view_filter ] --START--
INFO: Run Behavior\WriteHtmlCacheBehavior [ RunTime:0.000125s ]
INFO: [ view_filter ] --END-- [ RunTime:0.000153s ]
INFO: [ app_end ] --START--
INFO: Run Behavior\ShowPageTraceBehavior [ RunTime:0.000458s ]
INFO: [ app_end ] --END-- [ RunTime:0.000511s ]

[ 2016-11-07T17:31:09+08:00 ] 192.168.42.21 /tp_shop/object/index.php/Admin/Product/product_category.html
INFO: [ app_init ] --START--
INFO: Run Behavior\BuildLiteBehavior [ RunTime:0.000016s ]
INFO: [ app_init ] --END-- [ RunTime:0.000525s ]
INFO: [ app_begin ] --START--
INFO: Run Behavior\ReadHtmlCacheBehavior [ RunTime:0.000658s ]
INFO: [ app_begin ] --END-- [ RunTime:0.000737s ]
INFO: [ view_parse ] --START--
INFO: [ template_filter ] --START--
INFO: Run Behavior\ContentReplaceBehavior [ RunTime:0.000114s ]
INFO: [ template_filter ] --END-- [ RunTime:0.000278s ]
INFO: Run Behavior\ParseTemplateBehavior [ RunTime:0.078377s ]
INFO: [ view_parse ] --END-- [ RunTime:0.078439s ]
INFO: [ view_filter ] --START--
INFO: Run Behavior\WriteHtmlCacheBehavior [ RunTime:0.000188s ]
INFO: [ view_filter ] --END-- [ RunTime:0.000234s ]
INFO: [ app_end ] --START--
INFO: Run Behavior\ShowPageTraceBehavior [ RunTime:0.000855s ]
INFO: [ app_end ] --END-- [ RunTime:0.000930s ]

[ 2016-11-07T17:31:09+08:00 ] 192.168.42.21 /tp_shop/object/index.php/Admin/Product/product_category_add.html
INFO: [ app_init ] --START--
INFO: Run Behavior\BuildLiteBehavior [ RunTime:0.000050s ]
INFO: [ app_init ] --END-- [ RunTime:0.014210s ]
INFO: [ app_begin ] --START--
INFO: Run Behavior\ReadHtmlCacheBehavior [ RunTime:0.000558s ]
INFO: [ app_begin ] --END-- [ RunTime:0.000607s ]
INFO: [ view_parse ] --START--
INFO: [ template_filter ] --START--
INFO: Run Behavior\ContentReplaceBehavior [ RunTime:0.000057s ]
INFO: [ template_filter ] --END-- [ RunTime:0.000119s ]
INFO: Run Behavior\ParseTemplateBehavior [ RunTime:0.119804s ]
INFO: [ view_parse ] --END-- [ RunTime:0.119867s ]
INFO: [ view_filter ] --START--
INFO: Run Behavior\WriteHtmlCacheBehavior [ RunTime:0.000162s ]
INFO: [ view_filter ] --END-- [ RunTime:0.000197s ]
INFO: [ app_end ] --START--
INFO: Run Behavior\ShowPageTraceBehavior [ RunTime:0.000430s ]
INFO: [ app_end ] --END-- [ RunTime:0.000470s ]

[ 2016-11-07T17:31:10+08:00 ] 192.168.42.21 /tp_shop/object/index.php/Admin/Product/product_brand.html
INFO: [ app_init ] --START--
INFO: Run Behavior\BuildLiteBehavior [ RunTime:0.000016s ]
INFO: [ app_init ] --END-- [ RunTime:0.000338s ]
INFO: [ app_begin ] --START--
INFO: Run Behavior\ReadHtmlCacheBehavior [ RunTime:0.000373s ]
INFO: [ app_begin ] --END-- [ RunTime:0.000417s ]
INFO: [ view_parse ] --START--
INFO: [ template_filter ] --START--
INFO: Run Behavior\ContentReplaceBehavior [ RunTime:0.000061s ]
INFO: [ template_filter ] --END-- [ RunTime:0.000114s ]
INFO: Run Behavior\ParseTemplateBehavior [ RunTime:0.039842s ]
INFO: [ view_parse ] --END-- [ RunTime:0.039915s ]
INFO: [ view_filter ] --START--
INFO: Run Behavior\WriteHtmlCacheBehavior [ RunTime:0.000219s ]
INFO: [ view_filter ] --END-- [ RunTime:0.000274s ]
INFO: [ app_end ] --START--
INFO: Run Behavior\ShowPageTraceBehavior [ RunTime:0.000600s ]
INFO: [ app_end ] --END-- [ RunTime:0.000655s ]

[ 2016-11-07T17:31:10+08:00 ] 192.168.42.21 /tp_shop/object/index.php/Admin/Product/temp/brand/dongpeng.jpeg
INFO: [ app_init ] --START--
INFO: Run Behavior\BuildLiteBehavior [ RunTime:0.000014s ]
INFO: [ app_init ] --END-- [ RunTime:0.000318s ]
INFO: [ app_begin ] --START--
INFO: Run Behavior\ReadHtmlCacheBehavior [ RunTime:0.000427s ]
INFO: [ app_begin ] --END-- [ RunTime:0.000473s ]
ERR: 非法操作:temp

[ 2016-11-07T17:31:10+08:00 ] 192.168.42.21 /tp_shop/object/index.php/Admin/Product/static/h-ui.admin/images/cn.gif
INFO: [ app_init ] --START--
INFO: Run Behavior\BuildLiteBehavior [ RunTime:0.000017s ]
INFO: [ app_init ] --END-- [ RunTime:0.000296s ]

[ 2016-11-07T17:31:11+08:00 ] 192.168.42.21 /tp_shop/object/index.php/Admin/Product/product_list.html
INFO: [ app_init ] --START--
INFO: Run Behavior\BuildLiteBehavior [ RunTime:0.000020s ]
INFO: [ app_init ] --END-- [ RunTime:0.000440s ]
INFO: [ app_begin ] --START--
INFO: Run Behavior\ReadHtmlCacheBehavior [ RunTime:0.000395s ]
INFO: [ app_begin ] --END-- [ RunTime:0.000447s ]
INFO: [ view_parse ] --START--
INFO: [ template_filter ] --START--
INFO: Run Behavior\ContentReplaceBehavior [ RunTime:0.000068s ]
INFO: [ template_filter ] --END-- [ RunTime:0.000118s ]
INFO: Run Behavior\ParseTemplateBehavior [ RunTime:0.095502s ]
INFO: [ view_parse ] --END-- [ RunTime:0.095565s ]
INFO: [ view_filter ] --START--
INFO: Run Behavior\WriteHtmlCacheBehavior [ RunTime:0.000208s ]
INFO: [ view_filter ] --END-- [ RunTime:0.000255s ]
INFO: [ app_end ] --START--
INFO: Run Behavior\ShowPageTraceBehavior [ RunTime:0.000647s ]
INFO: [ app_end ] --END-- [ RunTime:0.000734s ]

[ 2016-11-07T17:31:11+08:00 ] 192.168.42.21 /tp_shop/object/index.php/Admin/Product/static/h-ui/js/H-ui.min.js
INFO: [ app_init ] --START--
INFO: Run Behavior\BuildLiteBehavior [ RunTime:0.000017s ]
INFO: [ app_init ] --END-- [ RunTime:0.000426s ]
INFO: [ app_begin ] --START--
INFO: Run Behavior\ReadHtmlCacheBehavior [ RunTime:0.025359s ]
INFO: [ app_begin ] --END-- [ RunTime:0.025476s ]
ERR: 非法操作:static

[ 2016-11-07T17:31:11+08:00 ] 192.168.42.21 /tp_shop/object/index.php/Admin/Product/lib/zTree/v3/js/jquery.ztree.all-3.5.min.js
INFO: [ app_init ] --START--
INFO: Run Behavior\BuildLiteBehavior [ RunTime:0.000029s ]
INFO: [ app_init ] --END-- [ RunTime:0.000478s ]
INFO: [ app_begin ] --START--
INFO: Run Behavior\ReadHtmlCacheBehavior [ RunTime:0.000665s ]
INFO: [ app_begin ] --END-- [ RunTime:0.000809s ]
ERR: 非法操作:lib

[ 2016-11-07T17:31:11+08:00 ] 192.168.42.21 /tp_shop/object/index.php/Admin/Product/lib/datatables/1.10.0/jquery.dataTables.min.js
INFO: [ app_init ] --START--
INFO: Run Behavior\BuildLiteBehavior [ RunTime:0.000024s ]
INFO: [ app_init ] --END-- [ RunTime:0.016946s ]
INFO: [ app_begin ] --START--
INFO: Run Behavior\ReadHtmlCacheBehavior [ RunTime:0.000574s ]
INFO: [ app_begin ] --END-- [ RunTime:0.000627s ]
ERR: 非法操作:lib

[ 2016-11-07T17:31:11+08:00 ] 192.168.42.21 /tp_shop/object/index.php/Admin/Product/lib/laypage/1.2/laypage.js
INFO: [ app_init ] --START--
INFO: Run Behavior\BuildLiteBehavior [ RunTime:0.000011s ]
INFO: [ app_init ] --END-- [ RunTime:0.000311s ]
INFO: [ app_begin ] --START--
INFO: Run Behavior\ReadHtmlCacheBehavior [ RunTime:0.001730s ]
INFO: [ app_begin ] --END-- [ RunTime:0.001884s ]
ERR: 非法操作:lib

[ 2016-11-07T17:31:11+08:00 ] 192.168.42.21 /tp_shop/object/index.php/Admin/Product/lib/My97DatePicker/4.8/WdatePicker.js
INFO: [ app_init ] --START--
INFO: Run Behavior\BuildLiteBehavior [ RunTime:0.000023s ]
INFO: [ app_init ] --END-- [ RunTime:0.000590s ]
INFO: [ app_begin ] --START--
INFO: Run Behavior\ReadHtmlCacheBehavior [ RunTime:0.000768s ]
INFO: [ app_begin ] --END-- [ RunTime:0.000856s ]
ERR: 非法操作:lib

[ 2016-11-07T17:31:11+08:00 ] 192.168.42.21 /tp_shop/object/index.php/Admin/Product/static/h-ui.admin/images/cn.gif
INFO: [ app_init ] --START--
INFO: Run Behavior\BuildLiteBehavior [ RunTime:0.000046s ]
INFO: [ app_init ] --END-- [ RunTime:0.000314s ]

[ 2016-11-07T17:31:11+08:00 ] 192.168.42.21 /tp_shop/object/index.php/Admin/Product/temp/product/Thumb/6204.jpg
INFO: [ app_init ] --START--
INFO: Run Behavior\BuildLiteBehavior [ RunTime:0.000025s ]
INFO: [ app_init ] --END-- [ RunTime:0.001644s ]

[ 2016-11-07T17:31:12+08:00 ] 192.168.42.21 /tp_shop/object/index.php/Admin/Product/lib/layer/2.4/layer.js
INFO: [ app_init ] --START--
INFO: Run Behavior\BuildLiteBehavior [ RunTime:0.000013s ]
INFO: [ app_init ] --END-- [ RunTime:0.000400s ]
INFO: [ app_begin ] --START--
INFO: Run Behavior\ReadHtmlCacheBehavior [ RunTime:0.046829s ]
INFO: [ app_begin ] --END-- [ RunTime:0.046902s ]
ERR: 非法操作:lib

[ 2016-11-07T17:31:12+08:00 ] 192.168.42.21 /tp_shop/object/index.php/Admin/Product/static/h-ui.admin/js/H-ui.admin.js
INFO: [ app_init ] --START--
INFO: Run Behavior\BuildLiteBehavior [ RunTime:0.000014s ]
INFO: [ app_init ] --END-- [ RunTime:0.000308s ]
INFO: [ app_begin ] --START--
INFO: Run Behavior\ReadHtmlCacheBehavior [ RunTime:0.002186s ]
INFO: [ app_begin ] --END-- [ RunTime:0.002244s ]
ERR: 非法操作:static

[ 2016-11-07T17:31:12+08:00 ] 192.168.42.21 /tp_shop/object/index.php/Admin/Product/lib/jquery/1.9.1/jquery.min.js
INFO: [ app_init ] --START--
INFO: Run Behavior\BuildLiteBehavior [ RunTime:0.000093s ]
INFO: [ app_init ] --END-- [ RunTime:0.010879s ]
INFO: [ app_begin ] --START--
INFO: Run Behavior\ReadHtmlCacheBehavior [ RunTime:0.000617s ]
INFO: [ app_begin ] --END-- [ RunTime:0.000694s ]
ERR: 非法操作:lib

[ 2016-11-07T17:31:17+08:00 ] 192.168.42.21 /tp_shop/object/index.php/Admin/Index/feedback_ist.html
INFO: [ app_init ] --START--
INFO: Run Behavior\BuildLiteBehavior [ RunTime:0.000015s ]
INFO: [ app_init ] --END-- [ RunTime:0.000319s ]
INFO: [ app_begin ] --START--
INFO: Run Behavior\ReadHtmlCacheBehavior [ RunTime:0.000355s ]
INFO: [ app_begin ] --END-- [ RunTime:0.000412s ]
ERR: 非法操作:feedback_ist

[ 2016-11-07T17:36:41+08:00 ] 192.168.42.21 /tp_shop/object/index.php/Admin
INFO: [ app_init ] --START--
INFO: Run Behavior\BuildLiteBehavior [ RunTime:0.000084s ]
INFO: [ app_init ] --END-- [ RunTime:0.010550s ]
INFO: [ app_begin ] --START--
INFO: Run Behavior\ReadHtmlCacheBehavior [ RunTime:0.000514s ]
INFO: [ app_begin ] --END-- [ RunTime:0.000659s ]
INFO: [ view_parse ] --START--
INFO: [ template_filter ] --START--
INFO: Run Behavior\ContentReplaceBehavior [ RunTime:0.000090s ]
INFO: [ template_filter ] --END-- [ RunTime:0.000150s ]
INFO: Run Behavior\ParseTemplateBehavior [ RunTime:0.016628s ]
INFO: [ view_parse ] --END-- [ RunTime:0.016672s ]
INFO: [ view_filter ] --START--
INFO: Run Behavior\WriteHtmlCacheBehavior [ RunTime:0.000137s ]
INFO: [ view_filter ] --END-- [ RunTime:0.000207s ]
INFO: [ app_end ] --START--
INFO: Run Behavior\ShowPageTraceBehavior [ RunTime:0.008220s ]
INFO: [ app_end ] --END-- [ RunTime:0.008299s ]

[ 2016-11-07T17:36:42+08:00 ] 192.168.42.21 /tp_shop/object/index.php/Admin/Index/welcome.html
INFO: [ app_init ] --START--
INFO: Run Behavior\BuildLiteBehavior [ RunTime:0.000029s ]
INFO: [ app_init ] --END-- [ RunTime:0.000479s ]
INFO: [ app_begin ] --START--
INFO: Run Behavior\ReadHtmlCacheBehavior [ RunTime:0.000530s ]
INFO: [ app_begin ] --END-- [ RunTime:0.000595s ]
INFO: [ view_parse ] --START--
INFO: [ template_filter ] --START--
INFO: Run Behavior\ContentReplaceBehavior [ RunTime:0.000098s ]
INFO: [ template_filter ] --END-- [ RunTime:0.000184s ]
INFO: Run Behavior\ParseTemplateBehavior [ RunTime:0.050556s ]
INFO: [ view_parse ] --END-- [ RunTime:0.050642s ]
INFO: [ view_filter ] --START--
INFO: Run Behavior\WriteHtmlCacheBehavior [ RunTime:0.000151s ]
INFO: [ view_filter ] --END-- [ RunTime:0.000183s ]
INFO: [ app_end ] --START--
INFO: Run Behavior\ShowPageTraceBehavior [ RunTime:0.000584s ]
INFO: [ app_end ] --END-- [ RunTime:0.000770s ]

[ 2016-11-07T17:36:42+08:00 ] 192.168.42.21 /tp_shop/object/index.php/Admin/Index/lib/jquery/1.9.1/jquery.min.js
INFO: [ app_init ] --START--
INFO: Run Behavior\BuildLiteBehavior [ RunTime:0.000016s ]
INFO: [ app_init ] --END-- [ RunTime:0.000334s ]
INFO: [ app_begin ] --START--
INFO: Run Behavior\ReadHtmlCacheBehavior [ RunTime:0.000753s ]
INFO: [ app_begin ] --END-- [ RunTime:0.028463s ]
ERR: 非法操作:lib

[ 2016-11-07T17:36:42+08:00 ] 192.168.42.21 /tp_shop/object/index.php/Admin/Index/static/h-ui/js/H-ui.min.js
INFO: [ app_init ] --START--
INFO: Run Behavior\BuildLiteBehavior [ RunTime:0.000022s ]
INFO: [ app_init ] --END-- [ RunTime:0.023079s ]
INFO: [ app_begin ] --START--
INFO: Run Behavior\ReadHtmlCacheBehavior [ RunTime:0.037684s ]
INFO: [ app_begin ] --END-- [ RunTime:0.037800s ]
ERR: 非法操作:static

[ 2016-11-07T17:36:43+08:00 ] 192.168.42.21 /tp_shop/object/index.php/Admin/Article/article_list.html
INFO: [ app_init ] --START--
INFO: Run Behavior\BuildLiteBehavior [ RunTime:0.000013s ]
INFO: [ app_init ] --END-- [ RunTime:0.000306s ]
INFO: [ app_begin ] --START--
INFO: Run Behavior\ReadHtmlCacheBehavior [ RunTime:0.001386s ]
INFO: [ app_begin ] --END-- [ RunTime:0.001446s ]
INFO: [ view_parse ] --START--
INFO: [ template_filter ] --START--
INFO: Run Behavior\ContentReplaceBehavior [ RunTime:0.000101s ]
INFO: [ template_filter ] --END-- [ RunTime:0.000182s ]
NOTIC: [8] Undefined variable: D /usr/local/apache2/htdocs/tp_shop/object/Application/Runtime/Cache/Admin/51bddb7f306a60773c15977981b0c3cc.php 第 40 行.
NOTIC: [8] Undefined variable: dp /usr/local/apache2/htdocs/tp_shop/object/Application/Runtime/Cache/Admin/51bddb7f306a60773c15977981b0c3cc.php 第 40 行.
INFO: Run Behavior\ParseTemplateBehavior [ RunTime:0.012906s ]
INFO: [ view_parse ] --END-- [ RunTime:0.012958s ]
INFO: [ view_filter ] --START--
INFO: Run Behavior\WriteHtmlCacheBehavior [ RunTime:0.000239s ]
INFO: [ view_filter ] --END-- [ RunTime:0.000277s ]
INFO: [ app_end ] --START--
INFO: Run Behavior\ShowPageTraceBehavior [ RunTime:0.001002s ]
INFO: [ app_end ] --END-- [ RunTime:0.001170s ]

[ 2016-11-07T17:36:47+08:00 ] 192.168.42.21 /tp_shop/object/index.php/Admin/Product/product_brand.html
INFO: [ app_init ] --START--
INFO: Run Behavior\BuildLiteBehavior [ RunTime:0.000018s ]
INFO: [ app_init ] --END-- [ RunTime:0.000599s ]
INFO: [ app_begin ] --START--
INFO: Run Behavior\ReadHtmlCacheBehavior [ RunTime:0.001387s ]
INFO: [ app_begin ] --END-- [ RunTime:0.002521s ]
INFO: [ view_parse ] --START--
INFO: [ template_filter ] --START--
INFO: Run Behavior\ContentReplaceBehavior [ RunTime:0.000066s ]
INFO: [ template_filter ] --END-- [ RunTime:0.000122s ]
INFO: Run Behavior\ParseTemplateBehavior [ RunTime:0.006735s ]
INFO: [ view_parse ] --END-- [ RunTime:0.006780s ]
INFO: [ view_filter ] --START--
INFO: Run Behavior\WriteHtmlCacheBehavior [ RunTime:0.000181s ]
INFO: [ view_filter ] --END-- [ RunTime:0.000214s ]
INFO: [ app_end ] --START--
INFO: Run Behavior\ShowPageTraceBehavior [ RunTime:0.000403s ]
INFO: [ app_end ] --END-- [ RunTime:0.000451s ]

[ 2016-11-07T17:36:47+08:00 ] 192.168.42.21 /tp_shop/object/index.php/Admin/Product/static/h-ui.admin/images/cn.gif
INFO: [ app_init ] --START--
INFO: Run Behavior\BuildLiteBehavior [ RunTime:0.000024s ]
INFO: [ app_init ] --END-- [ RunTime:0.003236s ]

[ 2016-11-07T17:36:47+08:00 ] 192.168.42.21 /tp_shop/object/index.php/Admin/Product/temp/brand/dongpeng.jpeg
INFO: [ app_init ] --START--
INFO: Run Behavior\BuildLiteBehavior [ RunTime:0.000102s ]
INFO: [ app_init ] --END-- [ RunTime:0.015142s ]
INFO: [ app_begin ] --START--
INFO: Run Behavior\ReadHtmlCacheBehavior [ RunTime:0.000691s ]
INFO: [ app_begin ] --END-- [ RunTime:0.000778s ]
ERR: 非法操作:temp

[ 2016-11-07T17:36:47+08:00 ] 192.168.42.21 /tp_shop/object/index.php/Admin/Product/product_category.html
INFO: [ app_init ] --START--
INFO: Run Behavior\BuildLiteBehavior [ RunTime:0.000013s ]
INFO: [ app_init ] --END-- [ RunTime:0.000283s ]
INFO: [ app_begin ] --START--
INFO: Run Behavior\ReadHtmlCacheBehavior [ RunTime:0.000348s ]
INFO: [ app_begin ] --END-- [ RunTime:0.000387s ]
INFO: [ view_parse ] --START--
INFO: [ template_filter ] --START--
INFO: Run Behavior\ContentReplaceBehavior [ RunTime:0.000050s ]
INFO: [ template_filter ] --END-- [ RunTime:0.000111s ]
INFO: Run Behavior\ParseTemplateBehavior [ RunTime:0.029817s ]
INFO: [ view_parse ] --END-- [ RunTime:0.029854s ]
INFO: [ view_filter ] --START--
INFO: Run Behavior\WriteHtmlCacheBehavior [ RunTime:0.000127s ]
INFO: [ view_filter ] --END-- [ RunTime:0.000155s ]
INFO: [ app_end ] --START--
INFO: Run Behavior\ShowPageTraceBehavior [ RunTime:0.000361s ]
INFO: [ app_end ] --END-- [ RunTime:0.000414s ]

[ 2016-11-07T17:36:47+08:00 ] 192.168.42.21 /tp_shop/object/index.php/Admin/Product/product_category_add.html
INFO: [ app_init ] --START--
INFO: Run Behavior\BuildLiteBehavior [ RunTime:0.000026s ]
INFO: [ app_init ] --END-- [ RunTime:0.000841s ]
INFO: [ app_begin ] --START--
INFO: Run Behavior\ReadHtmlCacheBehavior [ RunTime:0.000876s ]
INFO: [ app_begin ] --END-- [ RunTime:0.000960s ]
INFO: [ view_parse ] --START--
INFO: [ template_filter ] --START--
INFO: Run Behavior\ContentReplaceBehavior [ RunTime:0.000081s ]
INFO: [ template_filter ] --END-- [ RunTime:0.000250s ]
INFO: Run Behavior\ParseTemplateBehavior [ RunTime:0.027016s ]
INFO: [ view_parse ] --END-- [ RunTime:0.027061s ]
INFO: [ view_filter ] --START--
INFO: Run Behavior\WriteHtmlCacheBehavior [ RunTime:0.000153s ]
INFO: [ view_filter ] --END-- [ RunTime:0.000186s ]
INFO: [ app_end ] --START--
INFO: Run Behavior\ShowPageTraceBehavior [ RunTime:0.000557s ]
INFO: [ app_end ] --END-- [ RunTime:0.000608s ]

[ 2016-11-07T17:36:48+08:00 ] 192.168.42.21 /tp_shop/object/index.php/Admin/Product/product_list.html
INFO: [ app_init ] --START--
INFO: Run Behavior\BuildLiteBehavior [ RunTime:0.000023s ]
INFO: [ app_init ] --END-- [ RunTime:0.000619s ]
INFO: [ app_begin ] --START--
INFO: Run Behavior\ReadHtmlCacheBehavior [ RunTime:0.000451s ]
INFO: [ app_begin ] --END-- [ RunTime:0.000517s ]
INFO: [ view_parse ] --START--
INFO: [ template_filter ] --START--
INFO: Run Behavior\ContentReplaceBehavior [ RunTime:0.000078s ]
INFO: [ template_filter ] --END-- [ RunTime:0.000174s ]
INFO: Run Behavior\ParseTemplateBehavior [ RunTime:0.029323s ]
INFO: [ view_parse ] --END-- [ RunTime:0.029363s ]
INFO: [ view_filter ] --START--
INFO: Run Behavior\WriteHtmlCacheBehavior [ RunTime:0.000186s ]
INFO: [ view_filter ] --END-- [ RunTime:0.000222s ]
INFO: [ app_end ] --START--
INFO: Run Behavior\ShowPageTraceBehavior [ RunTime:0.013981s ]
INFO: [ app_end ] --END-- [ RunTime:0.014059s ]

[ 2016-11-07T17:36:48+08:00 ] 192.168.42.21 /tp_shop/object/index.php/Admin/Product/static/h-ui.admin/js/H-ui.admin.js
INFO: [ app_init ] --START--
INFO: Run Behavior\BuildLiteBehavior [ RunTime:0.000015s ]
INFO: [ app_init ] --END-- [ RunTime:0.000286s ]
INFO: [ app_begin ] --START--
INFO: Run Behavior\ReadHtmlCacheBehavior [ RunTime:0.013126s ]
INFO: [ app_begin ] --END-- [ RunTime:0.013422s ]
ERR: 非法操作:static

[ 2016-11-07T17:36:48+08:00 ] 192.168.42.21 /tp_shop/object/index.php/Admin/Product/lib/zTree/v3/js/jquery.ztree.all-3.5.min.js
INFO: [ app_init ] --START--
INFO: Run Behavior\BuildLiteBehavior [ RunTime:0.000146s ]
INFO: [ app_init ] --END-- [ RunTime:0.011215s ]
INFO: [ app_begin ] --START--
INFO: Run Behavior\ReadHtmlCacheBehavior [ RunTime:0.006527s ]
INFO: [ app_begin ] --END-- [ RunTime:0.006827s ]
ERR: 非法操作:lib

[ 2016-11-07T17:36:48+08:00 ] 192.168.42.21 /tp_shop/object/index.php/Admin/Product/static/h-ui/js/H-ui.min.js
INFO: [ app_init ] --START--
INFO: Run Behavior\BuildLiteBehavior [ RunTime:0.000013s ]
INFO: [ app_init ] --END-- [ RunTime:0.000507s ]
INFO: [ app_begin ] --START--
INFO: Run Behavior\ReadHtmlCacheBehavior [ RunTime:0.000954s ]
INFO: [ app_begin ] --END-- [ RunTime:0.001012s ]
ERR: 非法操作:static

[ 2016-11-07T17:36:48+08:00 ] 192.168.42.21 /tp_shop/object/index.php/Admin/Product/lib/layer/2.4/layer.js
INFO: [ app_init ] --START--
INFO: Run Behavior\BuildLiteBehavior [ RunTime:0.000013s ]
INFO: [ app_init ] --END-- [ RunTime:0.000996s ]
INFO: [ app_begin ] --START--
INFO: Run Behavior\ReadHtmlCacheBehavior [ RunTime:0.004608s ]
INFO: [ app_begin ] --END-- [ RunTime:0.011441s ]
ERR: 非法操作:lib

[ 2016-11-07T17:36:48+08:00 ] 192.168.42.21 /tp_shop/object/index.php/Admin/Product/lib/jquery/1.9.1/jquery.min.js
INFO: [ app_init ] --START--
INFO: Run Behavior\BuildLiteBehavior [ RunTime:0.000016s ]
INFO: [ app_init ] --END-- [ RunTime:0.008389s ]
INFO: [ app_begin ] --START--
INFO: Run Behavior\ReadHtmlCacheBehavior [ RunTime:0.031592s ]
INFO: [ app_begin ] --END-- [ RunTime:0.031719s ]
ERR: 非法操作:lib

[ 2016-11-07T17:36:48+08:00 ] 192.168.42.21 /tp_shop/object/index.php/Admin/Product/lib/My97DatePicker/4.8/WdatePicker.js
INFO: [ app_init ] --START--
INFO: Run Behavior\BuildLiteBehavior [ RunTime:0.000017s ]
INFO: [ app_init ] --END-- [ RunTime:0.001977s ]
INFO: [ app_begin ] --START--
INFO: Run Behavior\ReadHtmlCacheBehavior [ RunTime:0.003611s ]
INFO: [ app_begin ] --END-- [ RunTime:0.003700s ]
ERR: 非法操作:lib

[ 2016-11-07T17:36:48+08:00 ] 192.168.42.21 /tp_shop/object/index.php/Admin/Product/static/h-ui.admin/images/cn.gif
INFO: [ app_init ] --START--
INFO: Run Behavior\BuildLiteBehavior [ RunTime:0.000016s ]
INFO: [ app_init ] --END-- [ RunTime:0.000431s ]

[ 2016-11-07T17:36:48+08:00 ] 192.168.42.21 /tp_shop/object/index.php/Admin/Product/lib/datatables/1.10.0/jquery.dataTables.min.js
INFO: [ app_init ] --START--
INFO: Run Behavior\BuildLiteBehavior [ RunTime:0.000018s ]
INFO: [ app_init ] --END-- [ RunTime:0.000574s ]
INFO: [ app_begin ] --START--
INFO: Run Behavior\ReadHtmlCacheBehavior [ RunTime:0.002874s ]
INFO: [ app_begin ] --END-- [ RunTime:0.002988s ]
ERR: 非法操作:lib

[ 2016-11-07T17:36:48+08:00 ] 192.168.42.21 /tp_shop/object/index.php/Admin/Product/lib/laypage/1.2/laypage.js
INFO: [ app_init ] --START--
INFO: Run Behavior\BuildLiteBehavior [ RunTime:0.000023s ]
INFO: [ app_init ] --END-- [ RunTime:0.000477s ]
INFO: [ app_begin ] --START--
INFO: Run Behavior\ReadHtmlCacheBehavior [ RunTime:0.000591s ]
INFO: [ app_begin ] --END-- [ RunTime:0.000657s ]
ERR: 非法操作:lib

[ 2016-11-07T17:36:48+08:00 ] 192.168.42.21 /tp_shop/object/index.php/Admin/Product/temp/product/Thumb/6204.jpg
INFO: [ app_init ] --START--
INFO: Run Behavior\BuildLiteBehavior [ RunTime:0.000024s ]
INFO: [ app_init ] --END-- [ RunTime:0.000666s ]

[ 2016-11-07T17:36:50+08:00 ] 192.168.42.21 /tp_shop/object/index.php/Admin/Feedback/feedback_ist.html
INFO: [ app_init ] --START--
INFO: Run Behavior\BuildLiteBehavior [ RunTime:0.000085s ]
INFO: [ app_init ] --END-- [ RunTime:0.002319s ]
INFO: [ app_begin ] --START--
INFO: Run Behavior\ReadHtmlCacheBehavior [ RunTime:0.001959s ]
INFO: [ app_begin ] --END-- [ RunTime:0.002048s ]
INFO: [ view_parse ] --START--
INFO: [ template_filter ] --START--
INFO: Run Behavior\ContentReplaceBehavior [ RunTime:0.000104s ]
INFO: [ template_filter ] --END-- [ RunTime:0.000199s ]
NOTIC: [8] Undefined variable: D /usr/local/apache2/htdocs/tp_shop/object/Application/Runtime/Cache/Admin/cf1908878904c8ce4f26faac4b4c02ee.php 第 33 行.
NOTIC: [8] Undefined variable: dp /usr/local/apache2/htdocs/tp_shop/object/Application/Runtime/Cache/Admin/cf1908878904c8ce4f26faac4b4c02ee.php 第 33 行.
INFO: Run Behavior\ParseTemplateBehavior [ RunTime:0.081576s ]
INFO: [ view_parse ] --END-- [ RunTime:0.081641s ]
INFO: [ view_filter ] --START--
INFO: Run Behavior\WriteHtmlCacheBehavior [ RunTime:0.000232s ]
INFO: [ view_filter ] --END-- [ RunTime:0.000277s ]
INFO: [ app_end ] --START--
INFO: Run Behavior\ShowPageTraceBehavior [ RunTime:0.000959s ]
INFO: [ app_end ] --END-- [ RunTime:0.001178s ]

[ 2016-11-07T17:36:50+08:00 ] 192.168.42.21 /tp_shop/object/index.php/Admin/Feedback/static/h-ui/images/ucnter/avatar-default-S.gif
INFO: [ app_init ] --START--
INFO: Run Behavior\BuildLiteBehavior [ RunTime:0.000025s ]
INFO: [ app_init ] --END-- [ RunTime:0.000686s ]

[ 2016-11-07T17:36:54+08:00 ] 192.168.42.21 /tp_shop/object/index.php/Admin/Member/member_list.html
INFO: [ app_init ] --START--
INFO: Run Behavior\BuildLiteBehavior [ RunTime:0.000015s ]
INFO: [ app_init ] --END-- [ RunTime:0.000352s ]
INFO: [ app_begin ] --START--
INFO: Run Behavior\ReadHtmlCacheBehavior [ RunTime:0.001601s ]
INFO: [ app_begin ] --END-- [ RunTime:0.001857s ]
INFO: [ view_parse ] --START--
INFO: [ template_filter ] --START--
INFO: Run Behavior\ContentReplaceBehavior [ RunTime:0.000105s ]
INFO: [ template_filter ] --END-- [ RunTime:0.000172s ]
NOTIC: [8] Undefined variable: D /usr/local/apache2/htdocs/tp_shop/object/Application/Runtime/Cache/Admin/9695f43947b6156fd59967db2c69ae09.php 第 32 行.
NOTIC: [8] Undefined variable: dp /usr/local/apache2/htdocs/tp_shop/object/Application/Runtime/Cache/Admin/9695f43947b6156fd59967db2c69ae09.php 第 32 行.
INFO: Run Behavior\ParseTemplateBehavior [ RunTime:0.051558s ]
INFO: [ view_parse ] --END-- [ RunTime:0.052628s ]
INFO: [ view_filter ] --START--
INFO: Run Behavior\WriteHtmlCacheBehavior [ RunTime:0.000190s ]
INFO: [ view_filter ] --END-- [ RunTime:0.000227s ]
INFO: [ app_end ] --START--
INFO: Run Behavior\ShowPageTraceBehavior [ RunTime:0.000955s ]
INFO: [ app_end ] --END-- [ RunTime:0.001009s ]

[ 2016-11-07T17:36:55+08:00 ] 192.168.42.21 /tp_shop/object/index.php/Admin/Member/member_del.html
INFO: [ app_init ] --START--
INFO: Run Behavior\BuildLiteBehavior [ RunTime:0.000019s ]
INFO: [ app_init ] --END-- [ RunTime:0.000466s ]
INFO: [ app_begin ] --START--
INFO: Run Behavior\ReadHtmlCacheBehavior [ RunTime:0.001061s ]
INFO: [ app_begin ] --END-- [ RunTime:0.001129s ]
INFO: [ view_parse ] --START--
INFO: [ template_filter ] --START--
INFO: Run Behavior\ContentReplaceBehavior [ RunTime:0.000066s ]
INFO: [ template_filter ] --END-- [ RunTime:0.000130s ]
NOTIC: [8] Undefined variable: D /usr/local/apache2/htdocs/tp_shop/object/Application/Runtime/Cache/Admin/dfe43a8e1b5c43e63e7fc74768f6a24f.php 第 33 行.
NOTIC: [8] Undefined variable: dp /usr/local/apache2/htdocs/tp_shop/object/Application/Runtime/Cache/Admin/dfe43a8e1b5c43e63e7fc74768f6a24f.php 第 33 行.
INFO: Run Behavior\ParseTemplateBehavior [ RunTime:0.043699s ]
INFO: [ view_parse ] --END-- [ RunTime:0.043750s ]
INFO: [ view_filter ] --START--
INFO: Run Behavior\WriteHtmlCacheBehavior [ RunTime:0.000203s ]
INFO: [ view_filter ] --END-- [ RunTime:0.000248s ]
INFO: [ app_end ] --START--
INFO: Run Behavior\ShowPageTraceBehavior [ RunTime:0.000490s ]
INFO: [ app_end ] --END-- [ RunTime:0.000546s ]

[ 2016-11-07T17:36:55+08:00 ] 192.168.42.21 /tp_shop/object/index.php/Admin/Member/member_record_browse.html
INFO: [ app_init ] --START--
INFO: Run Behavior\BuildLiteBehavior [ RunTime:0.000015s ]
INFO: [ app_init ] --END-- [ RunTime:0.000313s ]
INFO: [ app_begin ] --START--
INFO: Run Behavior\ReadHtmlCacheBehavior [ RunTime:0.000382s ]
INFO: [ app_begin ] --END-- [ RunTime:0.000426s ]
INFO: [ view_parse ] --START--
INFO: [ template_filter ] --START--
INFO: Run Behavior\ContentReplaceBehavior [ RunTime:0.000062s ]
INFO: [ template_filter ] --END-- [ RunTime:0.000123s ]
NOTIC: [8] Undefined variable: D /usr/local/apache2/htdocs/tp_shop/object/Application/Runtime/Cache/Admin/25c58c413ef37653579c093016f23afb.php 第 32 行.
NOTIC: [8] Undefined variable: dp /usr/local/apache2/htdocs/tp_shop/object/Application/Runtime/Cache/Admin/25c58c413ef37653579c093016f23afb.php 第 32 行.
INFO: Run Behavior\ParseTemplateBehavior [ RunTime:0.040420s ]
INFO: [ view_parse ] --END-- [ RunTime:0.040462s ]
INFO: [ view_filter ] --START--
INFO: Run Behavior\WriteHtmlCacheBehavior [ RunTime:0.000139s ]
INFO: [ view_filter ] --END-- [ RunTime:0.000175s ]
INFO: [ app_end ] --START--
INFO: Run Behavior\ShowPageTraceBehavior [ RunTime:0.000423s ]
INFO: [ app_end ] --END-- [ RunTime:0.000475s ]

[ 2016-11-07T17:36:56+08:00 ] 192.168.42.21 /tp_shop/object/index.php/Admin/Member/member_record_download.html
INFO: [ app_init ] --START--
INFO: Run Behavior\BuildLiteBehavior [ RunTime:0.000018s ]
INFO: [ app_init ] --END-- [ RunTime:0.000342s ]
INFO: [ app_begin ] --START--
INFO: Run Behavior\ReadHtmlCacheBehavior [ RunTime:0.000428s ]
INFO: [ app_begin ] --END-- [ RunTime:0.000478s ]
INFO: [ view_parse ] --START--
INFO: [ template_filter ] --START--
INFO: Run Behavior\ContentReplaceBehavior [ RunTime:0.000047s ]
INFO: [ template_filter ] --END-- [ RunTime:0.000089s ]
NOTIC: [8] Undefined variable: D /usr/local/apache2/htdocs/tp_shop/object/Application/Runtime/Cache/Admin/3bee0e549dc8e37881f554c4f2f217cc.php 第 32 行.
NOTIC: [8] Undefined variable: dp /usr/local/apache2/htdocs/tp_shop/object/Application/Runtime/Cache/Admin/3bee0e549dc8e37881f554c4f2f217cc.php 第 32 行.
INFO: Run Behavior\ParseTemplateBehavior [ RunTime:0.036566s ]
INFO: [ view_parse ] --END-- [ RunTime:0.036621s ]
INFO: [ view_filter ] --START--
INFO: Run Behavior\WriteHtmlCacheBehavior [ RunTime:0.000218s ]
INFO: [ view_filter ] --END-- [ RunTime:0.000263s ]
INFO: [ app_end ] --START--
INFO: Run Behavior\ShowPageTraceBehavior [ RunTime:0.000491s ]
INFO: [ app_end ] --END-- [ RunTime:0.000561s ]

[ 2016-11-07T17:36:57+08:00 ] 192.168.42.21 /tp_shop/object/index.php/Admin/Member/member_record_share.html
INFO: [ app_init ] --START--
INFO: Run Behavior\BuildLiteBehavior [ RunTime:0.000015s ]
INFO: [ app_init ] --END-- [ RunTime:0.000298s ]
INFO: [ app_begin ] --START--
INFO: Run Behavior\ReadHtmlCacheBehavior [ RunTime:0.000629s ]
INFO: [ app_begin ] --END-- [ RunTime:0.000701s ]
INFO: [ view_parse ] --START--
INFO: [ template_filter ] --START--
INFO: Run Behavior\ContentReplaceBehavior [ RunTime:0.000046s ]
INFO: [ template_filter ] --END-- [ RunTime:0.000104s ]
NOTIC: [8] Undefined variable: D /usr/local/apache2/htdocs/tp_shop/object/Application/Runtime/Cache/Admin/f9927af6cf15e98c7d17917b22f09beb.php 第 32 行.
NOTIC: [8] Undefined variable: dp /usr/local/apache2/htdocs/tp_shop/object/Application/Runtime/Cache/Admin/f9927af6cf15e98c7d17917b22f09beb.php 第 32 行.
INFO: Run Behavior\ParseTemplateBehavior [ RunTime:0.026135s ]
INFO: [ view_parse ] --END-- [ RunTime:0.026174s ]
INFO: [ view_filter ] --START--
INFO: Run Behavior\WriteHtmlCacheBehavior [ RunTime:0.000120s ]
INFO: [ view_filter ] --END-- [ RunTime:0.000158s ]
INFO: [ app_end ] --START--
INFO: Run Behavior\ShowPageTraceBehavior [ RunTime:0.000323s ]
INFO: [ app_end ] --END-- [ RunTime:0.000353s ]

[ 2016-11-07T17:37:00+08:00 ] 192.168.42.21 /tp_shop/object/index.php/Admin/Admin/admin_role.html
INFO: [ app_init ] --START--
INFO: Run Behavior\BuildLiteBehavior [ RunTime:0.000015s ]
INFO: [ app_init ] --END-- [ RunTime:0.000276s ]
INFO: [ app_begin ] --START--
INFO: Run Behavior\ReadHtmlCacheBehavior [ RunTime:0.000392s ]
INFO: [ app_begin ] --END-- [ RunTime:0.000449s ]
INFO: [ view_parse ] --START--
INFO: [ template_filter ] --START--
INFO: Run Behavior\ContentReplaceBehavior [ RunTime:0.000070s ]
INFO: [ template_filter ] --END-- [ RunTime:0.000143s ]
INFO: Run Behavior\ParseTemplateBehavior [ RunTime:0.044319s ]
INFO: [ view_parse ] --END-- [ RunTime:0.044391s ]
INFO: [ view_filter ] --START--
INFO: Run Behavior\WriteHtmlCacheBehavior [ RunTime:0.000177s ]
INFO: [ view_filter ] --END-- [ RunTime:0.000212s ]
INFO: [ app_end ] --START--
INFO: Run Behavior\ShowPageTraceBehavior [ RunTime:0.000475s ]
INFO: [ app_end ] --END-- [ RunTime:0.000524s ]

[ 2016-11-07T17:37:00+08:00 ] 192.168.42.21 /tp_shop/object/index.php/Admin/Admin/admin_list.html
INFO: [ app_init ] --START--
INFO: Run Behavior\BuildLiteBehavior [ RunTime:0.000016s ]
INFO: [ app_init ] --END-- [ RunTime:0.000342s ]
INFO: [ app_begin ] --START--
INFO: Run Behavior\ReadHtmlCacheBehavior [ RunTime:0.000444s ]
INFO: [ app_begin ] --END-- [ RunTime:0.000498s ]
INFO: [ view_parse ] --START--
INFO: [ template_filter ] --START--
INFO: Run Behavior\ContentReplaceBehavior [ RunTime:0.000060s ]
INFO: [ template_filter ] --END-- [ RunTime:0.000126s ]
NOTIC: [8] Undefined variable: D /usr/local/apache2/htdocs/tp_shop/object/Application/Runtime/Cache/Admin/a217bfa950170283e73d162388e991e7.php 第 34 行.
NOTIC: [8] Undefined variable: dp /usr/local/apache2/htdocs/tp_shop/object/Application/Runtime/Cache/Admin/a217bfa950170283e73d162388e991e7.php 第 34 行.
INFO: Run Behavior\ParseTemplateBehavior [ RunTime:0.041961s ]
INFO: [ view_parse ] --END-- [ RunTime:0.042013s ]
INFO: [ view_filter ] --START--
INFO: Run Behavior\WriteHtmlCacheBehavior [ RunTime:0.000326s ]
INFO: [ view_filter ] --END-- [ RunTime:0.000390s ]
INFO: [ app_end ] --START--
INFO: Run Behavior\ShowPageTraceBehavior [ RunTime:0.000495s ]
INFO: [ app_end ] --END-- [ RunTime:0.000536s ]

[ 2016-11-07T17:37:01+08:00 ] 192.168.42.21 /tp_shop/object/index.php/Admin/Admin/lib/datatables/1.10.0/jquery.dataTables.min.js
INFO: [ app_init ] --START--
INFO: Run Behavior\BuildLiteBehavior [ RunTime:0.000018s ]
INFO: [ app_init ] --END-- [ RunTime:0.000895s ]
INFO: [ app_begin ] --START--
INFO: Run Behavior\ReadHtmlCacheBehavior [ RunTime:0.004713s ]
INFO: [ app_begin ] --END-- [ RunTime:0.004773s ]
ERR: 非法操作:lib

[ 2016-11-07T17:37:01+08:00 ] 192.168.42.21 /tp_shop/object/index.php/Admin/Admin/static/h-ui/js/H-ui.min.js
INFO: [ app_init ] --START--
INFO: Run Behavior\BuildLiteBehavior [ RunTime:0.000020s ]
INFO: [ app_init ] --END-- [ RunTime:0.001216s ]
INFO: [ app_begin ] --START--
INFO: Run Behavior\ReadHtmlCacheBehavior [ RunTime:0.000503s ]
INFO: [ app_begin ] --END-- [ RunTime:0.000691s ]
ERR: 非法操作:static

[ 2016-11-07T17:37:01+08:00 ] 192.168.42.21 /tp_shop/object/index.php/Admin/Admin/lib/jquery/1.9.1/jquery.min.js
INFO: [ app_init ] --START--
INFO: Run Behavior\BuildLiteBehavior [ RunTime:0.000015s ]
INFO: [ app_init ] --END-- [ RunTime:0.000332s ]
INFO: [ app_begin ] --START--
INFO: Run Behavior\ReadHtmlCacheBehavior [ RunTime:0.000387s ]
INFO: [ app_begin ] --END-- [ RunTime:0.005441s ]
ERR: 非法操作:lib

[ 2016-11-07T17:37:01+08:00 ] 192.168.42.21 /tp_shop/object/index.php/Admin/Admin/static/h-ui.admin/js/H-ui.admin.js
INFO: [ app_init ] --START--
INFO: Run Behavior\BuildLiteBehavior [ RunTime:0.000017s ]
INFO: [ app_init ] --END-- [ RunTime:0.000479s ]
INFO: [ app_begin ] --START--
INFO: Run Behavior\ReadHtmlCacheBehavior [ RunTime:0.003087s ]
INFO: [ app_begin ] --END-- [ RunTime:0.003303s ]
ERR: 非法操作:static

[ 2016-11-07T17:37:01+08:00 ] 192.168.42.21 /tp_shop/object/index.php/Admin/Admin/lib/My97DatePicker/4.8/WdatePicker.js
INFO: [ app_init ] --START--
INFO: Run Behavior\BuildLiteBehavior [ RunTime:0.000024s ]
INFO: [ app_init ] --END-- [ RunTime:0.000448s ]
INFO: [ app_begin ] --START--
INFO: Run Behavior\ReadHtmlCacheBehavior [ RunTime:0.000509s ]
INFO: [ app_begin ] --END-- [ RunTime:0.001390s ]
ERR: 非法操作:lib

[ 2016-11-07T17:37:01+08:00 ] 192.168.42.21 /tp_shop/object/index.php/Admin/Admin/lib/layer/2.4/layer.js
INFO: [ app_init ] --START--
INFO: Run Behavior\BuildLiteBehavior [ RunTime:0.000012s ]
INFO: [ app_init ] --END-- [ RunTime:0.002861s ]
INFO: [ app_begin ] --START--
INFO: Run Behavior\ReadHtmlCacheBehavior [ RunTime:0.034876s ]
INFO: [ app_begin ] --END-- [ RunTime:0.035024s ]
ERR: 非法操作:lib

[ 2016-11-07T17:37:01+08:00 ] 192.168.42.21 /tp_shop/object/index.php/Admin/Admin/lib/laypage/1.2/laypage.js
INFO: [ app_init ] --START--
INFO: Run Behavior\BuildLiteBehavior [ RunTime:0.000026s ]
INFO: [ app_init ] --END-- [ RunTime:0.000423s ]
INFO: [ app_begin ] --START--
INFO: Run Behavior\ReadHtmlCacheBehavior [ RunTime:0.000946s ]
INFO: [ app_begin ] --END-- [ RunTime:0.001028s ]
ERR: 非法操作:lib

[ 2016-11-07T17:37:01+08:00 ] 192.168.42.21 /tp_shop/object/index.php/Admin/Admin/admin_list.html
INFO: [ app_init ] --START--
INFO: Run Behavior\BuildLiteBehavior [ RunTime:0.000013s ]
INFO: [ app_init ] --END-- [ RunTime:0.000267s ]
INFO: [ app_begin ] --START--
INFO: Run Behavior\ReadHtmlCacheBehavior [ RunTime:0.000825s ]
INFO: [ app_begin ] --END-- [ RunTime:0.000921s ]
INFO: [ view_parse ] --START--
INFO: [ template_filter ] --START--
INFO: Run Behavior\ContentReplaceBehavior [ RunTime:0.000059s ]
INFO: [ template_filter ] --END-- [ RunTime:0.000111s ]
NOTIC: [8] Undefined variable: D /usr/local/apache2/htdocs/tp_shop/object/Application/Runtime/Cache/Admin/a217bfa950170283e73d162388e991e7.php 第 34 行.
NOTIC: [8] Undefined variable: dp /usr/local/apache2/htdocs/tp_shop/object/Application/Runtime/Cache/Admin/a217bfa950170283e73d162388e991e7.php 第 34 行.
INFO: Run Behavior\ParseTemplateBehavior [ RunTime:0.007463s ]
INFO: [ view_parse ] --END-- [ RunTime:0.007498s ]
INFO: [ view_filter ] --START--
INFO: Run Behavior\WriteHtmlCacheBehavior [ RunTime:0.000130s ]
INFO: [ view_filter ] --END-- [ RunTime:0.000161s ]
INFO: [ app_end ] --START--
INFO: Run Behavior\ShowPageTraceBehavior [ RunTime:0.000370s ]
INFO: [ app_end ] --END-- [ RunTime:0.000405s ]

[ 2016-11-07T17:37:01+08:00 ] 192.168.42.21 /tp_shop/object/index.php/Admin/Admin/static/h-ui.admin/js/H-ui.admin.js
INFO: [ app_init ] --START--
INFO: Run Behavior\BuildLiteBehavior [ RunTime:0.000014s ]
INFO: [ app_init ] --END-- [ RunTime:0.000302s ]
INFO: [ app_begin ] --START--
INFO: Run Behavior\ReadHtmlCacheBehavior [ RunTime:0.000411s ]
INFO: [ app_begin ] --END-- [ RunTime:0.000471s ]
ERR: 非法操作:static

[ 2016-11-07T17:37:01+08:00 ] 192.168.42.21 /tp_shop/object/index.php/Admin/Admin/lib/jquery/1.9.1/jquery.min.js
INFO: [ app_init ] --START--
INFO: Run Behavior\BuildLiteBehavior [ RunTime:0.000015s ]
INFO: [ app_init ] --END-- [ RunTime:0.000308s ]
INFO: [ app_begin ] --START--
INFO: Run Behavior\ReadHtmlCacheBehavior [ RunTime:0.026121s ]
INFO: [ app_begin ] --END-- [ RunTime:0.026197s ]
ERR: 非法操作:lib

[ 2016-11-07T17:37:01+08:00 ] 192.168.42.21 /tp_shop/object/index.php/Admin/Admin/lib/layer/2.4/layer.js
INFO: [ app_init ] --START--
INFO: Run Behavior\BuildLiteBehavior [ RunTime:0.000013s ]
INFO: [ app_init ] --END-- [ RunTime:0.002485s ]
INFO: [ app_begin ] --START--
INFO: Run Behavior\ReadHtmlCacheBehavior [ RunTime:0.000397s ]
INFO: [ app_begin ] --END-- [ RunTime:0.000450s ]
ERR: 非法操作:lib

[ 2016-11-07T17:37:01+08:00 ] 192.168.42.21 /tp_shop/object/index.php/Admin/Admin/static/h-ui/js/H-ui.min.js
INFO: [ app_init ] --START--
INFO: Run Behavior\BuildLiteBehavior [ RunTime:0.000014s ]
INFO: [ app_init ] --END-- [ RunTime:0.000619s ]
INFO: [ app_begin ] --START--
INFO: Run Behavior\ReadHtmlCacheBehavior [ RunTime:0.003484s ]
INFO: [ app_begin ] --END-- [ RunTime:0.003554s ]
ERR: 非法操作:static

[ 2016-11-07T17:37:01+08:00 ] 192.168.42.21 /tp_shop/object/index.php/Admin/Admin/lib/My97DatePicker/4.8/WdatePicker.js
INFO: [ app_init ] --START--
INFO: Run Behavior\BuildLiteBehavior [ RunTime:0.000021s ]
INFO: [ app_init ] --END-- [ RunTime:0.001111s ]
INFO: [ app_begin ] --START--
INFO: Run Behavior\ReadHtmlCacheBehavior [ RunTime:0.065601s ]
INFO: [ app_begin ] --END-- [ RunTime:0.065653s ]
ERR: 非法操作:lib

[ 2016-11-07T17:37:01+08:00 ] 192.168.42.21 /tp_shop/object/index.php/Admin/Admin/lib/laypage/1.2/laypage.js
INFO: [ app_init ] --START--
INFO: Run Behavior\BuildLiteBehavior [ RunTime:0.000021s ]
INFO: [ app_init ] --END-- [ RunTime:0.020060s ]
INFO: [ app_begin ] --START--
INFO: Run Behavior\ReadHtmlCacheBehavior [ RunTime:0.000517s ]
INFO: [ app_begin ] --END-- [ RunTime:0.000572s ]
ERR: 非法操作:lib

[ 2016-11-07T17:37:01+08:00 ] 192.168.42.21 /tp_shop/object/index.php/Admin/Admin/lib/datatables/1.10.0/jquery.dataTables.min.js
INFO: [ app_init ] --START--
INFO: Run Behavior\BuildLiteBehavior [ RunTime:0.000016s ]
INFO: [ app_init ] --END-- [ RunTime:0.000286s ]
INFO: [ app_begin ] --START--
INFO: Run Behavior\ReadHtmlCacheBehavior [ RunTime:0.011153s ]
INFO: [ app_begin ] --END-- [ RunTime:0.011231s ]
ERR: 非法操作:lib

