[ 2017-04-20T10:26:18+08:00 ] ::1 /gz25/github/tp_shop/object/index.php/Admin
INFO: [ app_init ] --START--
INFO: Run Behavior\BuildLiteBehavior [ RunTime:0.000008s ]
INFO: [ app_init ] --END-- [ RunTime:0.000193s ]
INFO: [ app_begin ] --START--
INFO: Run Behavior\ReadHtmlCacheBehavior [ RunTime:0.000574s ]
INFO: [ app_begin ] --END-- [ RunTime:0.000649s ]
INFO: [ view_parse ] --START--
INFO: [ template_filter ] --START--
INFO: Run Behavior\ContentReplaceBehavior [ RunTime:0.000044s ]
INFO: [ template_filter ] --END-- [ RunTime:0.000085s ]
INFO: Run Behavior\ParseTemplateBehavior [ RunTime:0.012581s ]
INFO: [ view_parse ] --END-- [ RunTime:0.012643s ]
INFO: [ view_filter ] --START--
INFO: Run Behavior\WriteHtmlCacheBehavior [ RunTime:0.000169s ]
INFO: Run Behavior\TokenBuildBehavior [ RunTime:0.000210s ]
INFO: [ view_filter ] --END-- [ RunTime:0.000429s ]
INFO: [ app_end ] --START--
INFO: Run Behavior\ShowPageTraceBehavior [ RunTime:0.000656s ]
INFO: [ app_end ] --END-- [ RunTime:0.000697s ]

[ 2017-04-20T10:26:19+08:00 ] ::1 /gz25/github/tp_shop/object/index.php/Admin/Index/welcome.html
INFO: [ app_init ] --START--
INFO: Run Behavior\BuildLiteBehavior [ RunTime:0.000011s ]
INFO: [ app_init ] --END-- [ RunTime:0.000290s ]
INFO: [ app_begin ] --START--
INFO: Run Behavior\ReadHtmlCacheBehavior [ RunTime:0.000407s ]
INFO: [ app_begin ] --END-- [ RunTime:0.000446s ]
INFO: [ view_parse ] --START--
INFO: [ template_filter ] --START--
INFO: Run Behavior\ContentReplaceBehavior [ RunTime:0.000036s ]
INFO: [ template_filter ] --END-- [ RunTime:0.000086s ]
INFO: Run Behavior\ParseTemplateBehavior [ RunTime:0.013564s ]
INFO: [ view_parse ] --END-- [ RunTime:0.013649s ]
INFO: [ view_filter ] --START--
INFO: Run Behavior\WriteHtmlCacheBehavior [ RunTime:0.000198s ]
INFO: Run Behavior\TokenBuildBehavior [ RunTime:0.000215s ]
INFO: [ view_filter ] --END-- [ RunTime:0.000472s ]
INFO: [ app_end ] --START--
INFO: Run Behavior\ShowPageTraceBehavior [ RunTime:0.000422s ]
INFO: [ app_end ] --END-- [ RunTime:0.000488s ]

[ 2017-04-20T10:26:22+08:00 ] ::1 /gz25/github/tp_shop/object/index.php/Admin/Goods/index.html
INFO: [ app_init ] --START--
INFO: Run Behavior\BuildLiteBehavior [ RunTime:0.000010s ]
INFO: [ app_init ] --END-- [ RunTime:0.000243s ]
INFO: [ app_begin ] --START--
INFO: Run Behavior\ReadHtmlCacheBehavior [ RunTime:0.000283s ]
INFO: [ app_begin ] --END-- [ RunTime:0.000316s ]
SQL: SHOW COLUMNS FROM `shop_goods` [ RunTime:0.0005s ]
SQL: SELECT * FROM `shop_goods`  [ RunTime:0.0011s ]
INFO: [ view_parse ] --START--
INFO: [ template_filter ] --START--
INFO: Run Behavior\ContentReplaceBehavior [ RunTime:0.000041s ]
INFO: [ template_filter ] --END-- [ RunTime:0.000091s ]
INFO: Run Behavior\ParseTemplateBehavior [ RunTime:0.011160s ]
INFO: [ view_parse ] --END-- [ RunTime:0.011209s ]
INFO: [ view_filter ] --START--
INFO: Run Behavior\WriteHtmlCacheBehavior [ RunTime:0.000117s ]
INFO: Run Behavior\TokenBuildBehavior [ RunTime:0.000236s ]
INFO: [ view_filter ] --END-- [ RunTime:0.000396s ]
INFO: [ app_end ] --START--
INFO: Run Behavior\ShowPageTraceBehavior [ RunTime:0.000543s ]
INFO: [ app_end ] --END-- [ RunTime:0.000603s ]

[ 2017-04-20T10:26:23+08:00 ] ::1 /gz25/github/tp_shop/object/index.php/Admin/Goods/add.html
INFO: [ app_init ] --START--
INFO: Run Behavior\BuildLiteBehavior [ RunTime:0.000010s ]
INFO: [ app_init ] --END-- [ RunTime:0.000217s ]
INFO: [ app_begin ] --START--
INFO: Run Behavior\ReadHtmlCacheBehavior [ RunTime:0.000280s ]
INFO: [ app_begin ] --END-- [ RunTime:0.000313s ]
SQL: SHOW COLUMNS FROM `shop_goods` [ RunTime:0.0007s ]
SQL: SHOW COLUMNS FROM `shop_type` [ RunTime:0.0005s ]
SQL: SELECT `title`,`id`,`name`,`path`,`pid`,concat(path,"-",id) as paths FROM `shop_type` ORDER BY paths  [ RunTime:0.0029s ]
INFO: [ view_parse ] --START--
INFO: [ template_filter ] --START--
INFO: Run Behavior\ContentReplaceBehavior [ RunTime:0.000036s ]
INFO: [ template_filter ] --END-- [ RunTime:0.000071s ]
INFO: Run Behavior\ParseTemplateBehavior [ RunTime:0.025731s ]
INFO: [ view_parse ] --END-- [ RunTime:0.025826s ]
INFO: [ view_filter ] --START--
INFO: Run Behavior\WriteHtmlCacheBehavior [ RunTime:0.000205s ]
INFO: Run Behavior\TokenBuildBehavior [ RunTime:0.000307s ]
INFO: [ view_filter ] --END-- [ RunTime:0.000592s ]
INFO: [ app_end ] --START--
INFO: Run Behavior\ShowPageTraceBehavior [ RunTime:0.001133s ]
INFO: [ app_end ] --END-- [ RunTime:0.001199s ]

[ 2017-04-20T10:26:41+08:00 ] ::1 /gz25/github/tp_shop/object/index.php/Admin/Goods/insert.html
INFO: [ app_init ] --START--
INFO: Run Behavior\BuildLiteBehavior [ RunTime:0.000013s ]
INFO: [ app_init ] --END-- [ RunTime:0.000324s ]
INFO: [ app_begin ] --START--
INFO: Run Behavior\ReadHtmlCacheBehavior [ RunTime:0.000409s ]
INFO: [ app_begin ] --END-- [ RunTime:0.000459s ]
SQL: SHOW COLUMNS FROM `shop_goods` [ RunTime:0.0005s ]
SQL: SHOW COLUMNS FROM `shop_goods` [ RunTime:0.0004s ]
SQL: SHOW COLUMNS FROM `shop_stock` [ RunTime:0.0023s ]
NOTIC: [2] call_user_func() expects parameter 1 to be a valid callback, no array or string given /Library/WebServer/Documents/gz25/github/tp_shop/object/ThinkPHP/Library/Think/Upload.class.php 第 170 行.
SQL: INSERT INTO `shop_goods` (`name`,`tid`,`id`,`price`,`status`,`des`,`addtime`,`pic`,`stocks`) VALUES ('1431','95','0','134','1','<p>1234</p>','1492655201','/Upload/2017-04-20/58f81c61697ee.jpg','1324') [ RunTime:0.0052s ]
SQL: INSERT INTO `shop_stock` (`colors`,`capacity`,`stock`,`gid`) VALUES ('1','1','1','157') [ RunTime:0.0004s ]
INFO: [ view_parse ] --START--
INFO: [ template_filter ] --START--
INFO: Run Behavior\ContentReplaceBehavior [ RunTime:0.000026s ]
INFO: [ template_filter ] --END-- [ RunTime:0.000071s ]
INFO: Run Behavior\ParseTemplateBehavior [ RunTime:0.012446s ]
INFO: [ view_parse ] --END-- [ RunTime:0.012523s ]
INFO: [ view_filter ] --START--
INFO: Run Behavior\WriteHtmlCacheBehavior [ RunTime:0.000207s ]
INFO: Run Behavior\TokenBuildBehavior [ RunTime:0.000307s ]
INFO: [ view_filter ] --END-- [ RunTime:0.000590s ]
INFO: [ app_end ] --START--
INFO: Run Behavior\ShowPageTraceBehavior [ RunTime:0.000602s ]
INFO: [ app_end ] --END-- [ RunTime:0.000751s ]

[ 2017-04-20T10:26:42+08:00 ] ::1 /gz25/github/tp_shop/object/index.php/Admin/Goods/index.html
INFO: [ app_init ] --START--
INFO: Run Behavior\BuildLiteBehavior [ RunTime:0.000009s ]
INFO: [ app_init ] --END-- [ RunTime:0.000203s ]
INFO: [ app_begin ] --START--
INFO: Run Behavior\ReadHtmlCacheBehavior [ RunTime:0.000256s ]
INFO: [ app_begin ] --END-- [ RunTime:0.000288s ]
SQL: SHOW COLUMNS FROM `shop_goods` [ RunTime:0.0006s ]
SQL: SELECT * FROM `shop_goods`  [ RunTime:0.0003s ]
INFO: [ view_parse ] --START--
INFO: [ template_filter ] --START--
INFO: Run Behavior\ContentReplaceBehavior [ RunTime:0.000049s ]
INFO: [ template_filter ] --END-- [ RunTime:0.000087s ]
INFO: Run Behavior\ParseTemplateBehavior [ RunTime:0.006565s ]
INFO: [ view_parse ] --END-- [ RunTime:0.006609s ]
INFO: [ view_filter ] --START--
INFO: Run Behavior\WriteHtmlCacheBehavior [ RunTime:0.000111s ]
INFO: Run Behavior\TokenBuildBehavior [ RunTime:0.000164s ]
INFO: [ view_filter ] --END-- [ RunTime:0.000316s ]
INFO: [ app_end ] --START--
INFO: Run Behavior\ShowPageTraceBehavior [ RunTime:0.001783s ]
INFO: [ app_end ] --END-- [ RunTime:0.001998s ]

[ 2017-04-20T10:26:44+08:00 ] ::1 /gz25/github/tp_shop/object/index.php/Admin/Goods/add.html
INFO: [ app_init ] --START--
INFO: Run Behavior\BuildLiteBehavior [ RunTime:0.000008s ]
INFO: [ app_init ] --END-- [ RunTime:0.000188s ]
INFO: [ app_begin ] --START--
INFO: Run Behavior\ReadHtmlCacheBehavior [ RunTime:0.000243s ]
INFO: [ app_begin ] --END-- [ RunTime:0.000272s ]
SQL: SHOW COLUMNS FROM `shop_goods` [ RunTime:0.0005s ]
SQL: SHOW COLUMNS FROM `shop_type` [ RunTime:0.0004s ]
SQL: SELECT `title`,`id`,`name`,`path`,`pid`,concat(path,"-",id) as paths FROM `shop_type` ORDER BY paths  [ RunTime:0.0004s ]
INFO: [ view_parse ] --START--
INFO: [ template_filter ] --START--
INFO: Run Behavior\ContentReplaceBehavior [ RunTime:0.000035s ]
INFO: [ template_filter ] --END-- [ RunTime:0.000066s ]
INFO: Run Behavior\ParseTemplateBehavior [ RunTime:0.005139s ]
INFO: [ view_parse ] --END-- [ RunTime:0.005171s ]
INFO: [ view_filter ] --START--
INFO: Run Behavior\WriteHtmlCacheBehavior [ RunTime:0.000093s ]
INFO: Run Behavior\TokenBuildBehavior [ RunTime:0.000147s ]
INFO: [ view_filter ] --END-- [ RunTime:0.000277s ]
INFO: [ app_end ] --START--
INFO: Run Behavior\ShowPageTraceBehavior [ RunTime:0.000613s ]
INFO: [ app_end ] --END-- [ RunTime:0.000658s ]

[ 2017-04-20T10:26:58+08:00 ] ::1 /gz25/github/tp_shop/object/index.php/Admin/Goods/insert.html
INFO: [ app_init ] --START--
INFO: Run Behavior\BuildLiteBehavior [ RunTime:0.000008s ]
INFO: [ app_init ] --END-- [ RunTime:0.000185s ]
INFO: [ app_begin ] --START--
INFO: Run Behavior\ReadHtmlCacheBehavior [ RunTime:0.000315s ]
INFO: [ app_begin ] --END-- [ RunTime:0.000345s ]
SQL: SHOW COLUMNS FROM `shop_goods` [ RunTime:0.0005s ]
SQL: SHOW COLUMNS FROM `shop_goods` [ RunTime:0.0005s ]
SQL: SHOW COLUMNS FROM `shop_stock` [ RunTime:0.0004s ]
NOTIC: [2] call_user_func() expects parameter 1 to be a valid callback, no array or string given /Library/WebServer/Documents/gz25/github/tp_shop/object/ThinkPHP/Library/Think/Upload.class.php 第 170 行.
SQL: INSERT INTO `shop_goods` (`name`,`tid`,`id`,`price`,`status`,`des`,`addtime`,`pic`,`stocks`) VALUES ('123','100','0','123','1','<p>123</p>','1492655218','/Upload/2017-04-20/58f81c724997f.jpg','132') [ RunTime:0.0004s ]
SQL: INSERT INTO `shop_stock` (`colors`,`capacity`,`stock`,`gid`) VALUES ('1','1','1','158') [ RunTime:0.0003s ]
INFO: [ view_parse ] --START--
INFO: [ template_filter ] --START--
INFO: Run Behavior\ContentReplaceBehavior [ RunTime:0.000024s ]
INFO: [ template_filter ] --END-- [ RunTime:0.000061s ]
INFO: Run Behavior\ParseTemplateBehavior [ RunTime:0.010429s ]
INFO: [ view_parse ] --END-- [ RunTime:0.010530s ]
INFO: [ view_filter ] --START--
INFO: Run Behavior\WriteHtmlCacheBehavior [ RunTime:0.000215s ]
INFO: Run Behavior\TokenBuildBehavior [ RunTime:0.000315s ]
INFO: [ view_filter ] --END-- [ RunTime:0.000608s ]
INFO: [ app_end ] --START--
INFO: Run Behavior\ShowPageTraceBehavior [ RunTime:0.000550s ]
INFO: [ app_end ] --END-- [ RunTime:0.000600s ]

[ 2017-04-20T10:27:02+08:00 ] ::1 /gz25/github/tp_shop/object/index.php/Admin/Goods/index.html
INFO: [ app_init ] --START--
INFO: Run Behavior\BuildLiteBehavior [ RunTime:0.000009s ]
INFO: [ app_init ] --END-- [ RunTime:0.000200s ]
INFO: [ app_begin ] --START--
INFO: Run Behavior\ReadHtmlCacheBehavior [ RunTime:0.000255s ]
INFO: [ app_begin ] --END-- [ RunTime:0.000284s ]
SQL: SHOW COLUMNS FROM `shop_goods` [ RunTime:0.0017s ]
SQL: SELECT * FROM `shop_goods`  [ RunTime:0.0005s ]
INFO: [ view_parse ] --START--
INFO: [ template_filter ] --START--
INFO: Run Behavior\ContentReplaceBehavior [ RunTime:0.000048s ]
INFO: [ template_filter ] --END-- [ RunTime:0.000085s ]
INFO: Run Behavior\ParseTemplateBehavior [ RunTime:0.007129s ]
INFO: [ view_parse ] --END-- [ RunTime:0.007169s ]
INFO: [ view_filter ] --START--
INFO: Run Behavior\WriteHtmlCacheBehavior [ RunTime:0.000105s ]
INFO: Run Behavior\TokenBuildBehavior [ RunTime:0.000157s ]
INFO: [ view_filter ] --END-- [ RunTime:0.000300s ]
INFO: [ app_end ] --START--
INFO: Run Behavior\ShowPageTraceBehavior [ RunTime:0.000543s ]
INFO: [ app_end ] --END-- [ RunTime:0.000610s ]

[ 2017-04-20T16:41:52+08:00 ] ::1 /gz25/github/tp_shop/object/index.php/Admin/Goods/delete/id/158.html
INFO: [ app_init ] --START--
INFO: Run Behavior\BuildLiteBehavior [ RunTime:0.000029s ]
INFO: [ app_init ] --END-- [ RunTime:0.002275s ]
INFO: [ app_begin ] --START--
INFO: Run Behavior\ReadHtmlCacheBehavior [ RunTime:0.002518s ]
INFO: [ app_begin ] --END-- [ RunTime:0.002729s ]
SQL: SHOW COLUMNS FROM `shop_goods` [ RunTime:0.0060s ]
SQL: SHOW COLUMNS FROM `shop_goods` [ RunTime:0.0019s ]
SQL: SELECT * FROM `shop_goods` WHERE `id` = 158 LIMIT 1   [ RunTime:0.0102s ]
SQL: SHOW COLUMNS FROM `shop_stock` [ RunTime:0.0029s ]
SQL: SHOW COLUMNS FROM `shop_pics` [ RunTime:0.0250s ]
SQL: SHOW COLUMNS FROM `shop_parameter` [ RunTime:0.0114s ]
NOTIC: [2] unlink(/Upload/2017-04-20/58f81c724997f.jpg): No such file or directory /Library/WebServer/Documents/gz25/github/tp_shop/object/Application/Admin/Model/GoodsModel.class.php 第 355 行.
SQL: DELETE FROM `shop_stock` WHERE ( gid='158' ) [ RunTime:0.0134s ]
SQL: DELETE FROM `shop_pics` WHERE ( gid='158' ) [ RunTime:0.0020s ]
SQL: DELETE FROM `shop_parameter` WHERE ( gid='158' ) [ RunTime:0.0014s ]
SQL: DELETE FROM `shop_goods` WHERE ( id='158' ) [ RunTime:0.0031s ]
INFO: [ view_parse ] --START--
INFO: [ template_filter ] --START--
INFO: Run Behavior\ContentReplaceBehavior [ RunTime:0.000513s ]
INFO: [ template_filter ] --END-- [ RunTime:0.001662s ]
INFO: Run Behavior\ParseTemplateBehavior [ RunTime:0.045091s ]
INFO: [ view_parse ] --END-- [ RunTime:0.045261s ]
INFO: [ view_filter ] --START--
INFO: Run Behavior\WriteHtmlCacheBehavior [ RunTime:0.000971s ]
INFO: Run Behavior\TokenBuildBehavior [ RunTime:0.002267s ]
INFO: [ view_filter ] --END-- [ RunTime:0.003578s ]
INFO: [ app_end ] --START--
INFO: Run Behavior\ShowPageTraceBehavior [ RunTime:0.002291s ]
INFO: [ app_end ] --END-- [ RunTime:0.002391s ]

[ 2017-04-20T16:41:55+08:00 ] ::1 /gz25/github/tp_shop/object/index.php/Admin/Goods/index.html
INFO: [ app_init ] --START--
INFO: Run Behavior\BuildLiteBehavior [ RunTime:0.000020s ]
INFO: [ app_init ] --END-- [ RunTime:0.000487s ]
INFO: [ app_begin ] --START--
INFO: Run Behavior\ReadHtmlCacheBehavior [ RunTime:0.000535s ]
INFO: [ app_begin ] --END-- [ RunTime:0.000602s ]
SQL: SHOW COLUMNS FROM `shop_goods` [ RunTime:0.0024s ]
SQL: SELECT * FROM `shop_goods`  [ RunTime:0.0014s ]
INFO: [ view_parse ] --START--
INFO: [ template_filter ] --START--
INFO: Run Behavior\ContentReplaceBehavior [ RunTime:0.000134s ]
INFO: [ template_filter ] --END-- [ RunTime:0.000268s ]
INFO: Run Behavior\ParseTemplateBehavior [ RunTime:0.021472s ]
INFO: [ view_parse ] --END-- [ RunTime:0.021598s ]
INFO: [ view_filter ] --START--
INFO: Run Behavior\WriteHtmlCacheBehavior [ RunTime:0.000686s ]
INFO: Run Behavior\TokenBuildBehavior [ RunTime:0.000400s ]
INFO: [ view_filter ] --END-- [ RunTime:0.001194s ]
INFO: [ app_end ] --START--
INFO: Run Behavior\ShowPageTraceBehavior [ RunTime:0.001507s ]
INFO: [ app_end ] --END-- [ RunTime:0.001636s ]

[ 2017-04-20T16:41:57+08:00 ] ::1 /gz25/github/tp_shop/object/index.php/Admin/Goods/delete/id/157.html
INFO: [ app_init ] --START--
INFO: Run Behavior\BuildLiteBehavior [ RunTime:0.000050s ]
INFO: [ app_init ] --END-- [ RunTime:0.000747s ]
INFO: [ app_begin ] --START--
INFO: Run Behavior\ReadHtmlCacheBehavior [ RunTime:0.001704s ]
INFO: [ app_begin ] --END-- [ RunTime:0.001967s ]
SQL: SHOW COLUMNS FROM `shop_goods` [ RunTime:0.0024s ]
SQL: SHOW COLUMNS FROM `shop_goods` [ RunTime:0.0012s ]
SQL: SELECT * FROM `shop_goods` WHERE `id` = 157 LIMIT 1   [ RunTime:0.0008s ]
SQL: SHOW COLUMNS FROM `shop_stock` [ RunTime:0.0011s ]
SQL: SHOW COLUMNS FROM `shop_pics` [ RunTime:0.0011s ]
SQL: SHOW COLUMNS FROM `shop_parameter` [ RunTime:0.0015s ]
NOTIC: [2] unlink(/Upload/2017-04-20/58f81c61697ee.jpg): No such file or directory /Library/WebServer/Documents/gz25/github/tp_shop/object/Application/Admin/Model/GoodsModel.class.php 第 355 行.
SQL: DELETE FROM `shop_stock` WHERE ( gid='157' ) [ RunTime:0.0007s ]
SQL: DELETE FROM `shop_pics` WHERE ( gid='157' ) [ RunTime:0.0005s ]
SQL: DELETE FROM `shop_parameter` WHERE ( gid='157' ) [ RunTime:0.0008s ]
SQL: DELETE FROM `shop_goods` WHERE ( id='157' ) [ RunTime:0.0019s ]
INFO: [ view_parse ] --START--
INFO: [ template_filter ] --START--
INFO: Run Behavior\ContentReplaceBehavior [ RunTime:0.000187s ]
INFO: [ template_filter ] --END-- [ RunTime:0.000395s ]
INFO: Run Behavior\ParseTemplateBehavior [ RunTime:0.027386s ]
INFO: [ view_parse ] --END-- [ RunTime:0.029023s ]
INFO: [ view_filter ] --START--
INFO: Run Behavior\WriteHtmlCacheBehavior [ RunTime:0.002769s ]
INFO: Run Behavior\TokenBuildBehavior [ RunTime:0.000785s ]
INFO: [ view_filter ] --END-- [ RunTime:0.004374s ]
INFO: [ app_end ] --START--
INFO: Run Behavior\ShowPageTraceBehavior [ RunTime:0.001477s ]
INFO: [ app_end ] --END-- [ RunTime:0.002082s ]

[ 2017-04-20T16:42:00+08:00 ] ::1 /gz25/github/tp_shop/object/index.php/Admin/Goods/index.html
INFO: [ app_init ] --START--
INFO: Run Behavior\BuildLiteBehavior [ RunTime:0.000029s ]
INFO: [ app_init ] --END-- [ RunTime:0.002550s ]
INFO: [ app_begin ] --START--
INFO: Run Behavior\ReadHtmlCacheBehavior [ RunTime:0.001108s ]
INFO: [ app_begin ] --END-- [ RunTime:0.001285s ]
SQL: SHOW COLUMNS FROM `shop_goods` [ RunTime:0.0017s ]
SQL: SELECT * FROM `shop_goods`  [ RunTime:0.0015s ]
INFO: [ view_parse ] --START--
INFO: [ template_filter ] --START--
INFO: Run Behavior\ContentReplaceBehavior [ RunTime:0.000212s ]
INFO: [ template_filter ] --END-- [ RunTime:0.000384s ]
INFO: Run Behavior\ParseTemplateBehavior [ RunTime:0.030567s ]
INFO: [ view_parse ] --END-- [ RunTime:0.030720s ]
INFO: [ view_filter ] --START--
INFO: Run Behavior\WriteHtmlCacheBehavior [ RunTime:0.000527s ]
INFO: Run Behavior\TokenBuildBehavior [ RunTime:0.000502s ]
INFO: [ view_filter ] --END-- [ RunTime:0.001274s ]
INFO: [ app_end ] --START--
INFO: Run Behavior\ShowPageTraceBehavior [ RunTime:0.011788s ]
INFO: [ app_end ] --END-- [ RunTime:0.012136s ]

