[ 2017-04-14T00:09:41+08:00 ] ::1 /gz25/github/tp_shop/object/index.php/Admin/Goods/intro.html?id=142
INFO: [ app_init ] --START--
INFO: Run Behavior\BuildLiteBehavior [ RunTime:0.000017s ]
INFO: [ app_init ] --END-- [ RunTime:0.000478s ]
INFO: [ app_begin ] --START--
INFO: Run Behavior\ReadHtmlCacheBehavior [ RunTime:0.000587s ]
INFO: [ app_begin ] --END-- [ RunTime:0.000652s ]
SQL: SHOW COLUMNS FROM `shop_goods` [ RunTime:0.0007s ]
SQL: SHOW COLUMNS FROM `shop_parameter` [ RunTime:0.0007s ]
SQL: SELECT * FROM `shop_parameter` WHERE ( gid='142' )  [ RunTime:0.0005s ]
INFO: [ view_parse ] --START--
INFO: [ template_filter ] --START--
INFO: Run Behavior\ContentReplaceBehavior [ RunTime:0.000073s ]
INFO: [ template_filter ] --END-- [ RunTime:0.000203s ]
NOTIC: [8] Undefined variable: cid /Library/WebServer/Documents/gz25/github/tp_shop/object/Application/Runtime/Cache/Admin/3a5d25b0cc7241f11df1914436fdc500.php 第 36 行.
INFO: Run Behavior\ParseTemplateBehavior [ RunTime:0.008817s ]
INFO: [ view_parse ] --END-- [ RunTime:0.008874s ]
INFO: [ view_filter ] --START--
INFO: Run Behavior\WriteHtmlCacheBehavior [ RunTime:0.000219s ]
INFO: Run Behavior\TokenBuildBehavior [ RunTime:0.000300s ]
INFO: [ view_filter ] --END-- [ RunTime:0.000606s ]
INFO: [ app_end ] --START--
INFO: Run Behavior\ShowPageTraceBehavior [ RunTime:0.000904s ]
INFO: [ app_end ] --END-- [ RunTime:0.000965s ]

[ 2017-04-14T00:10:31+08:00 ] ::1 /gz25/github/tp_shop/object/index.php/Admin/Type/index.html
INFO: [ app_init ] --START--
INFO: Run Behavior\BuildLiteBehavior [ RunTime:0.000019s ]
INFO: [ app_init ] --END-- [ RunTime:0.000585s ]
INFO: [ app_begin ] --START--
INFO: Run Behavior\ReadHtmlCacheBehavior [ RunTime:0.001052s ]
INFO: [ app_begin ] --END-- [ RunTime:0.001126s ]
SQL: SHOW COLUMNS FROM `shop_type` [ RunTime:0.0010s ]
SQL: SHOW COLUMNS FROM `shop_type` [ RunTime:0.0005s ]
SQL: SELECT `title`,`id`,`name`,`path`,`pid`,concat(path,"-",id) as paths FROM `shop_type` ORDER BY paths  [ RunTime:0.0005s ]
INFO: [ view_parse ] --START--
INFO: [ template_filter ] --START--
INFO: Run Behavior\ContentReplaceBehavior [ RunTime:0.000052s ]
INFO: [ template_filter ] --END-- [ RunTime:0.000115s ]
NOTIC: [8] Undefined variable: cid /Library/WebServer/Documents/gz25/github/tp_shop/object/Application/Runtime/Cache/Admin/3b6e6feb5346d731534a67390cc3c121.php 第 33 行.
NOTIC: [8] Undefined variable: cid /Library/WebServer/Documents/gz25/github/tp_shop/object/Application/Runtime/Cache/Admin/3b6e6feb5346d731534a67390cc3c121.php 第 33 行.
NOTIC: [8] Undefined variable: cid /Library/WebServer/Documents/gz25/github/tp_shop/object/Application/Runtime/Cache/Admin/3b6e6feb5346d731534a67390cc3c121.php 第 33 行.
NOTIC: [8] Undefined variable: cid /Library/WebServer/Documents/gz25/github/tp_shop/object/Application/Runtime/Cache/Admin/3b6e6feb5346d731534a67390cc3c121.php 第 33 行.
NOTIC: [8] Undefined variable: cid /Library/WebServer/Documents/gz25/github/tp_shop/object/Application/Runtime/Cache/Admin/3b6e6feb5346d731534a67390cc3c121.php 第 33 行.
NOTIC: [8] Undefined variable: cid /Library/WebServer/Documents/gz25/github/tp_shop/object/Application/Runtime/Cache/Admin/3b6e6feb5346d731534a67390cc3c121.php 第 33 行.
NOTIC: [8] Undefined variable: cid /Library/WebServer/Documents/gz25/github/tp_shop/object/Application/Runtime/Cache/Admin/3b6e6feb5346d731534a67390cc3c121.php 第 33 行.
NOTIC: [8] Undefined variable: cid /Library/WebServer/Documents/gz25/github/tp_shop/object/Application/Runtime/Cache/Admin/3b6e6feb5346d731534a67390cc3c121.php 第 33 行.
NOTIC: [8] Undefined variable: cid /Library/WebServer/Documents/gz25/github/tp_shop/object/Application/Runtime/Cache/Admin/3b6e6feb5346d731534a67390cc3c121.php 第 33 行.
NOTIC: [8] Undefined variable: cid /Library/WebServer/Documents/gz25/github/tp_shop/object/Application/Runtime/Cache/Admin/3b6e6feb5346d731534a67390cc3c121.php 第 33 行.
NOTIC: [8] Undefined variable: cid /Library/WebServer/Documents/gz25/github/tp_shop/object/Application/Runtime/Cache/Admin/3b6e6feb5346d731534a67390cc3c121.php 第 33 行.
NOTIC: [8] Undefined variable: cid /Library/WebServer/Documents/gz25/github/tp_shop/object/Application/Runtime/Cache/Admin/3b6e6feb5346d731534a67390cc3c121.php 第 33 行.
NOTIC: [8] Undefined variable: cid /Library/WebServer/Documents/gz25/github/tp_shop/object/Application/Runtime/Cache/Admin/3b6e6feb5346d731534a67390cc3c121.php 第 33 行.
NOTIC: [8] Undefined variable: cid /Library/WebServer/Documents/gz25/github/tp_shop/object/Application/Runtime/Cache/Admin/3b6e6feb5346d731534a67390cc3c121.php 第 33 行.
NOTIC: [8] Undefined variable: cid /Library/WebServer/Documents/gz25/github/tp_shop/object/Application/Runtime/Cache/Admin/3b6e6feb5346d731534a67390cc3c121.php 第 33 行.
SQL: SELECT * FROM `shop_type` WHERE `id` = 87 LIMIT 1   [ RunTime:0.0004s ]
SQL: SELECT * FROM `shop_type` WHERE `id` = 87 LIMIT 1   [ RunTime:0.0004s ]
SQL: SELECT * FROM `shop_type` WHERE `id` = 87 LIMIT 1   [ RunTime:0.0004s ]
SQL: SELECT * FROM `shop_type` WHERE `id` = 87 LIMIT 1   [ RunTime:0.0004s ]
SQL: SELECT * FROM `shop_type` WHERE `id` = 87 LIMIT 1   [ RunTime:0.0004s ]
SQL: SELECT * FROM `shop_type` WHERE `id` = 88 LIMIT 1   [ RunTime:0.0004s ]
SQL: SELECT * FROM `shop_type` WHERE `id` = 88 LIMIT 1   [ RunTime:0.0004s ]
SQL: SELECT * FROM `shop_type` WHERE `id` = 88 LIMIT 1   [ RunTime:0.0004s ]
SQL: SELECT * FROM `shop_type` WHERE `id` = 88 LIMIT 1   [ RunTime:0.0007s ]
SQL: SELECT * FROM `shop_type` WHERE `id` = 88 LIMIT 1   [ RunTime:0.0005s ]
SQL: SELECT * FROM `shop_type` WHERE `id` = 88 LIMIT 1   [ RunTime:0.0004s ]
SQL: SELECT * FROM `shop_type` WHERE `id` = 88 LIMIT 1   [ RunTime:0.0009s ]
SQL: SELECT * FROM `shop_type` WHERE `id` = 88 LIMIT 1   [ RunTime:0.0004s ]
INFO: Run Behavior\ParseTemplateBehavior [ RunTime:0.030686s ]
INFO: [ view_parse ] --END-- [ RunTime:0.030717s ]
INFO: [ view_filter ] --START--
INFO: Run Behavior\WriteHtmlCacheBehavior [ RunTime:0.000177s ]
INFO: Run Behavior\TokenBuildBehavior [ RunTime:0.000192s ]
INFO: [ view_filter ] --END-- [ RunTime:0.000415s ]
INFO: [ app_end ] --START--
INFO: Run Behavior\ShowPageTraceBehavior [ RunTime:0.000396s ]
INFO: [ app_end ] --END-- [ RunTime:0.000439s ]

[ 2017-04-14T00:10:32+08:00 ] ::1 /gz25/github/tp_shop/object/index.php/Admin/Goods/index.html
INFO: [ app_init ] --START--
INFO: Run Behavior\BuildLiteBehavior [ RunTime:0.000010s ]
INFO: [ app_init ] --END-- [ RunTime:0.000211s ]
INFO: [ app_begin ] --START--
INFO: Run Behavior\ReadHtmlCacheBehavior [ RunTime:0.000395s ]
INFO: [ app_begin ] --END-- [ RunTime:0.000432s ]
SQL: SHOW COLUMNS FROM `shop_goods` [ RunTime:0.0009s ]
SQL: SELECT * FROM `shop_goods`  [ RunTime:0.0004s ]
INFO: [ view_parse ] --START--
INFO: [ template_filter ] --START--
INFO: Run Behavior\ContentReplaceBehavior [ RunTime:0.000145s ]
INFO: [ template_filter ] --END-- [ RunTime:0.000203s ]
INFO: Run Behavior\ParseTemplateBehavior [ RunTime:0.009814s ]
INFO: [ view_parse ] --END-- [ RunTime:0.009878s ]
INFO: [ view_filter ] --START--
INFO: Run Behavior\WriteHtmlCacheBehavior [ RunTime:0.000146s ]
INFO: Run Behavior\TokenBuildBehavior [ RunTime:0.000222s ]
INFO: [ view_filter ] --END-- [ RunTime:0.000424s ]
INFO: [ app_end ] --START--
INFO: Run Behavior\ShowPageTraceBehavior [ RunTime:0.000609s ]
INFO: [ app_end ] --END-- [ RunTime:0.000693s ]

