[ 2016-11-21T09:58:45+08:00 ] 192.168.42.21 /gitHub/tp_shop/object/
INFO: [ app_init ] --START--
INFO: Run Behavior\BuildLiteBehavior [ RunTime:0.000014s ]
INFO: [ app_init ] --END-- [ RunTime:0.000623s ]
INFO: [ app_begin ] --START--
INFO: Run Behavior\ReadHtmlCacheBehavior [ RunTime:0.000344s ]
INFO: [ app_begin ] --END-- [ RunTime:0.000382s ]
INFO: [ view_parse ] --START--
INFO: [ template_filter ] --START--
INFO: Run Behavior\ContentReplaceBehavior [ RunTime:0.000080s ]
INFO: [ template_filter ] --END-- [ RunTime:0.000155s ]
INFO: Run Behavior\ParseTemplateBehavior [ RunTime:0.024530s ]
INFO: [ view_parse ] --END-- [ RunTime:0.024592s ]
INFO: [ view_filter ] --START--
INFO: Run Behavior\WriteHtmlCacheBehavior [ RunTime:0.000196s ]
INFO: Run Behavior\TokenBuildBehavior [ RunTime:0.000231s ]
INFO: [ view_filter ] --END-- [ RunTime:0.000479s ]
INFO: [ app_end ] --START--
INFO: Run Behavior\ShowPageTraceBehavior [ RunTime:0.000333s ]
INFO: [ app_end ] --END-- [ RunTime:0.000376s ]

[ 2016-11-21T10:01:06+08:00 ] 192.168.42.21 /gitHub/tp_shop/object/index.php/
INFO: [ app_init ] --START--
INFO: Run Behavior\BuildLiteBehavior [ RunTime:0.000031s ]
INFO: [ app_init ] --END-- [ RunTime:0.000330s ]
INFO: [ app_begin ] --START--
INFO: Run Behavior\ReadHtmlCacheBehavior [ RunTime:0.000364s ]
INFO: [ app_begin ] --END-- [ RunTime:0.000403s ]
INFO: [ view_parse ] --START--
INFO: Run Behavior\ParseTemplateBehavior [ RunTime:0.000380s ]
INFO: [ view_parse ] --END-- [ RunTime:0.000489s ]
INFO: [ view_filter ] --START--
INFO: Run Behavior\WriteHtmlCacheBehavior [ RunTime:0.003115s ]
INFO: Run Behavior\TokenBuildBehavior [ RunTime:0.000451s ]
INFO: [ view_filter ] --END-- [ RunTime:0.003680s ]
INFO: [ app_end ] --START--
INFO: Run Behavior\ShowPageTraceBehavior [ RunTime:0.000528s ]
INFO: [ app_end ] --END-- [ RunTime:0.000579s ]

[ 2016-11-21T10:01:20+08:00 ] 192.168.42.21 /gitHub/tp_shop/object/index.php/Home/ShowRegister/register
INFO: [ app_init ] --START--
INFO: Run Behavior\BuildLiteBehavior [ RunTime:0.000052s ]
INFO: [ app_init ] --END-- [ RunTime:0.001996s ]
INFO: [ app_begin ] --START--
INFO: Run Behavior\ReadHtmlCacheBehavior [ RunTime:0.001205s ]
INFO: [ app_begin ] --END-- [ RunTime:0.001364s ]
INFO: [ view_parse ] --START--
INFO: [ template_filter ] --START--
INFO: Run Behavior\ContentReplaceBehavior [ RunTime:0.000236s ]
INFO: [ template_filter ] --END-- [ RunTime:0.000382s ]
INFO: Run Behavior\ParseTemplateBehavior [ RunTime:0.053846s ]
INFO: [ view_parse ] --END-- [ RunTime:0.053908s ]
INFO: [ view_filter ] --START--
INFO: Run Behavior\WriteHtmlCacheBehavior [ RunTime:0.000234s ]
INFO: Run Behavior\TokenBuildBehavior [ RunTime:0.000351s ]
INFO: [ view_filter ] --END-- [ RunTime:0.000733s ]
INFO: [ app_end ] --START--
INFO: Run Behavior\ShowPageTraceBehavior [ RunTime:0.001038s ]
INFO: [ app_end ] --END-- [ RunTime:0.001134s ]

[ 2016-11-21T10:01:27+08:00 ] 192.168.42.21 /gitHub/tp_shop/object/index.php/Home/Login/showlogin.html
INFO: [ app_init ] --START--
INFO: Run Behavior\BuildLiteBehavior [ RunTime:0.000044s ]
INFO: [ app_init ] --END-- [ RunTime:0.000360s ]
INFO: [ app_begin ] --START--
INFO: Run Behavior\ReadHtmlCacheBehavior [ RunTime:0.000602s ]
INFO: [ app_begin ] --END-- [ RunTime:0.000693s ]
INFO: [ view_parse ] --START--
INFO: [ template_filter ] --START--
INFO: Run Behavior\ContentReplaceBehavior [ RunTime:0.000075s ]
INFO: [ template_filter ] --END-- [ RunTime:0.000125s ]
INFO: Run Behavior\ParseTemplateBehavior [ RunTime:0.018228s ]
INFO: [ view_parse ] --END-- [ RunTime:0.018265s ]
INFO: [ view_filter ] --START--
INFO: Run Behavior\WriteHtmlCacheBehavior [ RunTime:0.004516s ]
INFO: Run Behavior\TokenBuildBehavior [ RunTime:0.000362s ]
INFO: [ view_filter ] --END-- [ RunTime:0.004975s ]
INFO: [ app_end ] --START--
INFO: Run Behavior\ShowPageTraceBehavior [ RunTime:0.000601s ]
INFO: [ app_end ] --END-- [ RunTime:0.000669s ]

[ 2016-11-21T19:09:29+08:00 ] 192.168.42.21 /gitHub/tp_shop/object/
INFO: [ app_init ] --START--
INFO: Run Behavior\BuildLiteBehavior [ RunTime:0.000030s ]
INFO: [ app_init ] --END-- [ RunTime:0.010249s ]
INFO: [ app_begin ] --START--
INFO: Run Behavior\ReadHtmlCacheBehavior [ RunTime:0.000727s ]
INFO: [ app_begin ] --END-- [ RunTime:0.000815s ]
INFO: [ view_parse ] --START--
INFO: Run Behavior\ParseTemplateBehavior [ RunTime:0.000335s ]
INFO: [ view_parse ] --END-- [ RunTime:0.000408s ]
INFO: [ view_filter ] --START--
INFO: Run Behavior\WriteHtmlCacheBehavior [ RunTime:0.000440s ]
INFO: Run Behavior\TokenBuildBehavior [ RunTime:0.002731s ]
INFO: [ view_filter ] --END-- [ RunTime:0.003269s ]
INFO: [ app_end ] --START--
INFO: Run Behavior\ShowPageTraceBehavior [ RunTime:0.000641s ]
INFO: [ app_end ] --END-- [ RunTime:0.000697s ]

[ 2016-11-21T19:14:37+08:00 ] 192.168.42.21 /gitHub/tp_shop/object/index.php/Home/ShopCart/show
INFO: [ app_init ] --START--
INFO: Run Behavior\BuildLiteBehavior [ RunTime:0.000039s ]
INFO: [ app_init ] --END-- [ RunTime:0.000382s ]
INFO: [ app_begin ] --START--
INFO: Run Behavior\ReadHtmlCacheBehavior [ RunTime:0.000665s ]
INFO: [ app_begin ] --END-- [ RunTime:0.000731s ]
ERR: 无法加载控制器:ShopCart

[ 2016-11-21T19:14:56+08:00 ] 192.168.42.21 /gitHub/tp_shop/object/index.php/Home/ShopCart/show
INFO: [ app_init ] --START--
INFO: Run Behavior\BuildLiteBehavior [ RunTime:0.000024s ]
INFO: [ app_init ] --END-- [ RunTime:0.032522s ]
INFO: [ app_begin ] --START--
INFO: Run Behavior\ReadHtmlCacheBehavior [ RunTime:0.000596s ]
INFO: [ app_begin ] --END-- [ RunTime:0.000654s ]
ERR: 无法加载控制器:ShopCart

[ 2016-11-21T19:15:06+08:00 ] 192.168.42.21 /gitHub/tp_shop/object/index.php/Home/ShopCart/show
INFO: [ app_init ] --START--
INFO: Run Behavior\BuildLiteBehavior [ RunTime:0.000013s ]
INFO: [ app_init ] --END-- [ RunTime:0.000474s ]
INFO: [ app_begin ] --START--
INFO: Run Behavior\ReadHtmlCacheBehavior [ RunTime:0.001014s ]
INFO: [ app_begin ] --END-- [ RunTime:0.001099s ]
NOTIC: [2048] Declaration of Home\Controller\ShopCartController::show() should be compatible with Think\Controller::show($content, $charset = '', $contentType = '', $prefix = '') /usr/local/apache2/htdocs/gitHub/tp_shop/object/Application/Home/Controller/ShopCartController.class.php 第 15 行.
INFO: [ app_end ] --START--
INFO: Run Behavior\ShowPageTraceBehavior [ RunTime:0.007526s ]
INFO: [ app_end ] --END-- [ RunTime:0.007638s ]

[ 2016-11-21T19:16:06+08:00 ] 192.168.42.21 /gitHub/tp_shop/object/index.php/Home/ShopCart/show
INFO: [ app_init ] --START--
INFO: Run Behavior\BuildLiteBehavior [ RunTime:0.000024s ]
INFO: [ app_init ] --END-- [ RunTime:0.027461s ]
INFO: [ app_begin ] --START--
INFO: Run Behavior\ReadHtmlCacheBehavior [ RunTime:0.017109s ]
INFO: [ app_begin ] --END-- [ RunTime:0.026772s ]
NOTIC: [2048] Declaration of Home\Controller\ShopCartController::show() should be compatible with Think\Controller::show($content, $charset = '', $contentType = '', $prefix = '') /usr/local/apache2/htdocs/gitHub/tp_shop/object/Application/Home/Controller/ShopCartController.class.php 第 15 行.
INFO: [ view_parse ] --START--
INFO: [ template_filter ] --START--
INFO: Run Behavior\ContentReplaceBehavior [ RunTime:0.052978s ]
INFO: [ template_filter ] --END-- [ RunTime:0.053083s ]
INFO: Run Behavior\ParseTemplateBehavior [ RunTime:0.494216s ]
INFO: [ view_parse ] --END-- [ RunTime:0.494322s ]
INFO: [ view_filter ] --START--
INFO: Run Behavior\WriteHtmlCacheBehavior [ RunTime:0.000242s ]
INFO: Run Behavior\TokenBuildBehavior [ RunTime:0.000233s ]
INFO: [ view_filter ] --END-- [ RunTime:0.000533s ]
INFO: [ app_end ] --START--
INFO: Run Behavior\ShowPageTraceBehavior [ RunTime:0.000517s ]
INFO: [ app_end ] --END-- [ RunTime:0.000587s ]

[ 2016-11-21T19:16:06+08:00 ] 192.168.42.21 /gitHub/tp_shop/object/index.php/Home/ShopCart/shopCart_files/saved_resource
INFO: [ app_init ] --START--
INFO: Run Behavior\BuildLiteBehavior [ RunTime:0.000012s ]
INFO: [ app_init ] --END-- [ RunTime:0.000292s ]
INFO: [ app_begin ] --START--
INFO: Run Behavior\ReadHtmlCacheBehavior [ RunTime:0.000336s ]
INFO: [ app_begin ] --END-- [ RunTime:0.000372s ]
NOTIC: [2048] Declaration of Home\Controller\ShopCartController::show() should be compatible with Think\Controller::show($content, $charset = '', $contentType = '', $prefix = '') /usr/local/apache2/htdocs/gitHub/tp_shop/object/Application/Home/Controller/ShopCartController.class.php 第 15 行.
ERR: 非法操作:shopCart_files

[ 2016-11-21T19:16:07+08:00 ] 192.168.42.21 /gitHub/tp_shop/object/index.php/Home/ShopCart/shopCart_files/saved_resource(2)
INFO: [ app_init ] --START--
INFO: Run Behavior\BuildLiteBehavior [ RunTime:0.000021s ]
INFO: [ app_init ] --END-- [ RunTime:0.039232s ]
INFO: [ app_begin ] --START--
INFO: Run Behavior\ReadHtmlCacheBehavior [ RunTime:0.000401s ]
INFO: [ app_begin ] --END-- [ RunTime:0.000456s ]
NOTIC: [2048] Declaration of Home\Controller\ShopCartController::show() should be compatible with Think\Controller::show($content, $charset = '', $contentType = '', $prefix = '') /usr/local/apache2/htdocs/gitHub/tp_shop/object/Application/Home/Controller/ShopCartController.class.php 第 15 行.
ERR: 非法操作:shopCart_files

[ 2016-11-21T19:16:07+08:00 ] 192.168.42.21 /gitHub/tp_shop/object/index.php/Home/ShopCart/shopCart_files/saved_resource(1)
INFO: [ app_init ] --START--
INFO: Run Behavior\BuildLiteBehavior [ RunTime:0.000034s ]
INFO: [ app_init ] --END-- [ RunTime:0.000332s ]
INFO: [ app_begin ] --START--
INFO: Run Behavior\ReadHtmlCacheBehavior [ RunTime:0.036076s ]
INFO: [ app_begin ] --END-- [ RunTime:0.036163s ]
NOTIC: [2048] Declaration of Home\Controller\ShopCartController::show() should be compatible with Think\Controller::show($content, $charset = '', $contentType = '', $prefix = '') /usr/local/apache2/htdocs/gitHub/tp_shop/object/Application/Home/Controller/ShopCartController.class.php 第 15 行.
ERR: 非法操作:shopCart_files

[ 2016-11-21T19:16:07+08:00 ] 192.168.42.21 /gitHub/tp_shop/object/index.php/Home/ShopCart/shopCart_files/hm.js
INFO: [ app_init ] --START--
INFO: Run Behavior\BuildLiteBehavior [ RunTime:0.000016s ]
INFO: [ app_init ] --END-- [ RunTime:0.000438s ]
INFO: [ app_begin ] --START--
INFO: Run Behavior\ReadHtmlCacheBehavior [ RunTime:0.022050s ]
INFO: [ app_begin ] --END-- [ RunTime:0.022126s ]
NOTIC: [2048] Declaration of Home\Controller\ShopCartController::show() should be compatible with Think\Controller::show($content, $charset = '', $contentType = '', $prefix = '') /usr/local/apache2/htdocs/gitHub/tp_shop/object/Application/Home/Controller/ShopCartController.class.php 第 15 行.
ERR: 非法操作:shopCart_files

[ 2016-11-21T19:16:07+08:00 ] 192.168.42.21 /gitHub/tp_shop/object/index.php/Home/ShopCart/shopCart_files/police_black.jpg
INFO: [ app_init ] --START--
INFO: Run Behavior\BuildLiteBehavior [ RunTime:0.000021s ]
INFO: [ app_init ] --END-- [ RunTime:0.000501s ]

[ 2016-11-21T19:16:07+08:00 ] 192.168.42.21 /gitHub/tp_shop/object/index.php/Home/ShopCart/shopCart_files/11711112_7_01--w_50_h_50.jpg
INFO: [ app_init ] --START--
INFO: Run Behavior\BuildLiteBehavior [ RunTime:0.000022s ]
INFO: [ app_init ] --END-- [ RunTime:0.000479s ]

[ 2016-11-21T19:16:07+08:00 ] 192.168.42.21 /gitHub/tp_shop/object/index.php/Home/ShopCart/shopCart_files/ZP1609004_1_01--w_50_h_50.jpg
INFO: [ app_init ] --START--
INFO: Run Behavior\BuildLiteBehavior [ RunTime:0.000019s ]
INFO: [ app_init ] --END-- [ RunTime:0.000497s ]

[ 2016-11-21T19:16:07+08:00 ] 192.168.42.21 /gitHub/tp_shop/object/index.php/Home/ShopCart/shopCart_files/chengxing1.png
INFO: [ app_init ] --START--
INFO: Run Behavior\BuildLiteBehavior [ RunTime:0.000017s ]
INFO: [ app_init ] --END-- [ RunTime:0.000488s ]

[ 2016-11-21T19:16:08+08:00 ] 192.168.42.21 /gitHub/tp_shop/object/index.php/Home/ShopCart/shopCart_files/cn_logo.png
INFO: [ app_init ] --START--
INFO: Run Behavior\BuildLiteBehavior [ RunTime:0.000023s ]
INFO: [ app_init ] --END-- [ RunTime:0.005597s ]

[ 2016-11-21T19:18:22+08:00 ] 192.168.42.21 /gitHub/tp_shop/object/index.php/Home/ShopCart/shopCart_files/saved_resource
INFO: [ app_init ] --START--
INFO: Run Behavior\BuildLiteBehavior [ RunTime:0.000019s ]
INFO: [ app_init ] --END-- [ RunTime:0.001120s ]
INFO: [ app_begin ] --START--
INFO: Run Behavior\ReadHtmlCacheBehavior [ RunTime:0.010175s ]
INFO: [ app_begin ] --END-- [ RunTime:0.010282s ]
NOTIC: [2048] Declaration of Home\Controller\ShopCartController::show() should be compatible with Think\Controller::show($content, $charset = '', $contentType = '', $prefix = '') /usr/local/apache2/htdocs/gitHub/tp_shop/object/Application/Home/Controller/ShopCartController.class.php 第 15 行.
ERR: 非法操作:shopCart_files

[ 2016-11-21T19:19:22+08:00 ] 192.168.42.21 /gitHub/tp_shop/object/index.php/Home/ShopCart/show
INFO: [ app_init ] --START--
INFO: Run Behavior\BuildLiteBehavior [ RunTime:0.000011s ]
INFO: [ app_init ] --END-- [ RunTime:0.000322s ]
INFO: [ app_begin ] --START--
INFO: Run Behavior\ReadHtmlCacheBehavior [ RunTime:0.000692s ]
INFO: [ app_begin ] --END-- [ RunTime:0.000758s ]
NOTIC: [2048] Declaration of Home\Controller\ShopCartController::show() should be compatible with Think\Controller::show($content, $charset = '', $contentType = '', $prefix = '') /usr/local/apache2/htdocs/gitHub/tp_shop/object/Application/Home/Controller/ShopCartController.class.php 第 15 行.
INFO: [ view_parse ] --START--
INFO: [ template_filter ] --START--
INFO: Run Behavior\ContentReplaceBehavior [ RunTime:0.000128s ]
INFO: [ template_filter ] --END-- [ RunTime:0.000192s ]
INFO: Run Behavior\ParseTemplateBehavior [ RunTime:0.015478s ]
INFO: [ view_parse ] --END-- [ RunTime:0.015561s ]
INFO: [ view_filter ] --START--
INFO: Run Behavior\WriteHtmlCacheBehavior [ RunTime:0.011712s ]
INFO: Run Behavior\TokenBuildBehavior [ RunTime:0.000298s ]
INFO: [ view_filter ] --END-- [ RunTime:0.012142s ]
INFO: [ app_end ] --START--
INFO: Run Behavior\ShowPageTraceBehavior [ RunTime:0.000915s ]
INFO: [ app_end ] --END-- [ RunTime:0.001005s ]

[ 2016-11-21T19:19:22+08:00 ] 192.168.42.21 /gitHub/tp_shop/object/index.php/Home/ShopCart/shopCart_files/saved_resource(2)
INFO: [ app_init ] --START--
INFO: Run Behavior\BuildLiteBehavior [ RunTime:0.000021s ]
INFO: [ app_init ] --END-- [ RunTime:0.042705s ]
INFO: [ app_begin ] --START--
INFO: Run Behavior\ReadHtmlCacheBehavior [ RunTime:0.004973s ]
INFO: [ app_begin ] --END-- [ RunTime:0.005051s ]
NOTIC: [2048] Declaration of Home\Controller\ShopCartController::show() should be compatible with Think\Controller::show($content, $charset = '', $contentType = '', $prefix = '') /usr/local/apache2/htdocs/gitHub/tp_shop/object/Application/Home/Controller/ShopCartController.class.php 第 15 行.
ERR: 非法操作:shopCart_files

[ 2016-11-21T19:19:22+08:00 ] 192.168.42.21 /gitHub/tp_shop/object/index.php/Home/ShopCart/shopCart_files/cn_logo.png
INFO: [ app_init ] --START--
INFO: Run Behavior\BuildLiteBehavior [ RunTime:0.000013s ]
INFO: [ app_init ] --END-- [ RunTime:0.000324s ]

[ 2016-11-21T19:19:22+08:00 ] 192.168.42.21 /gitHub/tp_shop/object/index.php/Home/ShopCart/shopCart_files/hm.js
INFO: [ app_init ] --START--
INFO: Run Behavior\BuildLiteBehavior [ RunTime:0.000018s ]
INFO: [ app_init ] --END-- [ RunTime:0.000625s ]
INFO: [ app_begin ] --START--
INFO: Run Behavior\ReadHtmlCacheBehavior [ RunTime:0.000457s ]
INFO: [ app_begin ] --END-- [ RunTime:0.000522s ]
NOTIC: [2048] Declaration of Home\Controller\ShopCartController::show() should be compatible with Think\Controller::show($content, $charset = '', $contentType = '', $prefix = '') /usr/local/apache2/htdocs/gitHub/tp_shop/object/Application/Home/Controller/ShopCartController.class.php 第 15 行.
ERR: 非法操作:shopCart_files

[ 2016-11-21T19:19:23+08:00 ] 192.168.42.21 /gitHub/tp_shop/object/index.php/Home/ShopCart/shopCart_files/11711112_7_01--w_50_h_50.jpg
INFO: [ app_init ] --START--
INFO: Run Behavior\BuildLiteBehavior [ RunTime:0.000013s ]
INFO: [ app_init ] --END-- [ RunTime:0.000281s ]

[ 2016-11-21T19:19:23+08:00 ] 192.168.42.21 /gitHub/tp_shop/object/index.php/Home/ShopCart/shopCart_files/cn_logo.png
INFO: [ app_init ] --START--
INFO: Run Behavior\BuildLiteBehavior [ RunTime:0.000016s ]
INFO: [ app_init ] --END-- [ RunTime:0.000349s ]

[ 2016-11-21T19:19:23+08:00 ] 192.168.42.21 /gitHub/tp_shop/object/index.php/Home/ShopCart/shopCart_files/chengxing1.png
INFO: [ app_init ] --START--
INFO: Run Behavior\BuildLiteBehavior [ RunTime:0.000014s ]
INFO: [ app_init ] --END-- [ RunTime:0.000321s ]

[ 2016-11-21T19:19:23+08:00 ] 192.168.42.21 /gitHub/tp_shop/object/index.php/Home/ShopCart/shopCart_files/ZP1609004_1_01--w_50_h_50.jpg
INFO: [ app_init ] --START--
INFO: Run Behavior\BuildLiteBehavior [ RunTime:0.000118s ]
INFO: [ app_init ] --END-- [ RunTime:0.000523s ]

[ 2016-11-21T19:19:24+08:00 ] 192.168.42.21 /gitHub/tp_shop/object/index.php/Home/ShopCart/shopCart_files/police_black.jpg
INFO: [ app_init ] --START--
INFO: Run Behavior\BuildLiteBehavior [ RunTime:0.000028s ]
INFO: [ app_init ] --END-- [ RunTime:0.000458s ]

[ 2016-11-21T19:19:54+08:00 ] 192.168.42.21 /gitHub/tp_shop/object/index.php/Home/ShopCart/show
INFO: [ app_init ] --START--
INFO: Run Behavior\BuildLiteBehavior [ RunTime:0.000049s ]
INFO: [ app_init ] --END-- [ RunTime:0.000734s ]
INFO: [ app_begin ] --START--
INFO: Run Behavior\ReadHtmlCacheBehavior [ RunTime:0.011209s ]
INFO: [ app_begin ] --END-- [ RunTime:0.011306s ]
NOTIC: [2048] Declaration of Home\Controller\ShopCartController::show() should be compatible with Think\Controller::show($content, $charset = '', $contentType = '', $prefix = '') /usr/local/apache2/htdocs/gitHub/tp_shop/object/Application/Home/Controller/ShopCartController.class.php 第 15 行.
INFO: [ view_parse ] --START--
INFO: [ template_filter ] --START--
INFO: Run Behavior\ContentReplaceBehavior [ RunTime:0.000106s ]
INFO: [ template_filter ] --END-- [ RunTime:0.000159s ]
INFO: Run Behavior\ParseTemplateBehavior [ RunTime:0.025960s ]
INFO: [ view_parse ] --END-- [ RunTime:0.026010s ]
INFO: [ view_filter ] --START--
INFO: Run Behavior\WriteHtmlCacheBehavior [ RunTime:0.000164s ]
INFO: Run Behavior\TokenBuildBehavior [ RunTime:0.000568s ]
INFO: [ view_filter ] --END-- [ RunTime:0.000827s ]
INFO: [ app_end ] --START--
INFO: Run Behavior\ShowPageTraceBehavior [ RunTime:0.001804s ]
INFO: [ app_end ] --END-- [ RunTime:0.001951s ]

[ 2016-11-21T19:19:55+08:00 ] 192.168.42.21 /gitHub/tp_shop/object/index.php/Home/ShopCart/shopCart_files/hm.js
INFO: [ app_init ] --START--
INFO: Run Behavior\BuildLiteBehavior [ RunTime:0.000021s ]
INFO: [ app_init ] --END-- [ RunTime:0.014383s ]
INFO: [ app_begin ] --START--
INFO: Run Behavior\ReadHtmlCacheBehavior [ RunTime:0.000499s ]
INFO: [ app_begin ] --END-- [ RunTime:0.000562s ]
NOTIC: [2048] Declaration of Home\Controller\ShopCartController::show() should be compatible with Think\Controller::show($content, $charset = '', $contentType = '', $prefix = '') /usr/local/apache2/htdocs/gitHub/tp_shop/object/Application/Home/Controller/ShopCartController.class.php 第 15 行.
ERR: 非法操作:shopCart_files

[ 2016-11-21T19:19:55+08:00 ] 192.168.42.21 /gitHub/tp_shop/object/index.php/Home/ShopCart/shopCart_files/police_black.jpg
INFO: [ app_init ] --START--
INFO: Run Behavior\BuildLiteBehavior [ RunTime:0.000015s ]
INFO: [ app_init ] --END-- [ RunTime:0.000338s ]

[ 2016-11-21T19:19:55+08:00 ] 192.168.42.21 /gitHub/tp_shop/object/index.php/Home/ShopCart/shopCart_files/11711112_7_01--w_50_h_50.jpg
INFO: [ app_init ] --START--
INFO: Run Behavior\BuildLiteBehavior [ RunTime:0.000019s ]
INFO: [ app_init ] --END-- [ RunTime:0.000453s ]

[ 2016-11-21T19:19:55+08:00 ] 192.168.42.21 /gitHub/tp_shop/object/index.php/Home/ShopCart/shopCart_files/cn_logo.png
INFO: [ app_init ] --START--
INFO: Run Behavior\BuildLiteBehavior [ RunTime:0.000023s ]
INFO: [ app_init ] --END-- [ RunTime:0.074191s ]

[ 2016-11-21T19:19:55+08:00 ] 192.168.42.21 /gitHub/tp_shop/object/index.php/Home/ShopCart/shopCart_files/chengxing1.png
INFO: [ app_init ] --START--
INFO: Run Behavior\BuildLiteBehavior [ RunTime:0.000025s ]
INFO: [ app_init ] --END-- [ RunTime:0.000743s ]

[ 2016-11-21T19:19:55+08:00 ] 192.168.42.21 /gitHub/tp_shop/object/index.php/Home/ShopCart/shopCart_files/ZP1609004_1_01--w_50_h_50.jpg
INFO: [ app_init ] --START--
INFO: Run Behavior\BuildLiteBehavior [ RunTime:0.000041s ]
INFO: [ app_init ] --END-- [ RunTime:0.000608s ]

[ 2016-11-21T19:20:44+08:00 ] 192.168.42.21 /gitHub/tp_shop/object/index.php/Home/ShopCart/show
INFO: [ app_init ] --START--
INFO: Run Behavior\BuildLiteBehavior [ RunTime:0.000013s ]
INFO: [ app_init ] --END-- [ RunTime:0.000421s ]
INFO: [ app_begin ] --START--
INFO: Run Behavior\ReadHtmlCacheBehavior [ RunTime:0.011119s ]
INFO: [ app_begin ] --END-- [ RunTime:0.011190s ]
NOTIC: [2048] Declaration of Home\Controller\ShopCartController::show() should be compatible with Think\Controller::show($content, $charset = '', $contentType = '', $prefix = '') /usr/local/apache2/htdocs/gitHub/tp_shop/object/Application/Home/Controller/ShopCartController.class.php 第 15 行.
INFO: [ view_parse ] --START--
INFO: [ template_filter ] --START--
INFO: Run Behavior\ContentReplaceBehavior [ RunTime:0.000088s ]
INFO: [ template_filter ] --END-- [ RunTime:0.000139s ]
INFO: Run Behavior\ParseTemplateBehavior [ RunTime:0.014101s ]
INFO: [ view_parse ] --END-- [ RunTime:0.014154s ]
INFO: [ view_filter ] --START--
INFO: Run Behavior\WriteHtmlCacheBehavior [ RunTime:0.000157s ]
INFO: Run Behavior\TokenBuildBehavior [ RunTime:0.000252s ]
INFO: [ view_filter ] --END-- [ RunTime:0.000457s ]
INFO: [ app_end ] --START--
INFO: Run Behavior\ShowPageTraceBehavior [ RunTime:0.001508s ]
INFO: [ app_end ] --END-- [ RunTime:0.001592s ]

[ 2016-11-21T19:20:44+08:00 ] 192.168.42.21 /gitHub/tp_shop/object/index.php/Home/ShopCart/shopCart_files/ZP1609004_1_01--w_50_h_50.jpg
INFO: [ app_init ] --START--
INFO: Run Behavior\BuildLiteBehavior [ RunTime:0.000025s ]
INFO: [ app_init ] --END-- [ RunTime:0.000701s ]

[ 2016-11-21T19:20:44+08:00 ] 192.168.42.21 /gitHub/tp_shop/object/index.php/Home/ShopCart/shopCart_files/police_black.jpg
INFO: [ app_init ] --START--
INFO: Run Behavior\BuildLiteBehavior [ RunTime:0.000023s ]
INFO: [ app_init ] --END-- [ RunTime:0.000492s ]

[ 2016-11-21T19:20:45+08:00 ] 192.168.42.21 /gitHub/tp_shop/object/index.php/Home/ShopCart/shopCart_files/cn_logo.png
INFO: [ app_init ] --START--
INFO: Run Behavior\BuildLiteBehavior [ RunTime:0.000083s ]
INFO: [ app_init ] --END-- [ RunTime:0.084687s ]

[ 2016-11-21T19:20:45+08:00 ] 192.168.42.21 /gitHub/tp_shop/object/index.php/Home/ShopCart/shopCart_files/11711112_7_01--w_50_h_50.jpg
INFO: [ app_init ] --START--
INFO: Run Behavior\BuildLiteBehavior [ RunTime:0.000044s ]
INFO: [ app_init ] --END-- [ RunTime:0.000465s ]

[ 2016-11-21T19:20:45+08:00 ] 192.168.42.21 /gitHub/tp_shop/object/index.php/Home/ShopCart/shopCart_files/chengxing1.png
INFO: [ app_init ] --START--
INFO: Run Behavior\BuildLiteBehavior [ RunTime:0.000014s ]
INFO: [ app_init ] --END-- [ RunTime:0.000336s ]

[ 2016-11-21T19:20:55+08:00 ] 192.168.42.21 /gitHub/tp_shop/object/index.php/Home/ShopCart/show
INFO: [ app_init ] --START--
INFO: Run Behavior\BuildLiteBehavior [ RunTime:0.000016s ]
INFO: [ app_init ] --END-- [ RunTime:0.001071s ]
INFO: [ app_begin ] --START--
INFO: Run Behavior\ReadHtmlCacheBehavior [ RunTime:0.000510s ]
INFO: [ app_begin ] --END-- [ RunTime:0.000567s ]
NOTIC: [2048] Declaration of Home\Controller\ShopCartController::show() should be compatible with Think\Controller::show($content, $charset = '', $contentType = '', $prefix = '') /usr/local/apache2/htdocs/gitHub/tp_shop/object/Application/Home/Controller/ShopCartController.class.php 第 15 行.
INFO: [ view_parse ] --START--
INFO: [ template_filter ] --START--
INFO: Run Behavior\ContentReplaceBehavior [ RunTime:0.000108s ]
INFO: [ template_filter ] --END-- [ RunTime:0.000163s ]
INFO: Run Behavior\ParseTemplateBehavior [ RunTime:0.049754s ]
INFO: [ view_parse ] --END-- [ RunTime:0.049792s ]
INFO: [ view_filter ] --START--
INFO: Run Behavior\WriteHtmlCacheBehavior [ RunTime:0.000140s ]
INFO: Run Behavior\TokenBuildBehavior [ RunTime:0.000293s ]
INFO: [ view_filter ] --END-- [ RunTime:0.000484s ]
INFO: [ app_end ] --START--
INFO: Run Behavior\ShowPageTraceBehavior [ RunTime:0.007497s ]
INFO: [ app_end ] --END-- [ RunTime:0.007570s ]

[ 2016-11-21T19:20:56+08:00 ] 192.168.42.21 /gitHub/tp_shop/object/index.php/Home/ShopCart/shopCart_files/cn_logo.png
INFO: [ app_init ] --START--
INFO: Run Behavior\BuildLiteBehavior [ RunTime:0.000017s ]
INFO: [ app_init ] --END-- [ RunTime:0.000358s ]

[ 2016-11-21T19:20:56+08:00 ] 192.168.42.21 /gitHub/tp_shop/object/index.php/Home/ShopCart/shopCart_files/11711112_7_01--w_50_h_50.jpg
INFO: [ app_init ] --START--
INFO: Run Behavior\BuildLiteBehavior [ RunTime:0.000050s ]
INFO: [ app_init ] --END-- [ RunTime:0.000597s ]

[ 2016-11-21T19:20:56+08:00 ] 192.168.42.21 /gitHub/tp_shop/object/index.php/Home/ShopCart/shopCart_files/ZP1609004_1_01--w_50_h_50.jpg
INFO: [ app_init ] --START--
INFO: Run Behavior\BuildLiteBehavior [ RunTime:0.000014s ]
INFO: [ app_init ] --END-- [ RunTime:0.000302s ]

[ 2016-11-21T19:20:56+08:00 ] 192.168.42.21 /gitHub/tp_shop/object/index.php/Home/ShopCart/shopCart_files/chengxing1.png
INFO: [ app_init ] --START--
INFO: Run Behavior\BuildLiteBehavior [ RunTime:0.000018s ]
INFO: [ app_init ] --END-- [ RunTime:0.000363s ]

[ 2016-11-21T19:20:56+08:00 ] 192.168.42.21 /gitHub/tp_shop/object/index.php/Home/ShopCart/shopCart_files/police_black.jpg
INFO: [ app_init ] --START--
INFO: Run Behavior\BuildLiteBehavior [ RunTime:0.000012s ]
INFO: [ app_init ] --END-- [ RunTime:0.000275s ]

[ 2016-11-21T19:20:56+08:00 ] 192.168.42.21 /gitHub/tp_shop/object/index.php/Home/ShopCart/shopCart_files/11711112_7_01--w_50_h_50.jpg
INFO: [ app_init ] --START--
INFO: Run Behavior\BuildLiteBehavior [ RunTime:0.000030s ]
INFO: [ app_init ] --END-- [ RunTime:0.003637s ]

[ 2016-11-21T19:20:56+08:00 ] 192.168.42.21 /gitHub/tp_shop/object/index.php/Home/ShopCart/shopCart_files/chengxing1.png
INFO: [ app_init ] --START--
INFO: Run Behavior\BuildLiteBehavior [ RunTime:0.000027s ]
INFO: [ app_init ] --END-- [ RunTime:0.000643s ]

[ 2016-11-21T19:20:56+08:00 ] 192.168.42.21 /gitHub/tp_shop/object/index.php/Home/ShopCart/shopCart_files/cn_logo.png
INFO: [ app_init ] --START--
INFO: Run Behavior\BuildLiteBehavior [ RunTime:0.000018s ]
INFO: [ app_init ] --END-- [ RunTime:0.009302s ]

[ 2016-11-21T19:20:56+08:00 ] 192.168.42.21 /gitHub/tp_shop/object/index.php/Home/ShopCart/shopCart_files/ZP1609004_1_01--w_50_h_50.jpg
INFO: [ app_init ] --START--
INFO: Run Behavior\BuildLiteBehavior [ RunTime:0.000013s ]
INFO: [ app_init ] --END-- [ RunTime:0.000342s ]

[ 2016-11-21T19:20:56+08:00 ] 192.168.42.21 /gitHub/tp_shop/object/index.php/Home/ShopCart/shopCart_files/police_black.jpg
INFO: [ app_init ] --START--
INFO: Run Behavior\BuildLiteBehavior [ RunTime:0.000019s ]
INFO: [ app_init ] --END-- [ RunTime:0.026231s ]

[ 2016-11-21T19:22:48+08:00 ] 192.168.42.21 /gitHub/tp_shop/object/index.php/Home/ShopCart/show
INFO: [ app_init ] --START--
INFO: Run Behavior\BuildLiteBehavior [ RunTime:0.000072s ]
INFO: [ app_init ] --END-- [ RunTime:0.000395s ]
INFO: [ app_begin ] --START--
INFO: Run Behavior\ReadHtmlCacheBehavior [ RunTime:0.014949s ]
INFO: [ app_begin ] --END-- [ RunTime:0.015049s ]
NOTIC: [2048] Declaration of Home\Controller\ShopCartController::show() should be compatible with Think\Controller::show($content, $charset = '', $contentType = '', $prefix = '') /usr/local/apache2/htdocs/gitHub/tp_shop/object/Application/Home/Controller/ShopCartController.class.php 第 15 行.
INFO: [ view_parse ] --START--
INFO: [ template_filter ] --START--
INFO: Run Behavior\ContentReplaceBehavior [ RunTime:0.000203s ]
INFO: [ template_filter ] --END-- [ RunTime:0.000293s ]
INFO: Run Behavior\ParseTemplateBehavior [ RunTime:0.080460s ]
INFO: [ view_parse ] --END-- [ RunTime:0.087260s ]
INFO: [ view_filter ] --START--
INFO: Run Behavior\WriteHtmlCacheBehavior [ RunTime:0.000212s ]
INFO: Run Behavior\TokenBuildBehavior [ RunTime:0.000245s ]
INFO: [ view_filter ] --END-- [ RunTime:0.000522s ]
INFO: [ app_end ] --START--
INFO: Run Behavior\ShowPageTraceBehavior [ RunTime:0.003999s ]
INFO: [ app_end ] --END-- [ RunTime:0.004077s ]

[ 2016-11-21T19:22:48+08:00 ] 192.168.42.21 /gitHub/tp_shop/object/index.php/Home/ShopCart/shopCart_files/cn_logo.png
INFO: [ app_init ] --START--
INFO: Run Behavior\BuildLiteBehavior [ RunTime:0.000022s ]
INFO: [ app_init ] --END-- [ RunTime:0.000595s ]

[ 2016-11-21T19:23:12+08:00 ] 192.168.42.21 /gitHub/tp_shop/object/index.php/Home/ShopCart/show
INFO: [ app_init ] --START--
INFO: Run Behavior\BuildLiteBehavior [ RunTime:0.000019s ]
INFO: [ app_init ] --END-- [ RunTime:0.000708s ]
INFO: [ app_begin ] --START--
INFO: Run Behavior\ReadHtmlCacheBehavior [ RunTime:0.000512s ]
INFO: [ app_begin ] --END-- [ RunTime:0.000580s ]
NOTIC: [2048] Declaration of Home\Controller\ShopCartController::show() should be compatible with Think\Controller::show($content, $charset = '', $contentType = '', $prefix = '') /usr/local/apache2/htdocs/gitHub/tp_shop/object/Application/Home/Controller/ShopCartController.class.php 第 15 行.
INFO: [ view_parse ] --START--
INFO: [ template_filter ] --START--
INFO: Run Behavior\ContentReplaceBehavior [ RunTime:0.000085s ]
INFO: [ template_filter ] --END-- [ RunTime:0.000134s ]
INFO: Run Behavior\ParseTemplateBehavior [ RunTime:0.032598s ]
INFO: [ view_parse ] --END-- [ RunTime:0.032650s ]
INFO: [ view_filter ] --START--
INFO: Run Behavior\WriteHtmlCacheBehavior [ RunTime:0.000165s ]
INFO: Run Behavior\TokenBuildBehavior [ RunTime:0.000242s ]
INFO: [ view_filter ] --END-- [ RunTime:0.000458s ]
INFO: [ app_end ] --START--
INFO: Run Behavior\ShowPageTraceBehavior [ RunTime:0.001038s ]
INFO: [ app_end ] --END-- [ RunTime:0.001124s ]

[ 2016-11-21T19:45:22+08:00 ] 192.168.42.21 /gitHub/tp_shop/object/
INFO: [ app_init ] --START--
INFO: Run Behavior\BuildLiteBehavior [ RunTime:0.000012s ]
INFO: [ app_init ] --END-- [ RunTime:0.000293s ]
INFO: [ app_begin ] --START--
INFO: Run Behavior\ReadHtmlCacheBehavior [ RunTime:0.000399s ]
INFO: [ app_begin ] --END-- [ RunTime:0.000444s ]
INFO: [ view_parse ] --START--
INFO: Run Behavior\ParseTemplateBehavior [ RunTime:0.000157s ]
INFO: [ view_parse ] --END-- [ RunTime:0.000201s ]
INFO: [ view_filter ] --START--
INFO: Run Behavior\WriteHtmlCacheBehavior [ RunTime:0.000147s ]
INFO: Run Behavior\TokenBuildBehavior [ RunTime:0.000235s ]
INFO: [ view_filter ] --END-- [ RunTime:0.000439s ]
INFO: [ app_end ] --START--
INFO: Run Behavior\ShowPageTraceBehavior [ RunTime:0.000985s ]
INFO: [ app_end ] --END-- [ RunTime:0.001034s ]

[ 2016-11-21T19:48:23+08:00 ] 192.168.42.21 /gitHub/tp_shop/object/index.php/Home/TestOrder/testshow
INFO: [ app_init ] --START--
INFO: Run Behavior\BuildLiteBehavior [ RunTime:0.000025s ]
INFO: [ app_init ] --END-- [ RunTime:0.000346s ]
INFO: [ app_begin ] --START--
INFO: Run Behavior\ReadHtmlCacheBehavior [ RunTime:0.000625s ]
INFO: [ app_begin ] --END-- [ RunTime:0.000708s ]
ERR: SQLSTATE[42S02]: Base table or view not found: 1146 Table 'vivoshop.shop_test_godds' doesn't exist

[ 2016-11-21T19:48:57+08:00 ] 192.168.42.21 /gitHub/tp_shop/object/index.php/Home/TestOrder/testshow
INFO: [ app_init ] --START--
INFO: Run Behavior\BuildLiteBehavior [ RunTime:0.000025s ]
INFO: [ app_init ] --END-- [ RunTime:0.003737s ]
INFO: [ app_begin ] --START--
INFO: Run Behavior\ReadHtmlCacheBehavior [ RunTime:0.000389s ]
INFO: [ app_begin ] --END-- [ RunTime:0.000445s ]
ERR: SQLSTATE[42S02]: Base table or view not found: 1146 Table 'vivoshop.shop_test_goods' doesn't exist

[ 2016-11-21T19:49:15+08:00 ] 192.168.42.21 /gitHub/tp_shop/object/index.php/Home/TestOrder/testshow
INFO: [ app_init ] --START--
INFO: Run Behavior\BuildLiteBehavior [ RunTime:0.000012s ]
INFO: [ app_init ] --END-- [ RunTime:0.000313s ]
INFO: [ app_begin ] --START--
INFO: Run Behavior\ReadHtmlCacheBehavior [ RunTime:0.000384s ]
INFO: [ app_begin ] --END-- [ RunTime:0.000437s ]
ERR: SQLSTATE[42S02]: Base table or view not found: 1146 Table 'vivoshop.shop_test_goods' doesn't exist

[ 2016-11-21T19:50:35+08:00 ] 192.168.42.21 /gitHub/tp_shop/object/index.php/Home/TestOrder/testshow
INFO: [ app_init ] --START--
INFO: Run Behavior\BuildLiteBehavior [ RunTime:0.000014s ]
INFO: [ app_init ] --END-- [ RunTime:0.000305s ]
INFO: [ app_begin ] --START--
INFO: Run Behavior\ReadHtmlCacheBehavior [ RunTime:0.000389s ]
INFO: [ app_begin ] --END-- [ RunTime:0.000428s ]
ERR: SQLSTATE[42S02]: Base table or view not found: 1146 Table 'vivoshop.shop_test_goods' doesn't exist

[ 2016-11-21T19:51:02+08:00 ] 192.168.42.21 /gitHub/tp_shop/object/index.php/Home/TestOrder/testshow
INFO: [ app_init ] --START--
INFO: Run Behavior\BuildLiteBehavior [ RunTime:0.000017s ]
INFO: [ app_init ] --END-- [ RunTime:0.000358s ]
INFO: [ app_begin ] --START--
INFO: Run Behavior\ReadHtmlCacheBehavior [ RunTime:0.000934s ]
INFO: [ app_begin ] --END-- [ RunTime:0.001005s ]
ERR: SQLSTATE[42S02]: Base table or view not found: 1146 Table 'vivoshop.shop_test_goods' doesn't exist

[ 2016-11-21T19:51:56+08:00 ] 192.168.42.21 /gitHub/tp_shop/object/index.php/Home/TestOrder/testshow
INFO: [ app_init ] --START--
INFO: Run Behavior\BuildLiteBehavior [ RunTime:0.000022s ]
INFO: [ app_init ] --END-- [ RunTime:0.007027s ]
INFO: [ app_begin ] --START--
INFO: Run Behavior\ReadHtmlCacheBehavior [ RunTime:0.000632s ]
INFO: [ app_begin ] --END-- [ RunTime:0.000710s ]
ERR: SQLSTATE[42S02]: Base table or view not found: 1146 Table 'vivoshop.shop_test_goods' doesn't exist

[ 2016-11-21T19:53:45+08:00 ] 192.168.42.21 /gitHub/tp_shop/object/index.php/Home/TestOrder/testshow
INFO: [ app_init ] --START--
INFO: Run Behavior\BuildLiteBehavior [ RunTime:0.000020s ]
INFO: [ app_init ] --END-- [ RunTime:0.001034s ]
INFO: [ app_begin ] --START--
INFO: Run Behavior\ReadHtmlCacheBehavior [ RunTime:0.000734s ]
INFO: [ app_begin ] --END-- [ RunTime:0.000800s ]
SQL: SHOW COLUMNS FROM `shop_goods` [ RunTime:0.0008s ]
ERR: Think\Model:getgoods方法不存在！

[ 2016-11-21T19:54:10+08:00 ] 192.168.42.21 /gitHub/tp_shop/object/index.php/Home/TestOrder/testshow
INFO: [ app_init ] --START--
INFO: Run Behavior\BuildLiteBehavior [ RunTime:0.000016s ]
INFO: [ app_init ] --END-- [ RunTime:0.000339s ]
INFO: [ app_begin ] --START--
INFO: Run Behavior\ReadHtmlCacheBehavior [ RunTime:0.000385s ]
INFO: [ app_begin ] --END-- [ RunTime:0.000429s ]
SQL: SHOW COLUMNS FROM `shop_goods` [ RunTime:0.0013s ]
ERR: Think\Model:getgoods方法不存在！

[ 2016-11-21T19:54:25+08:00 ] 192.168.42.21 /gitHub/tp_shop/object/index.php/Home/TestOrder/testshow
INFO: [ app_init ] --START--
INFO: Run Behavior\BuildLiteBehavior [ RunTime:0.000023s ]
INFO: [ app_init ] --END-- [ RunTime:0.010632s ]
INFO: [ app_begin ] --START--
INFO: Run Behavior\ReadHtmlCacheBehavior [ RunTime:0.000692s ]
INFO: [ app_begin ] --END-- [ RunTime:0.000775s ]
SQL: SHOW COLUMNS FROM `shop_goods` [ RunTime:0.0064s ]
ERR: Think\Model:getgoods方法不存在！

[ 2016-11-21T19:55:01+08:00 ] 192.168.42.21 /gitHub/tp_shop/object/index.php/Home/TestOrder/testshow
INFO: [ app_init ] --START--
INFO: Run Behavior\BuildLiteBehavior [ RunTime:0.000012s ]
INFO: [ app_init ] --END-- [ RunTime:0.000553s ]
INFO: [ app_begin ] --START--
INFO: Run Behavior\ReadHtmlCacheBehavior [ RunTime:0.000578s ]
INFO: [ app_begin ] --END-- [ RunTime:0.000648s ]
SQL: SHOW COLUMNS FROM `shop_goods` [ RunTime:0.0243s ]
SQL: SHOW COLUMNS FROM `shop_goods` [ RunTime:0.0009s ]
SQL: SELECT * FROM `shop_goods`  [ RunTime:0.0007s ]
INFO: [ app_end ] --START--
INFO: Run Behavior\ShowPageTraceBehavior [ RunTime:0.000701s ]
INFO: [ app_end ] --END-- [ RunTime:0.000758s ]

[ 2016-11-21T19:55:20+08:00 ] 192.168.42.21 /gitHub/tp_shop/object/index.php/Home/TestOrder/testshow
INFO: [ app_init ] --START--
INFO: Run Behavior\BuildLiteBehavior [ RunTime:0.000021s ]
INFO: [ app_init ] --END-- [ RunTime:0.004405s ]
INFO: [ app_begin ] --START--
INFO: Run Behavior\ReadHtmlCacheBehavior [ RunTime:0.000501s ]
INFO: [ app_begin ] --END-- [ RunTime:0.000558s ]
SQL: SHOW COLUMNS FROM `shop_goods` [ RunTime:0.0634s ]
SQL: SHOW COLUMNS FROM `shop_goods` [ RunTime:0.0008s ]
SQL: SELECT * FROM `shop_goods`  [ RunTime:0.0002s ]
INFO: [ app_end ] --START--
INFO: Run Behavior\ShowPageTraceBehavior [ RunTime:0.000585s ]
INFO: [ app_end ] --END-- [ RunTime:0.000659s ]

[ 2016-11-21T20:01:16+08:00 ] 192.168.42.21 /gitHub/tp_shop/object/index.php/Home/TestOrder/testshow
INFO: [ app_init ] --START--
INFO: Run Behavior\BuildLiteBehavior [ RunTime:0.000026s ]
INFO: [ app_init ] --END-- [ RunTime:0.023921s ]
INFO: [ app_begin ] --START--
INFO: Run Behavior\ReadHtmlCacheBehavior [ RunTime:0.023022s ]
INFO: [ app_begin ] --END-- [ RunTime:0.028545s ]
SQL: SHOW COLUMNS FROM `shop_goods` [ RunTime:0.0008s ]
SQL: SHOW COLUMNS FROM `shop_goods` [ RunTime:0.0004s ]
SQL: SELECT * FROM `shop_goods`  [ RunTime:0.0050s ]
INFO: [ view_parse ] --START--
INFO: [ template_filter ] --START--
INFO: Run Behavior\ContentReplaceBehavior [ RunTime:0.000077s ]
INFO: [ template_filter ] --END-- [ RunTime:0.000159s ]
INFO: Run Behavior\ParseTemplateBehavior [ RunTime:0.050903s ]
INFO: [ view_parse ] --END-- [ RunTime:0.050990s ]
INFO: [ view_filter ] --START--
INFO: Run Behavior\WriteHtmlCacheBehavior [ RunTime:0.000183s ]
INFO: Run Behavior\TokenBuildBehavior [ RunTime:0.000260s ]
INFO: [ view_filter ] --END-- [ RunTime:0.000510s ]
INFO: [ app_end ] --START--
INFO: Run Behavior\ShowPageTraceBehavior [ RunTime:0.000519s ]
INFO: [ app_end ] --END-- [ RunTime:0.000564s ]

[ 2016-11-21T20:01:27+08:00 ] 192.168.42.21 /gitHub/tp_shop/object/index.php/Home/TestOrder/testshow
INFO: [ app_init ] --START--
INFO: Run Behavior\BuildLiteBehavior [ RunTime:0.006991s ]
INFO: [ app_init ] --END-- [ RunTime:0.022649s ]
INFO: [ app_begin ] --START--
INFO: Run Behavior\ReadHtmlCacheBehavior [ RunTime:0.000593s ]
INFO: [ app_begin ] --END-- [ RunTime:0.000667s ]
SQL: SHOW COLUMNS FROM `shop_goods` [ RunTime:0.0682s ]
SQL: SHOW COLUMNS FROM `shop_goods` [ RunTime:0.0008s ]
SQL: SELECT * FROM `shop_goods`  [ RunTime:0.0004s ]
INFO: [ view_parse ] --START--
INFO: [ template_filter ] --START--
INFO: Run Behavior\ContentReplaceBehavior [ RunTime:0.000049s ]
INFO: [ template_filter ] --END-- [ RunTime:0.000139s ]
INFO: Run Behavior\ParseTemplateBehavior [ RunTime:0.060743s ]
INFO: [ view_parse ] --END-- [ RunTime:0.060820s ]
INFO: [ view_filter ] --START--
INFO: Run Behavior\WriteHtmlCacheBehavior [ RunTime:0.000226s ]
INFO: Run Behavior\TokenBuildBehavior [ RunTime:0.000376s ]
INFO: [ view_filter ] --END-- [ RunTime:0.000679s ]
INFO: [ app_end ] --START--
INFO: Run Behavior\ShowPageTraceBehavior [ RunTime:0.000518s ]
INFO: [ app_end ] --END-- [ RunTime:0.000694s ]

[ 2016-11-21T20:03:01+08:00 ] 192.168.42.21 /gitHub/tp_shop/object/index.php/Home/TestOrder/testshow
INFO: [ app_init ] --START--
INFO: Run Behavior\BuildLiteBehavior [ RunTime:0.000020s ]
INFO: [ app_init ] --END-- [ RunTime:0.000407s ]
INFO: [ app_begin ] --START--
INFO: Run Behavior\ReadHtmlCacheBehavior [ RunTime:0.018813s ]
INFO: [ app_begin ] --END-- [ RunTime:0.018899s ]
SQL: SHOW COLUMNS FROM `shop_goods` [ RunTime:0.0016s ]
SQL: SHOW COLUMNS FROM `shop_goods` [ RunTime:0.0044s ]
SQL: SELECT * FROM `shop_goods`  [ RunTime:0.0007s ]
INFO: [ app_end ] --START--
INFO: Run Behavior\ShowPageTraceBehavior [ RunTime:0.010825s ]
INFO: [ app_end ] --END-- [ RunTime:0.010911s ]

[ 2016-11-21T20:04:19+08:00 ] 192.168.42.21 /gitHub/tp_shop/object/index.php/Home/TestOrder/testshow
INFO: [ app_init ] --START--
INFO: Run Behavior\BuildLiteBehavior [ RunTime:0.000026s ]
INFO: [ app_init ] --END-- [ RunTime:0.013085s ]
INFO: [ app_begin ] --START--
INFO: Run Behavior\ReadHtmlCacheBehavior [ RunTime:0.000548s ]
INFO: [ app_begin ] --END-- [ RunTime:0.000614s ]
SQL: SHOW COLUMNS FROM `shop_goods` [ RunTime:0.0007s ]
SQL: SHOW COLUMNS FROM `shop_goods` [ RunTime:0.0008s ]
SQL: SELECT * FROM `shop_goods`  [ RunTime:0.0003s ]
INFO: [ view_parse ] --START--
INFO: [ template_filter ] --START--
INFO: Run Behavior\ContentReplaceBehavior [ RunTime:0.000058s ]
INFO: [ template_filter ] --END-- [ RunTime:0.000136s ]
INFO: Run Behavior\ParseTemplateBehavior [ RunTime:0.311475s ]
INFO: [ view_parse ] --END-- [ RunTime:0.311564s ]
INFO: [ view_filter ] --START--
INFO: Run Behavior\WriteHtmlCacheBehavior [ RunTime:0.000242s ]
INFO: Run Behavior\TokenBuildBehavior [ RunTime:0.000244s ]
INFO: [ view_filter ] --END-- [ RunTime:0.000570s ]
INFO: [ app_end ] --START--
INFO: Run Behavior\ShowPageTraceBehavior [ RunTime:0.000436s ]
INFO: [ app_end ] --END-- [ RunTime:0.000482s ]

[ 2016-11-21T20:05:16+08:00 ] 192.168.42.21 /gitHub/tp_shop/object/index.php/Home/TestOrder/testshow
INFO: [ app_init ] --START--
INFO: Run Behavior\BuildLiteBehavior [ RunTime:0.000025s ]
INFO: [ app_init ] --END-- [ RunTime:0.005858s ]
INFO: [ app_begin ] --START--
INFO: Run Behavior\ReadHtmlCacheBehavior [ RunTime:0.000493s ]
INFO: [ app_begin ] --END-- [ RunTime:0.000562s ]
SQL: SHOW COLUMNS FROM `shop_goods` [ RunTime:0.0066s ]
SQL: SHOW COLUMNS FROM `shop_goods` [ RunTime:0.0008s ]
SQL: SELECT * FROM `shop_goods`  [ RunTime:0.0004s ]
INFO: [ view_parse ] --START--
INFO: [ template_filter ] --START--
INFO: Run Behavior\ContentReplaceBehavior [ RunTime:0.000072s ]
INFO: [ template_filter ] --END-- [ RunTime:0.000148s ]
INFO: Run Behavior\ParseTemplateBehavior [ RunTime:0.023580s ]
INFO: [ view_parse ] --END-- [ RunTime:0.023662s ]
INFO: [ view_filter ] --START--
INFO: Run Behavior\WriteHtmlCacheBehavior [ RunTime:0.000289s ]
INFO: Run Behavior\TokenBuildBehavior [ RunTime:0.000325s ]
INFO: [ view_filter ] --END-- [ RunTime:0.000704s ]
INFO: [ app_end ] --START--
INFO: Run Behavior\ShowPageTraceBehavior [ RunTime:0.000911s ]
INFO: [ app_end ] --END-- [ RunTime:0.001014s ]

[ 2016-11-21T23:28:34+08:00 ] 192.168.42.21 /gitHub/tp_shop/object/index.php/Home/TestOrder/testshow
INFO: [ app_init ] --START--
INFO: Run Behavior\BuildLiteBehavior [ RunTime:0.000014s ]
INFO: [ app_init ] --END-- [ RunTime:0.000303s ]
INFO: [ app_begin ] --START--
INFO: Run Behavior\ReadHtmlCacheBehavior [ RunTime:0.026343s ]
INFO: [ app_begin ] --END-- [ RunTime:0.027141s ]
SQL: SHOW COLUMNS FROM `shop_goods` [ RunTime:0.0182s ]
SQL: SHOW COLUMNS FROM `shop_goods` [ RunTime:0.0008s ]
SQL: SELECT * FROM `shop_goods`  [ RunTime:0.0004s ]
INFO: [ view_parse ] --START--
INFO: [ template_filter ] --START--
INFO: Run Behavior\ContentReplaceBehavior [ RunTime:0.000427s ]
INFO: [ template_filter ] --END-- [ RunTime:0.000545s ]
INFO: Run Behavior\ParseTemplateBehavior [ RunTime:0.104302s ]
INFO: [ view_parse ] --END-- [ RunTime:0.104397s ]
INFO: [ view_filter ] --START--
INFO: Run Behavior\WriteHtmlCacheBehavior [ RunTime:0.000322s ]
INFO: Run Behavior\TokenBuildBehavior [ RunTime:0.000329s ]
INFO: [ view_filter ] --END-- [ RunTime:0.000718s ]
INFO: [ app_end ] --START--
INFO: Run Behavior\ShowPageTraceBehavior [ RunTime:0.000374s ]
INFO: [ app_end ] --END-- [ RunTime:0.000415s ]

[ 2016-11-21T23:28:40+08:00 ] 192.168.42.21 /gitHub/tp_shop/object/index.php/Home/ShopCart/addSession.html
INFO: [ app_init ] --START--
INFO: Run Behavior\BuildLiteBehavior [ RunTime:0.000026s ]
INFO: [ app_init ] --END-- [ RunTime:0.001195s ]
INFO: [ app_begin ] --START--
INFO: Run Behavior\ReadHtmlCacheBehavior [ RunTime:0.000613s ]
INFO: [ app_begin ] --END-- [ RunTime:0.000683s ]
NOTIC: [2048] Declaration of Home\Controller\ShopCartController::show() should be compatible with Think\Controller::show($content, $charset = '', $contentType = '', $prefix = '') /usr/local/apache2/htdocs/gitHub/tp_shop/object/Application/Home/Controller/ShopCartController.class.php 第 21 行.
INFO: [ app_end ] --START--
INFO: Run Behavior\ShowPageTraceBehavior [ RunTime:0.000572s ]
INFO: [ app_end ] --END-- [ RunTime:0.000624s ]

[ 2016-11-21T23:41:34+08:00 ] 192.168.42.21 /gitHub/tp_shop/object/index.php/Home/TestOrder/testshow
INFO: [ app_init ] --START--
INFO: Run Behavior\BuildLiteBehavior [ RunTime:0.000037s ]
INFO: [ app_init ] --END-- [ RunTime:0.000411s ]
INFO: [ app_begin ] --START--
INFO: Run Behavior\ReadHtmlCacheBehavior [ RunTime:0.000603s ]
INFO: [ app_begin ] --END-- [ RunTime:0.000677s ]

[ 2016-11-21T23:41:54+08:00 ] 192.168.42.21 /gitHub/tp_shop/object/index.php/Home/TestOrder/testshow
INFO: [ app_init ] --START--
INFO: Run Behavior\BuildLiteBehavior [ RunTime:0.000030s ]
INFO: [ app_init ] --END-- [ RunTime:0.013240s ]
INFO: [ app_begin ] --START--
INFO: Run Behavior\ReadHtmlCacheBehavior [ RunTime:0.000780s ]
INFO: [ app_begin ] --END-- [ RunTime:0.000996s ]
SQL: SHOW COLUMNS FROM `shop_goods` [ RunTime:0.0021s ]
SQL: SHOW COLUMNS FROM `shop_goods` [ RunTime:0.0010s ]
NOTIC: [8] Undefined variable: map /usr/local/apache2/htdocs/gitHub/tp_shop/object/Application/Home/Model/TestGoodsModel.class.php 第 15 行.
SQL: SELECT `id`,`name`,`price` FROM `shop_goods`  [ RunTime:0.0005s ]
INFO: [ view_parse ] --START--
INFO: [ template_filter ] --START--
INFO: Run Behavior\ContentReplaceBehavior [ RunTime:0.000070s ]
INFO: [ template_filter ] --END-- [ RunTime:0.000155s ]
INFO: Run Behavior\ParseTemplateBehavior [ RunTime:0.154689s ]
INFO: [ view_parse ] --END-- [ RunTime:0.154761s ]
INFO: [ view_filter ] --START--
INFO: Run Behavior\WriteHtmlCacheBehavior [ RunTime:0.000216s ]
INFO: Run Behavior\TokenBuildBehavior [ RunTime:0.000216s ]
INFO: [ view_filter ] --END-- [ RunTime:0.000497s ]
INFO: [ app_end ] --START--
INFO: Run Behavior\ShowPageTraceBehavior [ RunTime:0.000362s ]
INFO: [ app_end ] --END-- [ RunTime:0.000400s ]

[ 2016-11-21T23:44:00+08:00 ] 192.168.42.21 /gitHub/tp_shop/object/index.php/Home/TestOrder/testshow
INFO: [ app_init ] --START--
INFO: Run Behavior\BuildLiteBehavior [ RunTime:0.000032s ]
INFO: [ app_init ] --END-- [ RunTime:0.034618s ]
INFO: [ app_begin ] --START--
INFO: Run Behavior\ReadHtmlCacheBehavior [ RunTime:0.000556s ]
INFO: [ app_begin ] --END-- [ RunTime:0.000624s ]

[ 2016-11-21T23:44:08+08:00 ] 192.168.42.21 /gitHub/tp_shop/object/index.php/Home/TestOrder/testshow
INFO: [ app_init ] --START--
INFO: Run Behavior\BuildLiteBehavior [ RunTime:0.000014s ]
INFO: [ app_init ] --END-- [ RunTime:0.000322s ]
INFO: [ app_begin ] --START--
INFO: Run Behavior\ReadHtmlCacheBehavior [ RunTime:0.000387s ]
INFO: [ app_begin ] --END-- [ RunTime:0.000426s ]
SQL: SHOW COLUMNS FROM `shop_goods` [ RunTime:0.0049s ]
NOTIC: [2] Missing argument 1 for Home\Model\TestGoodsModel::getAllGoods(), called in /usr/local/apache2/htdocs/gitHub/tp_shop/object/Application/Home/Controller/TestOrderController.class.php on line 13 and defined /usr/local/apache2/htdocs/gitHub/tp_shop/object/Application/Home/Model/TestGoodsModel.class.php 第 11 行.
SQL: SHOW COLUMNS FROM `shop_goods` [ RunTime:0.0007s ]
NOTIC: [8] Undefined variable: id /usr/local/apache2/htdocs/gitHub/tp_shop/object/Application/Home/Model/TestGoodsModel.class.php 第 15 行.
SQL: SELECT `id`,`name`,`price` FROM `shop_goods` WHERE `id` = null  [ RunTime:0.0065s ]
INFO: [ view_parse ] --START--
INFO: [ template_filter ] --START--
INFO: Run Behavior\ContentReplaceBehavior [ RunTime:0.000036s ]
INFO: [ template_filter ] --END-- [ RunTime:0.000120s ]
INFO: Run Behavior\ParseTemplateBehavior [ RunTime:0.052699s ]
INFO: [ view_parse ] --END-- [ RunTime:0.052757s ]
INFO: [ view_filter ] --START--
INFO: Run Behavior\WriteHtmlCacheBehavior [ RunTime:0.000136s ]
INFO: Run Behavior\TokenBuildBehavior [ RunTime:0.000244s ]
INFO: [ view_filter ] --END-- [ RunTime:0.000434s ]
INFO: [ app_end ] --START--
INFO: Run Behavior\ShowPageTraceBehavior [ RunTime:0.000404s ]
INFO: [ app_end ] --END-- [ RunTime:0.000442s ]

[ 2016-11-21T23:44:19+08:00 ] 192.168.42.21 /gitHub/tp_shop/object/index.php/Home/TestOrder/testshow
INFO: [ app_init ] --START--
INFO: Run Behavior\BuildLiteBehavior [ RunTime:0.015126s ]
INFO: [ app_init ] --END-- [ RunTime:0.015791s ]
INFO: [ app_begin ] --START--
INFO: Run Behavior\ReadHtmlCacheBehavior [ RunTime:0.000807s ]
INFO: [ app_begin ] --END-- [ RunTime:0.000927s ]
SQL: SHOW COLUMNS FROM `shop_goods` [ RunTime:0.0012s ]
NOTIC: [2] Missing argument 1 for Home\Model\TestGoodsModel::getAllGoods(), called in /usr/local/apache2/htdocs/gitHub/tp_shop/object/Application/Home/Controller/TestOrderController.class.php on line 13 and defined /usr/local/apache2/htdocs/gitHub/tp_shop/object/Application/Home/Model/TestGoodsModel.class.php 第 11 行.
SQL: SHOW COLUMNS FROM `shop_goods` [ RunTime:0.0010s ]
SQL: SELECT `id`,`name`,`price` FROM `shop_goods`  [ RunTime:0.0006s ]
INFO: [ view_parse ] --START--
INFO: [ template_filter ] --START--
INFO: Run Behavior\ContentReplaceBehavior [ RunTime:0.000083s ]
INFO: [ template_filter ] --END-- [ RunTime:0.000174s ]
INFO: Run Behavior\ParseTemplateBehavior [ RunTime:0.083525s ]
INFO: [ view_parse ] --END-- [ RunTime:0.083590s ]
INFO: [ view_filter ] --START--
INFO: Run Behavior\WriteHtmlCacheBehavior [ RunTime:0.000148s ]
INFO: Run Behavior\TokenBuildBehavior [ RunTime:0.000216s ]
INFO: [ view_filter ] --END-- [ RunTime:0.000435s ]
INFO: [ app_end ] --START--
INFO: Run Behavior\ShowPageTraceBehavior [ RunTime:0.000546s ]
INFO: [ app_end ] --END-- [ RunTime:0.000594s ]

[ 2016-11-21T23:45:16+08:00 ] 192.168.42.21 /gitHub/tp_shop/object/index.php/Home/TestOrder/testshow
INFO: [ app_init ] --START--
INFO: Run Behavior\BuildLiteBehavior [ RunTime:0.000061s ]
INFO: [ app_init ] --END-- [ RunTime:0.014199s ]
INFO: [ app_begin ] --START--
INFO: Run Behavior\ReadHtmlCacheBehavior [ RunTime:0.000940s ]
INFO: [ app_begin ] --END-- [ RunTime:0.001032s ]
SQL: SHOW COLUMNS FROM `shop_goods` [ RunTime:0.0007s ]
NOTIC: [2] Missing argument 1 for Home\Model\TestGoodsModel::getAllGoods(), called in /usr/local/apache2/htdocs/gitHub/tp_shop/object/Application/Home/Controller/TestOrderController.class.php on line 13 and defined /usr/local/apache2/htdocs/gitHub/tp_shop/object/Application/Home/Model/TestGoodsModel.class.php 第 11 行.
SQL: SHOW COLUMNS FROM `shop_goods` [ RunTime:0.0009s ]
SQL: SELECT `id`,`name`,`price` FROM `shop_goods`  [ RunTime:0.0138s ]
INFO: [ view_parse ] --START--
INFO: [ template_filter ] --START--
INFO: Run Behavior\ContentReplaceBehavior [ RunTime:0.000032s ]
INFO: [ template_filter ] --END-- [ RunTime:0.000085s ]

[ 2016-11-21T23:47:12+08:00 ] 192.168.42.21 /gitHub/tp_shop/object/index.php/Home/TestOrder/testshow
INFO: [ app_init ] --START--
INFO: Run Behavior\BuildLiteBehavior [ RunTime:0.000026s ]
INFO: [ app_init ] --END-- [ RunTime:0.016746s ]
INFO: [ app_begin ] --START--
INFO: Run Behavior\ReadHtmlCacheBehavior [ RunTime:0.000608s ]
INFO: [ app_begin ] --END-- [ RunTime:0.000675s ]
SQL: SHOW COLUMNS FROM `shop_goods` [ RunTime:0.0008s ]
NOTIC: [2] Missing argument 1 for Home\Model\TestGoodsModel::getAllGoods(), called in /usr/local/apache2/htdocs/gitHub/tp_shop/object/Application/Home/Controller/TestOrderController.class.php on line 13 and defined /usr/local/apache2/htdocs/gitHub/tp_shop/object/Application/Home/Model/TestGoodsModel.class.php 第 11 行.
SQL: SHOW COLUMNS FROM `shop_goods` [ RunTime:0.0024s ]
SQL: SELECT `id`,`name`,`price` FROM `shop_goods`  [ RunTime:0.0007s ]
INFO: [ view_parse ] --START--
INFO: [ template_filter ] --START--
INFO: Run Behavior\ContentReplaceBehavior [ RunTime:0.000059s ]
INFO: [ template_filter ] --END-- [ RunTime:0.000159s ]

[ 2016-11-21T23:47:51+08:00 ] 192.168.42.21 /gitHub/tp_shop/object/index.php/Home/TestOrder/testshow
INFO: [ app_init ] --START--
INFO: Run Behavior\BuildLiteBehavior [ RunTime:0.000097s ]
INFO: [ app_init ] --END-- [ RunTime:0.000810s ]
INFO: [ app_begin ] --START--
INFO: Run Behavior\ReadHtmlCacheBehavior [ RunTime:0.000738s ]
INFO: [ app_begin ] --END-- [ RunTime:0.000862s ]
SQL: SHOW COLUMNS FROM `shop_goods` [ RunTime:0.0015s ]
NOTIC: [2] Missing argument 1 for Home\Model\TestGoodsModel::getAllGoods(), called in /usr/local/apache2/htdocs/gitHub/tp_shop/object/Application/Home/Controller/TestOrderController.class.php on line 13 and defined /usr/local/apache2/htdocs/gitHub/tp_shop/object/Application/Home/Model/TestGoodsModel.class.php 第 11 行.
SQL: SHOW COLUMNS FROM `shop_goods` [ RunTime:0.0009s ]
SQL: SELECT `id`,`name`,`price` FROM `shop_goods`  [ RunTime:0.0207s ]
INFO: [ view_parse ] --START--
INFO: [ template_filter ] --START--
INFO: Run Behavior\ContentReplaceBehavior [ RunTime:0.000039s ]
INFO: [ template_filter ] --END-- [ RunTime:0.000099s ]

[ 2016-11-21T23:48:15+08:00 ] 192.168.42.21 /gitHub/tp_shop/object/index.php/Home/TestOrder/testshow
INFO: [ app_init ] --START--
INFO: Run Behavior\BuildLiteBehavior [ RunTime:0.000127s ]
INFO: [ app_init ] --END-- [ RunTime:0.010559s ]
INFO: [ app_begin ] --START--
INFO: Run Behavior\ReadHtmlCacheBehavior [ RunTime:0.002269s ]
INFO: [ app_begin ] --END-- [ RunTime:0.002453s ]
SQL: SHOW COLUMNS FROM `shop_goods` [ RunTime:0.0012s ]
NOTIC: [2] Missing argument 1 for Home\Model\TestGoodsModel::getAllGoods(), called in /usr/local/apache2/htdocs/gitHub/tp_shop/object/Application/Home/Controller/TestOrderController.class.php on line 13 and defined /usr/local/apache2/htdocs/gitHub/tp_shop/object/Application/Home/Model/TestGoodsModel.class.php 第 11 行.
SQL: SHOW COLUMNS FROM `shop_goods` [ RunTime:0.0008s ]
SQL: SELECT `id`,`name`,`price` FROM `shop_goods`  [ RunTime:0.0003s ]
INFO: [ view_parse ] --START--
INFO: [ template_filter ] --START--
INFO: Run Behavior\ContentReplaceBehavior [ RunTime:0.000037s ]
INFO: [ template_filter ] --END-- [ RunTime:0.000099s ]

[ 2016-11-21T23:48:45+08:00 ] 192.168.42.21 /gitHub/tp_shop/object/index.php/Home/TestOrder/testshow
INFO: [ app_init ] --START--
INFO: Run Behavior\BuildLiteBehavior [ RunTime:0.000017s ]
INFO: [ app_init ] --END-- [ RunTime:0.000482s ]
INFO: [ app_begin ] --START--
INFO: Run Behavior\ReadHtmlCacheBehavior [ RunTime:0.001089s ]
INFO: [ app_begin ] --END-- [ RunTime:0.001233s ]
SQL: SHOW COLUMNS FROM `shop_goods` [ RunTime:0.0012s ]
NOTIC: [2] Missing argument 1 for Home\Model\TestGoodsModel::getAllGoods(), called in /usr/local/apache2/htdocs/gitHub/tp_shop/object/Application/Home/Controller/TestOrderController.class.php on line 13 and defined /usr/local/apache2/htdocs/gitHub/tp_shop/object/Application/Home/Model/TestGoodsModel.class.php 第 11 行.
SQL: SHOW COLUMNS FROM `shop_goods` [ RunTime:0.0007s ]
SQL: SELECT `id`,`name`,`price` FROM `shop_goods`  [ RunTime:0.0003s ]
INFO: [ view_parse ] --START--
INFO: [ template_filter ] --START--
INFO: Run Behavior\ContentReplaceBehavior [ RunTime:0.000028s ]
INFO: [ template_filter ] --END-- [ RunTime:0.000081s ]
INFO: Run Behavior\ParseTemplateBehavior [ RunTime:0.061486s ]
INFO: [ view_parse ] --END-- [ RunTime:0.061589s ]
INFO: [ view_filter ] --START--
INFO: Run Behavior\WriteHtmlCacheBehavior [ RunTime:0.000279s ]
INFO: Run Behavior\TokenBuildBehavior [ RunTime:0.000439s ]
INFO: [ view_filter ] --END-- [ RunTime:0.000823s ]
INFO: [ app_end ] --START--
INFO: Run Behavior\ShowPageTraceBehavior [ RunTime:0.000371s ]
INFO: [ app_end ] --END-- [ RunTime:0.000410s ]

[ 2016-11-21T23:48:56+08:00 ] 192.168.42.21 /gitHub/tp_shop/object/index.php/Home/TestOrder/testshow
INFO: [ app_init ] --START--
INFO: Run Behavior\BuildLiteBehavior [ RunTime:0.000015s ]
INFO: [ app_init ] --END-- [ RunTime:0.000311s ]
INFO: [ app_begin ] --START--
INFO: Run Behavior\ReadHtmlCacheBehavior [ RunTime:0.000661s ]
INFO: [ app_begin ] --END-- [ RunTime:0.000732s ]
SQL: SHOW COLUMNS FROM `shop_goods` [ RunTime:0.0008s ]
NOTIC: [2] Missing argument 1 for Home\Model\TestGoodsModel::getAllGoods(), called in /usr/local/apache2/htdocs/gitHub/tp_shop/object/Application/Home/Controller/TestOrderController.class.php on line 13 and defined /usr/local/apache2/htdocs/gitHub/tp_shop/object/Application/Home/Model/TestGoodsModel.class.php 第 11 行.
SQL: SHOW COLUMNS FROM `shop_goods` [ RunTime:0.0009s ]
SQL: SELECT `id`,`name`,`price` FROM `shop_goods`  [ RunTime:0.0002s ]
INFO: [ view_parse ] --START--
INFO: [ template_filter ] --START--
INFO: Run Behavior\ContentReplaceBehavior [ RunTime:0.000250s ]
INFO: [ template_filter ] --END-- [ RunTime:0.000337s ]
NOTIC: [8] Array to string conversion /usr/local/apache2/htdocs/gitHub/tp_shop/object/Application/Runtime/Cache/Home/f6d2b8830b51d7858d36d44a599f13a9.php 第 21 行.
NOTIC: [8] Array to string conversion /usr/local/apache2/htdocs/gitHub/tp_shop/object/Application/Runtime/Cache/Home/f6d2b8830b51d7858d36d44a599f13a9.php 第 21 行.
NOTIC: [8] Array to string conversion /usr/local/apache2/htdocs/gitHub/tp_shop/object/Application/Runtime/Cache/Home/f6d2b8830b51d7858d36d44a599f13a9.php 第 21 行.
NOTIC: [8] Array to string conversion /usr/local/apache2/htdocs/gitHub/tp_shop/object/Application/Runtime/Cache/Home/f6d2b8830b51d7858d36d44a599f13a9.php 第 21 行.
NOTIC: [8] Array to string conversion /usr/local/apache2/htdocs/gitHub/tp_shop/object/Application/Runtime/Cache/Home/f6d2b8830b51d7858d36d44a599f13a9.php 第 21 行.
INFO: Run Behavior\ParseTemplateBehavior [ RunTime:0.047538s ]
INFO: [ view_parse ] --END-- [ RunTime:0.047598s ]
INFO: [ view_filter ] --START--
INFO: Run Behavior\WriteHtmlCacheBehavior [ RunTime:0.000244s ]
INFO: Run Behavior\TokenBuildBehavior [ RunTime:0.000262s ]
INFO: [ view_filter ] --END-- [ RunTime:0.000600s ]
INFO: [ app_end ] --START--
INFO: Run Behavior\ShowPageTraceBehavior [ RunTime:0.000434s ]
INFO: [ app_end ] --END-- [ RunTime:0.000480s ]

[ 2016-11-21T23:49:16+08:00 ] 192.168.42.21 /gitHub/tp_shop/object/index.php/Home/TestOrder/testshow
INFO: [ app_init ] --START--
INFO: Run Behavior\BuildLiteBehavior [ RunTime:0.000020s ]
INFO: [ app_init ] --END-- [ RunTime:0.000487s ]
INFO: [ app_begin ] --START--
INFO: Run Behavior\ReadHtmlCacheBehavior [ RunTime:0.000812s ]
INFO: [ app_begin ] --END-- [ RunTime:0.000974s ]
SQL: SHOW COLUMNS FROM `shop_goods` [ RunTime:0.0019s ]
NOTIC: [2] Missing argument 1 for Home\Model\TestGoodsModel::getAllGoods(), called in /usr/local/apache2/htdocs/gitHub/tp_shop/object/Application/Home/Controller/TestOrderController.class.php on line 13 and defined /usr/local/apache2/htdocs/gitHub/tp_shop/object/Application/Home/Model/TestGoodsModel.class.php 第 11 行.
SQL: SHOW COLUMNS FROM `shop_goods` [ RunTime:0.0008s ]
SQL: SELECT `id`,`name`,`price` FROM `shop_goods`  [ RunTime:0.0002s ]
INFO: [ view_parse ] --START--
INFO: [ template_filter ] --START--
INFO: Run Behavior\ContentReplaceBehavior [ RunTime:0.000031s ]
INFO: [ template_filter ] --END-- [ RunTime:0.000091s ]

[ 2016-11-21T23:50:08+08:00 ] 192.168.42.21 /gitHub/tp_shop/object/index.php/Home/TestOrder/testshow
INFO: [ app_init ] --START--
INFO: Run Behavior\BuildLiteBehavior [ RunTime:0.000012s ]
INFO: [ app_init ] --END-- [ RunTime:0.000258s ]
INFO: [ app_begin ] --START--
INFO: Run Behavior\ReadHtmlCacheBehavior [ RunTime:0.000399s ]
INFO: [ app_begin ] --END-- [ RunTime:0.000439s ]
SQL: SHOW COLUMNS FROM `shop_goods` [ RunTime:0.0006s ]
NOTIC: [2] Missing argument 1 for Home\Model\TestGoodsModel::getAllGoods(), called in /usr/local/apache2/htdocs/gitHub/tp_shop/object/Application/Home/Controller/TestOrderController.class.php on line 13 and defined /usr/local/apache2/htdocs/gitHub/tp_shop/object/Application/Home/Model/TestGoodsModel.class.php 第 11 行.
SQL: SHOW COLUMNS FROM `shop_goods` [ RunTime:0.0005s ]
SQL: SELECT `id`,`name`,`price` FROM `shop_goods`  [ RunTime:0.0003s ]
INFO: [ view_parse ] --START--
INFO: [ template_filter ] --START--
INFO: Run Behavior\ContentReplaceBehavior [ RunTime:0.000233s ]
INFO: [ template_filter ] --END-- [ RunTime:0.000317s ]

[ 2016-11-21T23:50:31+08:00 ] 192.168.42.21 /gitHub/tp_shop/object/index.php/Home/TestOrder/testshow
INFO: [ app_init ] --START--
INFO: Run Behavior\BuildLiteBehavior [ RunTime:0.000014s ]
INFO: [ app_init ] --END-- [ RunTime:0.000374s ]
INFO: [ app_begin ] --START--
INFO: Run Behavior\ReadHtmlCacheBehavior [ RunTime:0.000455s ]
INFO: [ app_begin ] --END-- [ RunTime:0.000497s ]
SQL: SHOW COLUMNS FROM `shop_goods` [ RunTime:0.0006s ]
NOTIC: [2] Missing argument 1 for Home\Model\TestGoodsModel::getAllGoods(), called in /usr/local/apache2/htdocs/gitHub/tp_shop/object/Application/Home/Controller/TestOrderController.class.php on line 13 and defined /usr/local/apache2/htdocs/gitHub/tp_shop/object/Application/Home/Model/TestGoodsModel.class.php 第 11 行.
SQL: SHOW COLUMNS FROM `shop_goods` [ RunTime:0.0005s ]
SQL: SELECT `id`,`name`,`price` FROM `shop_goods`  [ RunTime:0.0002s ]
INFO: [ view_parse ] --START--
INFO: [ template_filter ] --START--
INFO: Run Behavior\ContentReplaceBehavior [ RunTime:0.000029s ]
INFO: [ template_filter ] --END-- [ RunTime:0.000177s ]
INFO: Run Behavior\ParseTemplateBehavior [ RunTime:0.005740s ]
INFO: [ view_parse ] --END-- [ RunTime:0.005784s ]
INFO: [ view_filter ] --START--
INFO: Run Behavior\WriteHtmlCacheBehavior [ RunTime:0.000134s ]
INFO: Run Behavior\TokenBuildBehavior [ RunTime:0.000200s ]
INFO: [ view_filter ] --END-- [ RunTime:0.000388s ]
INFO: [ app_end ] --START--
INFO: Run Behavior\ShowPageTraceBehavior [ RunTime:0.000401s ]
INFO: [ app_end ] --END-- [ RunTime:0.000439s ]

[ 2016-11-21T23:52:27+08:00 ] 192.168.42.21 /gitHub/tp_shop/object/index.php/Home/TestOrder/testshow
INFO: [ app_init ] --START--
INFO: Run Behavior\BuildLiteBehavior [ RunTime:0.000049s ]
INFO: [ app_init ] --END-- [ RunTime:0.000410s ]
INFO: [ app_begin ] --START--
INFO: Run Behavior\ReadHtmlCacheBehavior [ RunTime:0.000437s ]
INFO: [ app_begin ] --END-- [ RunTime:0.000494s ]
SQL: SHOW COLUMNS FROM `shop_goods` [ RunTime:0.0007s ]
NOTIC: [2] Missing argument 1 for Home\Model\TestGoodsModel::getAllGoods(), called in /usr/local/apache2/htdocs/gitHub/tp_shop/object/Application/Home/Controller/TestOrderController.class.php on line 13 and defined /usr/local/apache2/htdocs/gitHub/tp_shop/object/Application/Home/Model/TestGoodsModel.class.php 第 11 行.
SQL: SHOW COLUMNS FROM `shop_goods` [ RunTime:0.0005s ]
SQL: SELECT `id`,`name`,`price` FROM `shop_goods`  [ RunTime:0.0048s ]
INFO: [ view_parse ] --START--
INFO: [ template_filter ] --START--
INFO: Run Behavior\ContentReplaceBehavior [ RunTime:0.000029s ]
INFO: [ template_filter ] --END-- [ RunTime:0.000085s ]

[ 2016-11-21T23:52:58+08:00 ] 192.168.42.21 /gitHub/tp_shop/object/index.php/Home/TestOrder/testshow
INFO: [ app_init ] --START--
INFO: Run Behavior\BuildLiteBehavior [ RunTime:0.000019s ]
INFO: [ app_init ] --END-- [ RunTime:0.000493s ]
INFO: [ app_begin ] --START--
INFO: Run Behavior\ReadHtmlCacheBehavior [ RunTime:0.000704s ]
INFO: [ app_begin ] --END-- [ RunTime:0.000779s ]
SQL: SHOW COLUMNS FROM `shop_goods` [ RunTime:0.0007s ]
NOTIC: [2] Missing argument 1 for Home\Model\TestGoodsModel::getAllGoods(), called in /usr/local/apache2/htdocs/gitHub/tp_shop/object/Application/Home/Controller/TestOrderController.class.php on line 13 and defined /usr/local/apache2/htdocs/gitHub/tp_shop/object/Application/Home/Model/TestGoodsModel.class.php 第 11 行.
SQL: SHOW COLUMNS FROM `shop_goods` [ RunTime:0.0005s ]
SQL: SELECT `id`,`name`,`price` FROM `shop_goods`  [ RunTime:0.0003s ]
INFO: [ view_parse ] --START--
INFO: [ template_filter ] --START--
INFO: Run Behavior\ContentReplaceBehavior [ RunTime:0.000034s ]
INFO: [ template_filter ] --END-- [ RunTime:0.000103s ]

[ 2016-11-21T23:53:07+08:00 ] 192.168.42.21 /gitHub/tp_shop/object/index.php/Home/TestOrder/testshow
INFO: [ app_init ] --START--
INFO: Run Behavior\BuildLiteBehavior [ RunTime:0.000012s ]
INFO: [ app_init ] --END-- [ RunTime:0.000300s ]
INFO: [ app_begin ] --START--
INFO: Run Behavior\ReadHtmlCacheBehavior [ RunTime:0.000607s ]
INFO: [ app_begin ] --END-- [ RunTime:0.000726s ]
SQL: SHOW COLUMNS FROM `shop_goods` [ RunTime:0.0011s ]
NOTIC: [2] Missing argument 1 for Home\Model\TestGoodsModel::getAllGoods(), called in /usr/local/apache2/htdocs/gitHub/tp_shop/object/Application/Home/Controller/TestOrderController.class.php on line 13 and defined /usr/local/apache2/htdocs/gitHub/tp_shop/object/Application/Home/Model/TestGoodsModel.class.php 第 11 行.
SQL: SHOW COLUMNS FROM `shop_goods` [ RunTime:0.0009s ]
SQL: SELECT `id`,`name`,`price` FROM `shop_goods`  [ RunTime:0.0002s ]
INFO: [ view_parse ] --START--
INFO: [ template_filter ] --START--
INFO: Run Behavior\ContentReplaceBehavior [ RunTime:0.000031s ]
INFO: [ template_filter ] --END-- [ RunTime:0.000123s ]
NOTIC: [8] Use of undefined constant id - assumed 'id' /usr/local/apache2/htdocs/gitHub/tp_shop/object/Application/Runtime/Cache/Home/f6d2b8830b51d7858d36d44a599f13a9.php 第 21 行.
NOTIC: [8] Array to string conversion /usr/local/apache2/htdocs/gitHub/tp_shop/object/Application/Runtime/Cache/Home/f6d2b8830b51d7858d36d44a599f13a9.php 第 21 行.
NOTIC: [8] Use of undefined constant id - assumed 'id' /usr/local/apache2/htdocs/gitHub/tp_shop/object/Application/Runtime/Cache/Home/f6d2b8830b51d7858d36d44a599f13a9.php 第 21 行.
NOTIC: [8] Array to string conversion /usr/local/apache2/htdocs/gitHub/tp_shop/object/Application/Runtime/Cache/Home/f6d2b8830b51d7858d36d44a599f13a9.php 第 21 行.
NOTIC: [8] Use of undefined constant id - assumed 'id' /usr/local/apache2/htdocs/gitHub/tp_shop/object/Application/Runtime/Cache/Home/f6d2b8830b51d7858d36d44a599f13a9.php 第 21 行.
NOTIC: [8] Array to string conversion /usr/local/apache2/htdocs/gitHub/tp_shop/object/Application/Runtime/Cache/Home/f6d2b8830b51d7858d36d44a599f13a9.php 第 21 行.
NOTIC: [8] Use of undefined constant id - assumed 'id' /usr/local/apache2/htdocs/gitHub/tp_shop/object/Application/Runtime/Cache/Home/f6d2b8830b51d7858d36d44a599f13a9.php 第 21 行.
NOTIC: [8] Array to string conversion /usr/local/apache2/htdocs/gitHub/tp_shop/object/Application/Runtime/Cache/Home/f6d2b8830b51d7858d36d44a599f13a9.php 第 21 行.
NOTIC: [8] Use of undefined constant id - assumed 'id' /usr/local/apache2/htdocs/gitHub/tp_shop/object/Application/Runtime/Cache/Home/f6d2b8830b51d7858d36d44a599f13a9.php 第 21 行.
NOTIC: [8] Array to string conversion /usr/local/apache2/htdocs/gitHub/tp_shop/object/Application/Runtime/Cache/Home/f6d2b8830b51d7858d36d44a599f13a9.php 第 21 行.
INFO: Run Behavior\ParseTemplateBehavior [ RunTime:0.044468s ]
INFO: [ view_parse ] --END-- [ RunTime:0.044508s ]
INFO: [ view_filter ] --START--
INFO: Run Behavior\WriteHtmlCacheBehavior [ RunTime:0.000136s ]
INFO: Run Behavior\TokenBuildBehavior [ RunTime:0.000209s ]
INFO: [ view_filter ] --END-- [ RunTime:0.000416s ]
INFO: [ app_end ] --START--
INFO: Run Behavior\ShowPageTraceBehavior [ RunTime:0.000445s ]
INFO: [ app_end ] --END-- [ RunTime:0.000485s ]

[ 2016-11-21T23:53:56+08:00 ] 192.168.42.21 /gitHub/tp_shop/object/index.php/Home/TestOrder/testshow
INFO: [ app_init ] --START--
INFO: Run Behavior\BuildLiteBehavior [ RunTime:0.000025s ]
INFO: [ app_init ] --END-- [ RunTime:0.001381s ]
INFO: [ app_begin ] --START--
INFO: Run Behavior\ReadHtmlCacheBehavior [ RunTime:0.000674s ]
INFO: [ app_begin ] --END-- [ RunTime:0.000736s ]
SQL: SHOW COLUMNS FROM `shop_goods` [ RunTime:0.0006s ]
NOTIC: [2] Missing argument 1 for Home\Model\TestGoodsModel::getAllGoods(), called in /usr/local/apache2/htdocs/gitHub/tp_shop/object/Application/Home/Controller/TestOrderController.class.php on line 13 and defined /usr/local/apache2/htdocs/gitHub/tp_shop/object/Application/Home/Model/TestGoodsModel.class.php 第 11 行.
SQL: SHOW COLUMNS FROM `shop_goods` [ RunTime:0.0004s ]
SQL: SELECT `id`,`name`,`price` FROM `shop_goods`  [ RunTime:0.0003s ]
INFO: [ view_parse ] --START--
INFO: [ template_filter ] --START--
INFO: Run Behavior\ContentReplaceBehavior [ RunTime:0.000039s ]
INFO: [ template_filter ] --END-- [ RunTime:0.000095s ]

[ 2016-11-21T23:54:47+08:00 ] 192.168.42.21 /gitHub/tp_shop/object/index.php/Home/TestOrder/testshow
INFO: [ app_init ] --START--
INFO: Run Behavior\BuildLiteBehavior [ RunTime:0.000019s ]
INFO: [ app_init ] --END-- [ RunTime:0.000398s ]
INFO: [ app_begin ] --START--
INFO: Run Behavior\ReadHtmlCacheBehavior [ RunTime:0.001028s ]
INFO: [ app_begin ] --END-- [ RunTime:0.001168s ]
SQL: SHOW COLUMNS FROM `shop_goods` [ RunTime:0.0007s ]
NOTIC: [2] Missing argument 1 for Home\Model\TestGoodsModel::getAllGoods(), called in /usr/local/apache2/htdocs/gitHub/tp_shop/object/Application/Home/Controller/TestOrderController.class.php on line 13 and defined /usr/local/apache2/htdocs/gitHub/tp_shop/object/Application/Home/Model/TestGoodsModel.class.php 第 11 行.
SQL: SHOW COLUMNS FROM `shop_goods` [ RunTime:0.0005s ]
SQL: SELECT `id`,`name`,`price` FROM `shop_goods`  [ RunTime:0.0002s ]
INFO: [ view_parse ] --START--
INFO: [ template_filter ] --START--
INFO: Run Behavior\ContentReplaceBehavior [ RunTime:0.000043s ]
INFO: [ template_filter ] --END-- [ RunTime:0.000132s ]

[ 2016-11-21T23:56:16+08:00 ] 192.168.42.21 /gitHub/tp_shop/object/index.php/Home/TestOrder/testshow
INFO: [ app_init ] --START--
INFO: Run Behavior\BuildLiteBehavior [ RunTime:0.000018s ]
INFO: [ app_init ] --END-- [ RunTime:0.000348s ]
INFO: [ app_begin ] --START--
INFO: Run Behavior\ReadHtmlCacheBehavior [ RunTime:0.000485s ]
INFO: [ app_begin ] --END-- [ RunTime:0.000542s ]
SQL: SHOW COLUMNS FROM `shop_goods` [ RunTime:0.0010s ]
NOTIC: [2] Missing argument 1 for Home\Model\TestGoodsModel::getAllGoods(), called in /usr/local/apache2/htdocs/gitHub/tp_shop/object/Application/Home/Controller/TestOrderController.class.php on line 13 and defined /usr/local/apache2/htdocs/gitHub/tp_shop/object/Application/Home/Model/TestGoodsModel.class.php 第 11 行.
SQL: SHOW COLUMNS FROM `shop_goods` [ RunTime:0.0007s ]
SQL: SELECT `id`,`name`,`price` FROM `shop_goods`  [ RunTime:0.0046s ]
INFO: [ view_parse ] --START--
INFO: [ template_filter ] --START--
INFO: Run Behavior\ContentReplaceBehavior [ RunTime:0.000251s ]
INFO: [ template_filter ] --END-- [ RunTime:0.000335s ]

[ 2016-11-21T23:56:44+08:00 ] 192.168.42.21 /gitHub/tp_shop/object/index.php/Home/TestOrder/testshow
INFO: [ app_init ] --START--
INFO: Run Behavior\BuildLiteBehavior [ RunTime:0.000028s ]
INFO: [ app_init ] --END-- [ RunTime:0.002923s ]
INFO: [ app_begin ] --START--
INFO: Run Behavior\ReadHtmlCacheBehavior [ RunTime:0.000546s ]
INFO: [ app_begin ] --END-- [ RunTime:0.000598s ]
SQL: SHOW COLUMNS FROM `shop_goods` [ RunTime:0.0007s ]
NOTIC: [2] Missing argument 1 for Home\Model\TestGoodsModel::getAllGoods(), called in /usr/local/apache2/htdocs/gitHub/tp_shop/object/Application/Home/Controller/TestOrderController.class.php on line 13 and defined /usr/local/apache2/htdocs/gitHub/tp_shop/object/Application/Home/Model/TestGoodsModel.class.php 第 11 行.
SQL: SHOW COLUMNS FROM `shop_goods` [ RunTime:0.0005s ]
SQL: SELECT `id`,`name`,`price` FROM `shop_goods`  [ RunTime:0.0002s ]
INFO: [ view_parse ] --START--
INFO: [ template_filter ] --START--
INFO: Run Behavior\ContentReplaceBehavior [ RunTime:0.000039s ]
INFO: [ template_filter ] --END-- [ RunTime:0.000107s ]
INFO: Run Behavior\ParseTemplateBehavior [ RunTime:0.069473s ]
INFO: [ view_parse ] --END-- [ RunTime:0.069553s ]
INFO: [ view_filter ] --START--
INFO: Run Behavior\WriteHtmlCacheBehavior [ RunTime:0.000247s ]
INFO: Run Behavior\TokenBuildBehavior [ RunTime:0.000386s ]
INFO: [ view_filter ] --END-- [ RunTime:0.000740s ]
INFO: [ app_end ] --START--
INFO: Run Behavior\ShowPageTraceBehavior [ RunTime:0.000809s ]
INFO: [ app_end ] --END-- [ RunTime:0.000902s ]

[ 2016-11-21T23:56:58+08:00 ] 192.168.42.21 /gitHub/tp_shop/object/index.php/Home/TestOrder/testshow
INFO: [ app_init ] --START--
INFO: Run Behavior\BuildLiteBehavior [ RunTime:0.000057s ]
INFO: [ app_init ] --END-- [ RunTime:0.005723s ]
INFO: [ app_begin ] --START--
INFO: Run Behavior\ReadHtmlCacheBehavior [ RunTime:0.014584s ]
INFO: [ app_begin ] --END-- [ RunTime:0.014763s ]
SQL: SHOW COLUMNS FROM `shop_goods` [ RunTime:0.0059s ]
NOTIC: [2] Missing argument 1 for Home\Model\TestGoodsModel::getAllGoods(), called in /usr/local/apache2/htdocs/gitHub/tp_shop/object/Application/Home/Controller/TestOrderController.class.php on line 13 and defined /usr/local/apache2/htdocs/gitHub/tp_shop/object/Application/Home/Model/TestGoodsModel.class.php 第 11 行.
SQL: SHOW COLUMNS FROM `shop_goods` [ RunTime:0.0015s ]
SQL: SELECT `id`,`name`,`price` FROM `shop_goods`  [ RunTime:0.0004s ]
INFO: [ view_parse ] --START--
INFO: [ template_filter ] --START--
INFO: Run Behavior\ContentReplaceBehavior [ RunTime:0.000058s ]
INFO: [ template_filter ] --END-- [ RunTime:0.000152s ]
INFO: Run Behavior\ParseTemplateBehavior [ RunTime:0.065104s ]
INFO: [ view_parse ] --END-- [ RunTime:0.065192s ]
INFO: [ view_filter ] --START--
INFO: Run Behavior\WriteHtmlCacheBehavior [ RunTime:0.000426s ]
INFO: Run Behavior\TokenBuildBehavior [ RunTime:0.000467s ]
INFO: [ view_filter ] --END-- [ RunTime:0.001020s ]
INFO: [ app_end ] --START--
INFO: Run Behavior\ShowPageTraceBehavior [ RunTime:0.001782s ]
INFO: [ app_end ] --END-- [ RunTime:0.001867s ]

[ 2016-11-21T23:57:13+08:00 ] 192.168.42.21 /gitHub/tp_shop/object/index.php/Home/TestOrder/testshow
INFO: [ app_init ] --START--
INFO: Run Behavior\BuildLiteBehavior [ RunTime:0.000018s ]
INFO: [ app_init ] --END-- [ RunTime:0.000439s ]
INFO: [ app_begin ] --START--
INFO: Run Behavior\ReadHtmlCacheBehavior [ RunTime:0.000432s ]
INFO: [ app_begin ] --END-- [ RunTime:0.000486s ]
SQL: SHOW COLUMNS FROM `shop_goods` [ RunTime:0.0007s ]
NOTIC: [2] Missing argument 1 for Home\Model\TestGoodsModel::getAllGoods(), called in /usr/local/apache2/htdocs/gitHub/tp_shop/object/Application/Home/Controller/TestOrderController.class.php on line 13 and defined /usr/local/apache2/htdocs/gitHub/tp_shop/object/Application/Home/Model/TestGoodsModel.class.php 第 11 行.
SQL: SHOW COLUMNS FROM `shop_goods` [ RunTime:0.0005s ]
SQL: SELECT `id`,`name`,`price` FROM `shop_goods`  [ RunTime:0.0002s ]
INFO: [ view_parse ] --START--
INFO: [ template_filter ] --START--
INFO: Run Behavior\ContentReplaceBehavior [ RunTime:0.000031s ]
INFO: [ template_filter ] --END-- [ RunTime:0.000079s ]

[ 2016-11-21T23:57:34+08:00 ] 192.168.42.21 /gitHub/tp_shop/object/index.php/Home/TestOrder/testshow
INFO: [ app_init ] --START--
INFO: Run Behavior\BuildLiteBehavior [ RunTime:0.000014s ]
INFO: [ app_init ] --END-- [ RunTime:0.000393s ]
INFO: [ app_begin ] --START--
INFO: Run Behavior\ReadHtmlCacheBehavior [ RunTime:0.000352s ]
INFO: [ app_begin ] --END-- [ RunTime:0.000392s ]
SQL: SHOW COLUMNS FROM `shop_goods` [ RunTime:0.0009s ]
NOTIC: [2] Missing argument 1 for Home\Model\TestGoodsModel::getAllGoods(), called in /usr/local/apache2/htdocs/gitHub/tp_shop/object/Application/Home/Controller/TestOrderController.class.php on line 13 and defined /usr/local/apache2/htdocs/gitHub/tp_shop/object/Application/Home/Model/TestGoodsModel.class.php 第 11 行.
SQL: SHOW COLUMNS FROM `shop_goods` [ RunTime:0.0005s ]
SQL: SELECT `id`,`name`,`price` FROM `shop_goods`  [ RunTime:0.0002s ]
INFO: [ view_parse ] --START--
INFO: [ template_filter ] --START--
INFO: Run Behavior\ContentReplaceBehavior [ RunTime:0.000028s ]
INFO: [ template_filter ] --END-- [ RunTime:0.000075s ]
INFO: Run Behavior\ParseTemplateBehavior [ RunTime:0.006311s ]
INFO: [ view_parse ] --END-- [ RunTime:0.006357s ]
INFO: [ view_filter ] --START--
INFO: Run Behavior\WriteHtmlCacheBehavior [ RunTime:0.000126s ]
INFO: Run Behavior\TokenBuildBehavior [ RunTime:0.000216s ]
INFO: [ view_filter ] --END-- [ RunTime:0.000399s ]
INFO: [ app_end ] --START--
INFO: Run Behavior\ShowPageTraceBehavior [ RunTime:0.000470s ]
INFO: [ app_end ] --END-- [ RunTime:0.000507s ]

[ 2016-11-21T23:58:33+08:00 ] 192.168.42.21 /gitHub/tp_shop/object/index.php/Home/TestOrder/testshow
INFO: [ app_init ] --START--
INFO: Run Behavior\BuildLiteBehavior [ RunTime:0.000021s ]
INFO: [ app_init ] --END-- [ RunTime:0.000562s ]
INFO: [ app_begin ] --START--
INFO: Run Behavior\ReadHtmlCacheBehavior [ RunTime:0.000508s ]
INFO: [ app_begin ] --END-- [ RunTime:0.000589s ]
SQL: SHOW COLUMNS FROM `shop_goods` [ RunTime:0.0008s ]
NOTIC: [2] Missing argument 1 for Home\Model\TestGoodsModel::getAllGoods(), called in /usr/local/apache2/htdocs/gitHub/tp_shop/object/Application/Home/Controller/TestOrderController.class.php on line 13 and defined /usr/local/apache2/htdocs/gitHub/tp_shop/object/Application/Home/Model/TestGoodsModel.class.php 第 11 行.
SQL: SHOW COLUMNS FROM `shop_goods` [ RunTime:0.0008s ]
SQL: SELECT `id`,`name`,`price` FROM `shop_goods`  [ RunTime:0.0002s ]
INFO: [ view_parse ] --START--
INFO: [ template_filter ] --START--
INFO: Run Behavior\ContentReplaceBehavior [ RunTime:0.000034s ]
INFO: [ template_filter ] --END-- [ RunTime:0.000101s ]
INFO: Run Behavior\ParseTemplateBehavior [ RunTime:0.049255s ]
INFO: [ view_parse ] --END-- [ RunTime:0.049312s ]
INFO: [ view_filter ] --START--
INFO: Run Behavior\WriteHtmlCacheBehavior [ RunTime:0.000185s ]
INFO: Run Behavior\TokenBuildBehavior [ RunTime:0.000255s ]
INFO: [ view_filter ] --END-- [ RunTime:0.000514s ]
INFO: [ app_end ] --START--
INFO: Run Behavior\ShowPageTraceBehavior [ RunTime:0.000879s ]
INFO: [ app_end ] --END-- [ RunTime:0.000921s ]

[ 2016-11-21T23:59:30+08:00 ] 192.168.42.21 /gitHub/tp_shop/object/index.php/Home/ShowCart/addSession
INFO: [ app_init ] --START--
INFO: Run Behavior\BuildLiteBehavior [ RunTime:0.000099s ]
INFO: [ app_init ] --END-- [ RunTime:0.002243s ]
INFO: [ app_begin ] --START--
INFO: Run Behavior\ReadHtmlCacheBehavior [ RunTime:0.000523s ]
INFO: [ app_begin ] --END-- [ RunTime:0.000595s ]
ERR: 无法加载控制器:ShowCart

[ 2016-11-21T23:59:40+08:00 ] 192.168.42.21 /gitHub/tp_shop/object/index.php/Home/ShopCart/addSession
INFO: [ app_init ] --START--
INFO: Run Behavior\BuildLiteBehavior [ RunTime:0.000016s ]
INFO: [ app_init ] --END-- [ RunTime:0.000375s ]
INFO: [ app_begin ] --START--
INFO: Run Behavior\ReadHtmlCacheBehavior [ RunTime:0.000601s ]
INFO: [ app_begin ] --END-- [ RunTime:0.000680s ]
NOTIC: [2048] Declaration of Home\Controller\ShopCartController::show() should be compatible with Think\Controller::show($content, $charset = '', $contentType = '', $prefix = '') /usr/local/apache2/htdocs/gitHub/tp_shop/object/Application/Home/Controller/ShopCartController.class.php 第 22 行.
NOTIC: [8] Undefined variable: data /usr/local/apache2/htdocs/gitHub/tp_shop/object/Application/Home/Controller/ShopCartController.class.php 第 19 行.
INFO: [ app_end ] --START--
INFO: Run Behavior\ShowPageTraceBehavior [ RunTime:0.000404s ]
INFO: [ app_end ] --END-- [ RunTime:0.000458s ]

