[ 2017-04-20T08:27:58+08:00 ] ::1 /gz25/github/tp_shop/object/index.php
INFO: [ app_init ] --START--
INFO: Run Behavior\BuildLiteBehavior [ RunTime:0.000017s ]
INFO: [ app_init ] --END-- [ RunTime:0.000692s ]
INFO: [ app_begin ] --START--
INFO: Run Behavior\ReadHtmlCacheBehavior [ RunTime:0.000598s ]
INFO: [ app_begin ] --END-- [ RunTime:0.000652s ]
INFO: [ view_parse ] --START--
INFO: [ template_filter ] --START--
INFO: Run Behavior\ContentReplaceBehavior [ RunTime:0.000090s ]
INFO: [ template_filter ] --END-- [ RunTime:0.000160s ]
INFO: Run Behavior\ParseTemplateBehavior [ RunTime:0.022139s ]
INFO: [ view_parse ] --END-- [ RunTime:0.022191s ]
INFO: [ view_filter ] --START--
INFO: Run Behavior\WriteHtmlCacheBehavior [ RunTime:0.000428s ]
INFO: Run Behavior\TokenBuildBehavior [ RunTime:0.000456s ]
INFO: [ view_filter ] --END-- [ RunTime:0.000954s ]
INFO: [ app_end ] --START--
INFO: Run Behavior\ShowPageTraceBehavior [ RunTime:0.002314s ]
INFO: [ app_end ] --END-- [ RunTime:0.002419s ]

[ 2017-04-20T08:48:06+08:00 ] ::1 /gz25/github/tp_shop/object/index.php
INFO: [ app_init ] --START--
INFO: Run Behavior\BuildLiteBehavior [ RunTime:0.000010s ]
INFO: [ app_init ] --END-- [ RunTime:0.000209s ]
INFO: [ app_begin ] --START--
INFO: Run Behavior\ReadHtmlCacheBehavior [ RunTime:0.000255s ]
INFO: [ app_begin ] --END-- [ RunTime:0.000285s ]
INFO: [ view_parse ] --START--
INFO: [ template_filter ] --START--
INFO: Run Behavior\ContentReplaceBehavior [ RunTime:0.000123s ]
INFO: [ template_filter ] --END-- [ RunTime:0.000164s ]
INFO: Run Behavior\ParseTemplateBehavior [ RunTime:0.007314s ]
INFO: [ view_parse ] --END-- [ RunTime:0.007345s ]
INFO: [ view_filter ] --START--
INFO: Run Behavior\WriteHtmlCacheBehavior [ RunTime:0.000099s ]
INFO: Run Behavior\TokenBuildBehavior [ RunTime:0.000154s ]
INFO: [ view_filter ] --END-- [ RunTime:0.000290s ]
INFO: [ app_end ] --START--
INFO: Run Behavior\ShowPageTraceBehavior [ RunTime:0.000561s ]
INFO: [ app_end ] --END-- [ RunTime:0.000618s ]

[ 2017-04-20T08:48:16+08:00 ] ::1 /gz25/github/tp_shop/object/index.php
INFO: [ app_init ] --START--
INFO: Run Behavior\BuildLiteBehavior [ RunTime:0.000013s ]
INFO: [ app_init ] --END-- [ RunTime:0.000316s ]
INFO: [ app_begin ] --START--
INFO: Run Behavior\ReadHtmlCacheBehavior [ RunTime:0.000327s ]
INFO: [ app_begin ] --END-- [ RunTime:0.000366s ]
INFO: [ view_parse ] --START--
INFO: [ template_filter ] --START--
INFO: Run Behavior\ContentReplaceBehavior [ RunTime:0.000076s ]
INFO: [ template_filter ] --END-- [ RunTime:0.000108s ]
INFO: Run Behavior\ParseTemplateBehavior [ RunTime:0.007425s ]
INFO: [ view_parse ] --END-- [ RunTime:0.007457s ]
INFO: [ view_filter ] --START--
INFO: Run Behavior\WriteHtmlCacheBehavior [ RunTime:0.000095s ]
INFO: Run Behavior\TokenBuildBehavior [ RunTime:0.000150s ]
INFO: [ view_filter ] --END-- [ RunTime:0.000281s ]
INFO: [ app_end ] --START--
INFO: Run Behavior\ShowPageTraceBehavior [ RunTime:0.000558s ]
INFO: [ app_end ] --END-- [ RunTime:0.000615s ]

[ 2017-04-20T08:48:23+08:00 ] ::1 /gz25/github/tp_shop/object/index.php/Home/Paging/paging.html
INFO: [ app_init ] --START--
INFO: Run Behavior\BuildLiteBehavior [ RunTime:0.000015s ]
INFO: [ app_init ] --END-- [ RunTime:0.000263s ]
INFO: [ app_begin ] --START--
INFO: Run Behavior\ReadHtmlCacheBehavior [ RunTime:0.000280s ]
INFO: [ app_begin ] --END-- [ RunTime:0.000344s ]
SQL: SHOW COLUMNS FROM `shop_goods` [ RunTime:0.0026s ]
SQL: SHOW COLUMNS FROM `shop_type` [ RunTime:0.0027s ]
SQL: SELECT * FROM `shop_type` WHERE ( name='手机' )  [ RunTime:0.0004s ]
SQL: SELECT * FROM `shop_type` WHERE ( pid='87' )  [ RunTime:0.0004s ]
SQL: SELECT * FROM `shop_type` WHERE ( name='手机' )  [ RunTime:0.0003s ]
SQL: SELECT * FROM `shop_type` WHERE ( pid='87' )  [ RunTime:0.0003s ]
NOTIC: [8] Undefined index: id /Library/WebServer/Documents/gz25/github/tp_shop/object/Application/Home/Model/GoodsModel.class.php 第 27 行.
NOTIC: [8] Undefined variable: arr /Library/WebServer/Documents/gz25/github/tp_shop/object/Application/Home/Model/GoodsModel.class.php 第 53 行.
SQL: SELECT * FROM `shop_goods`  [ RunTime:0.0004s ]
INFO: [ view_parse ] --START--
INFO: [ template_filter ] --START--
INFO: Run Behavior\ContentReplaceBehavior [ RunTime:0.000051s ]
INFO: [ template_filter ] --END-- [ RunTime:0.000089s ]
INFO: Run Behavior\ParseTemplateBehavior [ RunTime:0.015002s ]
INFO: [ view_parse ] --END-- [ RunTime:0.015062s ]
INFO: [ view_filter ] --START--
INFO: Run Behavior\WriteHtmlCacheBehavior [ RunTime:0.000171s ]
INFO: Run Behavior\TokenBuildBehavior [ RunTime:0.000276s ]
INFO: [ view_filter ] --END-- [ RunTime:0.000512s ]
INFO: [ app_end ] --START--
INFO: Run Behavior\ShowPageTraceBehavior [ RunTime:0.000988s ]
INFO: [ app_end ] --END-- [ RunTime:0.001059s ]

[ 2017-04-20T08:49:49+08:00 ] ::1 /gz25/github/tp_shop/object/index.php/Home/Paging/paging.html
INFO: [ app_init ] --START--
INFO: Run Behavior\BuildLiteBehavior [ RunTime:0.000012s ]
INFO: [ app_init ] --END-- [ RunTime:0.000348s ]
INFO: [ app_begin ] --START--
INFO: Run Behavior\ReadHtmlCacheBehavior [ RunTime:0.000433s ]
INFO: [ app_begin ] --END-- [ RunTime:0.000486s ]
SQL: SHOW COLUMNS FROM `shop_goods` [ RunTime:0.0006s ]
SQL: SHOW COLUMNS FROM `shop_type` [ RunTime:0.0010s ]
SQL: SELECT * FROM `shop_type` WHERE ( name='手机' )  [ RunTime:0.0005s ]
SQL: SELECT * FROM `shop_type` WHERE ( pid='87' )  [ RunTime:0.0003s ]
SQL: SELECT * FROM `shop_type` WHERE ( name='手机' )  [ RunTime:0.0003s ]
SQL: SELECT * FROM `shop_type` WHERE ( pid='87' )  [ RunTime:0.0003s ]
NOTIC: [8] Undefined index: id /Library/WebServer/Documents/gz25/github/tp_shop/object/Application/Home/Model/GoodsModel.class.php 第 27 行.
NOTIC: [8] Undefined variable: arr /Library/WebServer/Documents/gz25/github/tp_shop/object/Application/Home/Model/GoodsModel.class.php 第 53 行.
SQL: SELECT * FROM `shop_goods`  [ RunTime:0.0003s ]
INFO: [ view_parse ] --START--
INFO: [ template_filter ] --START--
INFO: Run Behavior\ContentReplaceBehavior [ RunTime:0.000056s ]
INFO: [ template_filter ] --END-- [ RunTime:0.000101s ]
INFO: Run Behavior\ParseTemplateBehavior [ RunTime:0.008665s ]
INFO: [ view_parse ] --END-- [ RunTime:0.008697s ]
INFO: [ view_filter ] --START--
INFO: Run Behavior\WriteHtmlCacheBehavior [ RunTime:0.000106s ]
INFO: Run Behavior\TokenBuildBehavior [ RunTime:0.000181s ]
INFO: [ view_filter ] --END-- [ RunTime:0.000325s ]
INFO: [ app_end ] --START--
INFO: Run Behavior\ShowPageTraceBehavior [ RunTime:0.000507s ]
INFO: [ app_end ] --END-- [ RunTime:0.000597s ]

[ 2017-04-20T08:51:28+08:00 ] ::1 /gz25/github/tp_shop/object/index.php/Home/Paging/paging.html
INFO: [ app_init ] --START--
INFO: Run Behavior\BuildLiteBehavior [ RunTime:0.000008s ]
INFO: [ app_init ] --END-- [ RunTime:0.000192s ]
INFO: [ app_begin ] --START--
INFO: Run Behavior\ReadHtmlCacheBehavior [ RunTime:0.000249s ]
INFO: [ app_begin ] --END-- [ RunTime:0.000280s ]
SQL: SHOW COLUMNS FROM `shop_goods` [ RunTime:0.0005s ]
SQL: SHOW COLUMNS FROM `shop_type` [ RunTime:0.0005s ]
SQL: SELECT * FROM `shop_type` WHERE ( name='手机' )  [ RunTime:0.0003s ]
SQL: SELECT * FROM `shop_type` WHERE ( pid='87' )  [ RunTime:0.0003s ]
SQL: SELECT * FROM `shop_type` WHERE ( name='手机' )  [ RunTime:0.0003s ]
SQL: SELECT * FROM `shop_type` WHERE ( pid='87' )  [ RunTime:0.0003s ]
NOTIC: [8] Undefined index: id /Library/WebServer/Documents/gz25/github/tp_shop/object/Application/Home/Model/GoodsModel.class.php 第 27 行.
NOTIC: [8] Undefined variable: arr /Library/WebServer/Documents/gz25/github/tp_shop/object/Application/Home/Model/GoodsModel.class.php 第 53 行.
SQL: SELECT * FROM `shop_goods`  [ RunTime:0.0003s ]
INFO: [ view_parse ] --START--
INFO: [ template_filter ] --START--
INFO: Run Behavior\ContentReplaceBehavior [ RunTime:0.000108s ]
INFO: [ template_filter ] --END-- [ RunTime:0.000201s ]

[ 2017-04-20T08:53:43+08:00 ] ::1 /gz25/github/tp_shop/object/index.php/Home/Paging/paging.html
INFO: [ app_init ] --START--
INFO: Run Behavior\BuildLiteBehavior [ RunTime:0.000008s ]
INFO: [ app_init ] --END-- [ RunTime:0.000191s ]
INFO: [ app_begin ] --START--
INFO: Run Behavior\ReadHtmlCacheBehavior [ RunTime:0.000251s ]
INFO: [ app_begin ] --END-- [ RunTime:0.000281s ]
SQL: SHOW COLUMNS FROM `shop_goods` [ RunTime:0.0005s ]
SQL: SHOW COLUMNS FROM `shop_type` [ RunTime:0.0005s ]
SQL: SELECT * FROM `shop_type` WHERE ( name='手机' )  [ RunTime:0.0003s ]
SQL: SELECT * FROM `shop_type` WHERE ( pid='87' )  [ RunTime:0.0003s ]
SQL: SELECT * FROM `shop_type` WHERE ( name='手机' )  [ RunTime:0.0003s ]
SQL: SELECT * FROM `shop_type` WHERE ( pid='87' )  [ RunTime:0.0005s ]
NOTIC: [8] Undefined index: id /Library/WebServer/Documents/gz25/github/tp_shop/object/Application/Home/Model/GoodsModel.class.php 第 27 行.
NOTIC: [8] Undefined variable: arr /Library/WebServer/Documents/gz25/github/tp_shop/object/Application/Home/Model/GoodsModel.class.php 第 53 行.
SQL: SELECT * FROM `shop_goods`  [ RunTime:0.0008s ]
INFO: [ view_parse ] --START--
INFO: [ template_filter ] --START--
INFO: Run Behavior\ContentReplaceBehavior [ RunTime:0.000061s ]
INFO: [ template_filter ] --END-- [ RunTime:0.000097s ]

[ 2017-04-20T08:58:43+08:00 ] ::1 /gz25/github/tp_shop/object/index.php/Home/Paging/paging.html
INFO: [ app_init ] --START--
INFO: Run Behavior\BuildLiteBehavior [ RunTime:0.000017s ]
INFO: [ app_init ] --END-- [ RunTime:0.000418s ]
INFO: [ app_begin ] --START--
INFO: Run Behavior\ReadHtmlCacheBehavior [ RunTime:0.000297s ]
INFO: [ app_begin ] --END-- [ RunTime:0.000334s ]
SQL: SHOW COLUMNS FROM `shop_goods` [ RunTime:0.0006s ]
SQL: SHOW COLUMNS FROM `shop_type` [ RunTime:0.0005s ]
SQL: SELECT * FROM `shop_type` WHERE ( name='手机' )  [ RunTime:0.0003s ]
SQL: SELECT * FROM `shop_type` WHERE ( pid='87' )  [ RunTime:0.0003s ]
SQL: SELECT * FROM `shop_type` WHERE ( name='手机' )  [ RunTime:0.0003s ]
SQL: SELECT * FROM `shop_type` WHERE ( pid='87' )  [ RunTime:0.0003s ]
NOTIC: [8] Undefined index: id /Library/WebServer/Documents/gz25/github/tp_shop/object/Application/Home/Model/GoodsModel.class.php 第 27 行.
NOTIC: [8] Undefined variable: arr /Library/WebServer/Documents/gz25/github/tp_shop/object/Application/Home/Model/GoodsModel.class.php 第 53 行.
SQL: SELECT * FROM `shop_goods`  [ RunTime:0.0003s ]
INFO: [ view_parse ] --START--
INFO: [ template_filter ] --START--
INFO: Run Behavior\ContentReplaceBehavior [ RunTime:0.000057s ]
INFO: [ template_filter ] --END-- [ RunTime:0.000094s ]

[ 2017-04-20T08:59:11+08:00 ] ::1 /gz25/github/tp_shop/object/index.php/Home/Paging/paging.html
INFO: [ app_init ] --START--
INFO: Run Behavior\BuildLiteBehavior [ RunTime:0.000008s ]
INFO: [ app_init ] --END-- [ RunTime:0.000189s ]
INFO: [ app_begin ] --START--
INFO: Run Behavior\ReadHtmlCacheBehavior [ RunTime:0.000243s ]
INFO: [ app_begin ] --END-- [ RunTime:0.000274s ]
SQL: SHOW COLUMNS FROM `shop_goods` [ RunTime:0.0007s ]
SQL: SHOW COLUMNS FROM `shop_type` [ RunTime:0.0017s ]
SQL: SELECT * FROM `shop_type` WHERE ( name='手机' )  [ RunTime:0.0003s ]
SQL: SELECT * FROM `shop_type` WHERE ( pid='87' )  [ RunTime:0.0003s ]
SQL: SELECT * FROM `shop_type` WHERE ( name='手机' )  [ RunTime:0.0003s ]
SQL: SELECT * FROM `shop_type` WHERE ( pid='87' )  [ RunTime:0.0003s ]
NOTIC: [8] Undefined index: id /Library/WebServer/Documents/gz25/github/tp_shop/object/Application/Home/Model/GoodsModel.class.php 第 27 行.

[ 2017-04-20T08:59:58+08:00 ] ::1 /gz25/github/tp_shop/object/index.php/Home/Paging/paging.html
INFO: [ app_init ] --START--
INFO: Run Behavior\BuildLiteBehavior [ RunTime:0.000014s ]
INFO: [ app_init ] --END-- [ RunTime:0.000313s ]
INFO: [ app_begin ] --START--
INFO: Run Behavior\ReadHtmlCacheBehavior [ RunTime:0.000400s ]
INFO: [ app_begin ] --END-- [ RunTime:0.000449s ]
SQL: SHOW COLUMNS FROM `shop_goods` [ RunTime:0.0006s ]
SQL: SHOW COLUMNS FROM `shop_type` [ RunTime:0.0005s ]
SQL: SELECT * FROM `shop_type` WHERE ( name='手机' )  [ RunTime:0.0003s ]
SQL: SELECT * FROM `shop_type` WHERE ( pid='87' )  [ RunTime:0.0003s ]
SQL: SELECT * FROM `shop_type` WHERE ( name='手机' )  [ RunTime:0.0003s ]
SQL: SELECT * FROM `shop_type` WHERE ( pid='87' )  [ RunTime:0.0003s ]
NOTIC: [8] Undefined index: id /Library/WebServer/Documents/gz25/github/tp_shop/object/Application/Home/Model/GoodsModel.class.php 第 27 行.
NOTIC: [8] Undefined variable: arr /Library/WebServer/Documents/gz25/github/tp_shop/object/Application/Home/Model/GoodsModel.class.php 第 53 行.
SQL: SELECT * FROM `shop_goods`  [ RunTime:0.0003s ]
INFO: [ view_parse ] --START--
INFO: [ template_filter ] --START--
INFO: Run Behavior\ContentReplaceBehavior [ RunTime:0.000058s ]
INFO: [ template_filter ] --END-- [ RunTime:0.000091s ]

[ 2017-04-20T09:05:46+08:00 ] ::1 /gz25/github/tp_shop/object/index.php/Home/Paging/paging.html
INFO: [ app_init ] --START--
INFO: Run Behavior\BuildLiteBehavior [ RunTime:0.000009s ]
INFO: [ app_init ] --END-- [ RunTime:0.000195s ]
INFO: [ app_begin ] --START--
INFO: Run Behavior\ReadHtmlCacheBehavior [ RunTime:0.000247s ]
INFO: [ app_begin ] --END-- [ RunTime:0.000277s ]
SQL: SHOW COLUMNS FROM `shop_goods` [ RunTime:0.0005s ]
SQL: SHOW COLUMNS FROM `shop_type` [ RunTime:0.0004s ]
SQL: SELECT * FROM `shop_type` WHERE ( name='手机' )  [ RunTime:0.0003s ]
SQL: SELECT * FROM `shop_type` WHERE ( pid='87' )  [ RunTime:0.0003s ]
SQL: SELECT * FROM `shop_type` WHERE ( name='手机' )  [ RunTime:0.0003s ]
SQL: SELECT * FROM `shop_type` WHERE ( pid='87' )  [ RunTime:0.0003s ]
NOTIC: [8] Undefined index: id /Library/WebServer/Documents/gz25/github/tp_shop/object/Application/Home/Model/GoodsModel.class.php 第 27 行.
NOTIC: [8] Undefined variable: arr /Library/WebServer/Documents/gz25/github/tp_shop/object/Application/Home/Model/GoodsModel.class.php 第 53 行.
SQL: SELECT * FROM `shop_goods`  [ RunTime:0.0003s ]
INFO: [ view_parse ] --START--
INFO: [ template_filter ] --START--
INFO: Run Behavior\ContentReplaceBehavior [ RunTime:0.000052s ]
INFO: [ template_filter ] --END-- [ RunTime:0.000088s ]
INFO: Run Behavior\ParseTemplateBehavior [ RunTime:0.008908s ]
INFO: [ view_parse ] --END-- [ RunTime:0.008940s ]
INFO: [ view_filter ] --START--
INFO: Run Behavior\WriteHtmlCacheBehavior [ RunTime:0.000108s ]
INFO: Run Behavior\TokenBuildBehavior [ RunTime:0.000180s ]
INFO: [ view_filter ] --END-- [ RunTime:0.000326s ]
INFO: [ app_end ] --START--
INFO: Run Behavior\ShowPageTraceBehavior [ RunTime:0.000657s ]
INFO: [ app_end ] --END-- [ RunTime:0.000743s ]

[ 2017-04-20T09:05:52+08:00 ] ::1 /gz25/github/tp_shop/object/index.php/Home/Goods/index.html
INFO: [ app_init ] --START--
INFO: Run Behavior\BuildLiteBehavior [ RunTime:0.000009s ]
INFO: [ app_init ] --END-- [ RunTime:0.000242s ]
INFO: [ app_begin ] --START--
INFO: Run Behavior\ReadHtmlCacheBehavior [ RunTime:0.000249s ]
INFO: [ app_begin ] --END-- [ RunTime:0.000279s ]
ERR: 无法加载控制器:Goods

[ 2017-04-20T09:06:38+08:00 ] ::1 /gz25/github/tp_shop/object/index.php/Home/Goods/index.html
INFO: [ app_init ] --START--
INFO: Run Behavior\BuildLiteBehavior [ RunTime:0.000015s ]
INFO: [ app_init ] --END-- [ RunTime:0.000308s ]
INFO: [ app_begin ] --START--
INFO: Run Behavior\ReadHtmlCacheBehavior [ RunTime:0.000287s ]
INFO: [ app_begin ] --END-- [ RunTime:0.000323s ]
ERR: 无法加载控制器:Goods

[ 2017-04-20T09:06:44+08:00 ] ::1 /gz25/github/tp_shop/object/index.php/Home/Paging/paging.html
INFO: [ app_init ] --START--
INFO: Run Behavior\BuildLiteBehavior [ RunTime:0.000010s ]
INFO: [ app_init ] --END-- [ RunTime:0.000233s ]
INFO: [ app_begin ] --START--
INFO: Run Behavior\ReadHtmlCacheBehavior [ RunTime:0.000304s ]
INFO: [ app_begin ] --END-- [ RunTime:0.000342s ]
SQL: SHOW COLUMNS FROM `shop_goods` [ RunTime:0.0005s ]
SQL: SHOW COLUMNS FROM `shop_type` [ RunTime:0.0004s ]
SQL: SELECT * FROM `shop_type` WHERE ( name='手机' )  [ RunTime:0.0003s ]
SQL: SELECT * FROM `shop_type` WHERE ( pid='87' )  [ RunTime:0.0003s ]
SQL: SELECT * FROM `shop_type` WHERE ( name='手机' )  [ RunTime:0.0003s ]
SQL: SELECT * FROM `shop_type` WHERE ( pid='87' )  [ RunTime:0.0003s ]
NOTIC: [8] Undefined index: id /Library/WebServer/Documents/gz25/github/tp_shop/object/Application/Home/Model/GoodsModel.class.php 第 27 行.
NOTIC: [8] Undefined variable: arr /Library/WebServer/Documents/gz25/github/tp_shop/object/Application/Home/Model/GoodsModel.class.php 第 53 行.
SQL: SELECT * FROM `shop_goods`  [ RunTime:0.0003s ]
INFO: [ view_parse ] --START--
INFO: [ template_filter ] --START--
INFO: Run Behavior\ContentReplaceBehavior [ RunTime:0.000057s ]
INFO: [ template_filter ] --END-- [ RunTime:0.000103s ]
INFO: Run Behavior\ParseTemplateBehavior [ RunTime:0.013360s ]
INFO: [ view_parse ] --END-- [ RunTime:0.013397s ]
INFO: [ view_filter ] --START--
INFO: Run Behavior\WriteHtmlCacheBehavior [ RunTime:0.000112s ]
INFO: Run Behavior\TokenBuildBehavior [ RunTime:0.000165s ]
INFO: [ view_filter ] --END-- [ RunTime:0.000317s ]
INFO: [ app_end ] --START--
INFO: Run Behavior\ShowPageTraceBehavior [ RunTime:0.000631s ]
INFO: [ app_end ] --END-- [ RunTime:0.000672s ]

[ 2017-04-20T09:06:48+08:00 ] ::1 /gz25/github/tp_shop/object/index.php/Home/Paging/paging.html
INFO: [ app_init ] --START--
INFO: Run Behavior\BuildLiteBehavior [ RunTime:0.000015s ]
INFO: [ app_init ] --END-- [ RunTime:0.000518s ]
INFO: [ app_begin ] --START--
INFO: Run Behavior\ReadHtmlCacheBehavior [ RunTime:0.000318s ]
INFO: [ app_begin ] --END-- [ RunTime:0.000358s ]
SQL: SHOW COLUMNS FROM `shop_goods` [ RunTime:0.0005s ]
SQL: SHOW COLUMNS FROM `shop_type` [ RunTime:0.0004s ]
SQL: SELECT * FROM `shop_type` WHERE ( name='手机' )  [ RunTime:0.0003s ]
SQL: SELECT * FROM `shop_type` WHERE ( pid='87' )  [ RunTime:0.0003s ]
SQL: SELECT * FROM `shop_type` WHERE ( name='手机' )  [ RunTime:0.0003s ]
SQL: SELECT * FROM `shop_type` WHERE ( pid='87' )  [ RunTime:0.0003s ]
NOTIC: [8] Undefined index: id /Library/WebServer/Documents/gz25/github/tp_shop/object/Application/Home/Model/GoodsModel.class.php 第 27 行.
NOTIC: [8] Undefined variable: arr /Library/WebServer/Documents/gz25/github/tp_shop/object/Application/Home/Model/GoodsModel.class.php 第 53 行.
SQL: SELECT * FROM `shop_goods`  [ RunTime:0.0003s ]
INFO: [ view_parse ] --START--
INFO: [ template_filter ] --START--
INFO: Run Behavior\ContentReplaceBehavior [ RunTime:0.000055s ]
INFO: [ template_filter ] --END-- [ RunTime:0.000100s ]
INFO: Run Behavior\ParseTemplateBehavior [ RunTime:0.008324s ]
INFO: [ view_parse ] --END-- [ RunTime:0.008359s ]
INFO: [ view_filter ] --START--
INFO: Run Behavior\WriteHtmlCacheBehavior [ RunTime:0.000107s ]
INFO: Run Behavior\TokenBuildBehavior [ RunTime:0.000216s ]
INFO: [ view_filter ] --END-- [ RunTime:0.000369s ]
INFO: [ app_end ] --START--
INFO: Run Behavior\ShowPageTraceBehavior [ RunTime:0.000577s ]
INFO: [ app_end ] --END-- [ RunTime:0.000655s ]

[ 2017-04-20T09:06:54+08:00 ] ::1 /gz25/github/tp_shop/object/index.php/Home/Paging/paging.html
INFO: [ app_init ] --START--
INFO: Run Behavior\BuildLiteBehavior [ RunTime:0.000014s ]
INFO: [ app_init ] --END-- [ RunTime:0.000399s ]
INFO: [ app_begin ] --START--
INFO: Run Behavior\ReadHtmlCacheBehavior [ RunTime:0.000391s ]
INFO: [ app_begin ] --END-- [ RunTime:0.000449s ]
SQL: SHOW COLUMNS FROM `shop_goods` [ RunTime:0.0005s ]
SQL: SHOW COLUMNS FROM `shop_type` [ RunTime:0.0005s ]
SQL: SELECT * FROM `shop_type` WHERE ( name='手机' )  [ RunTime:0.0003s ]
SQL: SELECT * FROM `shop_type` WHERE ( pid='87' )  [ RunTime:0.0003s ]
SQL: SELECT * FROM `shop_type` WHERE ( name='手机' )  [ RunTime:0.0003s ]
SQL: SELECT * FROM `shop_type` WHERE ( pid='87' )  [ RunTime:0.0003s ]
NOTIC: [8] Undefined index: id /Library/WebServer/Documents/gz25/github/tp_shop/object/Application/Home/Model/GoodsModel.class.php 第 27 行.
NOTIC: [8] Undefined variable: arr /Library/WebServer/Documents/gz25/github/tp_shop/object/Application/Home/Model/GoodsModel.class.php 第 53 行.
SQL: SELECT * FROM `shop_goods`  [ RunTime:0.0003s ]
INFO: [ view_parse ] --START--
INFO: [ template_filter ] --START--
INFO: Run Behavior\ContentReplaceBehavior [ RunTime:0.000057s ]
INFO: [ template_filter ] --END-- [ RunTime:0.000102s ]
INFO: Run Behavior\ParseTemplateBehavior [ RunTime:0.008852s ]
INFO: [ view_parse ] --END-- [ RunTime:0.008883s ]
INFO: [ view_filter ] --START--
INFO: Run Behavior\WriteHtmlCacheBehavior [ RunTime:0.000107s ]
INFO: Run Behavior\TokenBuildBehavior [ RunTime:0.000193s ]
INFO: [ view_filter ] --END-- [ RunTime:0.000337s ]
INFO: [ app_end ] --START--
INFO: Run Behavior\ShowPageTraceBehavior [ RunTime:0.000611s ]
INFO: [ app_end ] --END-- [ RunTime:0.000685s ]

[ 2017-04-20T09:10:40+08:00 ] ::1 /gz25/github/tp_shop/object/index.php/Home/Paging/paging.html
INFO: [ app_init ] --START--
INFO: Run Behavior\BuildLiteBehavior [ RunTime:0.000009s ]
INFO: [ app_init ] --END-- [ RunTime:0.000199s ]
INFO: [ app_begin ] --START--
INFO: Run Behavior\ReadHtmlCacheBehavior [ RunTime:0.000252s ]
INFO: [ app_begin ] --END-- [ RunTime:0.000282s ]
SQL: SHOW COLUMNS FROM `shop_goods` [ RunTime:0.0005s ]
SQL: SHOW COLUMNS FROM `shop_type` [ RunTime:0.0005s ]
SQL: SELECT * FROM `shop_type` WHERE ( name='手机' )  [ RunTime:0.0003s ]
SQL: SELECT * FROM `shop_type` WHERE ( pid='87' )  [ RunTime:0.0003s ]
SQL: SELECT * FROM `shop_type` WHERE ( name='手机' )  [ RunTime:0.0003s ]
SQL: SELECT * FROM `shop_type` WHERE ( pid='87' )  [ RunTime:0.0003s ]
NOTIC: [8] Undefined index: id /Library/WebServer/Documents/gz25/github/tp_shop/object/Application/Home/Model/GoodsModel.class.php 第 27 行.
NOTIC: [8] Undefined variable: goods /Library/WebServer/Documents/gz25/github/tp_shop/object/Application/Home/Model/GoodsModel.class.php 第 54 行.

[ 2017-04-20T09:11:24+08:00 ] ::1 /gz25/github/tp_shop/object/index.php/Home/Paging/paging.html
INFO: [ app_init ] --START--
INFO: Run Behavior\BuildLiteBehavior [ RunTime:0.000008s ]
INFO: [ app_init ] --END-- [ RunTime:0.000188s ]
INFO: [ app_begin ] --START--
INFO: Run Behavior\ReadHtmlCacheBehavior [ RunTime:0.000252s ]
INFO: [ app_begin ] --END-- [ RunTime:0.000284s ]
SQL: SHOW COLUMNS FROM `shop_goods` [ RunTime:0.0008s ]
SQL: SHOW COLUMNS FROM `shop_type` [ RunTime:0.0014s ]
SQL: SELECT * FROM `shop_type` WHERE ( name='手机' )  [ RunTime:0.0003s ]
SQL: SELECT * FROM `shop_type` WHERE ( pid='87' )  [ RunTime:0.0003s ]
SQL: SELECT * FROM `shop_type` WHERE ( name='手机' )  [ RunTime:0.0003s ]
SQL: SELECT * FROM `shop_type` WHERE ( pid='87' )  [ RunTime:0.0003s ]
NOTIC: [8] Undefined index: id /Library/WebServer/Documents/gz25/github/tp_shop/object/Application/Home/Model/GoodsModel.class.php 第 27 行.
NOTIC: [8] Undefined variable: goods /Library/WebServer/Documents/gz25/github/tp_shop/object/Application/Home/Model/GoodsModel.class.php 第 54 行.

[ 2017-04-20T09:12:15+08:00 ] ::1 /gz25/github/tp_shop/object/index.php/Home/Paging/paging.html
INFO: [ app_init ] --START--
INFO: Run Behavior\BuildLiteBehavior [ RunTime:0.000011s ]
INFO: [ app_init ] --END-- [ RunTime:0.000359s ]
INFO: [ app_begin ] --START--
INFO: Run Behavior\ReadHtmlCacheBehavior [ RunTime:0.000283s ]
INFO: [ app_begin ] --END-- [ RunTime:0.000316s ]
SQL: SHOW COLUMNS FROM `shop_goods` [ RunTime:0.0007s ]
SQL: SHOW COLUMNS FROM `shop_type` [ RunTime:0.0005s ]
SQL: SELECT * FROM `shop_type` WHERE ( name='手机' )  [ RunTime:0.0003s ]
SQL: SELECT * FROM `shop_type` WHERE ( pid='87' )  [ RunTime:0.0004s ]
SQL: SELECT * FROM `shop_type` WHERE ( name='手机' )  [ RunTime:0.0004s ]
SQL: SELECT * FROM `shop_type` WHERE ( pid='87' )  [ RunTime:0.0006s ]
NOTIC: [8] Undefined index: id /Library/WebServer/Documents/gz25/github/tp_shop/object/Application/Home/Model/GoodsModel.class.php 第 27 行.
SQL: SELECT * FROM `shop_goods` WHERE `status` = 0  [ RunTime:0.0003s ]
INFO: [ view_parse ] --START--
INFO: [ template_filter ] --START--
INFO: Run Behavior\ContentReplaceBehavior [ RunTime:0.000067s ]
INFO: [ template_filter ] --END-- [ RunTime:0.000125s ]

[ 2017-04-20T09:14:14+08:00 ] ::1 /gz25/github/tp_shop/object/index.php/Home/Paging/paging.html
INFO: [ app_init ] --START--
INFO: Run Behavior\BuildLiteBehavior [ RunTime:0.000008s ]
INFO: [ app_init ] --END-- [ RunTime:0.000190s ]
INFO: [ app_begin ] --START--
INFO: Run Behavior\ReadHtmlCacheBehavior [ RunTime:0.000244s ]
INFO: [ app_begin ] --END-- [ RunTime:0.000274s ]
SQL: SHOW COLUMNS FROM `shop_goods` [ RunTime:0.0005s ]
SQL: SHOW COLUMNS FROM `shop_type` [ RunTime:0.0004s ]
SQL: SELECT * FROM `shop_type` WHERE ( name='手机' )  [ RunTime:0.0003s ]
SQL: SELECT * FROM `shop_type` WHERE ( pid='87' )  [ RunTime:0.0003s ]
SQL: SELECT * FROM `shop_type` WHERE ( name='手机' )  [ RunTime:0.0003s ]
SQL: SELECT * FROM `shop_type` WHERE ( pid='87' )  [ RunTime:0.0003s ]
NOTIC: [8] Undefined index: id /Library/WebServer/Documents/gz25/github/tp_shop/object/Application/Home/Model/GoodsModel.class.php 第 27 行.
SQL: SELECT * FROM `shop_goods` WHERE `status` = 0  [ RunTime:0.0003s ]
INFO: [ view_parse ] --START--
INFO: [ template_filter ] --START--
INFO: Run Behavior\ContentReplaceBehavior [ RunTime:0.000051s ]
INFO: [ template_filter ] --END-- [ RunTime:0.000083s ]

[ 2017-04-20T09:15:37+08:00 ] ::1 /gz25/github/tp_shop/object/index.php/Home/Paging/paging.html
INFO: [ app_init ] --START--
INFO: Run Behavior\BuildLiteBehavior [ RunTime:0.000008s ]
INFO: [ app_init ] --END-- [ RunTime:0.000189s ]
INFO: [ app_begin ] --START--
INFO: Run Behavior\ReadHtmlCacheBehavior [ RunTime:0.000252s ]
INFO: [ app_begin ] --END-- [ RunTime:0.000285s ]
SQL: SHOW COLUMNS FROM `shop_goods` [ RunTime:0.0005s ]
SQL: SHOW COLUMNS FROM `shop_type` [ RunTime:0.0004s ]
SQL: SELECT * FROM `shop_type` WHERE ( name='手机' )  [ RunTime:0.0004s ]
SQL: SELECT * FROM `shop_type` WHERE ( pid='87' )  [ RunTime:0.0003s ]
SQL: SELECT * FROM `shop_type` WHERE ( name='手机' )  [ RunTime:0.0003s ]
SQL: SELECT * FROM `shop_type` WHERE ( pid='87' )  [ RunTime:0.0003s ]
NOTIC: [8] Undefined index: id /Library/WebServer/Documents/gz25/github/tp_shop/object/Application/Home/Model/GoodsModel.class.php 第 27 行.
SQL: SELECT * FROM `shop_goods` WHERE `status` = 0  [ RunTime:0.0003s ]
INFO: [ view_parse ] --START--
INFO: [ template_filter ] --START--
INFO: Run Behavior\ContentReplaceBehavior [ RunTime:0.000054s ]
INFO: [ template_filter ] --END-- [ RunTime:0.000094s ]

[ 2017-04-20T09:15:41+08:00 ] ::1 /gz25/github/tp_shop/object/index.php/Home/Paging/paging.html
INFO: [ app_init ] --START--
INFO: Run Behavior\BuildLiteBehavior [ RunTime:0.000010s ]
INFO: [ app_init ] --END-- [ RunTime:0.000208s ]
INFO: [ app_begin ] --START--
INFO: Run Behavior\ReadHtmlCacheBehavior [ RunTime:0.000259s ]
INFO: [ app_begin ] --END-- [ RunTime:0.000288s ]
SQL: SHOW COLUMNS FROM `shop_goods` [ RunTime:0.0005s ]
SQL: SHOW COLUMNS FROM `shop_type` [ RunTime:0.0004s ]
SQL: SELECT * FROM `shop_type` WHERE ( name='手机' )  [ RunTime:0.0003s ]
SQL: SELECT * FROM `shop_type` WHERE ( pid='87' )  [ RunTime:0.0003s ]
SQL: SELECT * FROM `shop_type` WHERE ( name='手机' )  [ RunTime:0.0003s ]
SQL: SELECT * FROM `shop_type` WHERE ( pid='87' )  [ RunTime:0.0003s ]
NOTIC: [8] Undefined index: id /Library/WebServer/Documents/gz25/github/tp_shop/object/Application/Home/Model/GoodsModel.class.php 第 27 行.
SQL: SELECT * FROM `shop_goods` WHERE `status` = 0  [ RunTime:0.0003s ]
INFO: [ view_parse ] --START--
INFO: [ template_filter ] --START--
INFO: Run Behavior\ContentReplaceBehavior [ RunTime:0.000073s ]
INFO: [ template_filter ] --END-- [ RunTime:0.000129s ]

[ 2017-04-20T09:15:45+08:00 ] ::1 /gz25/github/tp_shop/object/index.php
INFO: [ app_init ] --START--
INFO: Run Behavior\BuildLiteBehavior [ RunTime:0.000011s ]
INFO: [ app_init ] --END-- [ RunTime:0.000236s ]
INFO: [ app_begin ] --START--
INFO: Run Behavior\ReadHtmlCacheBehavior [ RunTime:0.000333s ]
INFO: [ app_begin ] --END-- [ RunTime:0.000371s ]
INFO: [ view_parse ] --START--
INFO: [ template_filter ] --START--
INFO: Run Behavior\ContentReplaceBehavior [ RunTime:0.000078s ]
INFO: [ template_filter ] --END-- [ RunTime:0.000117s ]
INFO: Run Behavior\ParseTemplateBehavior [ RunTime:0.007158s ]
INFO: [ view_parse ] --END-- [ RunTime:0.007188s ]
INFO: [ view_filter ] --START--
INFO: Run Behavior\WriteHtmlCacheBehavior [ RunTime:0.000105s ]
INFO: Run Behavior\TokenBuildBehavior [ RunTime:0.000159s ]
INFO: [ view_filter ] --END-- [ RunTime:0.000302s ]
INFO: [ app_end ] --START--
INFO: Run Behavior\ShowPageTraceBehavior [ RunTime:0.000629s ]
INFO: [ app_end ] --END-- [ RunTime:0.000712s ]

[ 2017-04-20T09:15:47+08:00 ] ::1 /gz25/github/tp_shop/object/index.php/Home/Paging/paging.html
INFO: [ app_init ] --START--
INFO: Run Behavior\BuildLiteBehavior [ RunTime:0.000015s ]
INFO: [ app_init ] --END-- [ RunTime:0.000328s ]
INFO: [ app_begin ] --START--
INFO: Run Behavior\ReadHtmlCacheBehavior [ RunTime:0.000439s ]
INFO: [ app_begin ] --END-- [ RunTime:0.000490s ]
SQL: SHOW COLUMNS FROM `shop_goods` [ RunTime:0.0006s ]
SQL: SHOW COLUMNS FROM `shop_type` [ RunTime:0.0005s ]
SQL: SELECT * FROM `shop_type` WHERE ( name='手机' )  [ RunTime:0.0003s ]
SQL: SELECT * FROM `shop_type` WHERE ( pid='87' )  [ RunTime:0.0003s ]
SQL: SELECT * FROM `shop_type` WHERE ( name='手机' )  [ RunTime:0.0003s ]
SQL: SELECT * FROM `shop_type` WHERE ( pid='87' )  [ RunTime:0.0004s ]
NOTIC: [8] Undefined index: id /Library/WebServer/Documents/gz25/github/tp_shop/object/Application/Home/Model/GoodsModel.class.php 第 27 行.
SQL: SELECT * FROM `shop_goods` WHERE `status` = 0  [ RunTime:0.0005s ]
INFO: [ view_parse ] --START--
INFO: [ template_filter ] --START--
INFO: Run Behavior\ContentReplaceBehavior [ RunTime:0.000058s ]
INFO: [ template_filter ] --END-- [ RunTime:0.000103s ]

[ 2017-04-20T09:16:33+08:00 ] ::1 /gz25/github/tp_shop/object/index.php/Home/Paging/paging.html
INFO: [ app_init ] --START--
INFO: Run Behavior\BuildLiteBehavior [ RunTime:0.000012s ]
INFO: [ app_init ] --END-- [ RunTime:0.000294s ]
INFO: [ app_begin ] --START--
INFO: Run Behavior\ReadHtmlCacheBehavior [ RunTime:0.000340s ]
INFO: [ app_begin ] --END-- [ RunTime:0.000379s ]
SQL: SHOW COLUMNS FROM `shop_goods` [ RunTime:0.0005s ]
SQL: SHOW COLUMNS FROM `shop_type` [ RunTime:0.0004s ]
SQL: SELECT * FROM `shop_type` WHERE ( name='手机' )  [ RunTime:0.0003s ]
SQL: SELECT * FROM `shop_type` WHERE ( pid='87' )  [ RunTime:0.0003s ]
SQL: SELECT * FROM `shop_type` WHERE ( name='手机' )  [ RunTime:0.0003s ]
SQL: SELECT * FROM `shop_type` WHERE ( pid='87' )  [ RunTime:0.0003s ]
NOTIC: [8] Undefined index: id /Library/WebServer/Documents/gz25/github/tp_shop/object/Application/Home/Model/GoodsModel.class.php 第 27 行.
SQL: SELECT * FROM `shop_goods` WHERE `status` = 0  [ RunTime:0.0003s ]
INFO: [ view_parse ] --START--
INFO: [ template_filter ] --START--
INFO: Run Behavior\ContentReplaceBehavior [ RunTime:0.000052s ]
INFO: [ template_filter ] --END-- [ RunTime:0.000090s ]

[ 2017-04-20T09:17:03+08:00 ] ::1 /gz25/github/tp_shop/object/index.php/Home/Paging/paging.html
INFO: [ app_init ] --START--
INFO: Run Behavior\BuildLiteBehavior [ RunTime:0.000010s ]
INFO: [ app_init ] --END-- [ RunTime:0.000227s ]
INFO: [ app_begin ] --START--
INFO: Run Behavior\ReadHtmlCacheBehavior [ RunTime:0.000286s ]
INFO: [ app_begin ] --END-- [ RunTime:0.000319s ]
SQL: SHOW COLUMNS FROM `shop_goods` [ RunTime:0.0005s ]
SQL: SHOW COLUMNS FROM `shop_type` [ RunTime:0.0004s ]
SQL: SELECT * FROM `shop_type` WHERE ( name='手机' )  [ RunTime:0.0003s ]
SQL: SELECT * FROM `shop_type` WHERE ( pid='87' )  [ RunTime:0.0003s ]
SQL: SELECT * FROM `shop_type` WHERE ( name='手机' )  [ RunTime:0.0003s ]
SQL: SELECT * FROM `shop_type` WHERE ( pid='87' )  [ RunTime:0.0003s ]
NOTIC: [8] Undefined index: id /Library/WebServer/Documents/gz25/github/tp_shop/object/Application/Home/Model/GoodsModel.class.php 第 27 行.
SQL: SELECT * FROM `shop_goods` WHERE `status` = 0  [ RunTime:0.0004s ]
INFO: [ view_parse ] --START--
INFO: [ template_filter ] --START--
INFO: Run Behavior\ContentReplaceBehavior [ RunTime:0.000054s ]
INFO: [ template_filter ] --END-- [ RunTime:0.000096s ]

[ 2017-04-20T09:17:52+08:00 ] ::1 /gz25/github/tp_shop/object/index.php/Home/Paging/paging.html
INFO: [ app_init ] --START--
INFO: Run Behavior\BuildLiteBehavior [ RunTime:0.000019s ]
INFO: [ app_init ] --END-- [ RunTime:0.000201s ]
INFO: [ app_begin ] --START--
INFO: Run Behavior\ReadHtmlCacheBehavior [ RunTime:0.000366s ]
INFO: [ app_begin ] --END-- [ RunTime:0.000400s ]
SQL: SHOW COLUMNS FROM `shop_goods` [ RunTime:0.0005s ]
SQL: SHOW COLUMNS FROM `shop_type` [ RunTime:0.0005s ]
SQL: SELECT * FROM `shop_type` WHERE ( name='手机' )  [ RunTime:0.0003s ]
SQL: SELECT * FROM `shop_type` WHERE ( pid='87' )  [ RunTime:0.0003s ]
SQL: SELECT * FROM `shop_type` WHERE ( name='手机' )  [ RunTime:0.0003s ]
SQL: SELECT * FROM `shop_type` WHERE ( pid='87' )  [ RunTime:0.0003s ]
NOTIC: [8] Undefined index: id /Library/WebServer/Documents/gz25/github/tp_shop/object/Application/Home/Model/GoodsModel.class.php 第 27 行.
SQL: SELECT * FROM `shop_goods` WHERE `status` = 0  [ RunTime:0.0003s ]
INFO: [ view_parse ] --START--
INFO: [ template_filter ] --START--
INFO: Run Behavior\ContentReplaceBehavior [ RunTime:0.000050s ]
INFO: [ template_filter ] --END-- [ RunTime:0.000087s ]

[ 2017-04-20T09:18:16+08:00 ] ::1 /gz25/github/tp_shop/object/index.php/Home/Paging/paging.html
INFO: [ app_init ] --START--
INFO: Run Behavior\BuildLiteBehavior [ RunTime:0.000008s ]
INFO: [ app_init ] --END-- [ RunTime:0.000187s ]
INFO: [ app_begin ] --START--
INFO: Run Behavior\ReadHtmlCacheBehavior [ RunTime:0.000249s ]
INFO: [ app_begin ] --END-- [ RunTime:0.000278s ]
SQL: SHOW COLUMNS FROM `shop_goods` [ RunTime:0.0006s ]
SQL: SHOW COLUMNS FROM `shop_type` [ RunTime:0.0005s ]
SQL: SELECT * FROM `shop_type` WHERE ( name='手机' )  [ RunTime:0.0003s ]
SQL: SELECT * FROM `shop_type` WHERE ( pid='87' )  [ RunTime:0.0003s ]
SQL: SELECT * FROM `shop_type` WHERE ( name='手机' )  [ RunTime:0.0003s ]
SQL: SELECT * FROM `shop_type` WHERE ( pid='87' )  [ RunTime:0.0004s ]
NOTIC: [8] Undefined index: id /Library/WebServer/Documents/gz25/github/tp_shop/object/Application/Home/Model/GoodsModel.class.php 第 27 行.
SQL: SELECT * FROM `shop_goods` WHERE `status` = 0  [ RunTime:0.0003s ]
INFO: [ view_parse ] --START--
INFO: [ template_filter ] --START--
INFO: Run Behavior\ContentReplaceBehavior [ RunTime:0.000050s ]
INFO: [ template_filter ] --END-- [ RunTime:0.000081s ]
INFO: Run Behavior\ParseTemplateBehavior [ RunTime:0.007356s ]
INFO: [ view_parse ] --END-- [ RunTime:0.007387s ]
INFO: [ view_filter ] --START--
INFO: Run Behavior\WriteHtmlCacheBehavior [ RunTime:0.000099s ]
INFO: Run Behavior\TokenBuildBehavior [ RunTime:0.000149s ]
INFO: [ view_filter ] --END-- [ RunTime:0.000284s ]
INFO: [ app_end ] --START--
INFO: Run Behavior\ShowPageTraceBehavior [ RunTime:0.000662s ]
INFO: [ app_end ] --END-- [ RunTime:0.000738s ]

[ 2017-04-20T09:19:16+08:00 ] ::1 /gz25/github/tp_shop/object/index.php/Home/Paging/paging.html
INFO: [ app_init ] --START--
INFO: Run Behavior\BuildLiteBehavior [ RunTime:0.000008s ]
INFO: [ app_init ] --END-- [ RunTime:0.000189s ]
INFO: [ app_begin ] --START--
INFO: Run Behavior\ReadHtmlCacheBehavior [ RunTime:0.000245s ]
INFO: [ app_begin ] --END-- [ RunTime:0.000274s ]
SQL: SHOW COLUMNS FROM `shop_goods` [ RunTime:0.0005s ]
SQL: SHOW COLUMNS FROM `shop_type` [ RunTime:0.0004s ]
SQL: SELECT * FROM `shop_type` WHERE ( name='手机' )  [ RunTime:0.0003s ]
SQL: SELECT * FROM `shop_type` WHERE ( pid='87' )  [ RunTime:0.0003s ]
SQL: SELECT * FROM `shop_type` WHERE ( name='手机' )  [ RunTime:0.0003s ]
SQL: SELECT * FROM `shop_type` WHERE ( pid='87' )  [ RunTime:0.0003s ]
NOTIC: [8] Undefined index: id /Library/WebServer/Documents/gz25/github/tp_shop/object/Application/Home/Model/GoodsModel.class.php 第 27 行.
SQL: SELECT * FROM `shop_goods` WHERE `status` = 0  [ RunTime:0.0003s ]
INFO: [ view_parse ] --START--
INFO: [ template_filter ] --START--
INFO: Run Behavior\ContentReplaceBehavior [ RunTime:0.000050s ]
INFO: [ template_filter ] --END-- [ RunTime:0.000083s ]

[ 2017-04-20T09:20:20+08:00 ] ::1 /gz25/github/tp_shop/object/index.php/Home/Paging/paging.html
INFO: [ app_init ] --START--
INFO: Run Behavior\BuildLiteBehavior [ RunTime:0.000010s ]
INFO: [ app_init ] --END-- [ RunTime:0.000195s ]
INFO: [ app_begin ] --START--
INFO: Run Behavior\ReadHtmlCacheBehavior [ RunTime:0.000255s ]
INFO: [ app_begin ] --END-- [ RunTime:0.000296s ]
SQL: SHOW COLUMNS FROM `shop_goods` [ RunTime:0.0005s ]
SQL: SHOW COLUMNS FROM `shop_type` [ RunTime:0.0004s ]
SQL: SELECT * FROM `shop_type` WHERE ( name='手机' )  [ RunTime:0.0003s ]
SQL: SELECT * FROM `shop_type` WHERE ( pid='87' )  [ RunTime:0.0003s ]
SQL: SELECT * FROM `shop_type` WHERE ( name='手机' )  [ RunTime:0.0003s ]
SQL: SELECT * FROM `shop_type` WHERE ( pid='87' )  [ RunTime:0.0003s ]
NOTIC: [8] Undefined index: id /Library/WebServer/Documents/gz25/github/tp_shop/object/Application/Home/Model/GoodsModel.class.php 第 27 行.
SQL: SELECT * FROM `shop_goods` WHERE `status` = 0  [ RunTime:0.0003s ]
INFO: [ view_parse ] --START--
INFO: [ template_filter ] --START--
INFO: Run Behavior\ContentReplaceBehavior [ RunTime:0.000050s ]
INFO: [ template_filter ] --END-- [ RunTime:0.000084s ]
INFO: Run Behavior\ParseTemplateBehavior [ RunTime:0.008154s ]
INFO: [ view_parse ] --END-- [ RunTime:0.008196s ]
INFO: [ view_filter ] --START--
INFO: Run Behavior\WriteHtmlCacheBehavior [ RunTime:0.000185s ]
INFO: Run Behavior\TokenBuildBehavior [ RunTime:0.000171s ]
INFO: [ view_filter ] --END-- [ RunTime:0.000397s ]
INFO: [ app_end ] --START--
INFO: Run Behavior\ShowPageTraceBehavior [ RunTime:0.000585s ]
INFO: [ app_end ] --END-- [ RunTime:0.000678s ]

[ 2017-04-20T09:20:46+08:00 ] ::1 /gz25/github/tp_shop/object/index.php/Home/Paging/paging.html
INFO: [ app_init ] --START--
INFO: Run Behavior\BuildLiteBehavior [ RunTime:0.000009s ]
INFO: [ app_init ] --END-- [ RunTime:0.000189s ]
INFO: [ app_begin ] --START--
INFO: Run Behavior\ReadHtmlCacheBehavior [ RunTime:0.000247s ]
INFO: [ app_begin ] --END-- [ RunTime:0.000275s ]
SQL: SHOW COLUMNS FROM `shop_goods` [ RunTime:0.0005s ]
SQL: SHOW COLUMNS FROM `shop_type` [ RunTime:0.0004s ]
SQL: SELECT * FROM `shop_type` WHERE ( name='手机' )  [ RunTime:0.0003s ]
SQL: SELECT * FROM `shop_type` WHERE ( pid='87' )  [ RunTime:0.0003s ]
SQL: SELECT * FROM `shop_type` WHERE ( name='手机' )  [ RunTime:0.0003s ]
SQL: SELECT * FROM `shop_type` WHERE ( pid='87' )  [ RunTime:0.0003s ]
NOTIC: [8] Undefined index: id /Library/WebServer/Documents/gz25/github/tp_shop/object/Application/Home/Model/GoodsModel.class.php 第 27 行.
SQL: SELECT * FROM `shop_goods` WHERE `status` = 0  [ RunTime:0.0003s ]
INFO: [ view_parse ] --START--
INFO: [ template_filter ] --START--
INFO: Run Behavior\ContentReplaceBehavior [ RunTime:0.000102s ]
INFO: [ template_filter ] --END-- [ RunTime:0.000175s ]
INFO: Run Behavior\ParseTemplateBehavior [ RunTime:0.011061s ]
INFO: [ view_parse ] --END-- [ RunTime:0.011112s ]
INFO: [ view_filter ] --START--
INFO: Run Behavior\WriteHtmlCacheBehavior [ RunTime:0.000204s ]
INFO: Run Behavior\TokenBuildBehavior [ RunTime:0.000313s ]
INFO: [ view_filter ] --END-- [ RunTime:0.000594s ]
INFO: [ app_end ] --START--
INFO: Run Behavior\ShowPageTraceBehavior [ RunTime:0.001340s ]
INFO: [ app_end ] --END-- [ RunTime:0.001455s ]

[ 2017-04-20T09:20:52+08:00 ] ::1 /gz25/github/tp_shop/object/index.php/Home/Paging/paging.html
INFO: [ app_init ] --START--
INFO: Run Behavior\BuildLiteBehavior [ RunTime:0.000014s ]
INFO: [ app_init ] --END-- [ RunTime:0.000324s ]
INFO: [ app_begin ] --START--
INFO: Run Behavior\ReadHtmlCacheBehavior [ RunTime:0.000347s ]
INFO: [ app_begin ] --END-- [ RunTime:0.000395s ]
SQL: SHOW COLUMNS FROM `shop_goods` [ RunTime:0.0005s ]
SQL: SHOW COLUMNS FROM `shop_type` [ RunTime:0.0004s ]
SQL: SELECT * FROM `shop_type` WHERE ( name='手机' )  [ RunTime:0.0003s ]
SQL: SELECT * FROM `shop_type` WHERE ( pid='87' )  [ RunTime:0.0003s ]
SQL: SELECT * FROM `shop_type` WHERE ( name='手机' )  [ RunTime:0.0003s ]
SQL: SELECT * FROM `shop_type` WHERE ( pid='87' )  [ RunTime:0.0003s ]
NOTIC: [8] Undefined index: id /Library/WebServer/Documents/gz25/github/tp_shop/object/Application/Home/Model/GoodsModel.class.php 第 27 行.
SQL: SELECT * FROM `shop_goods` WHERE `status` = 0 AND `name` LIKE '%x%'  [ RunTime:0.0003s ]
INFO: [ view_parse ] --START--
INFO: [ template_filter ] --START--
INFO: Run Behavior\ContentReplaceBehavior [ RunTime:0.000053s ]
INFO: [ template_filter ] --END-- [ RunTime:0.000097s ]
INFO: Run Behavior\ParseTemplateBehavior [ RunTime:0.008726s ]
INFO: [ view_parse ] --END-- [ RunTime:0.008758s ]
INFO: [ view_filter ] --START--
INFO: Run Behavior\WriteHtmlCacheBehavior [ RunTime:0.000107s ]
INFO: Run Behavior\TokenBuildBehavior [ RunTime:0.000156s ]
INFO: [ view_filter ] --END-- [ RunTime:0.000301s ]
INFO: [ app_end ] --START--
INFO: Run Behavior\ShowPageTraceBehavior [ RunTime:0.000622s ]
INFO: [ app_end ] --END-- [ RunTime:0.000703s ]

[ 2017-04-20T09:21:33+08:00 ] ::1 /gz25/github/tp_shop/object/index.php/Home/Paging/paging.html
INFO: [ app_init ] --START--
INFO: Run Behavior\BuildLiteBehavior [ RunTime:0.000009s ]
INFO: [ app_init ] --END-- [ RunTime:0.000207s ]
INFO: [ app_begin ] --START--
INFO: Run Behavior\ReadHtmlCacheBehavior [ RunTime:0.000259s ]
INFO: [ app_begin ] --END-- [ RunTime:0.000289s ]
SQL: SHOW COLUMNS FROM `shop_goods` [ RunTime:0.0006s ]
SQL: SHOW COLUMNS FROM `shop_type` [ RunTime:0.0004s ]
SQL: SELECT * FROM `shop_type` WHERE ( name='手机' )  [ RunTime:0.0003s ]
SQL: SELECT * FROM `shop_type` WHERE ( pid='87' )  [ RunTime:0.0003s ]
SQL: SELECT * FROM `shop_type` WHERE ( name='手机' )  [ RunTime:0.0003s ]
SQL: SELECT * FROM `shop_type` WHERE ( pid='87' )  [ RunTime:0.0003s ]
NOTIC: [8] Undefined index: id /Library/WebServer/Documents/gz25/github/tp_shop/object/Application/Home/Model/GoodsModel.class.php 第 27 行.
SQL: SELECT * FROM `shop_goods` WHERE `status` = 0 AND `name` LIKE '%x%'  [ RunTime:0.0003s ]
INFO: [ view_parse ] --START--
INFO: [ template_filter ] --START--
INFO: Run Behavior\ContentReplaceBehavior [ RunTime:0.000070s ]
INFO: [ template_filter ] --END-- [ RunTime:0.000122s ]

[ 2017-04-20T09:21:48+08:00 ] ::1 /gz25/github/tp_shop/object/index.php/Home/Paging/paging.html
INFO: [ app_init ] --START--
INFO: Run Behavior\BuildLiteBehavior [ RunTime:0.000008s ]
INFO: [ app_init ] --END-- [ RunTime:0.000190s ]
INFO: [ app_begin ] --START--
INFO: Run Behavior\ReadHtmlCacheBehavior [ RunTime:0.000251s ]
INFO: [ app_begin ] --END-- [ RunTime:0.000280s ]
SQL: SHOW COLUMNS FROM `shop_goods` [ RunTime:0.0005s ]
SQL: SHOW COLUMNS FROM `shop_type` [ RunTime:0.0005s ]
SQL: SELECT * FROM `shop_type` WHERE ( name='手机' )  [ RunTime:0.0003s ]
SQL: SELECT * FROM `shop_type` WHERE ( pid='87' )  [ RunTime:0.0003s ]
SQL: SELECT * FROM `shop_type` WHERE ( name='手机' )  [ RunTime:0.0003s ]
SQL: SELECT * FROM `shop_type` WHERE ( pid='87' )  [ RunTime:0.0003s ]
NOTIC: [8] Undefined index: id /Library/WebServer/Documents/gz25/github/tp_shop/object/Application/Home/Model/GoodsModel.class.php 第 27 行.
SQL: SELECT * FROM `shop_goods` WHERE `status` = 0 AND `name` LIKE '%x%'  [ RunTime:0.0004s ]
INFO: [ view_parse ] --START--
INFO: [ template_filter ] --START--
INFO: Run Behavior\ContentReplaceBehavior [ RunTime:0.000052s ]
INFO: [ template_filter ] --END-- [ RunTime:0.000086s ]
INFO: Run Behavior\ParseTemplateBehavior [ RunTime:0.007706s ]
INFO: [ view_parse ] --END-- [ RunTime:0.007753s ]
INFO: [ view_filter ] --START--
INFO: Run Behavior\WriteHtmlCacheBehavior [ RunTime:0.000183s ]
INFO: Run Behavior\TokenBuildBehavior [ RunTime:0.000279s ]
INFO: [ view_filter ] --END-- [ RunTime:0.000533s ]
INFO: [ app_end ] --START--
INFO: Run Behavior\ShowPageTraceBehavior [ RunTime:0.000980s ]
INFO: [ app_end ] --END-- [ RunTime:0.001095s ]

[ 2017-04-20T09:21:50+08:00 ] ::1 /gz25/github/tp_shop/object/index.php/Home/Paging/paging.html
INFO: [ app_init ] --START--
INFO: Run Behavior\BuildLiteBehavior [ RunTime:0.000016s ]
INFO: [ app_init ] --END-- [ RunTime:0.000375s ]
INFO: [ app_begin ] --START--
INFO: Run Behavior\ReadHtmlCacheBehavior [ RunTime:0.000440s ]
INFO: [ app_begin ] --END-- [ RunTime:0.000493s ]
SQL: SHOW COLUMNS FROM `shop_goods` [ RunTime:0.0006s ]
SQL: SHOW COLUMNS FROM `shop_type` [ RunTime:0.0008s ]
SQL: SELECT * FROM `shop_type` WHERE ( name='手机' )  [ RunTime:0.0004s ]
SQL: SELECT * FROM `shop_type` WHERE ( pid='87' )  [ RunTime:0.0003s ]
SQL: SELECT * FROM `shop_type` WHERE ( name='手机' )  [ RunTime:0.0003s ]
SQL: SELECT * FROM `shop_type` WHERE ( pid='87' )  [ RunTime:0.0003s ]
NOTIC: [8] Undefined index: id /Library/WebServer/Documents/gz25/github/tp_shop/object/Application/Home/Model/GoodsModel.class.php 第 27 行.
SQL: SELECT * FROM `shop_goods` WHERE `status` = 0  [ RunTime:0.0005s ]
INFO: [ view_parse ] --START--
INFO: [ template_filter ] --START--
INFO: Run Behavior\ContentReplaceBehavior [ RunTime:0.000054s ]
INFO: [ template_filter ] --END-- [ RunTime:0.000091s ]
INFO: Run Behavior\ParseTemplateBehavior [ RunTime:0.008127s ]
INFO: [ view_parse ] --END-- [ RunTime:0.008160s ]
INFO: [ view_filter ] --START--
INFO: Run Behavior\WriteHtmlCacheBehavior [ RunTime:0.000101s ]
INFO: Run Behavior\TokenBuildBehavior [ RunTime:0.000152s ]
INFO: [ view_filter ] --END-- [ RunTime:0.000303s ]
INFO: [ app_end ] --START--
INFO: Run Behavior\ShowPageTraceBehavior [ RunTime:0.000652s ]
INFO: [ app_end ] --END-- [ RunTime:0.000712s ]

[ 2017-04-20T09:23:58+08:00 ] ::1 /gz25/github/tp_shop/object/index.php/Home/Paging/paging.html
INFO: [ app_init ] --START--
INFO: Run Behavior\BuildLiteBehavior [ RunTime:0.000011s ]
INFO: [ app_init ] --END-- [ RunTime:0.000263s ]
INFO: [ app_begin ] --START--
INFO: Run Behavior\ReadHtmlCacheBehavior [ RunTime:0.000361s ]
INFO: [ app_begin ] --END-- [ RunTime:0.000405s ]
SQL: SHOW COLUMNS FROM `shop_goods` [ RunTime:0.0005s ]
SQL: SHOW COLUMNS FROM `shop_type` [ RunTime:0.0004s ]
SQL: SELECT * FROM `shop_type` WHERE ( name='手机' )  [ RunTime:0.0003s ]
SQL: SELECT * FROM `shop_type` WHERE ( pid='87' )  [ RunTime:0.0003s ]
SQL: SELECT * FROM `shop_type` WHERE ( name='手机' )  [ RunTime:0.0003s ]
SQL: SELECT * FROM `shop_type` WHERE ( pid='87' )  [ RunTime:0.0003s ]
NOTIC: [8] Undefined index: id /Library/WebServer/Documents/gz25/github/tp_shop/object/Application/Home/Model/GoodsModel.class.php 第 27 行.
NOTIC: [8] Undefined variable: arr /Library/WebServer/Documents/gz25/github/tp_shop/object/Application/Home/Model/GoodsModel.class.php 第 53 行.
SQL: SELECT * FROM `shop_goods`  [ RunTime:0.0003s ]
INFO: [ view_parse ] --START--
INFO: [ template_filter ] --START--
INFO: Run Behavior\ContentReplaceBehavior [ RunTime:0.000053s ]
INFO: [ template_filter ] --END-- [ RunTime:0.000092s ]
INFO: Run Behavior\ParseTemplateBehavior [ RunTime:0.007794s ]
INFO: [ view_parse ] --END-- [ RunTime:0.007824s ]
INFO: [ view_filter ] --START--
INFO: Run Behavior\WriteHtmlCacheBehavior [ RunTime:0.000105s ]
INFO: Run Behavior\TokenBuildBehavior [ RunTime:0.000327s ]
INFO: [ view_filter ] --END-- [ RunTime:0.000474s ]
INFO: [ app_end ] --START--
INFO: Run Behavior\ShowPageTraceBehavior [ RunTime:0.000634s ]
INFO: [ app_end ] --END-- [ RunTime:0.000716s ]

[ 2017-04-20T09:24:26+08:00 ] ::1 /gz25/github/tp_shop/object/index.php/Home/Paging/paging.html
INFO: [ app_init ] --START--
INFO: Run Behavior\BuildLiteBehavior [ RunTime:0.000016s ]
INFO: [ app_init ] --END-- [ RunTime:0.000386s ]
INFO: [ app_begin ] --START--
INFO: Run Behavior\ReadHtmlCacheBehavior [ RunTime:0.000497s ]
INFO: [ app_begin ] --END-- [ RunTime:0.000555s ]
SQL: SHOW COLUMNS FROM `shop_goods` [ RunTime:0.0006s ]
SQL: SHOW COLUMNS FROM `shop_type` [ RunTime:0.0005s ]
SQL: SELECT * FROM `shop_type` WHERE ( name='手机' )  [ RunTime:0.0004s ]
SQL: SELECT * FROM `shop_type` WHERE ( pid='87' )  [ RunTime:0.0003s ]
SQL: SELECT * FROM `shop_type` WHERE ( name='手机' )  [ RunTime:0.0003s ]
SQL: SELECT * FROM `shop_type` WHERE ( pid='87' )  [ RunTime:0.0003s ]
NOTIC: [8] Undefined index: id /Library/WebServer/Documents/gz25/github/tp_shop/object/Application/Home/Model/GoodsModel.class.php 第 27 行.
SQL: SELECT * FROM `shop_goods` WHERE `status` = 1  [ RunTime:0.0003s ]
INFO: [ view_parse ] --START--
INFO: [ template_filter ] --START--
INFO: Run Behavior\ContentReplaceBehavior [ RunTime:0.000052s ]
INFO: [ template_filter ] --END-- [ RunTime:0.000089s ]
INFO: Run Behavior\ParseTemplateBehavior [ RunTime:0.008341s ]
INFO: [ view_parse ] --END-- [ RunTime:0.008372s ]
INFO: [ view_filter ] --START--
INFO: Run Behavior\WriteHtmlCacheBehavior [ RunTime:0.000103s ]
INFO: Run Behavior\TokenBuildBehavior [ RunTime:0.000165s ]
INFO: [ view_filter ] --END-- [ RunTime:0.000327s ]
INFO: [ app_end ] --START--
INFO: Run Behavior\ShowPageTraceBehavior [ RunTime:0.000508s ]
INFO: [ app_end ] --END-- [ RunTime:0.000582s ]

[ 2017-04-20T09:24:29+08:00 ] ::1 /gz25/github/tp_shop/object/index.php/Home/Paging/paging.html
INFO: [ app_init ] --START--
INFO: Run Behavior\BuildLiteBehavior [ RunTime:0.000012s ]
INFO: [ app_init ] --END-- [ RunTime:0.000273s ]
INFO: [ app_begin ] --START--
INFO: Run Behavior\ReadHtmlCacheBehavior [ RunTime:0.000347s ]
INFO: [ app_begin ] --END-- [ RunTime:0.000391s ]
SQL: SHOW COLUMNS FROM `shop_goods` [ RunTime:0.0005s ]
SQL: SHOW COLUMNS FROM `shop_type` [ RunTime:0.0004s ]
SQL: SELECT * FROM `shop_type` WHERE ( name='手机' )  [ RunTime:0.0003s ]
SQL: SELECT * FROM `shop_type` WHERE ( pid='87' )  [ RunTime:0.0003s ]
SQL: SELECT * FROM `shop_type` WHERE ( name='手机' )  [ RunTime:0.0003s ]
SQL: SELECT * FROM `shop_type` WHERE ( pid='87' )  [ RunTime:0.0003s ]
NOTIC: [8] Undefined index: id /Library/WebServer/Documents/gz25/github/tp_shop/object/Application/Home/Model/GoodsModel.class.php 第 27 行.
SQL: SELECT * FROM `shop_goods` WHERE `status` = 1 AND `name` LIKE '%x%'  [ RunTime:0.0003s ]
INFO: [ view_parse ] --START--
INFO: [ template_filter ] --START--
INFO: Run Behavior\ContentReplaceBehavior [ RunTime:0.000053s ]
INFO: [ template_filter ] --END-- [ RunTime:0.000093s ]
INFO: Run Behavior\ParseTemplateBehavior [ RunTime:0.009644s ]
INFO: [ view_parse ] --END-- [ RunTime:0.009675s ]
INFO: [ view_filter ] --START--
INFO: Run Behavior\WriteHtmlCacheBehavior [ RunTime:0.000103s ]
INFO: Run Behavior\TokenBuildBehavior [ RunTime:0.000153s ]
INFO: [ view_filter ] --END-- [ RunTime:0.000294s ]
INFO: [ app_end ] --START--
INFO: Run Behavior\ShowPageTraceBehavior [ RunTime:0.000429s ]
INFO: [ app_end ] --END-- [ RunTime:0.000513s ]

[ 2017-04-20T09:24:36+08:00 ] ::1 /gz25/github/tp_shop/object/index.php/Home/Paging/paging.html
INFO: [ app_init ] --START--
INFO: Run Behavior\BuildLiteBehavior [ RunTime:0.000009s ]
INFO: [ app_init ] --END-- [ RunTime:0.000206s ]
INFO: [ app_begin ] --START--
INFO: Run Behavior\ReadHtmlCacheBehavior [ RunTime:0.000248s ]
INFO: [ app_begin ] --END-- [ RunTime:0.000278s ]
SQL: SHOW COLUMNS FROM `shop_goods` [ RunTime:0.0005s ]
SQL: SHOW COLUMNS FROM `shop_type` [ RunTime:0.0005s ]
SQL: SELECT * FROM `shop_type` WHERE ( name='手机' )  [ RunTime:0.0003s ]
SQL: SELECT * FROM `shop_type` WHERE ( pid='87' )  [ RunTime:0.0003s ]
SQL: SELECT * FROM `shop_type` WHERE ( name='手机' )  [ RunTime:0.0003s ]
SQL: SELECT * FROM `shop_type` WHERE ( pid='87' )  [ RunTime:0.0003s ]
NOTIC: [8] Undefined index: id /Library/WebServer/Documents/gz25/github/tp_shop/object/Application/Home/Model/GoodsModel.class.php 第 27 行.
SQL: SELECT * FROM `shop_goods` WHERE `status` = 1 AND `name` LIKE '%y%'  [ RunTime:0.0003s ]
INFO: [ view_parse ] --START--
INFO: [ template_filter ] --START--
INFO: Run Behavior\ContentReplaceBehavior [ RunTime:0.000051s ]
INFO: [ template_filter ] --END-- [ RunTime:0.000085s ]
INFO: Run Behavior\ParseTemplateBehavior [ RunTime:0.007587s ]
INFO: [ view_parse ] --END-- [ RunTime:0.007618s ]
INFO: [ view_filter ] --START--
INFO: Run Behavior\WriteHtmlCacheBehavior [ RunTime:0.000098s ]
INFO: Run Behavior\TokenBuildBehavior [ RunTime:0.000150s ]
INFO: [ view_filter ] --END-- [ RunTime:0.000284s ]
INFO: [ app_end ] --START--
INFO: Run Behavior\ShowPageTraceBehavior [ RunTime:0.000591s ]
INFO: [ app_end ] --END-- [ RunTime:0.000684s ]

[ 2017-04-20T09:25:34+08:00 ] ::1 /gz25/github/tp_shop/object/index.php/Home/Paging/paging.html
INFO: [ app_init ] --START--
INFO: Run Behavior\BuildLiteBehavior [ RunTime:0.000008s ]
INFO: [ app_init ] --END-- [ RunTime:0.000196s ]
INFO: [ app_begin ] --START--
INFO: Run Behavior\ReadHtmlCacheBehavior [ RunTime:0.000247s ]
INFO: [ app_begin ] --END-- [ RunTime:0.000277s ]
SQL: SHOW COLUMNS FROM `shop_goods` [ RunTime:0.0005s ]
SQL: SHOW COLUMNS FROM `shop_type` [ RunTime:0.0004s ]
SQL: SELECT * FROM `shop_type` WHERE ( name='手机' )  [ RunTime:0.0003s ]
SQL: SELECT * FROM `shop_type` WHERE ( pid='87' )  [ RunTime:0.0003s ]
SQL: SELECT * FROM `shop_type` WHERE ( name='手机' )  [ RunTime:0.0003s ]
SQL: SELECT * FROM `shop_type` WHERE ( pid='87' )  [ RunTime:0.0003s ]
NOTIC: [8] Undefined index: id /Library/WebServer/Documents/gz25/github/tp_shop/object/Application/Home/Model/GoodsModel.class.php 第 27 行.
SQL: SELECT * FROM `shop_goods` WHERE `status` = 1 AND `name` LIKE '%y%'  [ RunTime:0.0003s ]
INFO: [ view_parse ] --START--
INFO: [ template_filter ] --START--
INFO: Run Behavior\ContentReplaceBehavior [ RunTime:0.000053s ]
INFO: [ template_filter ] --END-- [ RunTime:0.000090s ]
INFO: Run Behavior\ParseTemplateBehavior [ RunTime:0.008756s ]
INFO: [ view_parse ] --END-- [ RunTime:0.008788s ]
INFO: [ view_filter ] --START--
INFO: Run Behavior\WriteHtmlCacheBehavior [ RunTime:0.000102s ]
INFO: Run Behavior\TokenBuildBehavior [ RunTime:0.000186s ]
INFO: [ view_filter ] --END-- [ RunTime:0.000364s ]
INFO: [ app_end ] --START--
INFO: Run Behavior\ShowPageTraceBehavior [ RunTime:0.000434s ]
INFO: [ app_end ] --END-- [ RunTime:0.000490s ]

[ 2017-04-20T09:25:36+08:00 ] ::1 /gz25/github/tp_shop/object/index.php/Home/Parts/parts.html
INFO: [ app_init ] --START--
INFO: Run Behavior\BuildLiteBehavior [ RunTime:0.000015s ]
INFO: [ app_init ] --END-- [ RunTime:0.000415s ]
INFO: [ app_begin ] --START--
INFO: Run Behavior\ReadHtmlCacheBehavior [ RunTime:0.000502s ]
INFO: [ app_begin ] --END-- [ RunTime:0.000581s ]
SQL: SHOW COLUMNS FROM `shop_goods` [ RunTime:0.0008s ]
SQL: SHOW COLUMNS FROM `shop_type` [ RunTime:0.0006s ]
SQL: SELECT * FROM `shop_type` WHERE ( name='配件' )  [ RunTime:0.0005s ]
SQL: SELECT * FROM `shop_type` WHERE ( pid='88' )  [ RunTime:0.0011s ]
SQL: SELECT * FROM `shop_type` WHERE ( name='配件' )  [ RunTime:0.0004s ]
SQL: SELECT * FROM `shop_type` WHERE ( pid='88' )  [ RunTime:0.0003s ]
NOTIC: [8] Undefined index: id /Library/WebServer/Documents/gz25/github/tp_shop/object/Application/Home/Model/GoodsModel.class.php 第 63 行.
SQL: SELECT * FROM `shop_goods` WHERE `tid` IN ('94','95','96','97','98','99','100','101')  [ RunTime:0.0025s ]
INFO: [ view_parse ] --START--
INFO: [ template_filter ] --START--
INFO: Run Behavior\ContentReplaceBehavior [ RunTime:0.000060s ]
INFO: [ template_filter ] --END-- [ RunTime:0.000105s ]
INFO: Run Behavior\ParseTemplateBehavior [ RunTime:0.016230s ]
INFO: [ view_parse ] --END-- [ RunTime:0.016369s ]
INFO: [ view_filter ] --START--
INFO: Run Behavior\WriteHtmlCacheBehavior [ RunTime:0.000612s ]
INFO: Run Behavior\TokenBuildBehavior [ RunTime:0.000602s ]
INFO: [ view_filter ] --END-- [ RunTime:0.001392s ]
INFO: [ app_end ] --START--
INFO: Run Behavior\ShowPageTraceBehavior [ RunTime:0.002483s ]
INFO: [ app_end ] --END-- [ RunTime:0.002564s ]

[ 2017-04-20T09:25:41+08:00 ] ::1 /gz25/github/tp_shop/object/index.php/Home/Paging/paging.html
INFO: [ app_init ] --START--
INFO: Run Behavior\BuildLiteBehavior [ RunTime:0.000008s ]
INFO: [ app_init ] --END-- [ RunTime:0.000188s ]
INFO: [ app_begin ] --START--
INFO: Run Behavior\ReadHtmlCacheBehavior [ RunTime:0.000401s ]
INFO: [ app_begin ] --END-- [ RunTime:0.000454s ]
SQL: SHOW COLUMNS FROM `shop_goods` [ RunTime:0.0005s ]
SQL: SHOW COLUMNS FROM `shop_type` [ RunTime:0.0004s ]
SQL: SELECT * FROM `shop_type` WHERE ( name='手机' )  [ RunTime:0.0003s ]
SQL: SELECT * FROM `shop_type` WHERE ( pid='87' )  [ RunTime:0.0003s ]
SQL: SELECT * FROM `shop_type` WHERE ( name='手机' )  [ RunTime:0.0003s ]
SQL: SELECT * FROM `shop_type` WHERE ( pid='87' )  [ RunTime:0.0003s ]
NOTIC: [8] Undefined index: id /Library/WebServer/Documents/gz25/github/tp_shop/object/Application/Home/Model/GoodsModel.class.php 第 27 行.
SQL: SELECT * FROM `shop_goods` WHERE `status` = 1 AND `name` LIKE '%x%'  [ RunTime:0.0003s ]
INFO: [ view_parse ] --START--
INFO: [ template_filter ] --START--
INFO: Run Behavior\ContentReplaceBehavior [ RunTime:0.000093s ]
INFO: [ template_filter ] --END-- [ RunTime:0.000206s ]
INFO: Run Behavior\ParseTemplateBehavior [ RunTime:0.009091s ]
INFO: [ view_parse ] --END-- [ RunTime:0.009141s ]
INFO: [ view_filter ] --START--
INFO: Run Behavior\WriteHtmlCacheBehavior [ RunTime:0.000115s ]
INFO: Run Behavior\TokenBuildBehavior [ RunTime:0.000178s ]
INFO: [ view_filter ] --END-- [ RunTime:0.000345s ]
INFO: [ app_end ] --START--
INFO: Run Behavior\ShowPageTraceBehavior [ RunTime:0.000644s ]
INFO: [ app_end ] --END-- [ RunTime:0.000685s ]

[ 2017-04-20T09:25:48+08:00 ] ::1 /gz25/github/tp_shop/object/index.php/Home/Index/index.html
INFO: [ app_init ] --START--
INFO: Run Behavior\BuildLiteBehavior [ RunTime:0.000013s ]
INFO: [ app_init ] --END-- [ RunTime:0.000468s ]
INFO: [ app_begin ] --START--
INFO: Run Behavior\ReadHtmlCacheBehavior [ RunTime:0.000313s ]
INFO: [ app_begin ] --END-- [ RunTime:0.000345s ]
INFO: [ view_parse ] --START--
INFO: [ template_filter ] --START--
INFO: Run Behavior\ContentReplaceBehavior [ RunTime:0.000087s ]
INFO: [ template_filter ] --END-- [ RunTime:0.000135s ]
INFO: Run Behavior\ParseTemplateBehavior [ RunTime:0.009771s ]
INFO: [ view_parse ] --END-- [ RunTime:0.009827s ]
INFO: [ view_filter ] --START--
INFO: Run Behavior\WriteHtmlCacheBehavior [ RunTime:0.000199s ]
INFO: Run Behavior\TokenBuildBehavior [ RunTime:0.000442s ]
INFO: [ view_filter ] --END-- [ RunTime:0.000719s ]
INFO: [ app_end ] --START--
INFO: Run Behavior\ShowPageTraceBehavior [ RunTime:0.000694s ]
INFO: [ app_end ] --END-- [ RunTime:0.000758s ]

