[ 2017-04-24T09:34:17+08:00 ] ::1 /gz25/github/tp_shop/object/index.php
INFO: [ app_init ] --START--
INFO: Run Behavior\BuildLiteBehavior [ RunTime:0.000019s ]
INFO: [ app_init ] --END-- [ RunTime:0.000399s ]
INFO: [ app_begin ] --START--
INFO: Run Behavior\ReadHtmlCacheBehavior [ RunTime:0.000509s ]
INFO: [ app_begin ] --END-- [ RunTime:0.000573s ]
SQL: SHOW COLUMNS FROM `shop_wheel` [ RunTime:0.0013s ]
SQL: SELECT * FROM `shop_wheel` WHERE ( status='1' )  [ RunTime:0.0004s ]
INFO: [ view_parse ] --START--
INFO: [ template_filter ] --START--
INFO: Run Behavior\ContentReplaceBehavior [ RunTime:0.000158s ]
INFO: [ template_filter ] --END-- [ RunTime:0.000205s ]
INFO: Run Behavior\ParseTemplateBehavior [ RunTime:0.014368s ]
INFO: [ view_parse ] --END-- [ RunTime:0.014416s ]
INFO: [ view_filter ] --START--
INFO: Run Behavior\WriteHtmlCacheBehavior [ RunTime:0.000114s ]
INFO: Run Behavior\TokenBuildBehavior [ RunTime:0.000180s ]
INFO: [ view_filter ] --END-- [ RunTime:0.000334s ]
INFO: [ app_end ] --START--
INFO: Run Behavior\ShowPageTraceBehavior [ RunTime:0.000518s ]
INFO: [ app_end ] --END-- [ RunTime:0.000555s ]

[ 2017-04-24T09:34:21+08:00 ] ::1 /gz25/github/tp_shop/object/index.php
INFO: [ app_init ] --START--
INFO: Run Behavior\BuildLiteBehavior [ RunTime:0.000010s ]
INFO: [ app_init ] --END-- [ RunTime:0.000437s ]
INFO: [ app_begin ] --START--
INFO: Run Behavior\ReadHtmlCacheBehavior [ RunTime:0.000262s ]
INFO: [ app_begin ] --END-- [ RunTime:0.000290s ]
SQL: SHOW COLUMNS FROM `shop_wheel` [ RunTime:0.0005s ]
SQL: SELECT * FROM `shop_wheel` WHERE ( status='1' )  [ RunTime:0.0003s ]
INFO: [ view_parse ] --START--
INFO: [ template_filter ] --START--
INFO: Run Behavior\ContentReplaceBehavior [ RunTime:0.000084s ]
INFO: [ template_filter ] --END-- [ RunTime:0.000126s ]
INFO: Run Behavior\ParseTemplateBehavior [ RunTime:0.009801s ]
INFO: [ view_parse ] --END-- [ RunTime:0.009833s ]
INFO: [ view_filter ] --START--
INFO: Run Behavior\WriteHtmlCacheBehavior [ RunTime:0.000107s ]
INFO: Run Behavior\TokenBuildBehavior [ RunTime:0.000241s ]
INFO: [ view_filter ] --END-- [ RunTime:0.000393s ]
INFO: [ app_end ] --START--
INFO: Run Behavior\ShowPageTraceBehavior [ RunTime:0.000411s ]
INFO: [ app_end ] --END-- [ RunTime:0.000495s ]

[ 2017-04-24T09:46:34+08:00 ] 192.168.42.21 /gz25/github/tp_shop/object/index.php
INFO: [ app_init ] --START--
INFO: Run Behavior\BuildLiteBehavior [ RunTime:0.000012s ]
INFO: [ app_init ] --END-- [ RunTime:0.000320s ]
INFO: [ app_begin ] --START--
INFO: Run Behavior\ReadHtmlCacheBehavior [ RunTime:0.000337s ]
INFO: [ app_begin ] --END-- [ RunTime:0.000374s ]
SQL: SHOW COLUMNS FROM `shop_wheel` [ RunTime:0.0027s ]
SQL: SELECT * FROM `shop_wheel` WHERE ( status='1' )  [ RunTime:0.0019s ]
INFO: [ view_parse ] --START--
INFO: [ template_filter ] --START--
INFO: Run Behavior\ContentReplaceBehavior [ RunTime:0.000158s ]
INFO: [ template_filter ] --END-- [ RunTime:0.000234s ]
INFO: Run Behavior\ParseTemplateBehavior [ RunTime:0.016130s ]
INFO: [ view_parse ] --END-- [ RunTime:0.016182s ]
INFO: [ view_filter ] --START--
INFO: Run Behavior\WriteHtmlCacheBehavior [ RunTime:0.000136s ]
INFO: Run Behavior\TokenBuildBehavior [ RunTime:0.000239s ]
INFO: [ view_filter ] --END-- [ RunTime:0.000421s ]
INFO: [ app_end ] --START--
INFO: Run Behavior\ShowPageTraceBehavior [ RunTime:0.000516s ]
INFO: [ app_end ] --END-- [ RunTime:0.000580s ]

[ 2017-04-24T09:46:41+08:00 ] 192.168.42.21 /gz25/github/tp_shop/object/index.php/Home/Paging/paging.html
INFO: [ app_init ] --START--
INFO: Run Behavior\BuildLiteBehavior [ RunTime:0.000017s ]
INFO: [ app_init ] --END-- [ RunTime:0.000465s ]
INFO: [ app_begin ] --START--
INFO: Run Behavior\ReadHtmlCacheBehavior [ RunTime:0.000538s ]
INFO: [ app_begin ] --END-- [ RunTime:0.000600s ]
SQL: SHOW COLUMNS FROM `shop_goods` [ RunTime:0.0028s ]
SQL: SHOW COLUMNS FROM `shop_type` [ RunTime:0.0021s ]
SQL: SELECT * FROM `shop_type` WHERE ( name='手机' )  [ RunTime:0.0020s ]
SQL: SELECT * FROM `shop_type` WHERE ( pid='87' )  [ RunTime:0.0021s ]
SQL: SHOW COLUMNS FROM `shop_goods` [ RunTime:0.0028s ]
SQL: SELECT * FROM `shop_type` WHERE ( name='手机' )  [ RunTime:0.0015s ]
SQL: SELECT * FROM `shop_type` WHERE ( pid='87' )  [ RunTime:0.0012s ]
NOTIC: [8] Undefined index: id /Library/WebServer/Documents/gz25/github/tp_shop/object/Application/Home/Model/GoodsModel.class.php 第 28 行.
NOTIC: [8] Undefined index: grounding /Library/WebServer/Documents/gz25/github/tp_shop/object/Application/Home/Model/GoodsModel.class.php 第 29 行.
NOTIC: [8] Undefined index: cost /Library/WebServer/Documents/gz25/github/tp_shop/object/Application/Home/Model/GoodsModel.class.php 第 30 行.
SQL: SELECT COUNT(*) AS tp_count FROM `shop_goods` WHERE `tid` IN ('89','90','91','92','93') LIMIT 1   [ RunTime:0.0015s ]
SQL: SELECT * FROM `shop_goods` WHERE `tid` IN ('89','90','91','92','93') LIMIT 0,4   [ RunTime:0.0020s ]
INFO: [ view_parse ] --START--
INFO: [ template_filter ] --START--
INFO: Run Behavior\ContentReplaceBehavior [ RunTime:0.000105s ]
INFO: [ template_filter ] --END-- [ RunTime:0.000167s ]
INFO: Run Behavior\ParseTemplateBehavior [ RunTime:0.018159s ]
INFO: [ view_parse ] --END-- [ RunTime:0.018217s ]
INFO: [ view_filter ] --START--
INFO: Run Behavior\WriteHtmlCacheBehavior [ RunTime:0.000177s ]
INFO: Run Behavior\TokenBuildBehavior [ RunTime:0.000356s ]
INFO: [ view_filter ] --END-- [ RunTime:0.000606s ]
INFO: [ app_end ] --START--
INFO: Run Behavior\ShowPageTraceBehavior [ RunTime:0.000770s ]
INFO: [ app_end ] --END-- [ RunTime:0.000839s ]

[ 2017-04-24T09:46:53+08:00 ] ::1 /gz25/github/tp_shop/object/index.php
INFO: [ app_init ] --START--
INFO: Run Behavior\BuildLiteBehavior [ RunTime:0.000012s ]
INFO: [ app_init ] --END-- [ RunTime:0.000246s ]
INFO: [ app_begin ] --START--
INFO: Run Behavior\ReadHtmlCacheBehavior [ RunTime:0.000465s ]
INFO: [ app_begin ] --END-- [ RunTime:0.000525s ]
ERR: SQLSTATE[HY000] [2002] Operation timed out

[ 2017-04-24T09:47:09+08:00 ] 192.168.42.21 /gz25/github/tp_shop/object/index.php/Home/Details/details/id/153.html
INFO: [ app_init ] --START--
INFO: Run Behavior\BuildLiteBehavior [ RunTime:0.000027s ]
INFO: [ app_init ] --END-- [ RunTime:0.000462s ]
INFO: [ app_begin ] --START--
INFO: Run Behavior\ReadHtmlCacheBehavior [ RunTime:0.000325s ]
INFO: [ app_begin ] --END-- [ RunTime:0.000366s ]
ERR: SQLSTATE[HY000] [2002] Operation timed out

[ 2017-04-24T09:47:24+08:00 ] ::1 /gz25/github/tp_shop/object/index.php
INFO: [ app_init ] --START--
INFO: Run Behavior\BuildLiteBehavior [ RunTime:0.000017s ]
INFO: [ app_init ] --END-- [ RunTime:0.001023s ]
INFO: [ app_begin ] --START--
INFO: Run Behavior\ReadHtmlCacheBehavior [ RunTime:0.000670s ]
INFO: [ app_begin ] --END-- [ RunTime:0.000754s ]
ERR: SQLSTATE[HY000] [2002] Operation timed out

[ 2017-04-24T09:47:35+08:00 ] 192.168.42.21 /gz25/github/tp_shop/object/index.php/Home/Details/details/id/152.html
INFO: [ app_init ] --START--
INFO: Run Behavior\BuildLiteBehavior [ RunTime:0.000011s ]
INFO: [ app_init ] --END-- [ RunTime:0.000258s ]
INFO: [ app_begin ] --START--
INFO: Run Behavior\ReadHtmlCacheBehavior [ RunTime:0.000349s ]
INFO: [ app_begin ] --END-- [ RunTime:0.000388s ]
ERR: SQLSTATE[HY000] [2002] Operation timed out

[ 2017-04-24T09:47:48+08:00 ] 192.168.42.21 /gz25/github/tp_shop/object/index.php/Home/Details/details/id/152.html
INFO: [ app_init ] --START--
INFO: Run Behavior\BuildLiteBehavior [ RunTime:0.000015s ]
INFO: [ app_init ] --END-- [ RunTime:0.000453s ]
INFO: [ app_begin ] --START--
INFO: Run Behavior\ReadHtmlCacheBehavior [ RunTime:0.000422s ]
INFO: [ app_begin ] --END-- [ RunTime:0.000469s ]
SQL: SHOW COLUMNS FROM `shop_goods` [ RunTime:0.0036s ]
SQL: SHOW COLUMNS FROM `shop_goods` [ RunTime:0.0033s ]
SQL: SELECT * FROM `shop_goods` WHERE ( id='152' )  [ RunTime:0.0028s ]
SQL: SHOW COLUMNS FROM `shop_stock` [ RunTime:0.0034s ]
SQL: SELECT * FROM `shop_stock` WHERE ( gid='152' )  [ RunTime:0.0017s ]
SQL: SHOW COLUMNS FROM `shop_parameter` [ RunTime:0.0033s ]
SQL: SELECT * FROM `shop_parameter` WHERE ( gid='152' )  [ RunTime:0.0028s ]
SQL: SHOW COLUMNS FROM `shop_type` [ RunTime:0.0023s ]
SQL: SELECT * FROM `shop_goods` WHERE ( id='152' )  [ RunTime:0.0020s ]
SQL: SELECT * FROM `shop_type` WHERE ( id='91' )  [ RunTime:0.0020s ]
INFO: [ view_parse ] --START--
INFO: [ template_filter ] --START--
INFO: Run Behavior\ContentReplaceBehavior [ RunTime:0.000148s ]
INFO: [ template_filter ] --END-- [ RunTime:0.000188s ]
NOTIC: [8] Undefined variable: pics /Library/WebServer/Documents/gz25/github/tp_shop/object/Application/Runtime/Cache/Home/fc2950505b87c49aecef0786fa7e84f9.php 第 337 行.
INFO: Run Behavior\ParseTemplateBehavior [ RunTime:0.028507s ]
INFO: [ view_parse ] --END-- [ RunTime:0.028547s ]
INFO: [ view_filter ] --START--
INFO: Run Behavior\WriteHtmlCacheBehavior [ RunTime:0.000112s ]
INFO: Run Behavior\TokenBuildBehavior [ RunTime:0.000204s ]
INFO: [ view_filter ] --END-- [ RunTime:0.000354s ]
INFO: [ app_end ] --START--
INFO: Run Behavior\ShowPageTraceBehavior [ RunTime:0.000628s ]
INFO: [ app_end ] --END-- [ RunTime:0.000696s ]

[ 2017-04-24T09:47:54+08:00 ] ::1 /gz25/github/tp_shop/object/index.php
INFO: [ app_init ] --START--
INFO: Run Behavior\BuildLiteBehavior [ RunTime:0.000010s ]
INFO: [ app_init ] --END-- [ RunTime:0.000218s ]
INFO: [ app_begin ] --START--
INFO: Run Behavior\ReadHtmlCacheBehavior [ RunTime:0.000278s ]
INFO: [ app_begin ] --END-- [ RunTime:0.000310s ]
ERR: SQLSTATE[HY000] [2002] Operation timed out

[ 2017-04-24T09:48:20+08:00 ] ::1 /gz25/github/tp_shop/object/index.php
INFO: [ app_init ] --START--
INFO: Run Behavior\BuildLiteBehavior [ RunTime:0.000023s ]
INFO: [ app_init ] --END-- [ RunTime:0.000295s ]
INFO: [ app_begin ] --START--
INFO: Run Behavior\ReadHtmlCacheBehavior [ RunTime:0.000309s ]
INFO: [ app_begin ] --END-- [ RunTime:0.000347s ]
ERR: SQLSTATE[HY000] [2002] Operation timed out

[ 2017-04-24T09:48:20+08:00 ] ::1 /gz25/github/tp_shop/object/index.php
INFO: [ app_init ] --START--
INFO: Run Behavior\BuildLiteBehavior [ RunTime:0.000011s ]
INFO: [ app_init ] --END-- [ RunTime:0.000260s ]
INFO: [ app_begin ] --START--
INFO: Run Behavior\ReadHtmlCacheBehavior [ RunTime:0.000256s ]
INFO: [ app_begin ] --END-- [ RunTime:0.000286s ]
SQL: SHOW COLUMNS FROM `shop_wheel` [ RunTime:0.0012s ]
SQL: SELECT * FROM `shop_wheel` WHERE ( status='1' )  [ RunTime:0.0006s ]
INFO: [ view_parse ] --START--
INFO: [ template_filter ] --START--
INFO: Run Behavior\ContentReplaceBehavior [ RunTime:0.000112s ]
INFO: [ template_filter ] --END-- [ RunTime:0.000168s ]
INFO: Run Behavior\ParseTemplateBehavior [ RunTime:0.016176s ]
INFO: [ view_parse ] --END-- [ RunTime:0.016226s ]
INFO: [ view_filter ] --START--
INFO: Run Behavior\WriteHtmlCacheBehavior [ RunTime:0.000145s ]
INFO: Run Behavior\TokenBuildBehavior [ RunTime:0.000178s ]
INFO: [ view_filter ] --END-- [ RunTime:0.000366s ]
INFO: [ app_end ] --START--
INFO: Run Behavior\ShowPageTraceBehavior [ RunTime:0.000573s ]
INFO: [ app_end ] --END-- [ RunTime:0.000616s ]

[ 2017-04-24T09:48:22+08:00 ] ::1 /gz25/github/tp_shop/object/index.php/Home/Paging/paging.html
INFO: [ app_init ] --START--
INFO: Run Behavior\BuildLiteBehavior [ RunTime:0.000009s ]
INFO: [ app_init ] --END-- [ RunTime:0.000216s ]
INFO: [ app_begin ] --START--
INFO: Run Behavior\ReadHtmlCacheBehavior [ RunTime:0.000484s ]
INFO: [ app_begin ] --END-- [ RunTime:0.000531s ]
SQL: SHOW COLUMNS FROM `shop_goods` [ RunTime:0.0006s ]
SQL: SHOW COLUMNS FROM `shop_type` [ RunTime:0.0005s ]
SQL: SELECT * FROM `shop_type` WHERE ( name='手机' )  [ RunTime:0.0004s ]
SQL: SELECT * FROM `shop_type` WHERE ( pid='87' )  [ RunTime:0.0003s ]
SQL: SHOW COLUMNS FROM `shop_goods` [ RunTime:0.0005s ]
SQL: SELECT * FROM `shop_type` WHERE ( name='手机' )  [ RunTime:0.0003s ]
SQL: SELECT * FROM `shop_type` WHERE ( pid='87' )  [ RunTime:0.0003s ]
NOTIC: [8] Undefined index: id /Library/WebServer/Documents/gz25/github/tp_shop/object/Application/Home/Model/GoodsModel.class.php 第 28 行.
NOTIC: [8] Undefined index: grounding /Library/WebServer/Documents/gz25/github/tp_shop/object/Application/Home/Model/GoodsModel.class.php 第 29 行.
NOTIC: [8] Undefined index: cost /Library/WebServer/Documents/gz25/github/tp_shop/object/Application/Home/Model/GoodsModel.class.php 第 30 行.
SQL: SELECT COUNT(*) AS tp_count FROM `shop_goods` WHERE `tid` IN ('89','90','91','92','93') LIMIT 1   [ RunTime:0.0029s ]
SQL: SELECT * FROM `shop_goods` WHERE `tid` IN ('89','90','91','92','93') LIMIT 0,4   [ RunTime:0.0005s ]
INFO: [ view_parse ] --START--
INFO: [ template_filter ] --START--
INFO: Run Behavior\ContentReplaceBehavior [ RunTime:0.000082s ]
INFO: [ template_filter ] --END-- [ RunTime:0.000119s ]
INFO: Run Behavior\ParseTemplateBehavior [ RunTime:0.015358s ]
INFO: [ view_parse ] --END-- [ RunTime:0.015421s ]
INFO: [ view_filter ] --START--
INFO: Run Behavior\WriteHtmlCacheBehavior [ RunTime:0.000218s ]
INFO: Run Behavior\TokenBuildBehavior [ RunTime:0.000431s ]
INFO: [ view_filter ] --END-- [ RunTime:0.000730s ]
INFO: [ app_end ] --START--
INFO: Run Behavior\ShowPageTraceBehavior [ RunTime:0.000827s ]
INFO: [ app_end ] --END-- [ RunTime:0.000910s ]

[ 2017-04-24T09:48:24+08:00 ] ::1 /gz25/github/tp_shop/object/index.php/Home/Details/details/id/152.html
INFO: [ app_init ] --START--
INFO: Run Behavior\BuildLiteBehavior [ RunTime:0.000011s ]
INFO: [ app_init ] --END-- [ RunTime:0.000225s ]
INFO: [ app_begin ] --START--
INFO: Run Behavior\ReadHtmlCacheBehavior [ RunTime:0.000320s ]
INFO: [ app_begin ] --END-- [ RunTime:0.000360s ]
SQL: SHOW COLUMNS FROM `shop_goods` [ RunTime:0.0006s ]
SQL: SHOW COLUMNS FROM `shop_goods` [ RunTime:0.0008s ]
SQL: SELECT * FROM `shop_goods` WHERE ( id='152' )  [ RunTime:0.0005s ]
SQL: SHOW COLUMNS FROM `shop_stock` [ RunTime:0.0008s ]
SQL: SELECT * FROM `shop_stock` WHERE ( gid='152' )  [ RunTime:0.0006s ]
SQL: SHOW COLUMNS FROM `shop_parameter` [ RunTime:0.0010s ]
SQL: SELECT * FROM `shop_parameter` WHERE ( gid='152' )  [ RunTime:0.0006s ]
SQL: SHOW COLUMNS FROM `shop_type` [ RunTime:0.0007s ]
SQL: SELECT * FROM `shop_goods` WHERE ( id='152' )  [ RunTime:0.0006s ]
SQL: SELECT * FROM `shop_type` WHERE ( id='91' )  [ RunTime:0.0004s ]
INFO: [ view_parse ] --START--
INFO: [ template_filter ] --START--
INFO: Run Behavior\ContentReplaceBehavior [ RunTime:0.000403s ]
INFO: [ template_filter ] --END-- [ RunTime:0.000463s ]
NOTIC: [8] Undefined variable: pics /Library/WebServer/Documents/gz25/github/tp_shop/object/Application/Runtime/Cache/Home/fc2950505b87c49aecef0786fa7e84f9.php 第 337 行.
INFO: Run Behavior\ParseTemplateBehavior [ RunTime:0.040722s ]
INFO: [ view_parse ] --END-- [ RunTime:0.040766s ]
INFO: [ view_filter ] --START--
INFO: Run Behavior\WriteHtmlCacheBehavior [ RunTime:0.000160s ]
INFO: Run Behavior\TokenBuildBehavior [ RunTime:0.000197s ]
INFO: [ view_filter ] --END-- [ RunTime:0.000398s ]
INFO: [ app_end ] --START--
INFO: Run Behavior\ShowPageTraceBehavior [ RunTime:0.000521s ]
INFO: [ app_end ] --END-- [ RunTime:0.000566s ]

[ 2017-04-24T09:48:25+08:00 ] ::1 /gz25/github/tp_shop/object/index.php/Home/Details/ajaxDetailPicLoad.html
INFO: [ app_init ] --START--
INFO: Run Behavior\BuildLiteBehavior [ RunTime:0.000014s ]
INFO: [ app_init ] --END-- [ RunTime:0.000404s ]
INFO: [ app_begin ] --START--
INFO: Run Behavior\ReadHtmlCacheBehavior [ RunTime:0.001903s ]
INFO: [ app_begin ] --END-- [ RunTime:0.002039s ]
SQL: SHOW COLUMNS FROM `shop_goods` [ RunTime:0.0008s ]
SQL: SHOW COLUMNS FROM `shop_pics` [ RunTime:0.0014s ]
SQL: SELECT * FROM `shop_pics` WHERE ( gid='152' )  [ RunTime:0.0012s ]
INFO: [ app_end ] --START--
INFO: Run Behavior\ShowPageTraceBehavior [ RunTime:0.001386s ]
INFO: [ app_end ] --END-- [ RunTime:0.001461s ]

[ 2017-04-24T09:48:25+08:00 ] ::1 /gz25/github/tp_shop/object/index.php/Home/Details/ajaxDetailPicLoad.html
INFO: [ app_init ] --START--
INFO: Run Behavior\BuildLiteBehavior [ RunTime:0.000019s ]
INFO: [ app_init ] --END-- [ RunTime:0.000544s ]
INFO: [ app_begin ] --START--
INFO: Run Behavior\ReadHtmlCacheBehavior [ RunTime:0.002414s ]
INFO: [ app_begin ] --END-- [ RunTime:0.002498s ]
SQL: SHOW COLUMNS FROM `shop_goods` [ RunTime:0.0009s ]
SQL: SHOW COLUMNS FROM `shop_pics` [ RunTime:0.0007s ]
SQL: SELECT * FROM `shop_pics` WHERE ( gid='152' )  [ RunTime:0.0006s ]
INFO: [ app_end ] --START--
INFO: Run Behavior\ShowPageTraceBehavior [ RunTime:0.000532s ]
INFO: [ app_end ] --END-- [ RunTime:0.000595s ]

[ 2017-04-24T09:48:25+08:00 ] ::1 /gz25/github/tp_shop/object/index.php/Home/Details/ajaxDetailPicLoad.html
INFO: [ app_init ] --START--
INFO: Run Behavior\BuildLiteBehavior [ RunTime:0.000010s ]
INFO: [ app_init ] --END-- [ RunTime:0.000219s ]
INFO: [ app_begin ] --START--
INFO: Run Behavior\ReadHtmlCacheBehavior [ RunTime:0.000363s ]
INFO: [ app_begin ] --END-- [ RunTime:0.000408s ]
SQL: SHOW COLUMNS FROM `shop_goods` [ RunTime:0.0005s ]
SQL: SHOW COLUMNS FROM `shop_pics` [ RunTime:0.0005s ]
SQL: SELECT * FROM `shop_pics` WHERE ( gid='152' )  [ RunTime:0.0006s ]
INFO: [ app_end ] --START--
INFO: Run Behavior\ShowPageTraceBehavior [ RunTime:0.000352s ]
INFO: [ app_end ] --END-- [ RunTime:0.000381s ]

[ 2017-04-24T09:48:26+08:00 ] ::1 /gz25/github/tp_shop/object/index.php/Home/Details/ajaxDetailPicLoad.html
INFO: [ app_init ] --START--
INFO: Run Behavior\BuildLiteBehavior [ RunTime:0.000045s ]
INFO: [ app_init ] --END-- [ RunTime:0.000803s ]
INFO: [ app_begin ] --START--
INFO: Run Behavior\ReadHtmlCacheBehavior [ RunTime:0.000498s ]
INFO: [ app_begin ] --END-- [ RunTime:0.000578s ]
SQL: SHOW COLUMNS FROM `shop_goods` [ RunTime:0.0008s ]
SQL: SHOW COLUMNS FROM `shop_pics` [ RunTime:0.0008s ]
SQL: SELECT * FROM `shop_pics` WHERE ( gid='152' )  [ RunTime:0.0012s ]
INFO: [ app_end ] --START--
INFO: Run Behavior\ShowPageTraceBehavior [ RunTime:0.002954s ]
INFO: [ app_end ] --END-- [ RunTime:0.003024s ]

[ 2017-04-24T09:48:26+08:00 ] ::1 /gz25/github/tp_shop/object/index.php/Home/Details/ajaxDetailPicLoad.html
INFO: [ app_init ] --START--
INFO: Run Behavior\BuildLiteBehavior [ RunTime:0.000019s ]
INFO: [ app_init ] --END-- [ RunTime:0.000811s ]
INFO: [ app_begin ] --START--
INFO: Run Behavior\ReadHtmlCacheBehavior [ RunTime:0.000590s ]
INFO: [ app_begin ] --END-- [ RunTime:0.000784s ]
SQL: SHOW COLUMNS FROM `shop_goods` [ RunTime:0.0007s ]
SQL: SHOW COLUMNS FROM `shop_pics` [ RunTime:0.0005s ]
SQL: SELECT * FROM `shop_pics` WHERE ( gid='152' )  [ RunTime:0.0004s ]
INFO: [ app_end ] --START--
INFO: Run Behavior\ShowPageTraceBehavior [ RunTime:0.000690s ]
INFO: [ app_end ] --END-- [ RunTime:0.000737s ]

[ 2017-04-24T09:48:30+08:00 ] ::1 /gz25/github/tp_shop/object/index.php/Home/Index/index.html
INFO: [ app_init ] --START--
INFO: Run Behavior\BuildLiteBehavior [ RunTime:0.000012s ]
INFO: [ app_init ] --END-- [ RunTime:0.000280s ]
INFO: [ app_begin ] --START--
INFO: Run Behavior\ReadHtmlCacheBehavior [ RunTime:0.000328s ]
INFO: [ app_begin ] --END-- [ RunTime:0.000365s ]
SQL: SHOW COLUMNS FROM `shop_wheel` [ RunTime:0.0006s ]
SQL: SELECT * FROM `shop_wheel` WHERE ( status='1' )  [ RunTime:0.0004s ]
INFO: [ view_parse ] --START--
INFO: [ template_filter ] --START--
INFO: Run Behavior\ContentReplaceBehavior [ RunTime:0.000156s ]
INFO: [ template_filter ] --END-- [ RunTime:0.000209s ]
INFO: Run Behavior\ParseTemplateBehavior [ RunTime:0.013142s ]
INFO: [ view_parse ] --END-- [ RunTime:0.013185s ]
INFO: [ view_filter ] --START--
INFO: Run Behavior\WriteHtmlCacheBehavior [ RunTime:0.000113s ]
INFO: Run Behavior\TokenBuildBehavior [ RunTime:0.000250s ]
INFO: [ view_filter ] --END-- [ RunTime:0.000411s ]
INFO: [ app_end ] --START--
INFO: Run Behavior\ShowPageTraceBehavior [ RunTime:0.000477s ]
INFO: [ app_end ] --END-- [ RunTime:0.000520s ]

[ 2017-04-24T09:48:34+08:00 ] ::1 /gz25/github/tp_shop/object/index.php/Home/Index/index.html
INFO: [ app_init ] --START--
INFO: Run Behavior\BuildLiteBehavior [ RunTime:0.000015s ]
INFO: [ app_init ] --END-- [ RunTime:0.000302s ]
INFO: [ app_begin ] --START--
INFO: Run Behavior\ReadHtmlCacheBehavior [ RunTime:0.000398s ]
INFO: [ app_begin ] --END-- [ RunTime:0.000438s ]
SQL: SHOW COLUMNS FROM `shop_wheel` [ RunTime:0.0005s ]
SQL: SELECT * FROM `shop_wheel` WHERE ( status='1' )  [ RunTime:0.0003s ]
INFO: [ view_parse ] --START--
INFO: [ template_filter ] --START--
INFO: Run Behavior\ContentReplaceBehavior [ RunTime:0.000130s ]
INFO: [ template_filter ] --END-- [ RunTime:0.000190s ]
INFO: Run Behavior\ParseTemplateBehavior [ RunTime:0.010624s ]
INFO: [ view_parse ] --END-- [ RunTime:0.010676s ]
INFO: [ view_filter ] --START--
INFO: Run Behavior\WriteHtmlCacheBehavior [ RunTime:0.000223s ]
INFO: Run Behavior\TokenBuildBehavior [ RunTime:0.000333s ]
INFO: [ view_filter ] --END-- [ RunTime:0.000626s ]
INFO: [ app_end ] --START--
INFO: Run Behavior\ShowPageTraceBehavior [ RunTime:0.000690s ]
INFO: [ app_end ] --END-- [ RunTime:0.000739s ]

[ 2017-04-24T09:53:01+08:00 ] ::1 /gz25/github/tp_shop/object/index.php
INFO: [ app_init ] --START--
INFO: Run Behavior\BuildLiteBehavior [ RunTime:0.000097s ]
INFO: [ app_init ] --END-- [ RunTime:0.001700s ]
INFO: [ app_begin ] --START--
INFO: Run Behavior\ReadHtmlCacheBehavior [ RunTime:0.001760s ]
INFO: [ app_begin ] --END-- [ RunTime:0.001844s ]
SQL: SHOW COLUMNS FROM `shop_wheel` [ RunTime:0.0224s ]
SQL: SELECT * FROM `shop_wheel` WHERE ( status='1' )  [ RunTime:0.0040s ]
INFO: [ view_parse ] --START--
INFO: [ template_filter ] --START--
INFO: Run Behavior\ContentReplaceBehavior [ RunTime:0.000222s ]
INFO: [ template_filter ] --END-- [ RunTime:0.000335s ]
INFO: Run Behavior\ParseTemplateBehavior [ RunTime:0.039180s ]
INFO: [ view_parse ] --END-- [ RunTime:0.039339s ]
INFO: [ view_filter ] --START--
INFO: Run Behavior\WriteHtmlCacheBehavior [ RunTime:0.000440s ]
INFO: Run Behavior\TokenBuildBehavior [ RunTime:0.000560s ]
INFO: [ view_filter ] --END-- [ RunTime:0.001071s ]
INFO: [ app_end ] --START--
INFO: Run Behavior\ShowPageTraceBehavior [ RunTime:0.001786s ]
INFO: [ app_end ] --END-- [ RunTime:0.001917s ]

[ 2017-04-24T09:59:17+08:00 ] ::1 /gz25/github/tp_shop/object/index.php
INFO: [ app_init ] --START--
INFO: Run Behavior\BuildLiteBehavior [ RunTime:0.000031s ]
INFO: [ app_init ] --END-- [ RunTime:0.000617s ]
INFO: [ app_begin ] --START--
INFO: Run Behavior\ReadHtmlCacheBehavior [ RunTime:0.000379s ]
INFO: [ app_begin ] --END-- [ RunTime:0.000432s ]
SQL: SHOW COLUMNS FROM `shop_wheel` [ RunTime:0.0005s ]
SQL: SELECT * FROM `shop_wheel` WHERE ( status='1' )  [ RunTime:0.0003s ]
INFO: [ view_parse ] --START--
INFO: [ template_filter ] --START--
INFO: Run Behavior\ContentReplaceBehavior [ RunTime:0.000091s ]
INFO: [ template_filter ] --END-- [ RunTime:0.000128s ]
INFO: Run Behavior\ParseTemplateBehavior [ RunTime:0.011494s ]
INFO: [ view_parse ] --END-- [ RunTime:0.011527s ]
INFO: [ view_filter ] --START--
INFO: Run Behavior\WriteHtmlCacheBehavior [ RunTime:0.000116s ]
INFO: Run Behavior\TokenBuildBehavior [ RunTime:0.000162s ]
INFO: [ view_filter ] --END-- [ RunTime:0.000316s ]
INFO: [ app_end ] --START--
INFO: Run Behavior\ShowPageTraceBehavior [ RunTime:0.000534s ]
INFO: [ app_end ] --END-- [ RunTime:0.000633s ]

[ 2017-04-24T10:07:54+08:00 ] ::1 /gz25/github/tp_shop/object/index.php/Home
INFO: [ app_init ] --START--
INFO: Run Behavior\BuildLiteBehavior [ RunTime:0.000008s ]
INFO: [ app_init ] --END-- [ RunTime:0.000189s ]
INFO: [ app_begin ] --START--
INFO: Run Behavior\ReadHtmlCacheBehavior [ RunTime:0.000358s ]
INFO: [ app_begin ] --END-- [ RunTime:0.000413s ]
SQL: SHOW COLUMNS FROM `shop_wheel` [ RunTime:0.0006s ]
SQL: SELECT * FROM `shop_wheel` WHERE ( status='1' )  [ RunTime:0.0015s ]
INFO: [ view_parse ] --START--
INFO: [ template_filter ] --START--
INFO: Run Behavior\ContentReplaceBehavior [ RunTime:0.000083s ]
INFO: [ template_filter ] --END-- [ RunTime:0.000130s ]
INFO: Run Behavior\ParseTemplateBehavior [ RunTime:0.028532s ]
INFO: [ view_parse ] --END-- [ RunTime:0.028592s ]
INFO: [ view_filter ] --START--
INFO: Run Behavior\WriteHtmlCacheBehavior [ RunTime:0.000117s ]
INFO: Run Behavior\TokenBuildBehavior [ RunTime:0.000176s ]
INFO: [ view_filter ] --END-- [ RunTime:0.000335s ]
INFO: [ app_end ] --START--
INFO: Run Behavior\ShowPageTraceBehavior [ RunTime:0.000661s ]
INFO: [ app_end ] --END-- [ RunTime:0.000708s ]

[ 2017-04-24T10:19:38+08:00 ] ::1 /gz25/github/tp_shop/object/index.php/Home
INFO: [ app_init ] --START--
INFO: Run Behavior\BuildLiteBehavior [ RunTime:0.000016s ]
INFO: [ app_init ] --END-- [ RunTime:0.000593s ]
INFO: [ app_begin ] --START--
INFO: Run Behavior\ReadHtmlCacheBehavior [ RunTime:0.002299s ]
INFO: [ app_begin ] --END-- [ RunTime:0.002371s ]
SQL: SHOW COLUMNS FROM `shop_wheel` [ RunTime:0.0005s ]
SQL: SELECT * FROM `shop_wheel` WHERE ( status='1' )  [ RunTime:0.0003s ]
INFO: [ view_parse ] --START--
INFO: [ template_filter ] --START--
INFO: Run Behavior\ContentReplaceBehavior [ RunTime:0.000082s ]
INFO: [ template_filter ] --END-- [ RunTime:0.000126s ]
INFO: Run Behavior\ParseTemplateBehavior [ RunTime:0.014182s ]
INFO: [ view_parse ] --END-- [ RunTime:0.014218s ]
INFO: [ view_filter ] --START--
INFO: Run Behavior\WriteHtmlCacheBehavior [ RunTime:0.000780s ]
INFO: Run Behavior\TokenBuildBehavior [ RunTime:0.001944s ]
INFO: [ view_filter ] --END-- [ RunTime:0.002897s ]
INFO: [ app_end ] --START--
INFO: Run Behavior\ShowPageTraceBehavior [ RunTime:0.002328s ]
INFO: [ app_end ] --END-- [ RunTime:0.002461s ]

[ 2017-04-24T10:21:45+08:00 ] ::1 /gz25/github/tp_shop/object/index.php/Home/Paging/paging.html
INFO: [ app_init ] --START--
INFO: Run Behavior\BuildLiteBehavior [ RunTime:0.000011s ]
INFO: [ app_init ] --END-- [ RunTime:0.000233s ]
INFO: [ app_begin ] --START--
INFO: Run Behavior\ReadHtmlCacheBehavior [ RunTime:0.000431s ]
INFO: [ app_begin ] --END-- [ RunTime:0.000473s ]
SQL: SHOW COLUMNS FROM `shop_goods` [ RunTime:0.0049s ]
SQL: SHOW COLUMNS FROM `shop_type` [ RunTime:0.0028s ]
SQL: SELECT * FROM `shop_type` WHERE ( name='手机' )  [ RunTime:0.0004s ]
SQL: SELECT * FROM `shop_type` WHERE ( pid='87' )  [ RunTime:0.0003s ]
SQL: SHOW COLUMNS FROM `shop_goods` [ RunTime:0.0005s ]
SQL: SELECT * FROM `shop_type` WHERE ( name='手机' )  [ RunTime:0.0003s ]
SQL: SELECT * FROM `shop_type` WHERE ( pid='87' )  [ RunTime:0.0003s ]
NOTIC: [8] Undefined index: id /Library/WebServer/Documents/gz25/github/tp_shop/object/Application/Home/Model/GoodsModel.class.php 第 28 行.
NOTIC: [8] Undefined index: grounding /Library/WebServer/Documents/gz25/github/tp_shop/object/Application/Home/Model/GoodsModel.class.php 第 29 行.
NOTIC: [8] Undefined index: cost /Library/WebServer/Documents/gz25/github/tp_shop/object/Application/Home/Model/GoodsModel.class.php 第 30 行.
SQL: SELECT COUNT(*) AS tp_count FROM `shop_goods` WHERE `tid` IN ('89','90','91','92','93') LIMIT 1   [ RunTime:0.0060s ]
SQL: SELECT * FROM `shop_goods` WHERE `tid` IN ('89','90','91','92','93') LIMIT 0,4   [ RunTime:0.0015s ]
INFO: [ view_parse ] --START--
INFO: [ template_filter ] --START--
INFO: Run Behavior\ContentReplaceBehavior [ RunTime:0.000067s ]
INFO: [ template_filter ] --END-- [ RunTime:0.000115s ]
INFO: Run Behavior\ParseTemplateBehavior [ RunTime:0.016368s ]
INFO: [ view_parse ] --END-- [ RunTime:0.016442s ]
INFO: [ view_filter ] --START--
INFO: Run Behavior\WriteHtmlCacheBehavior [ RunTime:0.000349s ]
INFO: Run Behavior\TokenBuildBehavior [ RunTime:0.000266s ]
INFO: [ view_filter ] --END-- [ RunTime:0.000684s ]
INFO: [ app_end ] --START--
INFO: Run Behavior\ShowPageTraceBehavior [ RunTime:0.000577s ]
INFO: [ app_end ] --END-- [ RunTime:0.000672s ]

[ 2017-04-24T10:22:09+08:00 ] ::1 /gz25/github/tp_shop/object/index.php/Home/Index/index.html
INFO: [ app_init ] --START--
INFO: Run Behavior\BuildLiteBehavior [ RunTime:0.000012s ]
INFO: [ app_init ] --END-- [ RunTime:0.000260s ]
INFO: [ app_begin ] --START--
INFO: Run Behavior\ReadHtmlCacheBehavior [ RunTime:0.000435s ]
INFO: [ app_begin ] --END-- [ RunTime:0.000479s ]
SQL: SHOW COLUMNS FROM `shop_wheel` [ RunTime:0.0005s ]
SQL: SELECT * FROM `shop_wheel` WHERE ( status='1' )  [ RunTime:0.0004s ]
INFO: [ view_parse ] --START--
INFO: [ template_filter ] --START--
INFO: Run Behavior\ContentReplaceBehavior [ RunTime:0.000078s ]
INFO: [ template_filter ] --END-- [ RunTime:0.000119s ]
INFO: Run Behavior\ParseTemplateBehavior [ RunTime:0.008766s ]
INFO: [ view_parse ] --END-- [ RunTime:0.008798s ]
INFO: [ view_filter ] --START--
INFO: Run Behavior\WriteHtmlCacheBehavior [ RunTime:0.000107s ]
INFO: Run Behavior\TokenBuildBehavior [ RunTime:0.000161s ]
INFO: [ view_filter ] --END-- [ RunTime:0.000306s ]
INFO: [ app_end ] --START--
INFO: Run Behavior\ShowPageTraceBehavior [ RunTime:0.000307s ]
INFO: [ app_end ] --END-- [ RunTime:0.000420s ]

[ 2017-04-24T10:22:12+08:00 ] ::1 /gz25/github/tp_shop/object/index.php/Home/Personal/personalpage.html
INFO: [ app_init ] --START--
INFO: Run Behavior\BuildLiteBehavior [ RunTime:0.000010s ]
INFO: [ app_init ] --END-- [ RunTime:0.000225s ]
INFO: [ app_begin ] --START--
INFO: Run Behavior\ReadHtmlCacheBehavior [ RunTime:0.000582s ]
INFO: [ app_begin ] --END-- [ RunTime:0.000639s ]
NOTIC: [8] Undefined index: phone /Library/WebServer/Documents/gz25/github/tp_shop/object/Application/Home/Controller/PersonalController.class.php 第 11 行.
INFO: [ view_parse ] --START--
INFO: [ template_filter ] --START--
INFO: Run Behavior\ContentReplaceBehavior [ RunTime:0.000064s ]
INFO: [ template_filter ] --END-- [ RunTime:0.000105s ]
INFO: Run Behavior\ParseTemplateBehavior [ RunTime:0.016042s ]
INFO: [ view_parse ] --END-- [ RunTime:0.016108s ]
INFO: [ view_filter ] --START--
INFO: Run Behavior\WriteHtmlCacheBehavior [ RunTime:0.000216s ]
INFO: Run Behavior\TokenBuildBehavior [ RunTime:0.000271s ]
INFO: [ view_filter ] --END-- [ RunTime:0.000552s ]
INFO: [ app_end ] --START--
INFO: Run Behavior\ShowPageTraceBehavior [ RunTime:0.000704s ]
INFO: [ app_end ] --END-- [ RunTime:0.000779s ]

[ 2017-04-24T10:22:12+08:00 ] ::1 /gz25/github/tp_shop/object/index.php/Home/Order/getAaddrData.html
INFO: [ app_init ] --START--
INFO: Run Behavior\BuildLiteBehavior [ RunTime:0.000017s ]
INFO: [ app_init ] --END-- [ RunTime:0.000326s ]
INFO: [ app_begin ] --START--
INFO: Run Behavior\ReadHtmlCacheBehavior [ RunTime:0.000294s ]
INFO: [ app_begin ] --END-- [ RunTime:0.000328s ]
SQL: SHOW COLUMNS FROM `shop_address` [ RunTime:0.0026s ]
ERR: SQLSTATE[42S02]: Base table or view not found: 1146 Table 'vivoshop.shop_district' doesn't exist

