[ 2017-04-21T09:01:28+08:00 ] ::1 /gz25/github/tp_shop/object/index.php
INFO: [ app_init ] --START--
INFO: Run Behavior\BuildLiteBehavior [ RunTime:0.000070s ]
INFO: [ app_init ] --END-- [ RunTime:0.002371s ]
INFO: [ app_begin ] --START--
INFO: Run Behavior\ReadHtmlCacheBehavior [ RunTime:0.001762s ]
INFO: [ app_begin ] --END-- [ RunTime:0.001971s ]
INFO: [ view_parse ] --START--
INFO: [ template_filter ] --START--
INFO: Run Behavior\ContentReplaceBehavior [ RunTime:0.000203s ]
INFO: [ template_filter ] --END-- [ RunTime:0.000280s ]
INFO: Run Behavior\ParseTemplateBehavior [ RunTime:0.026992s ]
INFO: [ view_parse ] --END-- [ RunTime:0.027076s ]
INFO: [ view_filter ] --START--
INFO: Run Behavior\WriteHtmlCacheBehavior [ RunTime:0.001632s ]
INFO: Run Behavior\TokenBuildBehavior [ RunTime:0.001648s ]
INFO: [ view_filter ] --END-- [ RunTime:0.003529s ]
INFO: [ app_end ] --START--
INFO: Run Behavior\ShowPageTraceBehavior [ RunTime:0.002140s ]
INFO: [ app_end ] --END-- [ RunTime:0.002309s ]

[ 2017-04-21T09:48:16+08:00 ] ::1 /gz25/github/tp_shop/object/index.php/Home/Paging/paging.html
INFO: [ app_init ] --START--
INFO: Run Behavior\BuildLiteBehavior [ RunTime:0.000031s ]
INFO: [ app_init ] --END-- [ RunTime:0.002022s ]
INFO: [ app_begin ] --START--
INFO: Run Behavior\ReadHtmlCacheBehavior [ RunTime:0.001828s ]
INFO: [ app_begin ] --END-- [ RunTime:0.001922s ]
SQL: SHOW COLUMNS FROM `shop_goods` [ RunTime:0.0341s ]
SQL: SHOW COLUMNS FROM `shop_type` [ RunTime:0.0026s ]
SQL: SELECT * FROM `shop_type` WHERE ( name='手机' )  [ RunTime:0.0060s ]
SQL: SELECT * FROM `shop_type` WHERE ( pid='87' )  [ RunTime:0.0007s ]
SQL: SHOW COLUMNS FROM `shop_goods` [ RunTime:0.0008s ]
SQL: SELECT * FROM `shop_type` WHERE ( name='手机' )  [ RunTime:0.0004s ]
SQL: SELECT * FROM `shop_type` WHERE ( pid='87' )  [ RunTime:0.0003s ]
NOTIC: [8] Undefined index: id /Library/WebServer/Documents/gz25/github/tp_shop/object/Application/Home/Model/GoodsModel.class.php 第 27 行.
SQL: SELECT COUNT(*) AS tp_count FROM `shop_goods` WHERE `tid` IN ('89','90','91','92','93') LIMIT 1   [ RunTime:0.0051s ]
SQL: SELECT * FROM `shop_goods` WHERE `tid` IN ('89','90','91','92','93') LIMIT 0,4   [ RunTime:0.0008s ]
INFO: [ view_parse ] --START--
INFO: [ template_filter ] --START--
INFO: Run Behavior\ContentReplaceBehavior [ RunTime:0.000126s ]
INFO: [ template_filter ] --END-- [ RunTime:0.000198s ]
INFO: Run Behavior\ParseTemplateBehavior [ RunTime:0.038101s ]
INFO: [ view_parse ] --END-- [ RunTime:0.038172s ]
INFO: [ view_filter ] --START--
INFO: Run Behavior\WriteHtmlCacheBehavior [ RunTime:0.000498s ]
INFO: Run Behavior\TokenBuildBehavior [ RunTime:0.000773s ]
INFO: [ view_filter ] --END-- [ RunTime:0.001384s ]
INFO: [ app_end ] --START--
INFO: Run Behavior\ShowPageTraceBehavior [ RunTime:0.002307s ]
INFO: [ app_end ] --END-- [ RunTime:0.002487s ]

[ 2017-04-21T09:48:18+08:00 ] ::1 /gz25/github/tp_shop/object/index.php/Home/Details/details/id/153.html
INFO: [ app_init ] --START--
INFO: Run Behavior\BuildLiteBehavior [ RunTime:0.000015s ]
INFO: [ app_init ] --END-- [ RunTime:0.000310s ]
INFO: [ app_begin ] --START--
INFO: Run Behavior\ReadHtmlCacheBehavior [ RunTime:0.000786s ]
INFO: [ app_begin ] --END-- [ RunTime:0.000856s ]
SQL: SHOW COLUMNS FROM `shop_goods` [ RunTime:0.0008s ]
SQL: SHOW COLUMNS FROM `shop_goods` [ RunTime:0.0011s ]
SQL: SELECT * FROM `shop_goods` WHERE ( id='153' )  [ RunTime:0.0052s ]
SQL: SHOW COLUMNS FROM `shop_stock` [ RunTime:0.0068s ]
SQL: SELECT * FROM `shop_stock` WHERE ( gid='153' )  [ RunTime:0.0007s ]
SQL: SHOW COLUMNS FROM `shop_parameter` [ RunTime:0.0028s ]
SQL: SELECT * FROM `shop_parameter` WHERE ( gid='153' )  [ RunTime:0.0005s ]
SQL: SHOW COLUMNS FROM `shop_pics` [ RunTime:0.0024s ]
SQL: SELECT * FROM `shop_pics` WHERE ( gid='153' )  [ RunTime:0.0006s ]
INFO: [ view_parse ] --START--
INFO: [ template_filter ] --START--
INFO: Run Behavior\ContentReplaceBehavior [ RunTime:0.000714s ]
INFO: [ template_filter ] --END-- [ RunTime:0.000850s ]
INFO: Run Behavior\ParseTemplateBehavior [ RunTime:0.028407s ]
INFO: [ view_parse ] --END-- [ RunTime:0.028462s ]
INFO: [ view_filter ] --START--
INFO: Run Behavior\WriteHtmlCacheBehavior [ RunTime:0.000168s ]
INFO: Run Behavior\TokenBuildBehavior [ RunTime:0.000194s ]
INFO: [ view_filter ] --END-- [ RunTime:0.000406s ]
INFO: [ app_end ] --START--
INFO: Run Behavior\ShowPageTraceBehavior [ RunTime:0.000656s ]
INFO: [ app_end ] --END-- [ RunTime:0.000727s ]

[ 2017-04-21T16:20:58+08:00 ] ::1 /gz25/github/tp_shop/object/index.php/Home/Paging/paging.html
INFO: [ app_init ] --START--
INFO: Run Behavior\BuildLiteBehavior [ RunTime:0.000032s ]
INFO: [ app_init ] --END-- [ RunTime:0.005861s ]
INFO: [ app_begin ] --START--
INFO: Run Behavior\ReadHtmlCacheBehavior [ RunTime:0.002710s ]
INFO: [ app_begin ] --END-- [ RunTime:0.002828s ]
SQL: SHOW COLUMNS FROM `shop_goods` [ RunTime:0.0311s ]
SQL: SHOW COLUMNS FROM `shop_type` [ RunTime:0.0015s ]
SQL: SELECT * FROM `shop_type` WHERE ( name='手机' )  [ RunTime:0.0041s ]
SQL: SELECT * FROM `shop_type` WHERE ( pid='87' )  [ RunTime:0.0006s ]
SQL: SHOW COLUMNS FROM `shop_goods` [ RunTime:0.0009s ]
SQL: SELECT * FROM `shop_type` WHERE ( name='手机' )  [ RunTime:0.0005s ]
SQL: SELECT * FROM `shop_type` WHERE ( pid='87' )  [ RunTime:0.0005s ]
NOTIC: [8] Undefined index: id /Library/WebServer/Documents/gz25/github/tp_shop/object/Application/Home/Model/GoodsModel.class.php 第 27 行.
SQL: SELECT COUNT(*) AS tp_count FROM `shop_goods` WHERE `tid` IN ('89','90','91','92','93') LIMIT 1   [ RunTime:0.0035s ]
SQL: SELECT * FROM `shop_goods` WHERE `tid` IN ('89','90','91','92','93') LIMIT 0,4   [ RunTime:0.0008s ]
INFO: [ view_parse ] --START--
INFO: [ template_filter ] --START--
INFO: Run Behavior\ContentReplaceBehavior [ RunTime:0.000130s ]
INFO: [ template_filter ] --END-- [ RunTime:0.000201s ]
INFO: Run Behavior\ParseTemplateBehavior [ RunTime:0.041574s ]
INFO: [ view_parse ] --END-- [ RunTime:0.041665s ]
INFO: [ view_filter ] --START--
INFO: Run Behavior\WriteHtmlCacheBehavior [ RunTime:0.001471s ]
INFO: Run Behavior\TokenBuildBehavior [ RunTime:0.001888s ]
INFO: [ view_filter ] --END-- [ RunTime:0.003488s ]
INFO: [ app_end ] --START--
INFO: Run Behavior\ShowPageTraceBehavior [ RunTime:0.009637s ]
INFO: [ app_end ] --END-- [ RunTime:0.009744s ]

[ 2017-04-21T16:23:44+08:00 ] ::1 /gz25/github/tp_shop/object/index.php/Home/Paging/paging.html
INFO: [ app_init ] --START--
INFO: Run Behavior\BuildLiteBehavior [ RunTime:0.000023s ]
INFO: [ app_init ] --END-- [ RunTime:0.002073s ]
INFO: [ app_begin ] --START--
INFO: Run Behavior\ReadHtmlCacheBehavior [ RunTime:0.002176s ]
INFO: [ app_begin ] --END-- [ RunTime:0.002290s ]
SQL: SHOW COLUMNS FROM `shop_goods` [ RunTime:0.0018s ]
SQL: SHOW COLUMNS FROM `shop_type` [ RunTime:0.0010s ]
SQL: SELECT * FROM `shop_type` WHERE ( name='手机' )  [ RunTime:0.0007s ]
SQL: SELECT * FROM `shop_type` WHERE ( pid='87' )  [ RunTime:0.0006s ]
SQL: SHOW COLUMNS FROM `shop_goods` [ RunTime:0.0010s ]
SQL: SELECT * FROM `shop_type` WHERE ( name='手机' )  [ RunTime:0.0005s ]
SQL: SELECT * FROM `shop_type` WHERE ( pid='87' )  [ RunTime:0.0005s ]
NOTIC: [8] Undefined index: id /Library/WebServer/Documents/gz25/github/tp_shop/object/Application/Home/Model/GoodsModel.class.php 第 27 行.
SQL: SELECT COUNT(*) AS tp_count FROM `shop_goods` WHERE `tid` IN ('89','90','91','92','93') LIMIT 1   [ RunTime:0.0006s ]
SQL: SELECT * FROM `shop_goods` WHERE `tid` IN ('89','90','91','92','93') LIMIT 0,4   [ RunTime:0.0007s ]
INFO: [ view_parse ] --START--
INFO: [ template_filter ] --START--
INFO: Run Behavior\ContentReplaceBehavior [ RunTime:0.000125s ]
INFO: [ template_filter ] --END-- [ RunTime:0.000181s ]
INFO: Run Behavior\ParseTemplateBehavior [ RunTime:0.022552s ]
INFO: [ view_parse ] --END-- [ RunTime:0.022622s ]
INFO: [ view_filter ] --START--
INFO: Run Behavior\WriteHtmlCacheBehavior [ RunTime:0.000489s ]
INFO: Run Behavior\TokenBuildBehavior [ RunTime:0.000758s ]
INFO: [ view_filter ] --END-- [ RunTime:0.001343s ]
INFO: [ app_end ] --START--
INFO: Run Behavior\ShowPageTraceBehavior [ RunTime:0.002381s ]
INFO: [ app_end ] --END-- [ RunTime:0.002518s ]

[ 2017-04-21T16:29:17+08:00 ] ::1 /gz25/github/tp_shop/object/index.php/Home/Paging/paging.html
INFO: [ app_init ] --START--
INFO: Run Behavior\BuildLiteBehavior [ RunTime:0.000010s ]
INFO: [ app_init ] --END-- [ RunTime:0.000349s ]
INFO: [ app_begin ] --START--
INFO: Run Behavior\ReadHtmlCacheBehavior [ RunTime:0.000392s ]
INFO: [ app_begin ] --END-- [ RunTime:0.000434s ]
SQL: SHOW COLUMNS FROM `shop_goods` [ RunTime:0.0006s ]
SQL: SHOW COLUMNS FROM `shop_type` [ RunTime:0.0005s ]
SQL: SELECT * FROM `shop_type` WHERE ( name='手机' )  [ RunTime:0.0003s ]
SQL: SELECT * FROM `shop_type` WHERE ( pid='87' )  [ RunTime:0.0003s ]
SQL: SHOW COLUMNS FROM `shop_goods` [ RunTime:0.0005s ]
SQL: SELECT * FROM `shop_type` WHERE ( name='手机' )  [ RunTime:0.0003s ]
SQL: SELECT * FROM `shop_type` WHERE ( pid='87' )  [ RunTime:0.0003s ]
NOTIC: [8] Undefined index: id /Library/WebServer/Documents/gz25/github/tp_shop/object/Application/Home/Model/GoodsModel.class.php 第 27 行.
SQL: SELECT COUNT(*) AS tp_count FROM `shop_goods` WHERE `tid` IN ('89','90','91','92','93') LIMIT 1   [ RunTime:0.0003s ]
SQL: SELECT * FROM `shop_goods` WHERE `tid` IN ('89','90','91','92','93') LIMIT 0,4   [ RunTime:0.0004s ]
INFO: [ view_parse ] --START--
INFO: [ template_filter ] --START--
INFO: Run Behavior\ContentReplaceBehavior [ RunTime:0.000074s ]
INFO: [ template_filter ] --END-- [ RunTime:0.000110s ]
INFO: Run Behavior\ParseTemplateBehavior [ RunTime:0.009564s ]
INFO: [ view_parse ] --END-- [ RunTime:0.009608s ]
INFO: [ view_filter ] --START--
INFO: Run Behavior\WriteHtmlCacheBehavior [ RunTime:0.000123s ]
INFO: Run Behavior\TokenBuildBehavior [ RunTime:0.000306s ]
INFO: [ view_filter ] --END-- [ RunTime:0.000472s ]
INFO: [ app_end ] --START--
INFO: Run Behavior\ShowPageTraceBehavior [ RunTime:0.000560s ]
INFO: [ app_end ] --END-- [ RunTime:0.000702s ]

[ 2017-04-21T16:29:19+08:00 ] ::1 /gz25/github/tp_shop/object/index.php/Home/Paging/paging.html
INFO: [ app_init ] --START--
INFO: Run Behavior\BuildLiteBehavior [ RunTime:0.000010s ]
INFO: [ app_init ] --END-- [ RunTime:0.000222s ]
INFO: [ app_begin ] --START--
INFO: Run Behavior\ReadHtmlCacheBehavior [ RunTime:0.000282s ]
INFO: [ app_begin ] --END-- [ RunTime:0.000316s ]
SQL: SHOW COLUMNS FROM `shop_goods` [ RunTime:0.0006s ]
SQL: SHOW COLUMNS FROM `shop_type` [ RunTime:0.0005s ]
SQL: SELECT * FROM `shop_type` WHERE ( name='手机' )  [ RunTime:0.0004s ]
SQL: SELECT * FROM `shop_type` WHERE ( pid='87' )  [ RunTime:0.0004s ]
SQL: SHOW COLUMNS FROM `shop_goods` [ RunTime:0.0007s ]
SQL: SELECT * FROM `shop_type` WHERE ( name='手机' )  [ RunTime:0.0004s ]
SQL: SELECT * FROM `shop_type` WHERE ( pid='87' )  [ RunTime:0.0004s ]
NOTIC: [8] Undefined index: id /Library/WebServer/Documents/gz25/github/tp_shop/object/Application/Home/Model/GoodsModel.class.php 第 27 行.
SQL: SELECT COUNT(*) AS tp_count FROM `shop_goods` WHERE `tid` IN ('89','90','91','92','93') LIMIT 1   [ RunTime:0.0003s ]
SQL: SELECT * FROM `shop_goods` WHERE `tid` IN ('89','90','91','92','93') LIMIT 0,4   [ RunTime:0.0003s ]
INFO: [ view_parse ] --START--
INFO: [ template_filter ] --START--
INFO: Run Behavior\ContentReplaceBehavior [ RunTime:0.000077s ]
INFO: [ template_filter ] --END-- [ RunTime:0.000127s ]
INFO: Run Behavior\ParseTemplateBehavior [ RunTime:0.009576s ]
INFO: [ view_parse ] --END-- [ RunTime:0.009617s ]
INFO: [ view_filter ] --START--
INFO: Run Behavior\WriteHtmlCacheBehavior [ RunTime:0.000135s ]
INFO: Run Behavior\TokenBuildBehavior [ RunTime:0.000209s ]
INFO: [ view_filter ] --END-- [ RunTime:0.000393s ]
INFO: [ app_end ] --START--
INFO: Run Behavior\ShowPageTraceBehavior [ RunTime:0.000428s ]
INFO: [ app_end ] --END-- [ RunTime:0.000482s ]

[ 2017-04-21T16:29:20+08:00 ] ::1 /gz25/github/tp_shop/object/index.php/Home/Paging/paging.html
INFO: [ app_init ] --START--
INFO: Run Behavior\BuildLiteBehavior [ RunTime:0.000011s ]
INFO: [ app_init ] --END-- [ RunTime:0.000283s ]
INFO: [ app_begin ] --START--
INFO: Run Behavior\ReadHtmlCacheBehavior [ RunTime:0.000333s ]
INFO: [ app_begin ] --END-- [ RunTime:0.000370s ]
SQL: SHOW COLUMNS FROM `shop_goods` [ RunTime:0.0009s ]
SQL: SHOW COLUMNS FROM `shop_type` [ RunTime:0.0013s ]
SQL: SELECT * FROM `shop_type` WHERE ( name='手机' )  [ RunTime:0.0004s ]
SQL: SELECT * FROM `shop_type` WHERE ( pid='87' )  [ RunTime:0.0003s ]
SQL: SHOW COLUMNS FROM `shop_goods` [ RunTime:0.0005s ]
SQL: SELECT * FROM `shop_type` WHERE ( name='手机' )  [ RunTime:0.0003s ]
SQL: SELECT * FROM `shop_type` WHERE ( pid='87' )  [ RunTime:0.0003s ]
NOTIC: [8] Undefined index: id /Library/WebServer/Documents/gz25/github/tp_shop/object/Application/Home/Model/GoodsModel.class.php 第 27 行.
SQL: SELECT COUNT(*) AS tp_count FROM `shop_goods` WHERE `tid` IN ('89','90','91','92','93') LIMIT 1   [ RunTime:0.0003s ]
SQL: SELECT * FROM `shop_goods` WHERE `tid` IN ('89','90','91','92','93') LIMIT 0,4   [ RunTime:0.0004s ]
INFO: [ view_parse ] --START--
INFO: [ template_filter ] --START--
INFO: Run Behavior\ContentReplaceBehavior [ RunTime:0.000053s ]
INFO: [ template_filter ] --END-- [ RunTime:0.000090s ]
INFO: Run Behavior\ParseTemplateBehavior [ RunTime:0.008024s ]
INFO: [ view_parse ] --END-- [ RunTime:0.008057s ]
INFO: [ view_filter ] --START--
INFO: Run Behavior\WriteHtmlCacheBehavior [ RunTime:0.000100s ]
INFO: Run Behavior\TokenBuildBehavior [ RunTime:0.000151s ]
INFO: [ view_filter ] --END-- [ RunTime:0.000302s ]
INFO: [ app_end ] --START--
INFO: Run Behavior\ShowPageTraceBehavior [ RunTime:0.000462s ]
INFO: [ app_end ] --END-- [ RunTime:0.000552s ]

