[ 2016-11-22T00:00:16+08:00 ] 192.168.42.21 /gitHub/tp_shop/object/index.php/ShopCart/addSession/id/1.html
INFO: [ app_init ] --START--
INFO: Run Behavior\BuildLiteBehavior [ RunTime:0.013903s ]
INFO: [ app_init ] --END-- [ RunTime:0.014427s ]
ERR: 无法加载模块:ShopCart

[ 2016-11-22T00:00:28+08:00 ] 192.168.42.21 /gitHub/tp_shop/object/index.php/ShopCart/addSession/id/1.html
INFO: [ app_init ] --START--
INFO: Run Behavior\BuildLiteBehavior [ RunTime:0.000012s ]
INFO: [ app_init ] --END-- [ RunTime:0.000309s ]
ERR: 无法加载模块:ShopCart

[ 2016-11-22T00:01:13+08:00 ] 192.168.42.21 /gitHub/tp_shop/object/index.php/ShopCart/addSession/id/1.html
INFO: [ app_init ] --START--
INFO: Run Behavior\BuildLiteBehavior [ RunTime:0.000029s ]
INFO: [ app_init ] --END-- [ RunTime:0.017657s ]
ERR: 无法加载模块:ShopCart

[ 2016-11-22T00:01:50+08:00 ] 192.168.42.21 /gitHub/tp_shop/object/index.php/ShopCart/addSession/id/1.html
INFO: [ app_init ] --START--
INFO: Run Behavior\BuildLiteBehavior [ RunTime:0.000094s ]
INFO: [ app_init ] --END-- [ RunTime:0.013652s ]
ERR: 无法加载模块:ShopCart

[ 2016-11-22T00:03:07+08:00 ] 192.168.42.21 /gitHub/tp_shop/object/index.php/ShopCart/addSession/id/1.html
INFO: [ app_init ] --START--
INFO: Run Behavior\BuildLiteBehavior [ RunTime:0.000019s ]
INFO: [ app_init ] --END-- [ RunTime:0.000425s ]
ERR: 无法加载模块:ShopCart

[ 2016-11-22T00:03:24+08:00 ] 192.168.42.21 /gitHub/tp_shop/object/index.php/ShopCart/addSession/id/1.html
INFO: [ app_init ] --START--
INFO: Run Behavior\BuildLiteBehavior [ RunTime:0.000013s ]
INFO: [ app_init ] --END-- [ RunTime:0.000342s ]
ERR: 无法加载模块:ShopCart

[ 2016-11-22T00:03:59+08:00 ] 192.168.42.21 /gitHub/tp_shop/object/index.php/ShopCart/addSession/id/1.html
INFO: [ app_init ] --START--
INFO: Run Behavior\BuildLiteBehavior [ RunTime:0.000069s ]
INFO: [ app_init ] --END-- [ RunTime:0.000668s ]
ERR: 无法加载模块:ShopCart

[ 2016-11-22T00:04:42+08:00 ] 192.168.42.21 /gitHub/tp_shop/object/index.php/a/addSession/id/1.html
INFO: [ app_init ] --START--
INFO: Run Behavior\BuildLiteBehavior [ RunTime:0.000024s ]
INFO: [ app_init ] --END-- [ RunTime:0.000483s ]
ERR: 无法加载模块:A

[ 2016-11-22T00:05:18+08:00 ] 192.168.42.21 /gitHub/tp_shop/object/index.php/a/addSession/id/2.html
INFO: [ app_init ] --START--
INFO: Run Behavior\BuildLiteBehavior [ RunTime:0.000014s ]
INFO: [ app_init ] --END-- [ RunTime:0.000304s ]
ERR: 无法加载模块:A

[ 2016-11-22T06:02:15+08:00 ] 192.168.42.21 /gitHub/tp_shop/object/index.php/TestOrder/testshow
INFO: [ app_init ] --START--
INFO: Run Behavior\BuildLiteBehavior [ RunTime:0.000014s ]
INFO: [ app_init ] --END-- [ RunTime:0.000364s ]
ERR: 无法加载模块:TestOrder

