[ 2016-11-21T09:59:01+08:00 ] 192.168.42.21 /gitHub/tp_shop/object/index.php/ShowRegister/register
INFO: [ app_init ] --START--
INFO: Run Behavior\BuildLiteBehavior [ RunTime:0.000079s ]
INFO: [ app_init ] --END-- [ RunTime:0.001155s ]
ERR: 无法加载模块:ShowRegister

[ 2016-11-21T09:59:43+08:00 ] 192.168.42.21 /gitHub/tp_shop/object/index.php/ShowRegister/register
INFO: [ app_init ] --START--
INFO: Run Behavior\BuildLiteBehavior [ RunTime:0.000026s ]
INFO: [ app_init ] --END-- [ RunTime:0.000801s ]
ERR: 无法加载模块:ShowRegister

[ 2016-11-21T10:00:34+08:00 ] 192.168.42.21 /gitHub/tp_shop/object/index.php/ShowRegister/register
INFO: [ app_init ] --START--
INFO: Run Behavior\BuildLiteBehavior [ RunTime:0.000021s ]
INFO: [ app_init ] --END-- [ RunTime:0.004051s ]
ERR: 无法加载模块:ShowRegister

[ 2016-11-21T10:01:00+08:00 ] 192.168.42.21 /gitHub/tp_shop/object/index.php/ShowRegister/register
INFO: [ app_init ] --START--
INFO: Run Behavior\BuildLiteBehavior [ RunTime:0.000014s ]
INFO: [ app_init ] --END-- [ RunTime:0.000358s ]
ERR: 无法加载模块:ShowRegister

[ 2016-11-21T10:01:00+08:00 ] 192.168.42.21 /gitHub/tp_shop/object/index.php/ShowRegister/register
INFO: [ app_init ] --START--
INFO: Run Behavior\BuildLiteBehavior [ RunTime:0.000013s ]
INFO: [ app_init ] --END-- [ RunTime:0.000280s ]
ERR: 无法加载模块:ShowRegister

