[ 2016-11-06T08:20:47+08:00 ] 192.168.42.21 /object/index.php/static/h-ui/css/H-ui.min.css
INFO: [ app_init ] --START--
INFO: Run Behavior\BuildLiteBehavior [ RunTime:0.000012s ]
INFO: [ app_init ] --END-- [ RunTime:0.000239s ]
ERR: 无法加载模块:Static

[ 2016-11-06T08:20:47+08:00 ] 192.168.42.21 /object/index.php/lib/Hui-iconfont/1.0.8/iconfont.css
INFO: [ app_init ] --START--
INFO: Run Behavior\BuildLiteBehavior [ RunTime:0.000015s ]
INFO: [ app_init ] --END-- [ RunTime:0.000400s ]
ERR: 无法加载模块:Lib

[ 2016-11-06T08:20:47+08:00 ] 192.168.42.21 /object/index.php/welcome.html
INFO: [ app_init ] --START--
INFO: Run Behavior\BuildLiteBehavior [ RunTime:0.000016s ]
INFO: [ app_init ] --END-- [ RunTime:0.000315s ]
ERR: 无法加载模块:Welcome

[ 2016-11-06T08:20:47+08:00 ] 192.168.42.21 /object/index.php/static/h-ui.admin/css/H-ui.admin.css
INFO: [ app_init ] --START--
INFO: Run Behavior\BuildLiteBehavior [ RunTime:0.000025s ]
INFO: [ app_init ] --END-- [ RunTime:0.007110s ]
ERR: 无法加载模块:Static

[ 2016-11-06T08:20:47+08:00 ] 192.168.42.21 /object/index.php/static/h-ui/js/H-ui.min.js
INFO: [ app_init ] --START--
INFO: Run Behavior\BuildLiteBehavior [ RunTime:0.000013s ]
INFO: [ app_init ] --END-- [ RunTime:0.000337s ]
ERR: 无法加载模块:Static

[ 2016-11-06T08:20:47+08:00 ] 192.168.42.21 /object/index.php/lib/layer/2.4/layer.js
INFO: [ app_init ] --START--
INFO: Run Behavior\BuildLiteBehavior [ RunTime:0.000017s ]
INFO: [ app_init ] --END-- [ RunTime:0.000474s ]
ERR: 无法加载模块:Lib

[ 2016-11-06T08:20:47+08:00 ] 192.168.42.21 /object/index.php/lib/jquery/1.9.1/jquery.min.js
INFO: [ app_init ] --START--
INFO: Run Behavior\BuildLiteBehavior [ RunTime:0.000018s ]
INFO: [ app_init ] --END-- [ RunTime:0.000755s ]
ERR: 无法加载模块:Lib

[ 2016-11-06T08:20:48+08:00 ] 192.168.42.21 /object/index.php/lib/jquery.contextmenu/jquery.contextmenu.r2.js
INFO: [ app_init ] --START--
INFO: Run Behavior\BuildLiteBehavior [ RunTime:0.000013s ]
INFO: [ app_init ] --END-- [ RunTime:0.000284s ]
ERR: 无法加载模块:Lib

[ 2016-11-06T08:20:48+08:00 ] 192.168.42.21 /object/index.php/static/h-ui.admin/js/H-ui.admin.js
INFO: [ app_init ] --START--
INFO: Run Behavior\BuildLiteBehavior [ RunTime:0.000013s ]
INFO: [ app_init ] --END-- [ RunTime:0.000268s ]
ERR: 无法加载模块:Static

[ 2016-11-06T08:20:48+08:00 ] 192.168.42.21 /object/index.php/static/h-ui.admin/skin/default/skin.css
INFO: [ app_init ] --START--
INFO: Run Behavior\BuildLiteBehavior [ RunTime:0.000018s ]
INFO: [ app_init ] --END-- [ RunTime:0.019063s ]
ERR: 无法加载模块:Static

[ 2016-11-06T08:20:48+08:00 ] 192.168.42.21 /object/index.php/static/h-ui.admin/css/style.css
INFO: [ app_init ] --START--
INFO: Run Behavior\BuildLiteBehavior [ RunTime:0.000013s ]
INFO: [ app_init ] --END-- [ RunTime:0.000299s ]
ERR: 无法加载模块:Static

[ 2016-11-06T08:21:00+08:00 ] 192.168.42.21 /object/index.php/static/h-ui.admin/css/style.css
INFO: [ app_init ] --START--
INFO: Run Behavior\BuildLiteBehavior [ RunTime:0.000021s ]
INFO: [ app_init ] --END-- [ RunTime:0.001067s ]
ERR: 无法加载模块:Static

[ 2016-11-06T08:21:00+08:00 ] 192.168.42.21 /object/index.php/static/h-ui/css/H-ui.min.css
INFO: [ app_init ] --START--
INFO: Run Behavior\BuildLiteBehavior [ RunTime:0.000048s ]
INFO: [ app_init ] --END-- [ RunTime:0.000804s ]
ERR: 无法加载模块:Static

[ 2016-11-06T08:21:00+08:00 ] 192.168.42.21 /object/index.php/static/h-ui.admin/css/H-ui.admin.css
INFO: [ app_init ] --START--
INFO: Run Behavior\BuildLiteBehavior [ RunTime:0.000050s ]
INFO: [ app_init ] --END-- [ RunTime:0.075112s ]
ERR: 无法加载模块:Static

[ 2016-11-06T08:21:00+08:00 ] 192.168.42.21 /object/index.php/static/h-ui.admin/skin/default/skin.css
INFO: [ app_init ] --START--
INFO: Run Behavior\BuildLiteBehavior [ RunTime:0.000020s ]
INFO: [ app_init ] --END-- [ RunTime:0.000927s ]
ERR: 无法加载模块:Static

[ 2016-11-06T08:21:00+08:00 ] 192.168.42.21 /object/index.php/lib/Hui-iconfont/1.0.8/iconfont.css
INFO: [ app_init ] --START--
INFO: Run Behavior\BuildLiteBehavior [ RunTime:0.000017s ]
INFO: [ app_init ] --END-- [ RunTime:0.000849s ]
ERR: 无法加载模块:Lib

[ 2016-11-06T08:24:08+08:00 ] 192.168.42.21 /object/index.php/lib/jquery/1.9.1/jquery.min.js
INFO: [ app_init ] --START--
INFO: Run Behavior\BuildLiteBehavior [ RunTime:0.000014s ]
INFO: [ app_init ] --END-- [ RunTime:0.000274s ]
ERR: 无法加载模块:Lib

[ 2016-11-06T08:24:08+08:00 ] 192.168.42.21 /object/index.php/static/h-ui.admin/css/style.css
INFO: [ app_init ] --START--
INFO: Run Behavior\BuildLiteBehavior [ RunTime:0.000024s ]
INFO: [ app_init ] --END-- [ RunTime:0.012781s ]
ERR: 无法加载模块:Static

[ 2016-11-06T08:24:08+08:00 ] 192.168.42.21 /object/index.php/lib/layer/2.4/layer.js
INFO: [ app_init ] --START--
INFO: Run Behavior\BuildLiteBehavior [ RunTime:0.000013s ]
INFO: [ app_init ] --END-- [ RunTime:0.000416s ]
ERR: 无法加载模块:Lib

[ 2016-11-06T08:24:08+08:00 ] 192.168.42.21 /object/index.php/static/h-ui.admin/skin/default/skin.css
INFO: [ app_init ] --START--
INFO: Run Behavior\BuildLiteBehavior [ RunTime:0.000014s ]
INFO: [ app_init ] --END-- [ RunTime:0.000405s ]
ERR: 无法加载模块:Static

[ 2016-11-06T08:24:08+08:00 ] 192.168.42.21 /object/index.php/welcome.html
INFO: [ app_init ] --START--
INFO: Run Behavior\BuildLiteBehavior [ RunTime:0.002379s ]
INFO: [ app_init ] --END-- [ RunTime:0.014182s ]
ERR: 无法加载模块:Welcome

[ 2016-11-06T08:24:08+08:00 ] 192.168.42.21 /object/index.php/static/h-ui/js/H-ui.min.js
INFO: [ app_init ] --START--
INFO: Run Behavior\BuildLiteBehavior [ RunTime:0.000016s ]
INFO: [ app_init ] --END-- [ RunTime:0.000279s ]
ERR: 无法加载模块:Static

[ 2016-11-06T08:24:08+08:00 ] 192.168.42.21 /object/index.php/static/h-ui.admin/js/H-ui.admin.js
INFO: [ app_init ] --START--
INFO: Run Behavior\BuildLiteBehavior [ RunTime:0.000027s ]
INFO: [ app_init ] --END-- [ RunTime:0.004168s ]
ERR: 无法加载模块:Static

[ 2016-11-06T08:24:08+08:00 ] 192.168.42.21 /object/index.php/lib/jquery.contextmenu/jquery.contextmenu.r2.js
INFO: [ app_init ] --START--
INFO: Run Behavior\BuildLiteBehavior [ RunTime:0.000015s ]
INFO: [ app_init ] --END-- [ RunTime:0.000316s ]
ERR: 无法加载模块:Lib

[ 2016-11-06T08:24:08+08:00 ] 192.168.42.21 /object/index.php/lib/Hui-iconfont/1.0.8/iconfont.css
INFO: [ app_init ] --START--
INFO: Run Behavior\BuildLiteBehavior [ RunTime:0.000023s ]
INFO: [ app_init ] --END-- [ RunTime:0.000982s ]
ERR: 无法加载模块:Lib

[ 2016-11-06T08:24:08+08:00 ] 192.168.42.21 /object/index.php/static/h-ui.admin/css/H-ui.admin.css
INFO: [ app_init ] --START--
INFO: Run Behavior\BuildLiteBehavior [ RunTime:0.000019s ]
INFO: [ app_init ] --END-- [ RunTime:0.000722s ]
ERR: 无法加载模块:Static

[ 2016-11-06T08:24:35+08:00 ] 192.168.42.21 /object/index.php/static/h-ui/js/H-ui.min.js
INFO: [ app_init ] --START--
INFO: Run Behavior\BuildLiteBehavior [ RunTime:0.000014s ]
INFO: [ app_init ] --END-- [ RunTime:0.000310s ]
ERR: 无法加载模块:Static

[ 2016-11-06T08:24:36+08:00 ] 192.168.42.21 /object/index.php/lib/jquery/1.9.1/jquery.min.js
INFO: [ app_init ] --START--
INFO: Run Behavior\BuildLiteBehavior [ RunTime:0.000028s ]
INFO: [ app_init ] --END-- [ RunTime:0.003394s ]
ERR: 无法加载模块:Lib

[ 2016-11-06T08:24:36+08:00 ] 192.168.42.21 /object/index.php/lib/layer/2.4/layer.js
INFO: [ app_init ] --START--
INFO: Run Behavior\BuildLiteBehavior [ RunTime:0.000018s ]
INFO: [ app_init ] --END-- [ RunTime:0.218939s ]
ERR: 无法加载模块:Lib

[ 2016-11-06T08:24:36+08:00 ] 192.168.42.21 /object/index.php/static/h-ui.admin/js/H-ui.admin.js
INFO: [ app_init ] --START--
INFO: Run Behavior\BuildLiteBehavior [ RunTime:0.000028s ]
INFO: [ app_init ] --END-- [ RunTime:0.000684s ]
ERR: 无法加载模块:Static

[ 2016-11-06T08:24:36+08:00 ] 192.168.42.21 /object/index.php/lib/jquery.contextmenu/jquery.contextmenu.r2.js
INFO: [ app_init ] --START--
INFO: Run Behavior\BuildLiteBehavior [ RunTime:0.000020s ]
INFO: [ app_init ] --END-- [ RunTime:0.004342s ]
ERR: 无法加载模块:Lib

[ 2016-11-06T08:24:36+08:00 ] 192.168.42.21 /object/index.php/welcome.html
INFO: [ app_init ] --START--
INFO: Run Behavior\BuildLiteBehavior [ RunTime:0.000020s ]
INFO: [ app_init ] --END-- [ RunTime:0.035599s ]
ERR: 无法加载模块:Welcome

[ 2016-11-06T08:25:47+08:00 ] 192.168.42.21 /object/index.php/lib/layer/2.4/layer.js
INFO: [ app_init ] --START--
INFO: Run Behavior\BuildLiteBehavior [ RunTime:0.000014s ]
INFO: [ app_init ] --END-- [ RunTime:0.000281s ]
ERR: 无法加载模块:Lib

[ 2016-11-06T08:25:47+08:00 ] 192.168.42.21 /object/index.php/lib/jquery/1.9.1/jquery.min.js
INFO: [ app_init ] --START--
INFO: Run Behavior\BuildLiteBehavior [ RunTime:0.000021s ]
INFO: [ app_init ] --END-- [ RunTime:0.002501s ]
ERR: 无法加载模块:Lib

[ 2016-11-06T08:25:47+08:00 ] 192.168.42.21 /object/index.php/static/h-ui/js/H-ui.min.js
INFO: [ app_init ] --START--
INFO: Run Behavior\BuildLiteBehavior [ RunTime:0.000013s ]
INFO: [ app_init ] --END-- [ RunTime:0.000244s ]
ERR: 无法加载模块:Static

[ 2016-11-06T08:25:47+08:00 ] 192.168.42.21 /object/index.php/lib/jquery.contextmenu/jquery.contextmenu.r2.js
INFO: [ app_init ] --START--
INFO: Run Behavior\BuildLiteBehavior [ RunTime:0.000013s ]
INFO: [ app_init ] --END-- [ RunTime:0.000308s ]
ERR: 无法加载模块:Lib

[ 2016-11-06T08:25:47+08:00 ] 192.168.42.21 /object/index.php/static/h-ui.admin/js/H-ui.admin.js
INFO: [ app_init ] --START--
INFO: Run Behavior\BuildLiteBehavior [ RunTime:0.000015s ]
INFO: [ app_init ] --END-- [ RunTime:0.000429s ]
ERR: 无法加载模块:Static

[ 2016-11-06T08:25:47+08:00 ] 192.168.42.21 /object/index.php/welcome.html
INFO: [ app_init ] --START--
INFO: Run Behavior\BuildLiteBehavior [ RunTime:0.000019s ]
INFO: [ app_init ] --END-- [ RunTime:0.000899s ]
ERR: 无法加载模块:Welcome

[ 2016-11-06T08:27:32+08:00 ] 192.168.42.21 /object/index.php/lib/layer/2.4/layer.js
INFO: [ app_init ] --START--
INFO: Run Behavior\BuildLiteBehavior [ RunTime:0.000019s ]
INFO: [ app_init ] --END-- [ RunTime:0.003247s ]
ERR: 无法加载模块:Lib

[ 2016-11-06T08:27:32+08:00 ] 192.168.42.21 /object/index.php/static/h-ui.admin/js/H-ui.admin.js
INFO: [ app_init ] --START--
INFO: Run Behavior\BuildLiteBehavior [ RunTime:0.000012s ]
INFO: [ app_init ] --END-- [ RunTime:0.000239s ]
ERR: 无法加载模块:Static

[ 2016-11-06T08:27:32+08:00 ] 192.168.42.21 /object/index.php/static/h-ui/js/H-ui.min.js
INFO: [ app_init ] --START--
INFO: Run Behavior\BuildLiteBehavior [ RunTime:0.000028s ]
INFO: [ app_init ] --END-- [ RunTime:0.039028s ]
ERR: 无法加载模块:Static

[ 2016-11-06T08:27:32+08:00 ] 192.168.42.21 /object/index.php/lib/jquery.contextmenu/jquery.contextmenu.r2.js
INFO: [ app_init ] --START--
INFO: Run Behavior\BuildLiteBehavior [ RunTime:0.000012s ]
INFO: [ app_init ] --END-- [ RunTime:0.000261s ]
ERR: 无法加载模块:Lib

[ 2016-11-06T08:27:32+08:00 ] 192.168.42.21 /object/index.php/lib/jquery/1.9.1/jquery.min.js
INFO: [ app_init ] --START--
INFO: Run Behavior\BuildLiteBehavior [ RunTime:0.000062s ]
INFO: [ app_init ] --END-- [ RunTime:0.000794s ]
ERR: 无法加载模块:Lib

[ 2016-11-06T08:27:32+08:00 ] 192.168.42.21 /object/index.php/welcome.html
INFO: [ app_init ] --START--
INFO: Run Behavior\BuildLiteBehavior [ RunTime:0.000033s ]
INFO: [ app_init ] --END-- [ RunTime:0.001503s ]
ERR: 无法加载模块:Welcome

[ 2016-11-06T08:28:59+08:00 ] 192.168.42.21 /object/index.php/welcome.html
INFO: [ app_init ] --START--
INFO: Run Behavior\BuildLiteBehavior [ RunTime:0.000015s ]
INFO: [ app_init ] --END-- [ RunTime:0.000613s ]
ERR: 无法加载模块:Welcome

[ 2016-11-06T08:29:44+08:00 ] 192.168.42.21 /object/index.php/welcome.html
INFO: [ app_init ] --START--
INFO: Run Behavior\BuildLiteBehavior [ RunTime:0.000014s ]
INFO: [ app_init ] --END-- [ RunTime:0.000259s ]
ERR: 无法加载模块:Welcome

[ 2016-11-06T08:31:54+08:00 ] 192.168.42.21 /object/index.php/welcome.html
INFO: [ app_init ] --START--
INFO: Run Behavior\BuildLiteBehavior [ RunTime:0.000019s ]
INFO: [ app_init ] --END-- [ RunTime:0.000703s ]
ERR: 无法加载模块:Welcome

[ 2016-11-06T08:31:56+08:00 ] 192.168.42.21 /object/index.php/welcome.html
INFO: [ app_init ] --START--
INFO: Run Behavior\BuildLiteBehavior [ RunTime:0.000024s ]
INFO: [ app_init ] --END-- [ RunTime:0.000778s ]
ERR: 无法加载模块:Welcome

[ 2016-11-06T09:03:59+08:00 ] 192.168.42.21 /object/index.php/picture-list.html
INFO: [ app_init ] --START--
INFO: Run Behavior\BuildLiteBehavior [ RunTime:0.000017s ]
INFO: [ app_init ] --END-- [ RunTime:0.000447s ]
ERR: 无法加载模块:Picture-list

[ 2016-11-06T09:04:02+08:00 ] 192.168.42.21 /object/index.php/article-list.html
INFO: [ app_init ] --START--
INFO: Run Behavior\BuildLiteBehavior [ RunTime:0.000011s ]
INFO: [ app_init ] --END-- [ RunTime:0.000324s ]
ERR: 无法加载模块:Article-list

[ 2016-11-06T09:04:05+08:00 ] 192.168.42.21 /object/index.php/member-del.html
INFO: [ app_init ] --START--
INFO: Run Behavior\BuildLiteBehavior [ RunTime:0.000012s ]
INFO: [ app_init ] --END-- [ RunTime:0.000268s ]
ERR: 无法加载模块:Member-del

[ 2016-11-06T09:04:06+08:00 ] 192.168.42.21 /object/index.php/member-list.html
INFO: [ app_init ] --START--
INFO: Run Behavior\BuildLiteBehavior [ RunTime:0.000021s ]
INFO: [ app_init ] --END-- [ RunTime:0.000575s ]
ERR: 无法加载模块:Member-list

[ 2016-11-06T09:04:07+08:00 ] 192.168.42.21 /object/index.php/member-scoreoperation.html
INFO: [ app_init ] --START--
INFO: Run Behavior\BuildLiteBehavior [ RunTime:0.000018s ]
INFO: [ app_init ] --END-- [ RunTime:0.000541s ]
ERR: 无法加载模块:Member-scoreoperation

[ 2016-11-06T09:04:08+08:00 ] 192.168.42.21 /object/index.php/member-record-browse.html
INFO: [ app_init ] --START--
INFO: Run Behavior\BuildLiteBehavior [ RunTime:0.000054s ]
INFO: [ app_init ] --END-- [ RunTime:0.001033s ]
ERR: 无法加载模块:Member-record-browse

[ 2016-11-06T09:04:09+08:00 ] 192.168.42.21 /object/index.php/member-record-download.html
INFO: [ app_init ] --START--
INFO: Run Behavior\BuildLiteBehavior [ RunTime:0.000012s ]
INFO: [ app_init ] --END-- [ RunTime:0.000270s ]
ERR: 无法加载模块:Member-record-download

[ 2016-11-06T09:04:10+08:00 ] 192.168.42.21 /object/index.php/member-record-share.html
INFO: [ app_init ] --START--
INFO: Run Behavior\BuildLiteBehavior [ RunTime:0.000014s ]
INFO: [ app_init ] --END-- [ RunTime:0.000317s ]
ERR: 无法加载模块:Member-record-share

[ 2016-11-06T10:14:12+08:00 ] 192.168.42.21 /object/index.php/picture-list.html
INFO: [ app_init ] --START--
INFO: Run Behavior\BuildLiteBehavior [ RunTime:0.000039s ]
INFO: [ app_init ] --END-- [ RunTime:0.000667s ]
ERR: 无法加载模块:Picture-list

[ 2016-11-06T10:16:51+08:00 ] 192.168.42.21 /object/index.php/picture-list.html
INFO: [ app_init ] --START--
INFO: Run Behavior\BuildLiteBehavior [ RunTime:0.000027s ]
INFO: [ app_init ] --END-- [ RunTime:0.000620s ]
ERR: 无法加载模块:Picture-list

[ 2016-11-06T10:22:47+08:00 ] 192.168.42.21 /object/index.php/article-list.html
INFO: [ app_init ] --START--
INFO: Run Behavior\BuildLiteBehavior [ RunTime:0.000014s ]
INFO: [ app_init ] --END-- [ RunTime:0.000300s ]
ERR: 无法加载模块:Article-list

[ 2016-11-06T14:21:07+08:00 ] 192.168.42.21 /object/index.php/article-list.html
INFO: [ app_init ] --START--
INFO: Run Behavior\BuildLiteBehavior [ RunTime:0.000075s ]
INFO: [ app_init ] --END-- [ RunTime:0.015359s ]
ERR: 无法加载模块:Article-list

[ 2016-11-06T14:21:11+08:00 ] 192.168.42.21 /object/index.php/picture-list.html
INFO: [ app_init ] --START--
INFO: Run Behavior\BuildLiteBehavior [ RunTime:0.000011s ]
INFO: [ app_init ] --END-- [ RunTime:0.000237s ]
ERR: 无法加载模块:Picture-list

[ 2016-11-06T14:21:33+08:00 ] 192.168.42.21 /object/index.php/article-list.html
INFO: [ app_init ] --START--
INFO: Run Behavior\BuildLiteBehavior [ RunTime:0.000113s ]
INFO: [ app_init ] --END-- [ RunTime:0.018980s ]
ERR: 无法加载模块:Article-list

[ 2016-11-06T15:00:36+08:00 ] 192.168.42.21 /object/index.php/article-list.html
INFO: [ app_init ] --START--
INFO: Run Behavior\BuildLiteBehavior [ RunTime:0.000021s ]
INFO: [ app_init ] --END-- [ RunTime:0.000791s ]
ERR: 无法加载模块:Article-list

[ 2016-11-06T15:03:35+08:00 ] 192.168.42.21 /object/index.php/article-list.html
INFO: [ app_init ] --START--
INFO: Run Behavior\BuildLiteBehavior [ RunTime:0.000020s ]
INFO: [ app_init ] --END-- [ RunTime:0.000471s ]
ERR: 无法加载模块:Article-list

[ 2016-11-06T15:05:02+08:00 ] 192.168.42.21 /object/index.php/article-list.html
INFO: [ app_init ] --START--
INFO: Run Behavior\BuildLiteBehavior [ RunTime:0.000016s ]
INFO: [ app_init ] --END-- [ RunTime:0.000660s ]
ERR: 无法加载模块:Article-list

[ 2016-11-06T15:05:44+08:00 ] 192.168.42.21 /object/index.php/article-list.html
INFO: [ app_init ] --START--
INFO: Run Behavior\BuildLiteBehavior [ RunTime:0.000014s ]
INFO: [ app_init ] --END-- [ RunTime:0.000276s ]
ERR: 无法加载模块:Article-list

[ 2016-11-06T15:07:21+08:00 ] 192.168.42.21 /object/index.php/article-list.html
INFO: [ app_init ] --START--
INFO: Run Behavior\BuildLiteBehavior [ RunTime:0.000067s ]
INFO: [ app_init ] --END-- [ RunTime:0.000516s ]
ERR: 无法加载模块:Article-list

[ 2016-11-06T15:07:35+08:00 ] 192.168.42.21 /object/index.php/article-list.html
INFO: [ app_init ] --START--
INFO: Run Behavior\BuildLiteBehavior [ RunTime:0.000013s ]
INFO: [ app_init ] --END-- [ RunTime:0.000308s ]
ERR: 无法加载模块:Article-list

[ 2016-11-06T15:08:05+08:00 ] 192.168.42.21 /object/index.php/article-list.html
INFO: [ app_init ] --START--
INFO: Run Behavior\BuildLiteBehavior [ RunTime:0.000035s ]
INFO: [ app_init ] --END-- [ RunTime:0.000394s ]
ERR: 无法加载模块:Article-list

[ 2016-11-06T15:08:54+08:00 ] 192.168.42.21 /object/index.php/article-list.html
INFO: [ app_init ] --START--
INFO: Run Behavior\BuildLiteBehavior [ RunTime:0.000015s ]
INFO: [ app_init ] --END-- [ RunTime:0.000355s ]
ERR: 无法加载模块:Article-list

[ 2016-11-06T15:09:09+08:00 ] 192.168.42.21 /object/index.php/article-list.html
INFO: [ app_init ] --START--
INFO: Run Behavior\BuildLiteBehavior [ RunTime:0.000030s ]
INFO: [ app_init ] --END-- [ RunTime:0.001036s ]
ERR: 无法加载模块:Article-list

[ 2016-11-06T15:09:58+08:00 ] 192.168.42.21 /object/index.php/article-list.html
INFO: [ app_init ] --START--
INFO: Run Behavior\BuildLiteBehavior [ RunTime:0.000015s ]
INFO: [ app_init ] --END-- [ RunTime:0.000344s ]
ERR: 无法加载模块:Article-list

[ 2016-11-06T15:10:25+08:00 ] 192.168.42.21 /object/index.php/article_list.html
INFO: [ app_init ] --START--
INFO: Run Behavior\BuildLiteBehavior [ RunTime:0.000014s ]
INFO: [ app_init ] --END-- [ RunTime:0.000309s ]
ERR: 无法加载模块:Article_list

[ 2016-11-06T15:11:40+08:00 ] 192.168.42.21 /object/index.php/article_list.html
INFO: [ app_init ] --START--
INFO: Run Behavior\BuildLiteBehavior [ RunTime:0.000036s ]
INFO: [ app_init ] --END-- [ RunTime:0.000649s ]
ERR: 无法加载模块:Article_list

[ 2016-11-06T15:34:29+08:00 ] 192.168.42.21 /object/index.php/picture-list.html
INFO: [ app_init ] --START--
INFO: Run Behavior\BuildLiteBehavior [ RunTime:0.000048s ]
INFO: [ app_init ] --END-- [ RunTime:0.000691s ]
ERR: 无法加载模块:Picture-list

[ 2016-11-06T15:46:37+08:00 ] 192.168.42.21 /object/index.php/picture-list.html
INFO: [ app_init ] --START--
INFO: Run Behavior\BuildLiteBehavior [ RunTime:0.000015s ]
INFO: [ app_init ] --END-- [ RunTime:0.000337s ]
ERR: 无法加载模块:Picture-list

[ 2016-11-06T15:48:16+08:00 ] 192.168.42.21 /object/index.php/picture-list.html
INFO: [ app_init ] --START--
INFO: Run Behavior\BuildLiteBehavior [ RunTime:0.000016s ]
INFO: [ app_init ] --END-- [ RunTime:0.000464s ]
ERR: 无法加载模块:Picture-list

[ 2016-11-06T16:26:34+08:00 ] 192.168.42.21 /object/index.php/article-add.html
INFO: [ app_init ] --START--
INFO: Run Behavior\BuildLiteBehavior [ RunTime:0.000065s ]
INFO: [ app_init ] --END-- [ RunTime:0.002465s ]
ERR: 无法加载模块:Article-add

[ 2016-11-06T16:29:00+08:00 ] 192.168.42.21 /object/index.php/article-add.html
INFO: [ app_init ] --START--
INFO: Run Behavior\BuildLiteBehavior [ RunTime:0.000015s ]
INFO: [ app_init ] --END-- [ RunTime:0.000305s ]
ERR: 无法加载模块:Article-add

