[ 2017-04-02T00:55:33+08:00 ] ::1 /gz25/vivoshop/index.php/product-brand.html
INFO: [ app_init ] --START--
INFO: Run Behavior\BuildLiteBehavior [ RunTime:0.000010s ]
INFO: [ app_init ] --END-- [ RunTime:0.000216s ]
ERR: 无法加载模块:Product-brand

[ 2017-04-02T00:56:48+08:00 ] ::1 /gz25/vivoshop/index.php/product-list.html
INFO: [ app_init ] --START--
INFO: Run Behavior\BuildLiteBehavior [ RunTime:0.000010s ]
INFO: [ app_init ] --END-- [ RunTime:0.000281s ]
ERR: 无法加载模块:Product-list

[ 2017-04-02T00:56:49+08:00 ] ::1 /gz25/vivoshop/index.php/product-category.html
INFO: [ app_init ] --START--
INFO: Run Behavior\BuildLiteBehavior [ RunTime:0.000011s ]
INFO: [ app_init ] --END-- [ RunTime:0.000315s ]
ERR: 无法加载模块:Product-category

[ 2017-04-02T00:56:50+08:00 ] ::1 /gz25/vivoshop/index.php/product-brand.html
INFO: [ app_init ] --START--
INFO: Run Behavior\BuildLiteBehavior [ RunTime:0.000012s ]
INFO: [ app_init ] --END-- [ RunTime:0.000375s ]
ERR: 无法加载模块:Product-brand

[ 2017-04-02T00:56:52+08:00 ] ::1 /gz25/vivoshop/index.php/product-category.html
INFO: [ app_init ] --START--
INFO: Run Behavior\BuildLiteBehavior [ RunTime:0.000009s ]
INFO: [ app_init ] --END-- [ RunTime:0.000203s ]
ERR: 无法加载模块:Product-category

[ 2017-04-02T00:56:53+08:00 ] ::1 /gz25/vivoshop/index.php/product-brand.html
INFO: [ app_init ] --START--
INFO: Run Behavior\BuildLiteBehavior [ RunTime:0.000013s ]
INFO: [ app_init ] --END-- [ RunTime:0.000375s ]
ERR: 无法加载模块:Product-brand

[ 2017-04-02T00:58:21+08:00 ] ::1 /gz25/vivoshop/index.php/product-brand.html
INFO: [ app_init ] --START--
INFO: Run Behavior\BuildLiteBehavior [ RunTime:0.000010s ]
INFO: [ app_init ] --END-- [ RunTime:0.000264s ]
ERR: 无法加载模块:Product-brand

[ 2017-04-02T00:59:48+08:00 ] ::1 /gz25/vivoshop/index.php/product-category.html
INFO: [ app_init ] --START--
INFO: Run Behavior\BuildLiteBehavior [ RunTime:0.000009s ]
INFO: [ app_init ] --END-- [ RunTime:0.000192s ]
ERR: 无法加载模块:Product-category

[ 2017-04-02T01:02:07+08:00 ] ::1 /gz25/vivoshop/index.php/product-category.html
INFO: [ app_init ] --START--
INFO: Run Behavior\BuildLiteBehavior [ RunTime:0.000011s ]
INFO: [ app_init ] --END-- [ RunTime:0.000268s ]
ERR: 无法加载模块:Product-category

[ 2017-04-02T01:05:12+08:00 ] ::1 /gz25/vivoshop/index.php/product-category.html
INFO: [ app_init ] --START--
INFO: Run Behavior\BuildLiteBehavior [ RunTime:0.000014s ]
INFO: [ app_init ] --END-- [ RunTime:0.000363s ]
ERR: 无法加载模块:Product-category

[ 2017-04-02T15:23:28+08:00 ] 192.168.42.21 /gz25/vivoshop/index.php/product-category.html
INFO: [ app_init ] --START--
INFO: Run Behavior\BuildLiteBehavior [ RunTime:0.000011s ]
INFO: [ app_init ] --END-- [ RunTime:0.000375s ]
ERR: 无法加载模块:Product-category

[ 2017-04-02T16:19:18+08:00 ] ::1 /gz25/vivoshop/index.php/product-category.html
INFO: [ app_init ] --START--
INFO: Run Behavior\BuildLiteBehavior [ RunTime:0.000063s ]
INFO: [ app_init ] --END-- [ RunTime:0.000536s ]
ERR: 无法加载模块:Product-category

[ 2017-04-02T16:19:39+08:00 ] ::1 /gz25/vivoshop/index.php/product-category.html
INFO: [ app_init ] --START--
INFO: Run Behavior\BuildLiteBehavior [ RunTime:0.000012s ]
INFO: [ app_init ] --END-- [ RunTime:0.000252s ]
ERR: 无法加载模块:Product-category

[ 2017-04-02T16:25:06+08:00 ] ::1 /gz25/vivoshop/index.php/product-category.html
INFO: [ app_init ] --START--
INFO: Run Behavior\BuildLiteBehavior [ RunTime:0.000018s ]
INFO: [ app_init ] --END-- [ RunTime:0.000534s ]
ERR: 无法加载模块:Product-category

[ 2017-04-02T16:26:09+08:00 ] ::1 /gz25/vivoshop/index.php/product-category.html
INFO: [ app_init ] --START--
INFO: Run Behavior\BuildLiteBehavior [ RunTime:0.000013s ]
INFO: [ app_init ] --END-- [ RunTime:0.000330s ]
ERR: 无法加载模块:Product-category

[ 2017-04-02T16:26:09+08:00 ] ::1 /gz25/vivoshop/index.php/product-category.html
INFO: [ app_init ] --START--
INFO: Run Behavior\BuildLiteBehavior [ RunTime:0.000012s ]
INFO: [ app_init ] --END-- [ RunTime:0.000372s ]
ERR: 无法加载模块:Product-category

[ 2017-04-02T16:41:13+08:00 ] ::1 /gz25/vivoshop/index.php/product-list.html
INFO: [ app_init ] --START--
INFO: Run Behavior\BuildLiteBehavior [ RunTime:0.000008s ]
INFO: [ app_init ] --END-- [ RunTime:0.000187s ]
ERR: 无法加载模块:Product-list

[ 2017-04-02T16:41:28+08:00 ] ::1 /gz25/vivoshop/index.php/product-list.html
INFO: [ app_init ] --START--
INFO: Run Behavior\BuildLiteBehavior [ RunTime:0.000030s ]
INFO: [ app_init ] --END-- [ RunTime:0.000425s ]
ERR: 无法加载模块:Product-list

[ 2017-04-02T16:41:31+08:00 ] ::1 /gz25/vivoshop/index.php/product-list.html
INFO: [ app_init ] --START--
INFO: Run Behavior\BuildLiteBehavior [ RunTime:0.000014s ]
INFO: [ app_init ] --END-- [ RunTime:0.000266s ]
ERR: 无法加载模块:Product-list

